#
# A fatal error has been detected by the Java Runtime Environment:
#
#  EXCEPTION_ACCESS_VIOLATION (0xc0000005) at pc=0x00007fffc435f794, pid=1532, tid=7588
#
# JRE version: OpenJDK Runtime Environment (17.0.6) (build 17.0.6+0-b2043.56-10027231)
# Java VM: OpenJDK 64-Bit Server VM (17.0.6+0-b2043.56-10027231, mixed mode, tiered, compressed oops, compressed class ptrs, g1 gc, windows-amd64)
# Problematic frame:
# V  [jvm.dll+0x6cf794]
#
# No core dump will be written. Minidumps are not enabled by default on client versions of Windows
#
# If you would like to submit a bug report, please visit:
#   https://bugreport.java.com/bugreport/crash.jsp
#

---------------  S U M M A R Y ------------

Command Line: --add-opens=java.base/java.util=ALL-UNNAMED --add-opens=java.base/java.lang=ALL-UNNAMED --add-opens=java.base/java.lang.invoke=ALL-UNNAMED --add-opens=java.prefs/java.util.prefs=ALL-UNNAMED --add-opens=java.base/java.nio.charset=ALL-UNNAMED --add-opens=java.base/java.net=ALL-UNNAMED --add-opens=java.base/java.util.concurrent.atomic=ALL-UNNAMED -Xmx2048m -Dfile.encoding=UTF-8 -Duser.country=US -Duser.language=en -Duser.variant -javaagent:C:\Users\dk\.gradle\wrapper\dists\gradle-8.2.1-bin\5hap6b9n41hkg4jeh2au2pllh\gradle-8.2.1\lib\agents\gradle-instrumentation-agent-8.2.1.jar org.gradle.launcher.daemon.bootstrap.GradleDaemon 8.2.1

Host: AMD Ryzen 5 5600G with Radeon Graphics         , 12 cores, 43G,  Windows 11 , 64 bit Build 22621 (10.0.22621.2070)
Time: Sat Aug 12 16:44:51 2023 India Standard Time elapsed time: 13.374684 seconds (0d 0h 0m 13s)

---------------  T H R E A D  ---------------

Current thread (0x00000271db1c5d30):  JavaThread "C2 CompilerThread1" daemon [_thread_in_native, id=7588, stack(0x000000d90f100000,0x000000d90f200000)]


Current CompileTask:
C2:  13374 10368       4       jdk.internal.jimage.ImageLocation::verify (218 bytes)

Stack: [0x000000d90f100000,0x000000d90f200000],  sp=0x000000d90f1fb660,  free space=1005k
Native frames: (J=compiled Java code, j=interpreted, Vv=VM code, C=native code)
V  [jvm.dll+0x6cf794]
V  [jvm.dll+0x1bcfc1]
V  [jvm.dll+0x21c359]
V  [jvm.dll+0x21b621]
V  [jvm.dll+0x1a4fdd]
V  [jvm.dll+0x22b098]
V  [jvm.dll+0x229159]
V  [jvm.dll+0x7f81ec]
V  [jvm.dll+0x7f274a]
V  [jvm.dll+0x682ad5]
C  [ucrtbase.dll+0x29363]
C  [KERNEL32.DLL+0x126ad]
C  [ntdll.dll+0x5aa68]


siginfo: EXCEPTION_ACCESS_VIOLATION (0xc0000005), reading address 0x0000027147941a30


Register to memory mapping:

RIP=0x00007fffc435f794 jvm.dll
RAX=0x00000271db7a84f0 points into unknown readable memory: 0x0000000000000000 | 00 00 00 00 00 00 00 00
RBX=0x000000000000000f is an unknown value
RCX=0xffffffffdb066550 is an unknown value
RDX=0x00000000000005a3 is an unknown value
RSP=0x000000d90f1fb660 is pointing into the stack for thread: 0x00000271db1c5d30
RBP=0x000000d90f1fb760 is pointing into the stack for thread: 0x00000271db1c5d30
RSI=0x00000271db066328 points into unknown readable memory: 0x00000271db065860 | 60 58 06 db 71 02 00 00
RDI=0x00000271dc916728 points into unknown readable memory: 0x00007fffc45b5e08 | 08 5e 5b c4 ff 7f 00 00
R8 =0x000000000000005a is an unknown value
R9 =0x000000000000005a is an unknown value
R10=0x00000271dfee5bf0 points into unknown readable memory: 0x00007fffc45b5928 | 28 59 5b c4 ff 7f 00 00
R11=0x00000271dfee59f0 points into unknown readable memory: 0x00000271db0e64f0 | f0 64 0e db 71 02 00 00
R12=0x00000000c45b5928 is an unallocated location in the heap
R13=0x00000271d5aa24e8 points into unknown readable memory: 0x00007fffc45ba580 | 80 a5 5b c4 ff 7f 00 00
R14=0x000000000000000f is an unknown value
R15=0x000000d90f1fbed0 is pointing into the stack for thread: 0x00000271db1c5d30


Registers:
RAX=0x00000271db7a84f0, RBX=0x000000000000000f, RCX=0xffffffffdb066550, RDX=0x00000000000005a3
RSP=0x000000d90f1fb660, RBP=0x000000d90f1fb760, RSI=0x00000271db066328, RDI=0x00000271dc916728
R8 =0x000000000000005a, R9 =0x000000000000005a, R10=0x00000271dfee5bf0, R11=0x00000271dfee59f0
R12=0x00000000c45b5928, R13=0x00000271d5aa24e8, R14=0x000000000000000f, R15=0x000000d90f1fbed0
RIP=0x00007fffc435f794, EFLAGS=0x0000000000010287

Top of Stack: (sp=0x000000d90f1fb660)
0x000000d90f1fb660:   0000000000000010 000000d90f1fb760
0x000000d90f1fb670:   00000271dfee5bf0 00000271db636ec8
0x000000d90f1fb680:   00000271000013aa 00000271dc07ec60
0x000000d90f1fb690:   00000271ddf91980 000000d90f1fb790
0x000000d90f1fb6a0:   0000000000000001 000000d90f1fb8d0
0x000000d90f1fb6b0:   0000000000000001 0000027100000001
0x000000d90f1fb6c0:   0000000000000003 00000271d5aa24e8
0x000000d90f1fb6d0:   0000000300000003 0000000000000211
0x000000d90f1fb6e0:   0000000000000000 00000271db066328
0x000000d90f1fb6f0:   00000000c45b5928 00000271dc07ffb0
0x000000d90f1fb700:   0000000f00000000 00000271dc07ffd0
0x000000d90f1fb710:   00000271ddf91980 000000000003e010
0x000000d90f1fb720:   00000271db8b83d0 00000271ddf8fb90
0x000000d90f1fb730:   00000271d43263a0 00000271e01ccbb0
0x000000d90f1fb740:   000000000000005a 00000271db8b3530
0x000000d90f1fb750:   0000000000000002 0000000000000004 

Instructions: (pc=0x00007fffc435f794)
0x00007fffc435f694:   45 90 3b 44 24 70 0f 82 10 fa ff ff 48 8b 45 b0
0x00007fffc435f6a4:   4c 8b eb 48 8b 4d 00 4c 2b e8 4c 8b 65 18 48 2b
0x00007fffc435f6b4:   c8 4c 8b ff 48 89 8d 28 03 00 00 48 8b f8 41 80
0x00007fffc435f6c4:   3f 00 74 04 33 c0 eb 04 4a 8b 04 2f 48 89 07 41
0x00007fffc435f6d4:   80 3f 00 74 37 48 8b 44 24 68 4c 8b 34 39 8b 70
0x00007fffc435f6e4:   4c 8b de c1 eb 05 41 3b 1e 72 0a 8b d3 49 8b ce
0x00007fffc435f6f4:   e8 97 c7 15 00 49 8b 4e 08 83 e6 1f 8b 04 99 0f
0x00007fffc435f704:   ab f0 89 04 99 48 8b 8d 28 03 00 00 49 ff c7 48
0x00007fffc435f714:   83 c7 08 49 83 ec 01 75 a5 4c 8b 6c 24 68 33 f6
0x00007fffc435f724:   4c 8b bd 10 03 00 00 41 be 01 00 00 00 41 8b 5d
0x00007fffc435f734:   28 ff cb 44 89 b5 28 03 00 00 41 3b 5d 18 73 0a
0x00007fffc435f744:   49 8b 45 20 48 8b 3c d8 eb 03 48 8b fe 48 8b 07
0x00007fffc435f754:   48 8b cf ff 50 20 48 3b c7 74 04 41 2b 5d 48 44
0x00007fffc435f764:   3b f3 0f 87 e7 16 00 00 45 3b 75 18 73 0b 49 8b
0x00007fffc435f774:   45 20 41 8b ce 48 8b 34 c8 49 8b 87 08 01 00 00
0x00007fffc435f784:   48 63 4e 28 44 8b 66 18 48 89 75 88 44 89 65 90
0x00007fffc435f794:   44 8b 04 88 8b 46 2c 83 e0 0f 44 89 44 24 60 3c
0x00007fffc435f7a4:   0c 0f 85 ab 00 00 00 45 3b 87 e0 00 00 00 0f 83
0x00007fffc435f7b4:   91 16 00 00 49 8b 47 70 49 69 d0 b0 00 00 00 48
0x00007fffc435f7c4:   8b 48 20 81 7c 0a 30 2f 75 00 00 0f 8d 74 16 00
0x00007fffc435f7d4:   00 45 33 c0 ba 01 00 00 00 44 3b e2 76 38 4c 8b
0x00007fffc435f7e4:   4e 08 66 66 0f 1f 84 00 00 00 00 00 8b c2 49 8b
0x00007fffc435f7f4:   0c c1 49 3b c8 74 0d 48 3b ce 74 08 4d 85 c0 75
0x00007fffc435f804:   0c 4c 8b c1 ff c2 41 3b d4 72 e1 eb 09 41 3b d4
0x00007fffc435f814:   0f 82 2f 16 00 00 49 8b d0 48 8b ce e8 6b a3 fd
0x00007fffc435f824:   ff 49 8b 57 10 48 8b ce e8 df 0b f9 ff 41 8b d6
0x00007fffc435f834:   49 8d 4d 10 e8 83 27 f9 ff 41 ff 4d 28 41 ff ce
0x00007fffc435f844:   41 ff 4d 70 33 f6 41 ff 4d 78 41 ff c6 e9 db fe
0x00007fffc435f854:   ff ff 45 3b 75 70 74 0a 45 3b 75 78 0f 85 ca 02
0x00007fffc435f864:   00 00 45 33 e4 44 89 64 24 74 44 39 64 24 70 0f
0x00007fffc435f874:   86 b3 02 00 00 48 8b 45 98 41 8d 7e ff 48 8b 75
0x00007fffc435f884:   b0 4c 8b f8 4c 8b 6d a8 48 2b f0 48 89 45 d8 8b 


Stack slot to memory mapping:
stack at sp + 0 slots: 0x0000000000000010 is an unknown value
stack at sp + 1 slots: 0x000000d90f1fb760 is pointing into the stack for thread: 0x00000271db1c5d30
stack at sp + 2 slots: 0x00000271dfee5bf0 points into unknown readable memory: 0x00007fffc45b5928 | 28 59 5b c4 ff 7f 00 00
stack at sp + 3 slots: 0x00000271db636ec8 points into unknown readable memory: 0x00007fffc45b5928 | 28 59 5b c4 ff 7f 00 00
stack at sp + 4 slots: 0x00000271000013aa is an unknown value
stack at sp + 5 slots: 0x00000271dc07ec60 points into unknown readable memory: 0x00000271db636d48 | 48 6d 63 db 71 02 00 00
stack at sp + 6 slots: 0x00000271ddf91980 points into unknown readable memory: 0x00000271db636e58 | 58 6e 63 db 71 02 00 00
stack at sp + 7 slots: 0x000000d90f1fb790 is pointing into the stack for thread: 0x00000271db1c5d30


---------------  P R O C E S S  ---------------

Threads class SMR info:
_java_thread_list=0x00000271dc682980, length=76, elements={
0x00000271b83e5950, 0x00000271d2839cf0, 0x00000271d283a8a0, 0x00000271d2888bd0,
0x00000271d286eb40, 0x00000271d286f4f0, 0x00000271d287e820, 0x00000271d287f4c0,
0x00000271d2880170, 0x00000271d2883b30, 0x00000271d27c30d0, 0x00000271d3489720,
0x00000271d5df9aa0, 0x00000271d611abe0, 0x00000271d6116390, 0x00000271d57a8b70,
0x00000271d63a7b60, 0x00000271d5c1ece0, 0x00000271d5c1f9c0, 0x00000271d450ac60,
0x00000271d45053c0, 0x00000271d4506bd0, 0x00000271d4504a20, 0x00000271d4504080,
0x00000271d4505d60, 0x00000271d4506700, 0x00000271d4506230, 0x00000271d4504ef0,
0x00000271d4504550, 0x00000271d45070a0, 0x00000271d4507570, 0x00000271d4505890,
0x00000271d4507a40, 0x00000271d670b090, 0x00000271d670c3d0, 0x00000271d670dbe0,
0x00000271d670b560, 0x00000271d67093b0, 0x00000271d6709d50, 0x00000271d6708a10,
0x00000271d670c8a0, 0x00000271d670a220, 0x00000271d6708070, 0x00000271d670f8c0,
0x00000271d670e580, 0x00000271d6709880, 0x00000271d6708540, 0x00000271d670abc0,
0x00000271d670d710, 0x00000271d670ba30, 0x00000271d670ef20, 0x00000271d670bf00,
0x00000271d670e0b0, 0x00000271d670f3f0, 0x00000271d9169bf0, 0x00000271d9169720,
0x00000271d916e8f0, 0x00000271d916c740, 0x00000271d91688b0, 0x00000271d9168d80,
0x00000271d9169250, 0x00000271dd72a890, 0x00000271d9205a20, 0x00000271d9205ef0,
0x00000271d92063c0, 0x00000271d9206890, 0x00000271d9205080, 0x00000271d9acd880,
0x00000271d9acb200, 0x00000271d9ace6f0, 0x00000271d9acc540, 0x00000271d9acbba0,
0x00000271d97700f0, 0x00000271d976e8e0, 0x00000271db1c5d30, 0x00000271db4d2520
}

Java Threads: ( => current thread )
  0x00000271b83e5950 JavaThread "main" [_thread_blocked, id=13472, stack(0x000000d909300000,0x000000d909400000)]
  0x00000271d2839cf0 JavaThread "Reference Handler" daemon [_thread_blocked, id=17172, stack(0x000000d909a00000,0x000000d909b00000)]
  0x00000271d283a8a0 JavaThread "Finalizer" daemon [_thread_blocked, id=16324, stack(0x000000d909b00000,0x000000d909c00000)]
  0x00000271d2888bd0 JavaThread "Signal Dispatcher" daemon [_thread_blocked, id=10296, stack(0x000000d909c00000,0x000000d909d00000)]
  0x00000271d286eb40 JavaThread "Attach Listener" daemon [_thread_blocked, id=5316, stack(0x000000d909d00000,0x000000d909e00000)]
  0x00000271d286f4f0 JavaThread "Service Thread" daemon [_thread_blocked, id=6004, stack(0x000000d909e00000,0x000000d909f00000)]
  0x00000271d287e820 JavaThread "Monitor Deflation Thread" daemon [_thread_blocked, id=17140, stack(0x000000d909f00000,0x000000d90a000000)]
  0x00000271d287f4c0 JavaThread "C2 CompilerThread0" daemon [_thread_blocked, id=1204, stack(0x000000d90a000000,0x000000d90a100000)]
  0x00000271d2880170 JavaThread "C1 CompilerThread0" daemon [_thread_in_native, id=16732, stack(0x000000d90a100000,0x000000d90a200000)]
  0x00000271d2883b30 JavaThread "Sweeper thread" daemon [_thread_blocked, id=7636, stack(0x000000d90a200000,0x000000d90a300000)]
  0x00000271d27c30d0 JavaThread "Common-Cleaner" daemon [_thread_blocked, id=2532, stack(0x000000d90a300000,0x000000d90a400000)]
  0x00000271d3489720 JavaThread "Notification Thread" daemon [_thread_blocked, id=6972, stack(0x000000d90a400000,0x000000d90a500000)]
  0x00000271d5df9aa0 JavaThread "Daemon health stats" [_thread_blocked, id=16336, stack(0x000000d90b100000,0x000000d90b200000)]
  0x00000271d611abe0 JavaThread "Incoming local TCP Connector on port 57518" [_thread_in_native, id=1796, stack(0x000000d90b200000,0x000000d90b300000)]
  0x00000271d6116390 JavaThread "Daemon periodic checks" [_thread_blocked, id=12092, stack(0x000000d90b300000,0x000000d90b400000)]
  0x00000271d57a8b70 JavaThread "Daemon" [_thread_blocked, id=16468, stack(0x000000d90b400000,0x000000d90b500000)]
  0x00000271d63a7b60 JavaThread "Handler for socket connection from /127.0.0.1:57518 to /127.0.0.1:57519" [_thread_in_native, id=17068, stack(0x000000d90b500000,0x000000d90b600000)]
  0x00000271d5c1ece0 JavaThread "Cancel handler" [_thread_blocked, id=1996, stack(0x000000d90b600000,0x000000d90b700000)]
  0x00000271d5c1f9c0 JavaThread "Daemon worker" [_thread_in_vm, id=3228, stack(0x000000d90b700000,0x000000d90b800000)]
  0x00000271d450ac60 JavaThread "Asynchronous log dispatcher for DefaultDaemonConnection: socket connection from /127.0.0.1:57518 to /127.0.0.1:57519" [_thread_blocked, id=13744, stack(0x000000d90b800000,0x000000d90b900000)]
  0x00000271d45053c0 JavaThread "Stdin handler" [_thread_blocked, id=2308, stack(0x000000d90b900000,0x000000d90ba00000)]
  0x00000271d4506bd0 JavaThread "Daemon client event forwarder" [_thread_blocked, id=2312, stack(0x000000d90ba00000,0x000000d90bb00000)]
  0x00000271d4504a20 JavaThread "Cache worker for journal cache (C:\Users\dk\.gradle\caches\journal-1)" [_thread_blocked, id=2144, stack(0x000000d90bc00000,0x000000d90bd00000)]
  0x00000271d4504080 JavaThread "File lock request listener" [_thread_in_native, id=17084, stack(0x000000d90bd00000,0x000000d90be00000)]
  0x00000271d4505d60 JavaThread "Cache worker for file hash cache (C:\Users\dk\.gradle\caches\8.2.1\fileHashes)" [_thread_blocked, id=2624, stack(0x000000d90be00000,0x000000d90bf00000)]
  0x00000271d4506700 JavaThread "File watcher server" daemon [_thread_in_native, id=16672, stack(0x000000d90bf00000,0x000000d90c000000)]
  0x00000271d4506230 JavaThread "File watcher consumer" daemon [_thread_blocked, id=16540, stack(0x000000d90c000000,0x000000d90c100000)]
  0x00000271d4504ef0 JavaThread "jar transforms" [_thread_blocked, id=11808, stack(0x000000d90c100000,0x000000d90c200000)]
  0x00000271d4504550 JavaThread "jar transforms Thread 2" [_thread_blocked, id=17180, stack(0x000000d90c200000,0x000000d90c300000)]
  0x00000271d45070a0 JavaThread "jar transforms Thread 3" [_thread_blocked, id=9608, stack(0x000000d90c300000,0x000000d90c400000)]
  0x00000271d4507570 JavaThread "jar transforms Thread 4" [_thread_blocked, id=17204, stack(0x000000d90c400000,0x000000d90c500000)]
  0x00000271d4505890 JavaThread "jar transforms Thread 5" [_thread_blocked, id=13684, stack(0x000000d90c500000,0x000000d90c600000)]
  0x00000271d4507a40 JavaThread "jar transforms Thread 6" [_thread_blocked, id=14968, stack(0x000000d90c600000,0x000000d90c700000)]
  0x00000271d670b090 JavaThread "jar transforms Thread 7" [_thread_blocked, id=17336, stack(0x000000d90c700000,0x000000d90c800000)]
  0x00000271d670c3d0 JavaThread "jar transforms Thread 8" [_thread_blocked, id=2496, stack(0x000000d90c800000,0x000000d90c900000)]
  0x00000271d670dbe0 JavaThread "jar transforms Thread 9" [_thread_blocked, id=9072, stack(0x000000d90c900000,0x000000d90ca00000)]
  0x00000271d670b560 JavaThread "jar transforms Thread 10" [_thread_blocked, id=4484, stack(0x000000d90ca00000,0x000000d90cb00000)]
  0x00000271d67093b0 JavaThread "jar transforms Thread 11" [_thread_blocked, id=6456, stack(0x000000d90cb00000,0x000000d90cc00000)]
  0x00000271d6709d50 JavaThread "jar transforms Thread 12" [_thread_blocked, id=14792, stack(0x000000d90cc00000,0x000000d90cd00000)]
  0x00000271d6708a10 JavaThread "Cache worker for checksums cache (D:\ANDROID STUDIO\0_Master Projects\Android Development v3.0\.gradle\8.2.1\checksums)" [_thread_blocked, id=16092, stack(0x000000d90ce00000,0x000000d90cf00000)]
  0x00000271d670c8a0 JavaThread "Cache worker for cache directory md-rule (C:\Users\dk\.gradle\caches\8.2.1\md-rule)" [_thread_blocked, id=10180, stack(0x000000d90cf00000,0x000000d90d000000)]
  0x00000271d670a220 JavaThread "Cache worker for file content cache (C:\Users\dk\.gradle\caches\8.2.1\fileContent)" [_thread_blocked, id=1832, stack(0x000000d90d000000,0x000000d90d100000)]
  0x00000271d6708070 JavaThread "Cache worker for file hash cache (D:\ANDROID STUDIO\0_Master Projects\Android Development v3.0\.gradle\8.2.1\fileHashes)" [_thread_blocked, id=12172, stack(0x000000d90d100000,0x000000d90d200000)]
  0x00000271d670f8c0 JavaThread "Cache worker for cache directory md-supplier (C:\Users\dk\.gradle\caches\8.2.1\md-supplier)" [_thread_blocked, id=4280, stack(0x000000d90d200000,0x000000d90d300000)]
  0x00000271d670e580 JavaThread "Cache worker for execution history cache (C:\Users\dk\.gradle\caches\8.2.1\executionHistory)" [_thread_blocked, id=11344, stack(0x000000d90d300000,0x000000d90d400000)]
  0x00000271d6709880 JavaThread "Cache worker for kotlin-dsl (C:\Users\dk\.gradle\caches\8.2.1\kotlin-dsl)" [_thread_blocked, id=14260, stack(0x000000d90d500000,0x000000d90d600000)]
  0x00000271d6708540 JavaThread "Cache worker for dependencies-accessors (D:\ANDROID STUDIO\0_Master Projects\Android Development v3.0\.gradle\8.2.1\dependencies-accessors)" [_thread_blocked, id=8464, stack(0x000000d90d600000,0x000000d90d700000)]
  0x00000271d670abc0 JavaThread "Cache worker for Build Output Cleanup Cache (D:\ANDROID STUDIO\0_Master Projects\Android Development v3.0\.gradle\buildOutputCleanup)" [_thread_blocked, id=16656, stack(0x000000d90d700000,0x000000d90d800000)]
  0x00000271d670d710 JavaThread "Unconstrained build operations" [_thread_blocked, id=12904, stack(0x000000d90a600000,0x000000d90a700000)]
  0x00000271d670ba30 JavaThread "Unconstrained build operations Thread 2" [_thread_blocked, id=5624, stack(0x000000d90d400000,0x000000d90d500000)]
  0x00000271d670ef20 JavaThread "Unconstrained build operations Thread 3" [_thread_blocked, id=5992, stack(0x000000d90d900000,0x000000d90da00000)]
  0x00000271d670bf00 JavaThread "Unconstrained build operations Thread 4" [_thread_blocked, id=2696, stack(0x000000d90da00000,0x000000d90db00000)]
  0x00000271d670e0b0 JavaThread "Unconstrained build operations Thread 5" [_thread_blocked, id=17252, stack(0x000000d90db00000,0x000000d90dc00000)]
  0x00000271d670f3f0 JavaThread "Unconstrained build operations Thread 6" [_thread_blocked, id=6092, stack(0x000000d90dc00000,0x000000d90dd00000)]
  0x00000271d9169bf0 JavaThread "Unconstrained build operations Thread 7" [_thread_blocked, id=4616, stack(0x000000d90dd00000,0x000000d90de00000)]
  0x00000271d9169720 JavaThread "Unconstrained build operations Thread 8" [_thread_blocked, id=6428, stack(0x000000d90de00000,0x000000d90df00000)]
  0x00000271d916e8f0 JavaThread "Unconstrained build operations Thread 9" [_thread_blocked, id=5588, stack(0x000000d90df00000,0x000000d90e000000)]
  0x00000271d916c740 JavaThread "Unconstrained build operations Thread 10" [_thread_blocked, id=12900, stack(0x000000d90e000000,0x000000d90e100000)]
  0x00000271d91688b0 JavaThread "Unconstrained build operations Thread 11" [_thread_blocked, id=7060, stack(0x000000d90e100000,0x000000d90e200000)]
  0x00000271d9168d80 JavaThread "Memory manager" [_thread_blocked, id=5076, stack(0x000000d90e400000,0x000000d90e500000)]
  0x00000271d9169250 JavaThread "build event listener" [_thread_blocked, id=6828, stack(0x000000d90e500000,0x000000d90e600000)]
  0x00000271dd72a890 JavaThread "included builds" [_thread_blocked, id=3576, stack(0x000000d90e200000,0x000000d90e300000)]
  0x00000271d9205a20 JavaThread "Execution worker" [_thread_blocked, id=11084, stack(0x000000d90e300000,0x000000d90e400000)]
  0x00000271d9205ef0 JavaThread "Execution worker Thread 2" [_thread_blocked, id=1948, stack(0x000000d90e600000,0x000000d90e700000)]
  0x00000271d92063c0 JavaThread "Execution worker Thread 3" [_thread_blocked, id=5620, stack(0x000000d90e700000,0x000000d90e800000)]
  0x00000271d9206890 JavaThread "Execution worker Thread 4" [_thread_blocked, id=11704, stack(0x000000d90e800000,0x000000d90e900000)]
  0x00000271d9205080 JavaThread "Execution worker Thread 5" [_thread_blocked, id=7440, stack(0x000000d90e900000,0x000000d90ea00000)]
  0x00000271d9acd880 JavaThread "Execution worker Thread 6" [_thread_blocked, id=7224, stack(0x000000d90ea00000,0x000000d90eb00000)]
  0x00000271d9acb200 JavaThread "Execution worker Thread 7" [_thread_blocked, id=13552, stack(0x000000d90eb00000,0x000000d90ec00000)]
  0x00000271d9ace6f0 JavaThread "Execution worker Thread 8" [_thread_blocked, id=1044, stack(0x000000d90ec00000,0x000000d90ed00000)]
  0x00000271d9acc540 JavaThread "Execution worker Thread 9" [_thread_blocked, id=12992, stack(0x000000d90ed00000,0x000000d90ee00000)]
  0x00000271d9acbba0 JavaThread "Execution worker Thread 10" [_thread_blocked, id=15936, stack(0x000000d90ee00000,0x000000d90ef00000)]
  0x00000271d97700f0 JavaThread "Execution worker Thread 11" [_thread_blocked, id=12404, stack(0x000000d90ef00000,0x000000d90f000000)]
  0x00000271d976e8e0 JavaThread "Cache worker for execution history cache (D:\ANDROID STUDIO\0_Master Projects\Android Development v3.0\.gradle\8.2.1\executionHistory)" [_thread_blocked, id=16416, stack(0x000000d90f000000,0x000000d90f100000)]
=>0x00000271db1c5d30 JavaThread "C2 CompilerThread1" daemon [_thread_in_native, id=7588, stack(0x000000d90f100000,0x000000d90f200000)]
  0x00000271db4d2520 JavaThread "idea-tooling-model-converter" [_thread_in_native, id=6872, stack(0x000000d90f200000,0x000000d90f300000)]

Other Threads:
  0x00000271d27ddc90 VMThread "VM Thread" [stack: 0x000000d909900000,0x000000d909a00000] [id=12320]
  0x00000271b8460c70 WatcherThread [stack: 0x000000d90a500000,0x000000d90a600000] [id=10548]
  0x00000271b84420e0 GCTaskThread "GC Thread#0" [stack: 0x000000d909400000,0x000000d909500000] [id=11068]
  0x00000271d35bf400 GCTaskThread "GC Thread#1" [stack: 0x000000d90a700000,0x000000d90a800000] [id=4288]
  0x00000271d4004470 GCTaskThread "GC Thread#2" [stack: 0x000000d90a800000,0x000000d90a900000] [id=2372]
  0x00000271d3ffaeb0 GCTaskThread "GC Thread#3" [stack: 0x000000d90a900000,0x000000d90aa00000] [id=10136]
  0x00000271d3ffb570 GCTaskThread "GC Thread#4" [stack: 0x000000d90aa00000,0x000000d90ab00000] [id=16952]
  0x00000271d4001740 GCTaskThread "GC Thread#5" [stack: 0x000000d90ab00000,0x000000d90ac00000] [id=16948]
  0x00000271d406d900 GCTaskThread "GC Thread#6" [stack: 0x000000d90ac00000,0x000000d90ad00000] [id=11080]
  0x00000271d406dbb0 GCTaskThread "GC Thread#7" [stack: 0x000000d90ad00000,0x000000d90ae00000] [id=16120]
  0x00000271d406e670 GCTaskThread "GC Thread#8" [stack: 0x000000d90ae00000,0x000000d90af00000] [id=16904]
  0x00000271d406e920 GCTaskThread "GC Thread#9" [stack: 0x000000d90af00000,0x000000d90b000000] [id=3248]
  0x00000271b8454190 ConcurrentGCThread "G1 Main Marker" [stack: 0x000000d909500000,0x000000d909600000] [id=11096]
  0x00000271b8455340 ConcurrentGCThread "G1 Conc#0" [stack: 0x000000d909600000,0x000000d909700000] [id=11516]
  0x00000271d406ebd0 ConcurrentGCThread "G1 Conc#1" [stack: 0x000000d90b000000,0x000000d90b100000] [id=16936]
  0x00000271d406d3a0 ConcurrentGCThread "G1 Conc#2" [stack: 0x000000d90bb00000,0x000000d90bc00000] [id=2548]
  0x00000271b849e710 ConcurrentGCThread "G1 Refine#0" [stack: 0x000000d909700000,0x000000d909800000] [id=2360]
  0x00000271d6682050 ConcurrentGCThread "G1 Refine#1" [stack: 0x000000d90cd00000,0x000000d90ce00000] [id=8580]
  0x00000271d268b440 ConcurrentGCThread "G1 Service" [stack: 0x000000d909800000,0x000000d909900000] [id=8520]

Threads with active compile tasks:
C2 CompilerThread0    13417 10632       4       java.lang.reflect.Method::getGenericInfo (27 bytes)
C2 CompilerThread1    13417 10368       4       jdk.internal.jimage.ImageLocation::verify (218 bytes)

VM state: not at safepoint (normal execution)

VM Mutex/Monitor currently owned by a thread: None

Heap address: 0x0000000080000000, size: 2048 MB, Compressed Oops mode: 32-bit

CDS archive(s) not mapped
Compressed class space mapped at: 0x0000000100000000-0x0000000140000000, reserved size: 1073741824
Narrow klass base: 0x0000000000000000, Narrow klass shift: 3, Narrow klass range: 0x140000000

GC Precious Log:
 CPUs: 12 total, 12 available
 Memory: 44949M
 Large Page Support: Disabled
 NUMA Support: Disabled
 Compressed Oops: Enabled (32-bit)
 Heap Region Size: 1M
 Heap Min Capacity: 8M
 Heap Initial Capacity: 704M
 Heap Max Capacity: 2G
 Pre-touch: Disabled
 Parallel Workers: 10
 Concurrent Workers: 3
 Concurrent Refinement Workers: 10
 Periodic GC: Disabled

Heap:
 garbage-first heap   total 263168K, used 203302K [0x0000000080000000, 0x0000000100000000)
  region size 1024K, 59 young (60416K), 8 survivors (8192K)
 Metaspace       used 102062K, committed 102784K, reserved 1138688K
  class space    used 14129K, committed 14464K, reserved 1048576K

Heap Regions: E=young(eden), S=young(survivor), O=old, HS=humongous(starts), HC=humongous(continues), CS=collection set, F=free, OA=open archive, CA=closed archive, TAMS=top-at-mark-start (previous, next)
|   0|0x0000000080000000, 0x0000000080100000, 0x0000000080100000|100%|HS|  |TAMS 0x0000000080100000, 0x0000000080000000| Complete 
|   1|0x0000000080100000, 0x0000000080200000, 0x0000000080200000|100%|HC|  |TAMS 0x0000000080200000, 0x0000000080100000| Complete 
|   2|0x0000000080200000, 0x0000000080300000, 0x0000000080300000|100%|HC|  |TAMS 0x0000000080300000, 0x0000000080200000| Complete 
|   3|0x0000000080300000, 0x0000000080400000, 0x0000000080400000|100%|HC|  |TAMS 0x0000000080400000, 0x0000000080300000| Complete 
|   4|0x0000000080400000, 0x0000000080500000, 0x0000000080500000|100%| O|  |TAMS 0x0000000080500000, 0x0000000080400000| Untracked 
|   5|0x0000000080500000, 0x0000000080600000, 0x0000000080600000|100%| O|  |TAMS 0x0000000080600000, 0x0000000080500000| Untracked 
|   6|0x0000000080600000, 0x0000000080700000, 0x0000000080700000|100%| O|  |TAMS 0x0000000080700000, 0x0000000080600000| Untracked 
|   7|0x0000000080700000, 0x0000000080800000, 0x0000000080800000|100%| O|  |TAMS 0x0000000080800000, 0x0000000080700000| Untracked 
|   8|0x0000000080800000, 0x0000000080900000, 0x0000000080900000|100%| O|  |TAMS 0x0000000080900000, 0x0000000080800000| Untracked 
|   9|0x0000000080900000, 0x0000000080a00000, 0x0000000080a00000|100%| O|  |TAMS 0x0000000080a00000, 0x0000000080900000| Untracked 
|  10|0x0000000080a00000, 0x0000000080b00000, 0x0000000080b00000|100%| O|  |TAMS 0x0000000080b00000, 0x0000000080a00000| Untracked 
|  11|0x0000000080b00000, 0x0000000080bc9600, 0x0000000080c00000| 78%| O|  |TAMS 0x0000000080bc9600, 0x0000000080b00000| Untracked 
|  12|0x0000000080c00000, 0x0000000080d00000, 0x0000000080d00000|100%| O|  |TAMS 0x0000000080d00000, 0x0000000080c00000| Untracked 
|  13|0x0000000080d00000, 0x0000000080e00000, 0x0000000080e00000|100%| O|  |TAMS 0x0000000080e00000, 0x0000000080d00000| Untracked 
|  14|0x0000000080e00000, 0x0000000080f00000, 0x0000000080f00000|100%| O|  |TAMS 0x0000000080f00000, 0x0000000080e00000| Untracked 
|  15|0x0000000080f00000, 0x0000000081000000, 0x0000000081000000|100%| O|  |TAMS 0x0000000081000000, 0x0000000080f00000| Untracked 
|  16|0x0000000081000000, 0x0000000081100000, 0x0000000081100000|100%| O|  |TAMS 0x0000000081100000, 0x0000000081000000| Untracked 
|  17|0x0000000081100000, 0x0000000081200000, 0x0000000081200000|100%| O|  |TAMS 0x0000000081200000, 0x0000000081100000| Untracked 
|  18|0x0000000081200000, 0x0000000081300000, 0x0000000081300000|100%| O|  |TAMS 0x0000000081300000, 0x0000000081200000| Untracked 
|  19|0x0000000081300000, 0x0000000081400000, 0x0000000081400000|100%|HS|  |TAMS 0x0000000081400000, 0x0000000081300000| Complete 
|  20|0x0000000081400000, 0x0000000081500000, 0x0000000081500000|100%|HC|  |TAMS 0x0000000081500000, 0x0000000081400000| Complete 
|  21|0x0000000081500000, 0x0000000081600000, 0x0000000081600000|100%|HS|  |TAMS 0x0000000081600000, 0x0000000081500000| Complete 
|  22|0x0000000081600000, 0x0000000081700000, 0x0000000081700000|100%|HC|  |TAMS 0x0000000081700000, 0x0000000081600000| Complete 
|  23|0x0000000081700000, 0x0000000081800000, 0x0000000081800000|100%|HC|  |TAMS 0x0000000081800000, 0x0000000081700000| Complete 
|  24|0x0000000081800000, 0x0000000081900000, 0x0000000081900000|100%|HS|  |TAMS 0x0000000081900000, 0x0000000081800000| Complete 
|  25|0x0000000081900000, 0x0000000081a00000, 0x0000000081a00000|100%|HC|  |TAMS 0x0000000081a00000, 0x0000000081900000| Complete 
|  26|0x0000000081a00000, 0x0000000081b00000, 0x0000000081b00000|100%|HC|  |TAMS 0x0000000081b00000, 0x0000000081a00000| Complete 
|  27|0x0000000081b00000, 0x0000000081c00000, 0x0000000081c00000|100%| O|  |TAMS 0x0000000081c00000, 0x0000000081b00000| Untracked 
|  28|0x0000000081c00000, 0x0000000081d00000, 0x0000000081d00000|100%| O|  |TAMS 0x0000000081d00000, 0x0000000081c00000| Untracked 
|  29|0x0000000081d00000, 0x0000000081e00000, 0x0000000081e00000|100%| O|  |TAMS 0x0000000081e00000, 0x0000000081d00000| Untracked 
|  30|0x0000000081e00000, 0x0000000081f00000, 0x0000000081f00000|100%|HS|  |TAMS 0x0000000081f00000, 0x0000000081e00000| Complete 
|  31|0x0000000081f00000, 0x0000000082000000, 0x0000000082000000|100%|HC|  |TAMS 0x0000000082000000, 0x0000000081f00000| Complete 
|  32|0x0000000082000000, 0x0000000082100000, 0x0000000082100000|100%|HC|  |TAMS 0x0000000082100000, 0x0000000082000000| Complete 
|  33|0x0000000082100000, 0x0000000082200000, 0x0000000082200000|100%|HC|  |TAMS 0x0000000082200000, 0x0000000082100000| Complete 
|  34|0x0000000082200000, 0x0000000082300000, 0x0000000082300000|100%|HC|  |TAMS 0x0000000082300000, 0x0000000082200000| Complete 
|  35|0x0000000082300000, 0x0000000082400000, 0x0000000082400000|100%|HC|  |TAMS 0x0000000082400000, 0x0000000082300000| Complete 
|  36|0x0000000082400000, 0x0000000082500000, 0x0000000082500000|100%|HC|  |TAMS 0x0000000082500000, 0x0000000082400000| Complete 
|  37|0x0000000082500000, 0x0000000082600000, 0x0000000082600000|100%|HC|  |TAMS 0x0000000082600000, 0x0000000082500000| Complete 
|  38|0x0000000082600000, 0x0000000082700000, 0x0000000082700000|100%|HC|  |TAMS 0x0000000082700000, 0x0000000082600000| Complete 
|  39|0x0000000082700000, 0x0000000082800000, 0x0000000082800000|100%|HC|  |TAMS 0x0000000082800000, 0x0000000082700000| Complete 
|  40|0x0000000082800000, 0x0000000082900000, 0x0000000082900000|100%|HC|  |TAMS 0x0000000082900000, 0x0000000082800000| Complete 
|  41|0x0000000082900000, 0x0000000082a00000, 0x0000000082a00000|100%|HC|  |TAMS 0x0000000082a00000, 0x0000000082900000| Complete 
|  42|0x0000000082a00000, 0x0000000082b00000, 0x0000000082b00000|100%| O|  |TAMS 0x0000000082b00000, 0x0000000082a00000| Untracked 
|  43|0x0000000082b00000, 0x0000000082c00000, 0x0000000082c00000|100%| O|  |TAMS 0x0000000082c00000, 0x0000000082b00000| Untracked 
|  44|0x0000000082c00000, 0x0000000082d00000, 0x0000000082d00000|100%| O|  |TAMS 0x0000000082d00000, 0x0000000082c00000| Untracked 
|  45|0x0000000082d00000, 0x0000000082e00000, 0x0000000082e00000|100%| O|  |TAMS 0x0000000082e00000, 0x0000000082d00000| Untracked 
|  46|0x0000000082e00000, 0x0000000082f00000, 0x0000000082f00000|100%|HS|  |TAMS 0x0000000082f00000, 0x0000000082e00000| Complete 
|  47|0x0000000082f00000, 0x0000000083000000, 0x0000000083000000|100%|HC|  |TAMS 0x0000000083000000, 0x0000000082f00000| Complete 
|  48|0x0000000083000000, 0x0000000083100000, 0x0000000083100000|100%| O|  |TAMS 0x0000000083100000, 0x0000000083000000| Untracked 
|  49|0x0000000083100000, 0x0000000083200000, 0x0000000083200000|100%| O|  |TAMS 0x0000000083200000, 0x0000000083100000| Untracked 
|  50|0x0000000083200000, 0x0000000083300000, 0x0000000083300000|100%| O|  |TAMS 0x0000000083300000, 0x0000000083200000| Untracked 
|  51|0x0000000083300000, 0x0000000083400000, 0x0000000083400000|100%|HS|  |TAMS 0x0000000083400000, 0x0000000083300000| Complete 
|  52|0x0000000083400000, 0x0000000083500000, 0x0000000083500000|100%|HS|  |TAMS 0x0000000083500000, 0x0000000083400000| Complete 
|  53|0x0000000083500000, 0x0000000083600000, 0x0000000083600000|100%|HS|  |TAMS 0x0000000083600000, 0x0000000083500000| Complete 
|  54|0x0000000083600000, 0x0000000083700000, 0x0000000083700000|100%|HC|  |TAMS 0x0000000083700000, 0x0000000083600000| Complete 
|  55|0x0000000083700000, 0x0000000083800000, 0x0000000083800000|100%|HS|  |TAMS 0x0000000083800000, 0x0000000083700000| Complete 
|  56|0x0000000083800000, 0x0000000083900000, 0x0000000083900000|100%|HC|  |TAMS 0x0000000083900000, 0x0000000083800000| Complete 
|  57|0x0000000083900000, 0x0000000083a00000, 0x0000000083a00000|100%|HS|  |TAMS 0x0000000083a00000, 0x0000000083900000| Complete 
|  58|0x0000000083a00000, 0x0000000083b00000, 0x0000000083b00000|100%|HC|  |TAMS 0x0000000083b00000, 0x0000000083a00000| Complete 
|  59|0x0000000083b00000, 0x0000000083c00000, 0x0000000083c00000|100%|HC|  |TAMS 0x0000000083c00000, 0x0000000083b00000| Complete 
|  60|0x0000000083c00000, 0x0000000083d00000, 0x0000000083d00000|100%|HS|  |TAMS 0x0000000083d00000, 0x0000000083c00000| Complete 
|  61|0x0000000083d00000, 0x0000000083e00000, 0x0000000083e00000|100%|HS|  |TAMS 0x0000000083e00000, 0x0000000083d00000| Complete 
|  62|0x0000000083e00000, 0x0000000083f00000, 0x0000000083f00000|100%|HC|  |TAMS 0x0000000083f00000, 0x0000000083e00000| Complete 
|  63|0x0000000083f00000, 0x0000000084000000, 0x0000000084000000|100%|HC|  |TAMS 0x0000000084000000, 0x0000000083f00000| Complete 
|  64|0x0000000084000000, 0x0000000084100000, 0x0000000084100000|100%|HC|  |TAMS 0x0000000084100000, 0x0000000084000000| Complete 
|  65|0x0000000084100000, 0x0000000084200000, 0x0000000084200000|100%| O|  |TAMS 0x0000000084200000, 0x0000000084100000| Untracked 
|  66|0x0000000084200000, 0x0000000084300000, 0x0000000084300000|100%|HS|  |TAMS 0x0000000084300000, 0x0000000084200000| Complete 
|  67|0x0000000084300000, 0x0000000084400000, 0x0000000084400000|100%| O|  |TAMS 0x0000000084400000, 0x0000000084300000| Untracked 
|  68|0x0000000084400000, 0x0000000084500000, 0x0000000084500000|100%| O|  |TAMS 0x0000000084500000, 0x0000000084400000| Untracked 
|  69|0x0000000084500000, 0x0000000084600000, 0x0000000084600000|100%| O|  |TAMS 0x0000000084600000, 0x0000000084500000| Untracked 
|  70|0x0000000084600000, 0x0000000084700000, 0x0000000084700000|100%| O|  |TAMS 0x0000000084700000, 0x0000000084600000| Untracked 
|  71|0x0000000084700000, 0x0000000084800000, 0x0000000084800000|100%| O|  |TAMS 0x0000000084800000, 0x0000000084700000| Untracked 
|  72|0x0000000084800000, 0x0000000084900000, 0x0000000084900000|100%| O|  |TAMS 0x0000000084900000, 0x0000000084800000| Untracked 
|  73|0x0000000084900000, 0x0000000084a00000, 0x0000000084a00000|100%| O|  |TAMS 0x0000000084a00000, 0x0000000084900000| Untracked 
|  74|0x0000000084a00000, 0x0000000084b00000, 0x0000000084b00000|100%| O|  |TAMS 0x0000000084b00000, 0x0000000084a00000| Untracked 
|  75|0x0000000084b00000, 0x0000000084c00000, 0x0000000084c00000|100%| O|  |TAMS 0x0000000084c00000, 0x0000000084b00000| Untracked 
|  76|0x0000000084c00000, 0x0000000084d00000, 0x0000000084d00000|100%| O|  |TAMS 0x0000000084d00000, 0x0000000084c00000| Untracked 
|  77|0x0000000084d00000, 0x0000000084e00000, 0x0000000084e00000|100%| O|  |TAMS 0x0000000084e00000, 0x0000000084d00000| Untracked 
|  78|0x0000000084e00000, 0x0000000084f00000, 0x0000000084f00000|100%| O|  |TAMS 0x0000000084f00000, 0x0000000084e00000| Untracked 
|  79|0x0000000084f00000, 0x0000000085000000, 0x0000000085000000|100%| O|  |TAMS 0x0000000085000000, 0x0000000084f00000| Untracked 
|  80|0x0000000085000000, 0x0000000085100000, 0x0000000085100000|100%| O|  |TAMS 0x0000000085100000, 0x0000000085000000| Untracked 
|  81|0x0000000085100000, 0x0000000085200000, 0x0000000085200000|100%| O|  |TAMS 0x0000000085200000, 0x0000000085100000| Untracked 
|  82|0x0000000085200000, 0x0000000085300000, 0x0000000085300000|100%| O|  |TAMS 0x0000000085300000, 0x0000000085200000| Untracked 
|  83|0x0000000085300000, 0x0000000085400000, 0x0000000085400000|100%| O|  |TAMS 0x0000000085400000, 0x0000000085300000| Untracked 
|  84|0x0000000085400000, 0x0000000085500000, 0x0000000085500000|100%| O|  |TAMS 0x0000000085500000, 0x0000000085400000| Untracked 
|  85|0x0000000085500000, 0x0000000085600000, 0x0000000085600000|100%| O|  |TAMS 0x0000000085600000, 0x0000000085500000| Untracked 
|  86|0x0000000085600000, 0x0000000085700000, 0x0000000085700000|100%| O|  |TAMS 0x0000000085700000, 0x0000000085600000| Untracked 
|  87|0x0000000085700000, 0x0000000085800000, 0x0000000085800000|100%| O|  |TAMS 0x0000000085800000, 0x0000000085700000| Untracked 
|  88|0x0000000085800000, 0x0000000085900000, 0x0000000085900000|100%| O|  |TAMS 0x0000000085900000, 0x0000000085800000| Untracked 
|  89|0x0000000085900000, 0x0000000085a00000, 0x0000000085a00000|100%| O|  |TAMS 0x0000000085a00000, 0x0000000085900000| Untracked 
|  90|0x0000000085a00000, 0x0000000085b00000, 0x0000000085b00000|100%| O|  |TAMS 0x0000000085b00000, 0x0000000085a00000| Untracked 
|  91|0x0000000085b00000, 0x0000000085c00000, 0x0000000085c00000|100%| O|  |TAMS 0x0000000085c00000, 0x0000000085b00000| Untracked 
|  92|0x0000000085c00000, 0x0000000085d00000, 0x0000000085d00000|100%| O|  |TAMS 0x0000000085d00000, 0x0000000085c00000| Complete 
|  93|0x0000000085d00000, 0x0000000085e00000, 0x0000000085e00000|100%| O|  |TAMS 0x0000000085e00000, 0x0000000085d00000| Untracked 
|  94|0x0000000085e00000, 0x0000000085e00000, 0x0000000085f00000|  0%| F|  |TAMS 0x0000000085e00000, 0x0000000085e00000| Untracked 
|  95|0x0000000085f00000, 0x0000000086000000, 0x0000000086000000|100%| O|  |TAMS 0x0000000086000000, 0x0000000085f00000| Untracked 
|  96|0x0000000086000000, 0x0000000086100000, 0x0000000086100000|100%| O|  |TAMS 0x0000000086100000, 0x0000000086000000| Untracked 
|  97|0x0000000086100000, 0x0000000086200000, 0x0000000086200000|100%| O|  |TAMS 0x0000000086200000, 0x0000000086100000| Untracked 
|  98|0x0000000086200000, 0x0000000086300000, 0x0000000086300000|100%| O|  |TAMS 0x0000000086300000, 0x0000000086200000| Untracked 
|  99|0x0000000086300000, 0x0000000086400000, 0x0000000086400000|100%| O|  |TAMS 0x0000000086400000, 0x0000000086300000| Untracked 
| 100|0x0000000086400000, 0x0000000086500000, 0x0000000086500000|100%| O|  |TAMS 0x0000000086500000, 0x0000000086400000| Untracked 
| 101|0x0000000086500000, 0x0000000086594a00, 0x0000000086600000| 58%| O|  |TAMS 0x0000000086594a00, 0x0000000086500000| Untracked 
| 102|0x0000000086600000, 0x0000000086700000, 0x0000000086700000|100%|HS|  |TAMS 0x0000000086600000, 0x0000000086600000| Complete 
| 103|0x0000000086700000, 0x0000000086800000, 0x0000000086800000|100%|HC|  |TAMS 0x0000000086700000, 0x0000000086700000| Complete 
| 104|0x0000000086800000, 0x0000000086900000, 0x0000000086900000|100%|HS|  |TAMS 0x0000000086800000, 0x0000000086800000| Complete 
| 105|0x0000000086900000, 0x0000000086a00000, 0x0000000086a00000|100%|HC|  |TAMS 0x0000000086900000, 0x0000000086900000| Complete 
| 106|0x0000000086a00000, 0x0000000086b00000, 0x0000000086b00000|100%|HC|  |TAMS 0x0000000086a00000, 0x0000000086a00000| Complete 
| 107|0x0000000086b00000, 0x0000000086b00000, 0x0000000086c00000|  0%| F|  |TAMS 0x0000000086b00000, 0x0000000086b00000| Untracked 
| 108|0x0000000086c00000, 0x0000000086d00000, 0x0000000086d00000|100%|HS|  |TAMS 0x0000000086d00000, 0x0000000086c00000| Complete 
| 109|0x0000000086d00000, 0x0000000086e00000, 0x0000000086e00000|100%|HC|  |TAMS 0x0000000086e00000, 0x0000000086d00000| Complete 
| 110|0x0000000086e00000, 0x0000000086f00000, 0x0000000086f00000|100%|HC|  |TAMS 0x0000000086f00000, 0x0000000086e00000| Complete 
| 111|0x0000000086f00000, 0x0000000087000000, 0x0000000087000000|100%|HC|  |TAMS 0x0000000087000000, 0x0000000086f00000| Complete 
| 112|0x0000000087000000, 0x0000000087100000, 0x0000000087100000|100%| O|  |TAMS 0x0000000087100000, 0x0000000087000000| Untracked 
| 113|0x0000000087100000, 0x0000000087200000, 0x0000000087200000|100%| O|  |TAMS 0x0000000087200000, 0x0000000087100000| Untracked 
| 114|0x0000000087200000, 0x0000000087300000, 0x0000000087300000|100%| O|  |TAMS 0x0000000087300000, 0x0000000087200000| Untracked 
| 115|0x0000000087300000, 0x0000000087400000, 0x0000000087400000|100%| O|  |TAMS 0x0000000087400000, 0x0000000087300000| Untracked 
| 116|0x0000000087400000, 0x0000000087500000, 0x0000000087500000|100%| O|  |TAMS 0x0000000087500000, 0x0000000087400000| Untracked 
| 117|0x0000000087500000, 0x0000000087600000, 0x0000000087600000|100%| O|  |TAMS 0x0000000087600000, 0x0000000087500000| Untracked 
| 118|0x0000000087600000, 0x0000000087700000, 0x0000000087700000|100%| O|  |TAMS 0x0000000087700000, 0x0000000087600000| Untracked 
| 119|0x0000000087700000, 0x0000000087800000, 0x0000000087800000|100%| O|  |TAMS 0x0000000087800000, 0x0000000087700000| Untracked 
| 120|0x0000000087800000, 0x0000000087900000, 0x0000000087900000|100%| O|  |TAMS 0x0000000087900000, 0x0000000087800000| Untracked 
| 121|0x0000000087900000, 0x0000000087a00000, 0x0000000087a00000|100%| O|  |TAMS 0x0000000087a00000, 0x0000000087900000| Untracked 
| 122|0x0000000087a00000, 0x0000000087b00000, 0x0000000087b00000|100%| O|  |TAMS 0x0000000087b00000, 0x0000000087a00000| Untracked 
| 123|0x0000000087b00000, 0x0000000087c00000, 0x0000000087c00000|100%| O|  |TAMS 0x0000000087c00000, 0x0000000087b00000| Untracked 
| 124|0x0000000087c00000, 0x0000000087d00000, 0x0000000087d00000|100%| O|  |TAMS 0x0000000087d00000, 0x0000000087c00000| Untracked 
| 125|0x0000000087d00000, 0x0000000087e00000, 0x0000000087e00000|100%| O|  |TAMS 0x0000000087e00000, 0x0000000087d00000| Untracked 
| 126|0x0000000087e00000, 0x0000000087f00000, 0x0000000087f00000|100%| O|  |TAMS 0x0000000087f00000, 0x0000000087e00000| Untracked 
| 127|0x0000000087f00000, 0x0000000088000000, 0x0000000088000000|100%| O|  |TAMS 0x0000000088000000, 0x0000000087f00000| Complete 
| 128|0x0000000088000000, 0x0000000088100000, 0x0000000088100000|100%|HS|  |TAMS 0x0000000088000000, 0x0000000088000000| Complete 
| 129|0x0000000088100000, 0x0000000088200000, 0x0000000088200000|100%|HC|  |TAMS 0x0000000088100000, 0x0000000088100000| Complete 
| 130|0x0000000088200000, 0x0000000088300000, 0x0000000088300000|100%|HC|  |TAMS 0x0000000088200000, 0x0000000088200000| Complete 
| 131|0x0000000088300000, 0x0000000088400000, 0x0000000088400000|100%|HS|  |TAMS 0x0000000088300000, 0x0000000088300000| Complete 
| 132|0x0000000088400000, 0x0000000088500000, 0x0000000088500000|100%|HC|  |TAMS 0x0000000088400000, 0x0000000088400000| Complete 
| 133|0x0000000088500000, 0x0000000088600000, 0x0000000088600000|100%|HC|  |TAMS 0x0000000088500000, 0x0000000088500000| Complete 
| 134|0x0000000088600000, 0x0000000088700000, 0x0000000088700000|100%|HC|  |TAMS 0x0000000088600000, 0x0000000088600000| Complete 
| 135|0x0000000088700000, 0x0000000088800000, 0x0000000088800000|100%|HC|  |TAMS 0x0000000088700000, 0x0000000088700000| Complete 
| 136|0x0000000088800000, 0x0000000088900000, 0x0000000088900000|100%|HC|  |TAMS 0x0000000088800000, 0x0000000088800000| Complete 
| 137|0x0000000088900000, 0x0000000088a00000, 0x0000000088a00000|100%|HC|  |TAMS 0x0000000088900000, 0x0000000088900000| Complete 
| 138|0x0000000088a00000, 0x0000000088b00000, 0x0000000088b00000|100%|HC|  |TAMS 0x0000000088a00000, 0x0000000088a00000| Complete 
| 139|0x0000000088b00000, 0x0000000088c00000, 0x0000000088c00000|100%|HC|  |TAMS 0x0000000088b00000, 0x0000000088b00000| Complete 
| 140|0x0000000088c00000, 0x0000000088d00000, 0x0000000088d00000|100%|HC|  |TAMS 0x0000000088c00000, 0x0000000088c00000| Complete 
| 141|0x0000000088d00000, 0x0000000088e00000, 0x0000000088e00000|100%|HC|  |TAMS 0x0000000088d00000, 0x0000000088d00000| Complete 
| 142|0x0000000088e00000, 0x0000000088f00000, 0x0000000088f00000|100%|HC|  |TAMS 0x0000000088e00000, 0x0000000088e00000| Complete 
| 143|0x0000000088f00000, 0x0000000089000000, 0x0000000089000000|100%|HS|  |TAMS 0x0000000088f00000, 0x0000000088f00000| Complete 
| 144|0x0000000089000000, 0x0000000089100000, 0x0000000089100000|100%|HC|  |TAMS 0x0000000089000000, 0x0000000089000000| Complete 
| 145|0x0000000089100000, 0x0000000089100000, 0x0000000089200000|  0%| F|  |TAMS 0x0000000089100000, 0x0000000089100000| Untracked 
| 146|0x0000000089200000, 0x0000000089200000, 0x0000000089300000|  0%| F|  |TAMS 0x0000000089200000, 0x0000000089200000| Untracked 
| 147|0x0000000089300000, 0x0000000089300000, 0x0000000089400000|  0%| F|  |TAMS 0x0000000089300000, 0x0000000089300000| Untracked 
| 148|0x0000000089400000, 0x0000000089400000, 0x0000000089500000|  0%| F|  |TAMS 0x0000000089400000, 0x0000000089400000| Untracked 
| 149|0x0000000089500000, 0x0000000089500000, 0x0000000089600000|  0%| F|  |TAMS 0x0000000089500000, 0x0000000089500000| Untracked 
| 150|0x0000000089600000, 0x0000000089600000, 0x0000000089700000|  0%| F|  |TAMS 0x0000000089600000, 0x0000000089600000| Untracked 
| 151|0x0000000089700000, 0x0000000089700000, 0x0000000089800000|  0%| F|  |TAMS 0x0000000089700000, 0x0000000089700000| Untracked 
| 152|0x0000000089800000, 0x0000000089800000, 0x0000000089900000|  0%| F|  |TAMS 0x0000000089800000, 0x0000000089800000| Untracked 
| 153|0x0000000089900000, 0x0000000089900000, 0x0000000089a00000|  0%| F|  |TAMS 0x0000000089900000, 0x0000000089900000| Untracked 
| 154|0x0000000089a00000, 0x0000000089a00000, 0x0000000089b00000|  0%| F|  |TAMS 0x0000000089a00000, 0x0000000089a00000| Untracked 
| 155|0x0000000089b00000, 0x0000000089b00000, 0x0000000089c00000|  0%| F|  |TAMS 0x0000000089b00000, 0x0000000089b00000| Untracked 
| 156|0x0000000089c00000, 0x0000000089c00000, 0x0000000089d00000|  0%| F|  |TAMS 0x0000000089c00000, 0x0000000089c00000| Untracked 
| 157|0x0000000089d00000, 0x0000000089d00000, 0x0000000089e00000|  0%| F|  |TAMS 0x0000000089d00000, 0x0000000089d00000| Untracked 
| 158|0x0000000089e00000, 0x0000000089e00000, 0x0000000089f00000|  0%| F|  |TAMS 0x0000000089e00000, 0x0000000089e00000| Untracked 
| 159|0x0000000089f00000, 0x0000000089f00000, 0x000000008a000000|  0%| F|  |TAMS 0x0000000089f00000, 0x0000000089f00000| Untracked 
| 160|0x000000008a000000, 0x000000008a000000, 0x000000008a100000|  0%| F|  |TAMS 0x000000008a000000, 0x000000008a000000| Untracked 
| 161|0x000000008a100000, 0x000000008a100000, 0x000000008a200000|  0%| F|  |TAMS 0x000000008a100000, 0x000000008a100000| Untracked 
| 162|0x000000008a200000, 0x000000008a200000, 0x000000008a300000|  0%| F|  |TAMS 0x000000008a200000, 0x000000008a200000| Untracked 
| 163|0x000000008a300000, 0x000000008a300000, 0x000000008a400000|  0%| F|  |TAMS 0x000000008a300000, 0x000000008a300000| Untracked 
| 164|0x000000008a400000, 0x000000008a400000, 0x000000008a500000|  0%| F|  |TAMS 0x000000008a400000, 0x000000008a400000| Untracked 
| 165|0x000000008a500000, 0x000000008a500000, 0x000000008a600000|  0%| F|  |TAMS 0x000000008a500000, 0x000000008a500000| Untracked 
| 166|0x000000008a600000, 0x000000008a600000, 0x000000008a700000|  0%| F|  |TAMS 0x000000008a600000, 0x000000008a600000| Untracked 
| 167|0x000000008a700000, 0x000000008a700000, 0x000000008a800000|  0%| F|  |TAMS 0x000000008a700000, 0x000000008a700000| Untracked 
| 168|0x000000008a800000, 0x000000008a800000, 0x000000008a900000|  0%| F|  |TAMS 0x000000008a800000, 0x000000008a800000| Untracked 
| 169|0x000000008a900000, 0x000000008a900000, 0x000000008aa00000|  0%| F|  |TAMS 0x000000008a900000, 0x000000008a900000| Untracked 
| 170|0x000000008aa00000, 0x000000008aa00000, 0x000000008ab00000|  0%| F|  |TAMS 0x000000008aa00000, 0x000000008aa00000| Untracked 
| 171|0x000000008ab00000, 0x000000008ab00000, 0x000000008ac00000|  0%| F|  |TAMS 0x000000008ab00000, 0x000000008ab00000| Untracked 
| 172|0x000000008ac00000, 0x000000008ac00000, 0x000000008ad00000|  0%| F|  |TAMS 0x000000008ac00000, 0x000000008ac00000| Untracked 
| 173|0x000000008ad00000, 0x000000008ad00000, 0x000000008ae00000|  0%| F|  |TAMS 0x000000008ad00000, 0x000000008ad00000| Untracked 
| 174|0x000000008ae00000, 0x000000008ae00000, 0x000000008af00000|  0%| F|  |TAMS 0x000000008ae00000, 0x000000008ae00000| Untracked 
| 175|0x000000008af00000, 0x000000008af2bb30, 0x000000008b000000| 17%| S|CS|TAMS 0x000000008af00000, 0x000000008af00000| Complete 
| 176|0x000000008b000000, 0x000000008b100000, 0x000000008b100000|100%| S|CS|TAMS 0x000000008b000000, 0x000000008b000000| Complete 
| 177|0x000000008b100000, 0x000000008b200000, 0x000000008b200000|100%| S|CS|TAMS 0x000000008b100000, 0x000000008b100000| Complete 
| 178|0x000000008b200000, 0x000000008b300000, 0x000000008b300000|100%| S|CS|TAMS 0x000000008b200000, 0x000000008b200000| Complete 
| 179|0x000000008b300000, 0x000000008b400000, 0x000000008b400000|100%| S|CS|TAMS 0x000000008b300000, 0x000000008b300000| Complete 
| 180|0x000000008b400000, 0x000000008b500000, 0x000000008b500000|100%| S|CS|TAMS 0x000000008b400000, 0x000000008b400000| Complete 
| 181|0x000000008b500000, 0x000000008b600000, 0x000000008b600000|100%| S|CS|TAMS 0x000000008b500000, 0x000000008b500000| Complete 
| 182|0x000000008b600000, 0x000000008b700000, 0x000000008b700000|100%| S|CS|TAMS 0x000000008b600000, 0x000000008b600000| Complete 
| 183|0x000000008b700000, 0x000000008b700000, 0x000000008b800000|  0%| F|  |TAMS 0x000000008b700000, 0x000000008b700000| Untracked 
| 184|0x000000008b800000, 0x000000008b800000, 0x000000008b900000|  0%| F|  |TAMS 0x000000008b800000, 0x000000008b800000| Untracked 
| 185|0x000000008b900000, 0x000000008b900000, 0x000000008ba00000|  0%| F|  |TAMS 0x000000008b900000, 0x000000008b900000| Untracked 
| 186|0x000000008ba00000, 0x000000008ba00000, 0x000000008bb00000|  0%| F|  |TAMS 0x000000008ba00000, 0x000000008ba00000| Untracked 
| 187|0x000000008bb00000, 0x000000008bb00000, 0x000000008bc00000|  0%| F|  |TAMS 0x000000008bb00000, 0x000000008bb00000| Untracked 
| 188|0x000000008bc00000, 0x000000008bc00000, 0x000000008bd00000|  0%| F|  |TAMS 0x000000008bc00000, 0x000000008bc00000| Untracked 
| 189|0x000000008bd00000, 0x000000008bd00000, 0x000000008be00000|  0%| F|  |TAMS 0x000000008bd00000, 0x000000008bd00000| Untracked 
| 190|0x000000008be00000, 0x000000008be00000, 0x000000008bf00000|  0%| F|  |TAMS 0x000000008be00000, 0x000000008be00000| Untracked 
| 191|0x000000008bf00000, 0x000000008bf00000, 0x000000008c000000|  0%| F|  |TAMS 0x000000008bf00000, 0x000000008bf00000| Untracked 
| 192|0x000000008c000000, 0x000000008c000000, 0x000000008c100000|  0%| F|  |TAMS 0x000000008c000000, 0x000000008c000000| Untracked 
| 193|0x000000008c100000, 0x000000008c100000, 0x000000008c200000|  0%| F|  |TAMS 0x000000008c100000, 0x000000008c100000| Untracked 
| 194|0x000000008c200000, 0x000000008c200000, 0x000000008c300000|  0%| F|  |TAMS 0x000000008c200000, 0x000000008c200000| Untracked 
| 195|0x000000008c300000, 0x000000008c300000, 0x000000008c400000|  0%| F|  |TAMS 0x000000008c300000, 0x000000008c300000| Untracked 
| 196|0x000000008c400000, 0x000000008c400000, 0x000000008c500000|  0%| F|  |TAMS 0x000000008c400000, 0x000000008c400000| Untracked 
| 197|0x000000008c500000, 0x000000008c500000, 0x000000008c600000|  0%| F|  |TAMS 0x000000008c500000, 0x000000008c500000| Untracked 
| 198|0x000000008c600000, 0x000000008c600000, 0x000000008c700000|  0%| F|  |TAMS 0x000000008c600000, 0x000000008c600000| Untracked 
| 199|0x000000008c700000, 0x000000008c700000, 0x000000008c800000|  0%| F|  |TAMS 0x000000008c700000, 0x000000008c700000| Untracked 
| 200|0x000000008c800000, 0x000000008c800000, 0x000000008c900000|  0%| F|  |TAMS 0x000000008c800000, 0x000000008c800000| Untracked 
| 201|0x000000008c900000, 0x000000008c900000, 0x000000008ca00000|  0%| F|  |TAMS 0x000000008c900000, 0x000000008c900000| Untracked 
| 202|0x000000008ca00000, 0x000000008ca00000, 0x000000008cb00000|  0%| F|  |TAMS 0x000000008ca00000, 0x000000008ca00000| Untracked 
| 203|0x000000008cb00000, 0x000000008cb00000, 0x000000008cc00000|  0%| F|  |TAMS 0x000000008cb00000, 0x000000008cb00000| Untracked 
| 204|0x000000008cc00000, 0x000000008cc00000, 0x000000008cd00000|  0%| F|  |TAMS 0x000000008cc00000, 0x000000008cc00000| Untracked 
| 205|0x000000008cd00000, 0x000000008cd2c9d0, 0x000000008ce00000| 17%| E|  |TAMS 0x000000008cd00000, 0x000000008cd00000| Complete 
| 206|0x000000008ce00000, 0x000000008cf00000, 0x000000008cf00000|100%| E|CS|TAMS 0x000000008ce00000, 0x000000008ce00000| Complete 
| 207|0x000000008cf00000, 0x000000008d000000, 0x000000008d000000|100%| E|CS|TAMS 0x000000008cf00000, 0x000000008cf00000| Complete 
| 208|0x000000008d000000, 0x000000008d100000, 0x000000008d100000|100%| E|CS|TAMS 0x000000008d000000, 0x000000008d000000| Complete 
| 209|0x000000008d100000, 0x000000008d200000, 0x000000008d200000|100%| E|CS|TAMS 0x000000008d100000, 0x000000008d100000| Complete 
| 210|0x000000008d200000, 0x000000008d300000, 0x000000008d300000|100%| E|CS|TAMS 0x000000008d200000, 0x000000008d200000| Complete 
| 211|0x000000008d300000, 0x000000008d400000, 0x000000008d400000|100%| E|CS|TAMS 0x000000008d300000, 0x000000008d300000| Complete 
| 212|0x000000008d400000, 0x000000008d500000, 0x000000008d500000|100%| E|CS|TAMS 0x000000008d400000, 0x000000008d400000| Complete 
| 213|0x000000008d500000, 0x000000008d600000, 0x000000008d600000|100%| E|CS|TAMS 0x000000008d500000, 0x000000008d500000| Complete 
| 214|0x000000008d600000, 0x000000008d700000, 0x000000008d700000|100%| E|CS|TAMS 0x000000008d600000, 0x000000008d600000| Complete 
| 215|0x000000008d700000, 0x000000008d800000, 0x000000008d800000|100%| E|CS|TAMS 0x000000008d700000, 0x000000008d700000| Complete 
| 216|0x000000008d800000, 0x000000008d900000, 0x000000008d900000|100%| E|CS|TAMS 0x000000008d800000, 0x000000008d800000| Complete 
| 217|0x000000008d900000, 0x000000008da00000, 0x000000008da00000|100%| E|CS|TAMS 0x000000008d900000, 0x000000008d900000| Complete 
| 218|0x000000008da00000, 0x000000008db00000, 0x000000008db00000|100%| E|CS|TAMS 0x000000008da00000, 0x000000008da00000| Complete 
| 219|0x000000008db00000, 0x000000008dc00000, 0x000000008dc00000|100%| E|CS|TAMS 0x000000008db00000, 0x000000008db00000| Complete 
| 220|0x000000008dc00000, 0x000000008dd00000, 0x000000008dd00000|100%| E|CS|TAMS 0x000000008dc00000, 0x000000008dc00000| Complete 
| 221|0x000000008dd00000, 0x000000008de00000, 0x000000008de00000|100%| E|CS|TAMS 0x000000008dd00000, 0x000000008dd00000| Complete 
| 222|0x000000008de00000, 0x000000008df00000, 0x000000008df00000|100%| E|CS|TAMS 0x000000008de00000, 0x000000008de00000| Complete 
| 223|0x000000008df00000, 0x000000008e000000, 0x000000008e000000|100%| E|CS|TAMS 0x000000008df00000, 0x000000008df00000| Complete 
| 224|0x000000008e000000, 0x000000008e100000, 0x000000008e100000|100%| E|CS|TAMS 0x000000008e000000, 0x000000008e000000| Complete 
| 225|0x000000008e100000, 0x000000008e200000, 0x000000008e200000|100%| E|  |TAMS 0x000000008e100000, 0x000000008e100000| Complete 
| 226|0x000000008e200000, 0x000000008e300000, 0x000000008e300000|100%| E|CS|TAMS 0x000000008e200000, 0x000000008e200000| Complete 
| 227|0x000000008e300000, 0x000000008e400000, 0x000000008e400000|100%| E|CS|TAMS 0x000000008e300000, 0x000000008e300000| Complete 
| 228|0x000000008e400000, 0x000000008e500000, 0x000000008e500000|100%| E|CS|TAMS 0x000000008e400000, 0x000000008e400000| Complete 
| 229|0x000000008e500000, 0x000000008e600000, 0x000000008e600000|100%| E|CS|TAMS 0x000000008e500000, 0x000000008e500000| Complete 
| 230|0x000000008e600000, 0x000000008e700000, 0x000000008e700000|100%| E|CS|TAMS 0x000000008e600000, 0x000000008e600000| Complete 
| 231|0x000000008e700000, 0x000000008e800000, 0x000000008e800000|100%| E|CS|TAMS 0x000000008e700000, 0x000000008e700000| Complete 
| 232|0x000000008e800000, 0x000000008e900000, 0x000000008e900000|100%| E|CS|TAMS 0x000000008e800000, 0x000000008e800000| Complete 
| 233|0x000000008e900000, 0x000000008ea00000, 0x000000008ea00000|100%| E|CS|TAMS 0x000000008e900000, 0x000000008e900000| Complete 
| 234|0x000000008ea00000, 0x000000008eb00000, 0x000000008eb00000|100%| E|CS|TAMS 0x000000008ea00000, 0x000000008ea00000| Complete 
| 235|0x000000008eb00000, 0x000000008ec00000, 0x000000008ec00000|100%| E|CS|TAMS 0x000000008eb00000, 0x000000008eb00000| Complete 
| 236|0x000000008ec00000, 0x000000008ed00000, 0x000000008ed00000|100%| E|CS|TAMS 0x000000008ec00000, 0x000000008ec00000| Complete 
| 237|0x000000008ed00000, 0x000000008ee00000, 0x000000008ee00000|100%| E|CS|TAMS 0x000000008ed00000, 0x000000008ed00000| Complete 
| 238|0x000000008ee00000, 0x000000008ef00000, 0x000000008ef00000|100%| E|CS|TAMS 0x000000008ee00000, 0x000000008ee00000| Complete 
| 239|0x000000008ef00000, 0x000000008f000000, 0x000000008f000000|100%| E|CS|TAMS 0x000000008ef00000, 0x000000008ef00000| Complete 
| 240|0x000000008f000000, 0x000000008f100000, 0x000000008f100000|100%| E|CS|TAMS 0x000000008f000000, 0x000000008f000000| Complete 
| 241|0x000000008f100000, 0x000000008f200000, 0x000000008f200000|100%| E|CS|TAMS 0x000000008f100000, 0x000000008f100000| Complete 
| 242|0x000000008f200000, 0x000000008f300000, 0x000000008f300000|100%| E|CS|TAMS 0x000000008f200000, 0x000000008f200000| Complete 
| 243|0x000000008f300000, 0x000000008f400000, 0x000000008f400000|100%| E|CS|TAMS 0x000000008f300000, 0x000000008f300000| Complete 
| 244|0x000000008f400000, 0x000000008f500000, 0x000000008f500000|100%| E|CS|TAMS 0x000000008f400000, 0x000000008f400000| Complete 
| 245|0x000000008f500000, 0x000000008f600000, 0x000000008f600000|100%| E|CS|TAMS 0x000000008f500000, 0x000000008f500000| Complete 
| 246|0x000000008f600000, 0x000000008f700000, 0x000000008f700000|100%| E|CS|TAMS 0x000000008f600000, 0x000000008f600000| Complete 
| 247|0x000000008f700000, 0x000000008f800000, 0x000000008f800000|100%| E|CS|TAMS 0x000000008f700000, 0x000000008f700000| Complete 
| 248|0x000000008f800000, 0x000000008f900000, 0x000000008f900000|100%| E|CS|TAMS 0x000000008f800000, 0x000000008f800000| Complete 
| 249|0x000000008f900000, 0x000000008fa00000, 0x000000008fa00000|100%| E|CS|TAMS 0x000000008f900000, 0x000000008f900000| Complete 
| 250|0x000000008fa00000, 0x000000008fb00000, 0x000000008fb00000|100%| E|CS|TAMS 0x000000008fa00000, 0x000000008fa00000| Complete 
| 251|0x000000008fb00000, 0x000000008fc00000, 0x000000008fc00000|100%| E|CS|TAMS 0x000000008fb00000, 0x000000008fb00000| Complete 
| 252|0x000000008fc00000, 0x000000008fd00000, 0x000000008fd00000|100%| E|CS|TAMS 0x000000008fc00000, 0x000000008fc00000| Complete 
| 253|0x000000008fd00000, 0x000000008fe00000, 0x000000008fe00000|100%| E|CS|TAMS 0x000000008fd00000, 0x000000008fd00000| Complete 
| 254|0x000000008fe00000, 0x000000008ff00000, 0x000000008ff00000|100%| E|CS|TAMS 0x000000008fe00000, 0x000000008fe00000| Complete 
| 683|0x00000000aab00000, 0x00000000aac00000, 0x00000000aac00000|100%| E|CS|TAMS 0x00000000aab00000, 0x00000000aab00000| Complete 
| 703|0x00000000abf00000, 0x00000000ac000000, 0x00000000ac000000|100%| E|CS|TAMS 0x00000000abf00000, 0x00000000abf00000| Complete 

Card table byte_map: [0x00000271cb1f0000,0x00000271cb5f0000] _byte_map_base: 0x00000271cadf0000

Marking Bits (Prev, Next): (CMBitMap*) 0x00000271b8443700, (CMBitMap*) 0x00000271b8443740
 Prev Bits: [0x00000271cb9f0000, 0x00000271cd9f0000)
 Next Bits: [0x00000271cd9f0000, 0x00000271cf9f0000)

Polling page: 0x00000271b6330000

Metaspace:

Usage:
  Non-class:     85.90 MB used.
      Class:     13.80 MB used.
       Both:     99.71 MB used.

Virtual space:
  Non-class space:       88.00 MB reserved,      86.31 MB ( 98%) committed,  11 nodes.
      Class space:        1.00 GB reserved,      14.12 MB (  1%) committed,  1 nodes.
             Both:        1.09 GB reserved,     100.44 MB (  9%) committed. 

Chunk freelists:
   Non-Class:  1.35 MB
       Class:  1.76 MB
        Both:  3.11 MB

MaxMetaspaceSize: unlimited
CompressedClassSpaceSize: 1.00 GB
Initial GC threshold: 21.00 MB
Current GC threshold: 162.12 MB
CDS: off
MetaspaceReclaimPolicy: balanced
 - commit_granule_bytes: 65536.
 - commit_granule_words: 8192.
 - virtual_space_node_default_size: 1048576.
 - enlarge_chunks_in_place: 1.
 - new_chunks_are_fully_committed: 0.
 - uncommit_free_chunks: 1.
 - use_allocation_guard: 0.
 - handle_deallocations: 1.


Internal statistics:

num_allocs_failed_limit: 6.
num_arena_births: 1090.
num_arena_deaths: 0.
num_vsnodes_births: 12.
num_vsnodes_deaths: 0.
num_space_committed: 1607.
num_space_uncommitted: 0.
num_chunks_returned_to_freelist: 6.
num_chunks_taken_from_freelist: 4902.
num_chunk_merges: 6.
num_chunk_splits: 3199.
num_chunks_enlarged: 2072.
num_purges: 0.
num_inconsistent_stats: 0.

CodeHeap 'non-profiled nmethods': size=120000Kb used=5733Kb max_used=5733Kb free=114266Kb
 bounds [0x00000271c3370000, 0x00000271c3910000, 0x00000271ca8a0000]
CodeHeap 'profiled nmethods': size=120000Kb used=17644Kb max_used=17644Kb free=102356Kb
 bounds [0x00000271bb8a0000, 0x00000271bc9e0000, 0x00000271c2dd0000]
CodeHeap 'non-nmethods': size=5760Kb used=2437Kb max_used=2495Kb free=3323Kb
 bounds [0x00000271c2dd0000, 0x00000271c3050000, 0x00000271c3370000]
 total_blobs=10101 nmethods=9126 adapters=887
 compilation: enabled
              stopped_count=0, restarted_count=0
 full_count=0

Compilation events (20 events):
Event: 13.367 Thread 0x00000271d2880170 10496       3       org.gradle.internal.component.external.model.AbstractMutableModuleComponentResolveMetadata$FileImpl::<init> (15 bytes)
Event: 13.367 Thread 0x00000271d2880170 nmethod 10496 0x00000271bc98bd90 code [0x00000271bc98bf40, 0x00000271bc98c158]
Event: 13.367 Thread 0x00000271d2880170 10497       3       org.gradle.internal.component.external.model.AbstractMutableModuleComponentResolveMetadata::addVariant (14 bytes)
Event: 13.367 Thread 0x00000271d2880170 nmethod 10497 0x00000271bc98c210 code [0x00000271bc98c400, 0x00000271bc98ca38]
Event: 13.367 Thread 0x00000271d2880170 10498       3       org.gradle.internal.snapshot.impl.IntegerValueSnapshot::equals (6 bytes)
Event: 13.367 Thread 0x00000271d2880170 nmethod 10498 0x00000271bc98cc90 code [0x00000271bc98ce20, 0x00000271bc98cf68]
Event: 13.368 Thread 0x00000271d2880170 10500       3       org.gradle.api.internal.artifacts.ivyservice.ivyresolve.RepositoryChainComponentMetaDataResolver::resolveModule (289 bytes)
Event: 13.369 Thread 0x00000271d2880170 nmethod 10500 0x00000271bc98d010 code [0x00000271bc98d500, 0x00000271bc9901e8]
Event: 13.369 Thread 0x00000271d2880170 10502       3       org.gradle.api.internal.artifacts.ivyservice.ivyresolve.RepositoryChainComponentMetaDataResolver::findBestMatch (228 bytes)
Event: 13.370 Thread 0x00000271d2880170 nmethod 10502 0x00000271bc991110 code [0x00000271bc9915a0, 0x00000271bc993ba8]
Event: 13.370 Thread 0x00000271d2880170 10505       3       org.gradle.internal.component.local.model.ComponentFileArtifactIdentifier::hashCode (16 bytes)
Event: 13.370 Thread 0x00000271d2880170 nmethod 10505 0x00000271bc994790 code [0x00000271bc994940, 0x00000271bc994bd8]
Event: 13.370 Thread 0x00000271d2880170 10499       3       org.gradle.api.internal.artifacts.ivyservice.ivyresolve.RepositoryChainComponentMetaDataResolver::resolve (28 bytes)
Event: 13.370 Thread 0x00000271d2880170 nmethod 10499 0x00000271bc994d10 code [0x00000271bc994ee0, 0x00000271bc995338]
Event: 13.370 Thread 0x00000271d2880170 10501       3       org.gradle.api.internal.artifacts.ivyservice.ivyresolve.RepositoryChainComponentMetaDataResolver::findBestMatch (66 bytes)
Event: 13.370 Thread 0x00000271d2880170 nmethod 10501 0x00000271bc995490 code [0x00000271bc995700, 0x00000271bc996078]
Event: 13.370 Thread 0x00000271d2880170 10503       3       org.gradle.internal.component.external.model.DefaultModuleComponentGraphResolveState::getModuleResolveMetadata (8 bytes)
Event: 13.370 Thread 0x00000271d2880170 nmethod 10503 0x00000271bc996410 code [0x00000271bc9965a0, 0x00000271bc996838]
Event: 13.370 Thread 0x00000271d2880170 10504       3       org.gradle.api.internal.artifacts.repositories.resolver.ComponentMetadataAdapter::<init> (10 bytes)
Event: 13.371 Thread 0x00000271d2880170 nmethod 10504 0x00000271bc996910 code [0x00000271bc996aa0, 0x00000271bc996c58]

GC Heap History (20 events):
Event: 3.011 GC heap before
{Heap before GC invocations=10 (full 0):
 garbage-first heap   total 86016K, used 65569K [0x0000000080000000, 0x0000000100000000)
  region size 1024K, 17 young (17408K), 2 survivors (2048K)
 Metaspace       used 32644K, committed 33024K, reserved 1081344K
  class space    used 4499K, committed 4672K, reserved 1048576K
}
Event: 3.012 GC heap after
{Heap after GC invocations=11 (full 0):
 garbage-first heap   total 86016K, used 51058K [0x0000000080000000, 0x0000000100000000)
  region size 1024K, 1 young (1024K), 1 survivors (1024K)
 Metaspace       used 32644K, committed 33024K, reserved 1081344K
  class space    used 4499K, committed 4672K, reserved 1048576K
}
Event: 3.194 GC heap before
{Heap before GC invocations=12 (full 0):
 garbage-first heap   total 89088K, used 66418K [0x0000000080000000, 0x0000000100000000)
  region size 1024K, 16 young (16384K), 1 survivors (1024K)
 Metaspace       used 34517K, committed 34880K, reserved 1081344K
  class space    used 4806K, committed 4992K, reserved 1048576K
}
Event: 3.195 GC heap after
{Heap after GC invocations=13 (full 0):
 garbage-first heap   total 89088K, used 51622K [0x0000000080000000, 0x0000000100000000)
  region size 1024K, 2 young (2048K), 2 survivors (2048K)
 Metaspace       used 34517K, committed 34880K, reserved 1081344K
  class space    used 4806K, committed 4992K, reserved 1048576K
}
Event: 3.394 GC heap before
{Heap before GC invocations=13 (full 0):
 garbage-first heap   total 89088K, used 69030K [0x0000000080000000, 0x0000000100000000)
  region size 1024K, 20 young (20480K), 2 survivors (2048K)
 Metaspace       used 37681K, committed 38080K, reserved 1089536K
  class space    used 5222K, committed 5440K, reserved 1048576K
}
Event: 3.396 GC heap after
{Heap after GC invocations=14 (full 0):
 garbage-first heap   total 89088K, used 53008K [0x0000000080000000, 0x0000000100000000)
  region size 1024K, 3 young (3072K), 3 survivors (3072K)
 Metaspace       used 37681K, committed 38080K, reserved 1089536K
  class space    used 5222K, committed 5440K, reserved 1048576K
}
Event: 3.572 GC heap before
{Heap before GC invocations=15 (full 0):
 garbage-first heap   total 92160K, used 70416K [0x0000000080000000, 0x0000000100000000)
  region size 1024K, 21 young (21504K), 3 survivors (3072K)
 Metaspace       used 42297K, committed 42624K, reserved 1089536K
  class space    used 5684K, committed 5824K, reserved 1048576K
}
Event: 3.575 GC heap after
{Heap after GC invocations=16 (full 0):
 garbage-first heap   total 406528K, used 55550K [0x0000000080000000, 0x0000000100000000)
  region size 1024K, 3 young (3072K), 3 survivors (3072K)
 Metaspace       used 42297K, committed 42624K, reserved 1089536K
  class space    used 5684K, committed 5824K, reserved 1048576K
}
Event: 6.566 GC heap before
{Heap before GC invocations=16 (full 0):
 garbage-first heap   total 406528K, used 277758K [0x0000000080000000, 0x0000000100000000)
  region size 1024K, 212 young (217088K), 3 survivors (3072K)
 Metaspace       used 63207K, committed 63808K, reserved 1105920K
  class space    used 8538K, committed 8832K, reserved 1048576K
}
Event: 6.574 GC heap after
{Heap after GC invocations=17 (full 0):
 garbage-first heap   total 406528K, used 76421K [0x0000000080000000, 0x0000000100000000)
  region size 1024K, 21 young (21504K), 21 survivors (21504K)
 Metaspace       used 63207K, committed 63808K, reserved 1105920K
  class space    used 8538K, committed 8832K, reserved 1048576K
}
Event: 9.413 GC heap before
{Heap before GC invocations=18 (full 0):
 garbage-first heap   total 263168K, used 224429K [0x0000000080000000, 0x0000000100000000)
  region size 1024K, 154 young (157696K), 21 survivors (21504K)
 Metaspace       used 75330K, committed 76032K, reserved 1122304K
  class space    used 10152K, committed 10496K, reserved 1048576K
}
Event: 9.421 GC heap after
{Heap after GC invocations=19 (full 0):
 garbage-first heap   total 263168K, used 103946K [0x0000000080000000, 0x0000000100000000)
  region size 1024K, 17 young (17408K), 17 survivors (17408K)
 Metaspace       used 75330K, committed 76032K, reserved 1122304K
  class space    used 10152K, committed 10496K, reserved 1048576K
}
Event: 10.328 GC heap before
{Heap before GC invocations=19 (full 0):
 garbage-first heap   total 263168K, used 214538K [0x0000000080000000, 0x0000000100000000)
  region size 1024K, 115 young (117760K), 17 survivors (17408K)
 Metaspace       used 81579K, committed 82304K, reserved 1122304K
  class space    used 11024K, committed 11392K, reserved 1048576K
}
Event: 10.333 GC heap after
{Heap after GC invocations=20 (full 0):
 garbage-first heap   total 263168K, used 115711K [0x0000000080000000, 0x0000000100000000)
  region size 1024K, 9 young (9216K), 9 survivors (9216K)
 Metaspace       used 81579K, committed 82304K, reserved 1122304K
  class space    used 11024K, committed 11392K, reserved 1048576K
}
Event: 11.367 GC heap before
{Heap before GC invocations=20 (full 0):
 garbage-first heap   total 263168K, used 210943K [0x0000000080000000, 0x0000000100000000)
  region size 1024K, 102 young (104448K), 9 survivors (9216K)
 Metaspace       used 87798K, committed 88512K, reserved 1130496K
  class space    used 11863K, committed 12224K, reserved 1048576K
}
Event: 11.371 GC heap after
{Heap after GC invocations=21 (full 0):
 garbage-first heap   total 263168K, used 123625K [0x0000000080000000, 0x0000000100000000)
  region size 1024K, 8 young (8192K), 8 survivors (8192K)
 Metaspace       used 87798K, committed 88512K, reserved 1130496K
  class space    used 11863K, committed 12224K, reserved 1048576K
}
Event: 12.210 GC heap before
{Heap before GC invocations=21 (full 0):
 garbage-first heap   total 263168K, used 213737K [0x0000000080000000, 0x0000000100000000)
  region size 1024K, 96 young (98304K), 8 survivors (8192K)
 Metaspace       used 93337K, committed 94144K, reserved 1130496K
  class space    used 12807K, committed 13184K, reserved 1048576K
}
Event: 12.213 GC heap after
{Heap after GC invocations=22 (full 0):
 garbage-first heap   total 263168K, used 127496K [0x0000000080000000, 0x0000000100000000)
  region size 1024K, 5 young (5120K), 5 survivors (5120K)
 Metaspace       used 93337K, committed 94144K, reserved 1130496K
  class space    used 12807K, committed 13184K, reserved 1048576K
}
Event: 13.008 GC heap before
{Heap before GC invocations=22 (full 0):
 garbage-first heap   total 263168K, used 202248K [0x0000000080000000, 0x0000000100000000)
  region size 1024K, 79 young (80896K), 5 survivors (5120K)
 Metaspace       used 98838K, committed 99584K, reserved 1138688K
  class space    used 13612K, committed 13952K, reserved 1048576K
}
Event: 13.012 GC heap after
{Heap after GC invocations=23 (full 0):
 garbage-first heap   total 263168K, used 130598K [0x0000000080000000, 0x0000000100000000)
  region size 1024K, 8 young (8192K), 8 survivors (8192K)
 Metaspace       used 98838K, committed 99584K, reserved 1138688K
  class space    used 13612K, committed 13952K, reserved 1048576K
}

Dll operation events (3 events):
Event: 0.005 Loaded shared library C:\Program Files\Android\Android Studio\jbr\bin\java.dll
Event: 0.082 Loaded shared library C:\Program Files\Android\Android Studio\jbr\bin\zip.dll
Event: 0.254 Loaded shared library C:\Program Files\Android\Android Studio\jbr\bin\verify.dll

Deoptimization events (20 events):
Event: 13.228 Thread 0x00000271dd72a890 Uncommon trap: trap_request=0xffffffc6 fr.pc=0x00000271c36608a8 relative=0x0000000000000188
Event: 13.228 Thread 0x00000271dd72a890 Uncommon trap: reason=bimorphic_or_optimized_type_check action=maybe_recompile pc=0x00000271c36608a8 method=java.util.stream.StreamOpFlag.fromCharacteristics(Ljava/util/Spliterator;)I @ 14 c2
Event: 13.228 Thread 0x00000271dd72a890 DEOPT PACKING pc=0x00000271c36608a8 sp=0x000000d90e2fd650
Event: 13.228 Thread 0x00000271dd72a890 DEOPT UNPACKING pc=0x00000271c2e269a3 sp=0x000000d90e2fd538 mode 2
Event: 13.231 Thread 0x00000271dd72a890 DEOPT PACKING pc=0x00000271bc3f150c sp=0x000000d90e2fd840
Event: 13.231 Thread 0x00000271dd72a890 DEOPT UNPACKING pc=0x00000271c2e27143 sp=0x000000d90e2fccb8 mode 0
Event: 13.231 Thread 0x00000271dd72a890 Uncommon trap: trap_request=0xffffff54 fr.pc=0x00000271c36e6730 relative=0x0000000000000230
Event: 13.231 Thread 0x00000271dd72a890 Uncommon trap: reason=speculate_null_assert action=make_not_entrant pc=0x00000271c36e6730 method=org.gradle.tooling.internal.provider.runner.ClientBuildEventGenerator.finished(Lorg/gradle/internal/operations/BuildOperationDescriptor;Lorg/gradle/internal/o
Event: 13.231 Thread 0x00000271dd72a890 DEOPT PACKING pc=0x00000271c36e6730 sp=0x000000d90e2fd900
Event: 13.231 Thread 0x00000271dd72a890 DEOPT UNPACKING pc=0x00000271c2e269a3 sp=0x000000d90e2fd8d8 mode 2
Event: 13.233 Thread 0x00000271d4506bd0 DEOPT PACKING pc=0x00000271bbde3740 sp=0x000000d90bafe410
Event: 13.233 Thread 0x00000271d4506bd0 DEOPT UNPACKING pc=0x00000271c2e27143 sp=0x000000d90bafd958 mode 0
Event: 13.238 Thread 0x00000271d5c1f9c0 Uncommon trap: trap_request=0xffffffc6 fr.pc=0x00000271c36df8f0 relative=0x0000000000000bb0
Event: 13.238 Thread 0x00000271d5c1f9c0 Uncommon trap: reason=bimorphic_or_optimized_type_check action=maybe_recompile pc=0x00000271c36df8f0 method=com.google.common.collect.ImmutableCollection$Builder.addAll(Ljava/lang/Iterable;)Lcom/google/common/collect/ImmutableCollection$Builder; @ 1 c2
Event: 13.238 Thread 0x00000271d5c1f9c0 DEOPT PACKING pc=0x00000271c36df8f0 sp=0x000000d90b7fb2a0
Event: 13.238 Thread 0x00000271d5c1f9c0 DEOPT UNPACKING pc=0x00000271c2e269a3 sp=0x000000d90b7fb2a0 mode 2
Event: 13.332 Thread 0x00000271d5c1f9c0 DEOPT PACKING pc=0x00000271bbeae55b sp=0x000000d90b7f97f0
Event: 13.332 Thread 0x00000271d5c1f9c0 DEOPT UNPACKING pc=0x00000271c2e27143 sp=0x000000d90b7f8d10 mode 0
Event: 13.370 Thread 0x00000271d5c1f9c0 DEOPT PACKING pc=0x00000271bbeae55b sp=0x000000d90b7f97b0
Event: 13.370 Thread 0x00000271d5c1f9c0 DEOPT UNPACKING pc=0x00000271c2e27143 sp=0x000000d90b7f8cd0 mode 0

Classes unloaded (0 events):
No events

Classes redefined (0 events):
No events

Internal exceptions (20 events):
Event: 13.188 Thread 0x00000271d5c1f9c0 Exception <a 'java/lang/ClassNotFoundException'{0x000000008f20b4c8}: org/gradle/api/tasks/testing/AbstractTestTaskBeanInfo> (0x000000008f20b4c8) 
thrown [s\src\hotspot\share\classfile\systemDictionary.cpp, line 256]
Event: 13.188 Thread 0x00000271d5c1f9c0 Exception <a 'java/lang/ClassNotFoundException'{0x000000008f215c08}: org/gradle/api/internal/ConventionTaskBeanInfo> (0x000000008f215c08) 
thrown [s\src\hotspot\share\classfile\systemDictionary.cpp, line 256]
Event: 13.189 Thread 0x00000271d5c1f9c0 Exception <a 'java/lang/ClassNotFoundException'{0x000000008f220378}: org/gradle/api/internal/ConventionTaskCustomizer> (0x000000008f220378) 
thrown [s\src\hotspot\share\classfile\systemDictionary.cpp, line 256]
Event: 13.189 Thread 0x00000271d5c1f9c0 Exception <a 'java/lang/ClassNotFoundException'{0x000000008f23c290}: org/gradle/api/tasks/testing/AbstractTestTaskCustomizer> (0x000000008f23c290) 
thrown [s\src\hotspot\share\classfile\systemDictionary.cpp, line 256]
Event: 13.229 Thread 0x00000271d4506bd0 Exception <a 'java/lang/NoSuchMethodError'{0x000000008ec6b7c0}: static Lorg/gradle/internal/build/event/types/DefaultTaskStartedProgressEvent;.<clinit>()V> (0x000000008ec6b7c0) 
thrown [s\src\hotspot\share\prims\jni.cpp, line 1108]
Event: 13.229 Thread 0x00000271d4506bd0 Exception <a 'java/lang/NoSuchMethodError'{0x000000008ec6d468}: static Lorg/gradle/internal/build/event/types/AbstractProgressEvent;.<clinit>()V> (0x000000008ec6d468) 
thrown [s\src\hotspot\share\prims\jni.cpp, line 1108]
Event: 13.229 Thread 0x00000271d4506bd0 Exception <a 'java/lang/NoSuchMethodError'{0x000000008ec7a2c0}: static Lorg/gradle/internal/build/event/types/DefaultTaskDescriptor;.<clinit>()V> (0x000000008ec7a2c0) 
thrown [s\src\hotspot\share\prims\jni.cpp, line 1108]
Event: 13.230 Thread 0x00000271d4506bd0 Exception <a 'java/lang/NoSuchMethodError'{0x000000008ec879b8}: static Lorg/gradle/internal/operations/OperationIdentifier;.<clinit>()V> (0x000000008ec879b8) 
thrown [s\src\hotspot\share\prims\jni.cpp, line 1108]
Event: 13.232 Thread 0x00000271d4506bd0 Exception <a 'java/lang/NoSuchMethodError'{0x000000008ecca3a8}: static Lorg/gradle/internal/build/event/types/DefaultTaskFinishedProgressEvent;.<clinit>()V> (0x000000008ecca3a8) 
thrown [s\src\hotspot\share\prims\jni.cpp, line 1108]
Event: 13.233 Thread 0x00000271d4506bd0 Exception <a 'java/lang/NoSuchMethodError'{0x000000008eb02190}: static Lorg/gradle/internal/build/event/types/DefaultTaskSuccessResult;.<clinit>()V> (0x000000008eb02190) 
thrown [s\src\hotspot\share\prims\jni.cpp, line 1108]
Event: 13.233 Thread 0x00000271d4506bd0 Exception <a 'java/lang/NoSuchMethodError'{0x000000008eb03880}: static Lorg/gradle/internal/build/event/types/AbstractTaskResult;.<clinit>()V> (0x000000008eb03880) 
thrown [s\src\hotspot\share\prims\jni.cpp, line 1108]
Event: 13.233 Thread 0x00000271d4506bd0 Exception <a 'java/lang/NoSuchMethodError'{0x000000008eb053e8}: static Lorg/gradle/internal/build/event/types/AbstractResult;.<clinit>()V> (0x000000008eb053e8) 
thrown [s\src\hotspot\share\prims\jni.cpp, line 1108]
Event: 13.308 Thread 0x00000271d5c1f9c0 Exception <a 'java/lang/ClassNotFoundException'{0x000000008e72e158}: org/jetbrains/plugins/gradle/tooling/util/SourceSetCachedFinder$1BeanInfo> (0x000000008e72e158) 
thrown [s\src\hotspot\share\classfile\systemDictionary.cpp, line 256]
Event: 13.308 Thread 0x00000271d5c1f9c0 Exception <a 'java/lang/ClassNotFoundException'{0x000000008e736898}: org/jetbrains/plugins/gradle/tooling/util/SourceSetCachedFinder$1Customizer> (0x000000008e736898) 
thrown [s\src\hotspot\share\classfile\systemDictionary.cpp, line 256]
Event: 13.309 Thread 0x00000271d5c1f9c0 Exception <a 'java/lang/ClassNotFoundException'{0x000000008e762850}: org/jetbrains/plugins/gradle/tooling/util/SourceSetCachedFinder$2BeanInfo> (0x000000008e762850) 
thrown [s\src\hotspot\share\classfile\systemDictionary.cpp, line 256]
Event: 13.309 Thread 0x00000271d5c1f9c0 Exception <a 'java/lang/ClassNotFoundException'{0x000000008e76af90}: org/jetbrains/plugins/gradle/tooling/util/SourceSetCachedFinder$2Customizer> (0x000000008e76af90) 
thrown [s\src\hotspot\share\classfile\systemDictionary.cpp, line 256]
Event: 13.310 Thread 0x00000271d5c1f9c0 Exception <a 'java/lang/ClassNotFoundException'{0x000000008e79a278}: org/jetbrains/plugins/gradle/tooling/util/SourceSetCachedFinderBeanInfo> (0x000000008e79a278) 
thrown [s\src\hotspot\share\classfile\systemDictionary.cpp, line 256]
Event: 13.310 Thread 0x00000271d5c1f9c0 Exception <a 'java/lang/ClassNotFoundException'{0x000000008e7a29a0}: org/jetbrains/plugins/gradle/tooling/util/SourceSetCachedFinderCustomizer> (0x000000008e7a29a0) 
thrown [s\src\hotspot\share\classfile\systemDictionary.cpp, line 256]
Event: 13.312 Thread 0x00000271d5c1f9c0 Exception <a 'java/lang/ClassNotFoundException'{0x000000008e7f62b8}: org/jetbrains/plugins/gradle/tooling/util/SourceSetCachedFinder$ArtifactsMapBeanInfo> (0x000000008e7f62b8) 
thrown [s\src\hotspot\share\classfile\systemDictionary.cpp, line 256]
Event: 13.312 Thread 0x00000271d5c1f9c0 Exception <a 'java/lang/ClassNotFoundException'{0x000000008e7feae8}: org/jetbrains/plugins/gradle/tooling/util/SourceSetCachedFinder$ArtifactsMapCustomizer> (0x000000008e7feae8) 
thrown [s\src\hotspot\share\classfile\systemDictionary.cpp, line 256]

VM Operations (20 events):
Event: 13.008 Executing VM operation: G1TryInitiateConcMark
Event: 13.012 Executing VM operation: G1TryInitiateConcMark done
Event: 13.034 Executing VM operation: G1Concurrent
Event: 13.036 Executing VM operation: G1Concurrent done
Event: 13.046 Executing VM operation: G1Concurrent
Event: 13.046 Executing VM operation: G1Concurrent done
Event: 13.142 Executing VM operation: HandshakeAllThreads
Event: 13.142 Executing VM operation: HandshakeAllThreads done
Event: 13.144 Executing VM operation: HandshakeAllThreads
Event: 13.145 Executing VM operation: HandshakeAllThreads done
Event: 13.220 Executing VM operation: HandshakeAllThreads
Event: 13.220 Executing VM operation: HandshakeAllThreads done
Event: 13.228 Executing VM operation: HandshakeAllThreads
Event: 13.228 Executing VM operation: HandshakeAllThreads done
Event: 13.231 Executing VM operation: HandshakeAllThreads
Event: 13.231 Executing VM operation: HandshakeAllThreads done
Event: 13.328 Executing VM operation: HandshakeAllThreads
Event: 13.328 Executing VM operation: HandshakeAllThreads done
Event: 13.329 Executing VM operation: HandshakeAllThreads
Event: 13.329 Executing VM operation: HandshakeAllThreads done

Events (20 events):
Event: 13.203 Thread 0x00000271d92063c0 Thread added: 0x00000271d92063c0
Event: 13.203 Thread 0x00000271d9206890 Thread added: 0x00000271d9206890
Event: 13.203 Thread 0x00000271d9205080 Thread added: 0x00000271d9205080
Event: 13.203 Thread 0x00000271d9acd880 Thread added: 0x00000271d9acd880
Event: 13.204 Thread 0x00000271d9acb200 Thread added: 0x00000271d9acb200
Event: 13.204 Thread 0x00000271d9ace6f0 Thread added: 0x00000271d9ace6f0
Event: 13.204 Thread 0x00000271d9acc540 Thread added: 0x00000271d9acc540
Event: 13.204 Thread 0x00000271d9acbba0 Thread added: 0x00000271d9acbba0
Event: 13.204 Thread 0x00000271d97700f0 Thread added: 0x00000271d97700f0
Event: 13.214 Thread 0x00000271d976e8e0 Thread added: 0x00000271d976e8e0
Event: 13.226 loading class java/util/TreeMap$KeySpliterator
Event: 13.226 loading class java/util/TreeMap$TreeMapSpliterator
Event: 13.226 loading class java/util/TreeMap$TreeMapSpliterator done
Event: 13.226 loading class java/util/TreeMap$KeySpliterator done
Event: 13.233 loading class java/util/concurrent/ConcurrentLinkedQueue$Itr
Event: 13.233 loading class java/util/concurrent/ConcurrentLinkedQueue$Itr done
Event: 13.234 Thread 0x00000271db1c5d30 Thread added: 0x00000271db1c5d30
Event: 13.284 Thread 0x00000271db4d2520 Thread added: 0x00000271db4d2520
Event: 13.361 loading class java/io/PushbackInputStream
Event: 13.361 loading class java/io/PushbackInputStream done


Dynamic libraries:
0x00007ff6cfa90000 - 0x00007ff6cfa9a000 	C:\Program Files\Android\Android Studio\jbr\bin\java.exe
0x00007ff83f670000 - 0x00007ff83f884000 	C:\Windows\SYSTEM32\ntdll.dll
0x00007ff83e050000 - 0x00007ff83e114000 	C:\Windows\System32\KERNEL32.DLL
0x00007ff83cea0000 - 0x00007ff83d244000 	C:\Windows\System32\KERNELBASE.dll
0x00007ff8390e0000 - 0x00007ff839177000 	C:\Windows\SYSTEM32\apphelp.dll
0x00007ff83caf0000 - 0x00007ff83cc01000 	C:\Windows\System32\ucrtbase.dll
0x00007ff818a60000 - 0x00007ff818a77000 	C:\Program Files\Android\Android Studio\jbr\bin\jli.dll
0x00007ff83dc20000 - 0x00007ff83ddca000 	C:\Windows\System32\USER32.dll
0x00007ff83bda0000 - 0x00007ff83c02f000 	C:\Windows\WinSxS\amd64_microsoft.windows.common-controls_6595b64144ccf1df_6.0.22621.2070_none_2713e6537381f706\COMCTL32.dll
0x00007ff83cc10000 - 0x00007ff83cc36000 	C:\Windows\System32\win32u.dll
0x00007ff83e4b0000 - 0x00007ff83e557000 	C:\Windows\System32\msvcrt.dll
0x00007ff83ddd0000 - 0x00007ff83ddf9000 	C:\Windows\System32\GDI32.dll
0x00007ff83cc40000 - 0x00007ff83cd59000 	C:\Windows\System32\gdi32full.dll
0x00007ff83ca50000 - 0x00007ff83caea000 	C:\Windows\System32\msvcp_win.dll
0x00007ff825600000 - 0x00007ff82561b000 	C:\Program Files\Android\Android Studio\jbr\bin\VCRUNTIME140.dll
0x00007ff83f150000 - 0x00007ff83f181000 	C:\Windows\System32\IMM32.DLL
0x00007ff835a60000 - 0x00007ff835a6c000 	C:\Program Files\Android\Android Studio\jbr\bin\vcruntime140_1.dll
0x00007fffcfbf0000 - 0x00007fffcfc7d000 	C:\Program Files\Android\Android Studio\jbr\bin\msvcp140.dll
0x00007fffc3c90000 - 0x00007fffc48fe000 	C:\Program Files\Android\Android Studio\jbr\bin\server\jvm.dll
0x00007ff83f190000 - 0x00007ff83f240000 	C:\Windows\System32\ADVAPI32.dll
0x00007ff83f0a0000 - 0x00007ff83f146000 	C:\Windows\System32\sechost.dll
0x00007ff83e700000 - 0x00007ff83e817000 	C:\Windows\System32\RPCRT4.dll
0x00007ff832930000 - 0x00007ff832939000 	C:\Windows\SYSTEM32\WSOCK32.dll
0x00007ff831ce0000 - 0x00007ff831d14000 	C:\Windows\SYSTEM32\WINMM.dll
0x00007ff8391c0000 - 0x00007ff8391ca000 	C:\Windows\SYSTEM32\VERSION.dll
0x00007ff83d430000 - 0x00007ff83d4a1000 	C:\Windows\System32\WS2_32.dll
0x00007ff83aa70000 - 0x00007ff83aa88000 	C:\Windows\SYSTEM32\kernel.appcore.dll
0x00007ff81ef10000 - 0x00007ff81ef1a000 	C:\Program Files\Android\Android Studio\jbr\bin\jimage.dll
0x00007ff83c360000 - 0x00007ff83c58e000 	C:\Windows\SYSTEM32\DBGHELP.DLL
0x00007ff83e120000 - 0x00007ff83e4aa000 	C:\Windows\System32\combase.dll
0x00007ff83db30000 - 0x00007ff83dc07000 	C:\Windows\System32\OLEAUT32.dll
0x00007ff83c210000 - 0x00007ff83c242000 	C:\Windows\SYSTEM32\dbgcore.DLL
0x00007ff83cd60000 - 0x00007ff83cdda000 	C:\Windows\System32\bcryptPrimitives.dll
0x00007ff819b80000 - 0x00007ff819b8e000 	C:\Program Files\Android\Android Studio\jbr\bin\instrument.dll
0x00007ff81d080000 - 0x00007ff81d0a5000 	C:\Program Files\Android\Android Studio\jbr\bin\java.dll
0x00007ff81d060000 - 0x00007ff81d078000 	C:\Program Files\Android\Android Studio\jbr\bin\zip.dll
0x00007ff83e880000 - 0x00007ff83f096000 	C:\Windows\System32\SHELL32.dll
0x00007ff839ab0000 - 0x00007ff83a39a000 	C:\Windows\SYSTEM32\windows.storage.dll
0x00007ff839970000 - 0x00007ff839aae000 	C:\Windows\SYSTEM32\wintypes.dll
0x00007ff83f300000 - 0x00007ff83f3f3000 	C:\Windows\System32\SHCORE.dll
0x00007ff83d650000 - 0x00007ff83d6ae000 	C:\Windows\System32\shlwapi.dll
0x00007ff83c980000 - 0x00007ff83c9a6000 	C:\Windows\SYSTEM32\profapi.dll
0x00007ff81d040000 - 0x00007ff81d059000 	C:\Program Files\Android\Android Studio\jbr\bin\net.dll
0x00007ff8348b0000 - 0x00007ff8349e7000 	C:\Windows\SYSTEM32\WINHTTP.dll
0x00007ff83af90000 - 0x00007ff83aff9000 	C:\Windows\system32\mswsock.dll
0x00007ff81d020000 - 0x00007ff81d036000 	C:\Program Files\Android\Android Studio\jbr\bin\nio.dll
0x00007ff81cf80000 - 0x00007ff81cf90000 	C:\Program Files\Android\Android Studio\jbr\bin\verify.dll
0x00007ff813a00000 - 0x00007ff813a27000 	C:\Users\dk\.gradle\native\68d5fa5c4cc2d200863cafc0d521ce42e7d3e7ee720ec0a83991735586a16f82\windows-amd64\native-platform.dll
0x00007fffcfaa0000 - 0x00007fffcfbe4000 	C:\Users\dk\.gradle\native\e376f236ea51e6404a007f0833ffe2c6e607c4080706a723a18a27aeea778392\windows-amd64\native-platform-file-events.dll
0x00007ff81cf70000 - 0x00007ff81cf79000 	C:\Program Files\Android\Android Studio\jbr\bin\management.dll
0x00007ff81cf60000 - 0x00007ff81cf6b000 	C:\Program Files\Android\Android Studio\jbr\bin\management_ext.dll
0x00007ff83f260000 - 0x00007ff83f268000 	C:\Windows\System32\PSAPI.DLL
0x00007ff83c680000 - 0x00007ff83c69b000 	C:\Windows\SYSTEM32\CRYPTSP.dll
0x00007ff83aaf0000 - 0x00007ff83ab25000 	C:\Windows\system32\rsaenh.dll
0x00007ff83b030000 - 0x00007ff83b05c000 	C:\Windows\SYSTEM32\USERENV.dll
0x00007ff83c250000 - 0x00007ff83c278000 	C:\Windows\SYSTEM32\bcrypt.dll
0x00007ff83b290000 - 0x00007ff83b29c000 	C:\Windows\SYSTEM32\CRYPTBASE.dll
0x00007ff83a640000 - 0x00007ff83a66d000 	C:\Windows\SYSTEM32\IPHLPAPI.DLL
0x00007ff83de00000 - 0x00007ff83de09000 	C:\Windows\System32\NSI.dll
0x00007ff834650000 - 0x00007ff834669000 	C:\Windows\SYSTEM32\dhcpcsvc6.DLL
0x00007ff8345f0000 - 0x00007ff83460f000 	C:\Windows\SYSTEM32\dhcpcsvc.DLL
0x00007ff83a670000 - 0x00007ff83a763000 	C:\Windows\SYSTEM32\DNSAPI.dll
0x00007ff80a480000 - 0x00007ff80a488000 	C:\Windows\system32\wshunix.dll
0x00007ff82ea80000 - 0x00007ff82ea8a000 	C:\Windows\System32\rasadhlp.dll
0x00007ff8337c0000 - 0x00007ff833844000 	C:\Windows\System32\fwpuclnt.dll

dbghelp: loaded successfully - version: 4.0.5 - missing functions: none
symbol engine: initialized successfully - sym options: 0x614 - pdb path: .;C:\Program Files\Android\Android Studio\jbr\bin;C:\Windows\SYSTEM32;C:\Windows\WinSxS\amd64_microsoft.windows.common-controls_6595b64144ccf1df_6.0.22621.2070_none_2713e6537381f706;C:\Program Files\Android\Android Studio\jbr\bin\server;C:\Users\dk\.gradle\native\68d5fa5c4cc2d200863cafc0d521ce42e7d3e7ee720ec0a83991735586a16f82\windows-amd64;C:\Users\dk\.gradle\native\e376f236ea51e6404a007f0833ffe2c6e607c4080706a723a18a27aeea778392\windows-amd64

VM Arguments:
jvm_args: --add-opens=java.base/java.util=ALL-UNNAMED --add-opens=java.base/java.lang=ALL-UNNAMED --add-opens=java.base/java.lang.invoke=ALL-UNNAMED --add-opens=java.prefs/java.util.prefs=ALL-UNNAMED --add-opens=java.base/java.nio.charset=ALL-UNNAMED --add-opens=java.base/java.net=ALL-UNNAMED --add-opens=java.base/java.util.concurrent.atomic=ALL-UNNAMED -Xmx2048m -Dfile.encoding=UTF-8 -Duser.country=US -Duser.language=en -Duser.variant -javaagent:C:\Users\dk\.gradle\wrapper\dists\gradle-8.2.1-bin\5hap6b9n41hkg4jeh2au2pllh\gradle-8.2.1\lib\agents\gradle-instrumentation-agent-8.2.1.jar 
java_command: org.gradle.launcher.daemon.bootstrap.GradleDaemon 8.2.1
java_class_path (initial): C:\Users\dk\.gradle\wrapper\dists\gradle-8.2.1-bin\5hap6b9n41hkg4jeh2au2pllh\gradle-8.2.1\lib\gradle-launcher-8.2.1.jar
Launcher Type: SUN_STANDARD

[Global flags]
     intx CICompilerCount                          = 4                                         {product} {ergonomic}
     uint ConcGCThreads                            = 3                                         {product} {ergonomic}
     uint G1ConcRefinementThreads                  = 10                                        {product} {ergonomic}
   size_t G1HeapRegionSize                         = 1048576                                   {product} {ergonomic}
    uintx GCDrainStackTargetSize                   = 64                                        {product} {ergonomic}
   size_t InitialHeapSize                          = 738197504                                 {product} {ergonomic}
   size_t MarkStackSize                            = 4194304                                   {product} {ergonomic}
   size_t MaxHeapSize                              = 2147483648                                {product} {command line}
   size_t MaxNewSize                               = 1287651328                                {product} {ergonomic}
   size_t MinHeapDeltaBytes                        = 1048576                                   {product} {ergonomic}
   size_t MinHeapSize                              = 8388608                                   {product} {ergonomic}
    uintx NonNMethodCodeHeapSize                   = 5839372                                {pd product} {ergonomic}
    uintx NonProfiledCodeHeapSize                  = 122909434                              {pd product} {ergonomic}
    uintx ProfiledCodeHeapSize                     = 122909434                              {pd product} {ergonomic}
    uintx ReservedCodeCacheSize                    = 251658240                              {pd product} {ergonomic}
     bool SegmentedCodeCache                       = true                                      {product} {ergonomic}
   size_t SoftMaxHeapSize                          = 2147483648                             {manageable} {ergonomic}
     bool UseCompressedClassPointers               = true                           {product lp64_product} {ergonomic}
     bool UseCompressedOops                        = true                           {product lp64_product} {ergonomic}
     bool UseG1GC                                  = true                                      {product} {ergonomic}
     bool UseLargePagesIndividualAllocation        = false                                  {pd product} {ergonomic}

Logging:
Log output configuration:
 #0: stdout all=warning uptime,level,tags
 #1: stderr all=off uptime,level,tags

Environment Variables:
JAVA_HOME=C:\Program Files\Java\jdk-20
CLASSPATH=C:\Program Files\Java\jdk-20\lib\*.jar
PATH=C:\Users\dk\miniconda3;C:\Program Files\Git\cmd;C:\Program Files\Git;C:\Program Files\Git\bin;C:\bin;C:\Users\dk\bin;C:\Program Files\Python311\Scripts\;C:\Program Files\Python311\;C:\Program Files\Java\jdk-20\bin;C:\Program Files\Java\jdk-20;C:\scrcpy;C:\Program Files\platform-tools;C:\Program Files\Java\jdk-19\bin;C:\Program Files\Common Files\Oracle\Java\javapath;C:\Program Files (x86)\Common Files\Oracle\Java\javapath;C:\Windows\system32;C:\Windows;C:\Windows\System32\Wbem;C:\Windows\System32\WindowsPowerShell\v1.0\;C:\Windows\System32\OpenSSH\;C:\Program Files\dotnet\;C:\Program Files\nodejs\;C:\Program Files\Git\cmd;C:\Program Files\PowerShell\7\;C:\Users\dk\AppData\Local\Microsoft\WindowsApps;C:\Users\dk\AppData\Roaming\npm;C:\Program Files\JetBrains\IntelliJ IDEA Community Edition 2023.1.3\bin
USERNAME=dk
OS=Windows_NT
PROCESSOR_IDENTIFIER=AMD64 Family 25 Model 80 Stepping 0, AuthenticAMD
TMP=C:\Users\dk\AppData\Local\Temp
TEMP=C:\Users\dk\AppData\Local\Temp


JNI global refs:
JNI global refs: 28, weak refs: 6

JNI global refs memory usage: 843, weak refs: 841


---------------  S Y S T E M  ---------------

OS:
 Windows 11 , 64 bit Build 22621 (10.0.22621.2070)
OS uptime: 0 days 0:09 hours
Hyper-V role detected

CPU: total 12 (initial active 12) (12 cores per cpu, 2 threads per core) family 25 model 80 stepping 0 microcode 0x0, cx8, cmov, fxsr, ht, mmx, 3dnowpref, sse, sse2, sse3, ssse3, sse4a, sse4.1, sse4.2, popcnt, lzcnt, tsc, tscinvbit, avx, avx2, aes, erms, clmul, bmi1, bmi2, adx, sha, fma, vzeroupper, clflush, clflushopt, hv

Memory: 4k page, system-wide physical 44949M (32559M free)
TotalPageFile size 55189M (AvailPageFile size 42119M)
current process WorkingSet (physical memory assigned to process): 556M, peak: 556M
current process commit charge ("private bytes"): 591M, peak: 868M

vm_info: OpenJDK 64-Bit Server VM (17.0.6+0-b2043.56-10027231) for windows-amd64 JRE (17.0.6+0-b2043.56-10027231), built on Apr 28 2023 00:43:19 by "androidbuild" with MS VC++ 16.10 / 16.11 (VS2019)

END.
