#
# A fatal error has been detected by the Java Runtime Environment:
#
#  EXCEPTION_ACCESS_VIOLATION (0xc0000005) at pc=0x00007fffc3f40ff0, pid=13716, tid=6912
#
# JRE version: OpenJDK Runtime Environment (17.0.6) (build 17.0.6+0-b2043.56-10027231)
# Java VM: OpenJDK 64-Bit Server VM (17.0.6+0-b2043.56-10027231, mixed mode, tiered, compressed oops, compressed class ptrs, g1 gc, windows-amd64)
# Problematic frame:
# V  [jvm.dll+0x2b0ff0]
#
# No core dump will be written. Minidumps are not enabled by default on client versions of Windows
#
# If you would like to submit a bug report, please visit:
#   https://bugreport.java.com/bugreport/crash.jsp
#

---------------  S U M M A R Y ------------

Command Line: --add-opens=java.base/java.util=ALL-UNNAMED --add-opens=java.base/java.lang=ALL-UNNAMED --add-opens=java.base/java.lang.invoke=ALL-UNNAMED --add-opens=java.prefs/java.util.prefs=ALL-UNNAMED --add-opens=java.base/java.nio.charset=ALL-UNNAMED --add-opens=java.base/java.net=ALL-UNNAMED --add-opens=java.base/java.util.concurrent.atomic=ALL-UNNAMED -Xmx2048m -Dfile.encoding=UTF-8 -Duser.country=US -Duser.language=en -Duser.variant -javaagent:C:\Users\dk\.gradle\wrapper\dists\gradle-8.2.1-bin\5hap6b9n41hkg4jeh2au2pllh\gradle-8.2.1\lib\agents\gradle-instrumentation-agent-8.2.1.jar org.gradle.launcher.daemon.bootstrap.GradleDaemon 8.2.1

Host: AMD Ryzen 5 5600G with Radeon Graphics         , 12 cores, 43G,  Windows 11 , 64 bit Build 22621 (10.0.22621.2070)
Time: Sat Aug 12 16:48:45 2023 India Standard Time elapsed time: 6.101745 seconds (0d 0h 0m 6s)

---------------  T H R E A D  ---------------

Current thread (0x000001526dcd4560):  JavaThread "C2 CompilerThread2" daemon [_thread_in_native, id=6912, stack(0x000000223b600000,0x000000223b700000)]


Current CompileTask:
C2:   6101 8383       4       org.gradle.cache.internal.btree.CachingBlockStore::read (56 bytes)

Stack: [0x000000223b600000,0x000000223b700000],  sp=0x000000223b6fa760,  free space=1001k
Native frames: (J=compiled Java code, j=interpreted, Vv=VM code, C=native code)
V  [jvm.dll+0x2b0ff0]
V  [jvm.dll+0x58a267]
V  [jvm.dll+0x2243b2]
V  [jvm.dll+0x21dbe9]
V  [jvm.dll+0x21b51b]
V  [jvm.dll+0x1a4fdd]
V  [jvm.dll+0x22b098]
V  [jvm.dll+0x229159]
V  [jvm.dll+0x7f81ec]
V  [jvm.dll+0x7f274a]
V  [jvm.dll+0x682ad5]
C  [ucrtbase.dll+0x29363]
C  [KERNEL32.DLL+0x126ad]
C  [ntdll.dll+0x5aa68]


siginfo: EXCEPTION_ACCESS_VIOLATION (0xc0000005), reading address 0x0000000000000010


Register to memory mapping:

RIP=0x00007fffc3f40ff0 jvm.dll
RAX=0x0 is NULL
RBX=0x0000000000000008 is an unknown value
RCX=0x0000015270d9bad0 points into unknown readable memory: 0x0000000000000000 | 00 00 00 00 00 00 00 00
RDX=0x00000152722ca630 points into unknown readable memory: 0x000001526b3d1840 | 40 18 3d 6b 52 01 00 00
RSP=0x000000223b6fa760 is pointing into the stack for thread: 0x000001526dcd4560
RBP=0x00000152722ab640 points into unknown readable memory: 0x0000000000000000 | 00 00 00 00 00 00 00 00
RSI=0x000000223b6faba0 is pointing into the stack for thread: 0x000001526dcd4560
RDI=0x0000000000000001 is an unknown value
R8 =0x00000152722ab640 points into unknown readable memory: 0x0000000000000000 | 00 00 00 00 00 00 00 00
R9 =0x00000152722ca770 points into unknown readable memory: 0x000001526ae15e20 | 20 5e e1 6a 52 01 00 00
R10=0x0000000000000004 is an unknown value
R11=0x00000152722ca5e0 points into unknown readable memory: 0x000001526b3d1338 | 38 13 3d 6b 52 01 00 00
R12=0x00000152722ca5e0 points into unknown readable memory: 0x000001526b3d1338 | 38 13 3d 6b 52 01 00 00
R13=0x0 is NULL
R14=0x000001526b3a0980 points into unknown readable memory: 0xffffffff00000001 | 01 00 00 00 ff ff ff ff
R15=0x000001526b3d1338 points into unknown readable memory: 0x00007fffc45ca6b8 | b8 a6 5c c4 ff 7f 00 00


Registers:
RAX=0x0000000000000000, RBX=0x0000000000000008, RCX=0x0000015270d9bad0, RDX=0x00000152722ca630
RSP=0x000000223b6fa760, RBP=0x00000152722ab640, RSI=0x000000223b6faba0, RDI=0x0000000000000001
R8 =0x00000152722ab640, R9 =0x00000152722ca770, R10=0x0000000000000004, R11=0x00000152722ca5e0
R12=0x00000152722ca5e0, R13=0x0000000000000000, R14=0x000001526b3a0980, R15=0x000001526b3d1338
RIP=0x00007fffc3f40ff0, EFLAGS=0x0000000000010202

Top of Stack: (sp=0x000000223b6fa760)
0x000000223b6fa760:   00000152722ab640 000000223b6fa7b0
0x000000223b6fa770:   000000223b6faba0 000001526b3a0980
0x000000223b6fa780:   000001526b3a0980 00000152700db380
0x000000223b6fa790:   000001526bfd5ea0 0000000000091068
0x000000223b6fa7a0:   000001526bfda5c0 000001526bfdde88
0x000000223b6fa7b0:   0000000000000100 000001526b3a6260
0x000000223b6fa7c0:   0000000000000100 00000152700db380
0x000000223b6fa7d0:   0000000003a24f81 0000000000000000
0x000000223b6fa7e0:   0000000000000000 0000000000048200
0x000000223b6fa7f0:   0000015249cedb80 0000000000000000
0x000000223b6fa800:   0000015270aa0da0 000000223b6fa920
0x000000223b6fa810:   000000223b6faba0 00007fffc421a267
0x000000223b6fa820:   000000223b6faba0 000000220000072b
0x000000223b6fa830:   00000152722ab640 0000000000000631
0x000000223b6fa840:   000000223b6fae40 0000000000068298
0x000000223b6fa850:   0000000000010010 0000000000000000 

Instructions: (pc=0x00007fffc3f40ff0)
0x00007fffc3f40ef0:   8b 46 10 45 33 ed 48 8b e8 48 89 84 24 d0 00 00
0x00007fffc3f40f00:   00 41 8b 88 40 02 00 00 83 e9 01 48 63 d1 78 21
0x00007fffc3f40f10:   48 8d 0c 92 48 c1 e1 04 48 03 c8 0f 1f 44 00 00
0x00007fffc3f40f20:   48 83 ea 01 4c 89 29 48 8d 49 b0 79 f3 4c 8b 46
0x00007fffc3f40f30:   10 41 8b 88 40 02 00 00 33 d2 ff c1 48 c1 e1 02
0x00007fffc3f40f40:   e8 db 98 42 00 48 8b 4e 10 ba ff ff ff ff 4c 8b
0x00007fffc3f40f50:   f0 48 89 44 24 20 44 8b 81 40 02 00 00 48 8b c8
0x00007fffc3f40f60:   41 ff c0 49 c1 e0 02 e8 26 dd 5e 00 48 8d 4c 24
0x00007fffc3f40f70:   50 e8 ba ae 57 00 4d 8b ce 48 8d 54 24 50 4c 8b
0x00007fffc3f40f80:   c6 48 8b cd e8 17 fc ff ff 89 84 24 c8 00 00 00
0x00007fffc3f40f90:   4c 89 6d 08 48 89 6d 18 8d 48 ff 48 63 d1 48 83
0x00007fffc3f40fa0:   fa 01 0f 8e 87 03 00 00 4c 8d 24 92 49 c1 e4 04
0x00007fffc3f40fb0:   4c 03 e5 48 ff ca 48 89 94 24 d8 00 00 00 66 90
0x00007fffc3f40fc0:   4d 8b 3c 24 41 8b fd 41 83 7f 18 00 0f 86 b5 00
0x00007fffc3f40fd0:   00 00 8b c7 48 8d 1c c5 00 00 00 00 49 8b 47 08
0x00007fffc3f40fe0:   48 8b 0c 03 48 85 c9 0f 84 8e 00 00 00 48 8b 01
0x00007fffc3f40ff0:   ff 50 10 84 c0 0f 84 80 00 00 00 49 8b 47 08 48
0x00007fffc3f41000:   8b 0c 03 8b 41 28 41 8b 0c 86 83 f9 ff 74 6c 48
0x00007fffc3f41010:   8d 1c 89 48 c1 e3 04 48 03 dd 48 8b 4b 20 48 85
0x00007fffc3f41020:   c9 75 06 48 8b 4b 18 eb 43 48 83 79 20 00 74 2a
0x00007fffc3f41030:   e8 2b fb ff ff 4c 8b 43 20 48 8b 53 18 49 8b 48
0x00007fffc3f41040:   18 8b 42 08 39 41 08 73 07 48 89 4b 18 48 8b d1
0x00007fffc3f41050:   49 8b 48 20 48 89 4b 20 eb 04 48 8b 53 18 48 8b
0x00007fffc3f41060:   49 18 8b 42 08 39 41 08 48 0f 43 ca 8b 41 08 41
0x00007fffc3f41070:   3b 44 24 08 73 05 41 89 44 24 08 ff c7 41 3b 7f
0x00007fffc3f41080:   18 0f 82 4b ff ff ff 41 8b 44 24 08 4d 8b c4 48
0x00007fffc3f41090:   8d 0c 80 48 03 c9 48 8b 44 cd 38 49 89 44 24 38
0x00007fffc3f410a0:   4c 89 64 cd 38 49 8b 44 24 28 49 8b 54 24 18 4d
0x00007fffc3f410b0:   8b 5c 24 10 48 8b 48 18 8b 41 08 39 42 08 73 52
0x00007fffc3f410c0:   4d 8b 48 28 45 8b 50 0c 49 8b 41 28 8b 50 0c 41
0x00007fffc3f410d0:   8b 41 0c 41 03 d2 03 c0 3b d0 72 12 4d 89 41 20
0x00007fffc3f410e0:   49 8b 40 28 48 8b 48 28 49 89 48 28 eb 0f 45 89 


Stack slot to memory mapping:
stack at sp + 0 slots: 0x00000152722ab640 points into unknown readable memory: 0x0000000000000000 | 00 00 00 00 00 00 00 00
stack at sp + 1 slots: 0x000000223b6fa7b0 is pointing into the stack for thread: 0x000001526dcd4560
stack at sp + 2 slots: 0x000000223b6faba0 is pointing into the stack for thread: 0x000001526dcd4560
stack at sp + 3 slots: 0x000001526b3a0980 points into unknown readable memory: 0xffffffff00000001 | 01 00 00 00 ff ff ff ff
stack at sp + 4 slots: 0x000001526b3a0980 points into unknown readable memory: 0xffffffff00000001 | 01 00 00 00 ff ff ff ff
stack at sp + 5 slots: 0x00000152700db380 points into unknown readable memory: 0x616a002800000006 | 06 00 00 00 28 00 6a 61
stack at sp + 6 slots: 0x000001526bfd5ea0 points into unknown readable memory: 0x00000152722ab630 | 30 b6 2a 72 52 01 00 00
stack at sp + 7 slots: 0x0000000000091068 is an unknown value


---------------  P R O C E S S  ---------------

Threads class SMR info:
_java_thread_list=0x000001526b3061b0, length=65, elements={
0x0000015249cd6a30, 0x0000015266135020, 0x0000015266135f80, 0x0000015266120a90,
0x0000015266121550, 0x0000015266121f00, 0x000001526615c7b0, 0x000001526615db40,
0x000001526615eb40, 0x0000015266162480, 0x000001526625b3e0, 0x0000015266db9e40,
0x0000015266dd6f10, 0x00000152673ca620, 0x000001526787e460, 0x00000152684ce810,
0x00000152695a27d0, 0x00000152694ca870, 0x0000015269fce8d0, 0x0000015267f424b0,
0x00000152694c4e30, 0x00000152694c7e50, 0x00000152694c6640, 0x00000152694c4960,
0x00000152694c5ca0, 0x00000152694c5300, 0x00000152694c57d0, 0x00000152694c6fe0,
0x00000152694c74b0, 0x00000152694c6b10, 0x00000152694c7980, 0x000001526d4f92d0,
0x000001526d4f6780, 0x000001526d4f8460, 0x000001526d4f7f90, 0x000001526d4f7120,
0x000001526d4f5440, 0x000001526d4f8e00, 0x000001526d4f97a0, 0x000001526d4f45d0,
0x000001526d4f5910, 0x000001526d4fa140, 0x000001526d4f7ac0, 0x000001526d4f3290,
0x000001526d4f28f0, 0x000001526d4f6c50, 0x000001526d4f2dc0, 0x000001526d4f5de0,
0x000001526d4f3760, 0x000001526d4f62b0, 0x000001526d9e01c0, 0x000001526d9dab20,
0x000001526d9dee80, 0x000001526d9dccd0, 0x000001526d9dfcf0, 0x000001526d9da650,
0x000001526d9e0690, 0x000001526d9df350, 0x000001526d9df820, 0x000001526d9d9310,
0x000001526d9de010, 0x000001526d9d9cb0, 0x000001526d9d97e0, 0x000001526d9dbe60,
0x000001526dcd4560
}

Java Threads: ( => current thread )
  0x0000015249cd6a30 JavaThread "main" [_thread_blocked, id=16476, stack(0x000000223a200000,0x000000223a300000)]
  0x0000015266135020 JavaThread "Reference Handler" daemon [_thread_blocked, id=4940, stack(0x000000223a900000,0x000000223aa00000)]
  0x0000015266135f80 JavaThread "Finalizer" daemon [_thread_blocked, id=2716, stack(0x000000223aa00000,0x000000223ab00000)]
  0x0000015266120a90 JavaThread "Signal Dispatcher" daemon [_thread_blocked, id=1540, stack(0x000000223ab00000,0x000000223ac00000)]
  0x0000015266121550 JavaThread "Attach Listener" daemon [_thread_blocked, id=16124, stack(0x000000223ac00000,0x000000223ad00000)]
  0x0000015266121f00 JavaThread "Service Thread" daemon [_thread_blocked, id=2068, stack(0x000000223ad00000,0x000000223ae00000)]
  0x000001526615c7b0 JavaThread "Monitor Deflation Thread" daemon [_thread_blocked, id=5892, stack(0x000000223ae00000,0x000000223af00000)]
  0x000001526615db40 JavaThread "C2 CompilerThread0" daemon [_thread_in_native, id=8536, stack(0x000000223af00000,0x000000223b000000)]
  0x000001526615eb40 JavaThread "C1 CompilerThread0" daemon [_thread_blocked, id=8988, stack(0x000000223b000000,0x000000223b100000)]
  0x0000015266162480 JavaThread "Sweeper thread" daemon [_thread_blocked, id=17292, stack(0x000000223b100000,0x000000223b200000)]
  0x000001526625b3e0 JavaThread "Common-Cleaner" daemon [_thread_blocked, id=9192, stack(0x000000223b200000,0x000000223b300000)]
  0x0000015266db9e40 JavaThread "Notification Thread" daemon [_thread_blocked, id=4964, stack(0x000000223b300000,0x000000223b400000)]
  0x0000015266dd6f10 JavaThread "C2 CompilerThread1" daemon [_thread_in_native, id=5664, stack(0x000000223b500000,0x000000223b600000)]
  0x00000152673ca620 JavaThread "Daemon health stats" [_thread_blocked, id=10628, stack(0x000000223c000000,0x000000223c100000)]
  0x000001526787e460 JavaThread "Incoming local TCP Connector on port 57632" [_thread_in_native, id=2232, stack(0x000000223c100000,0x000000223c200000)]
  0x00000152684ce810 JavaThread "Daemon periodic checks" [_thread_blocked, id=10612, stack(0x000000223c200000,0x000000223c300000)]
  0x00000152695a27d0 JavaThread "Daemon" [_thread_blocked, id=2224, stack(0x000000223c300000,0x000000223c400000)]
  0x00000152694ca870 JavaThread "Handler for socket connection from /127.0.0.1:57632 to /127.0.0.1:57633" [_thread_in_native, id=5996, stack(0x000000223c400000,0x000000223c500000)]
  0x0000015269fce8d0 JavaThread "Cancel handler" [_thread_blocked, id=8868, stack(0x000000223c500000,0x000000223c600000)]
  0x0000015267f424b0 JavaThread "Daemon worker" [_thread_in_Java, id=11428, stack(0x000000223c600000,0x000000223c700000)] _threads_hazard_ptr=0x000001526b3061b0
  0x00000152694c4e30 JavaThread "Asynchronous log dispatcher for DefaultDaemonConnection: socket connection from /127.0.0.1:57632 to /127.0.0.1:57633" [_thread_blocked, id=10492, stack(0x000000223c700000,0x000000223c800000)]
  0x00000152694c7e50 JavaThread "Stdin handler" [_thread_blocked, id=3188, stack(0x000000223c800000,0x000000223c900000)]
  0x00000152694c6640 JavaThread "Daemon client event forwarder" [_thread_blocked, id=3356, stack(0x000000223c900000,0x000000223ca00000)]
  0x00000152694c4960 JavaThread "Cache worker for journal cache (C:\Users\dk\.gradle\caches\journal-1)" [_thread_blocked, id=9008, stack(0x000000223cc00000,0x000000223cd00000)]
  0x00000152694c5ca0 JavaThread "File lock request listener" [_thread_in_native, id=2628, stack(0x000000223cd00000,0x000000223ce00000)]
  0x00000152694c5300 JavaThread "Cache worker for file hash cache (C:\Users\dk\.gradle\caches\8.2.1\fileHashes)" [_thread_blocked, id=13644, stack(0x000000223ce00000,0x000000223cf00000)]
  0x00000152694c57d0 JavaThread "Cache worker for file hash cache (D:\ANDROID STUDIO\0_Master Projects\Android Development v3.0\.gradle\8.2.1\fileHashes)" [_thread_blocked, id=5876, stack(0x000000223cf00000,0x000000223d000000)]
  0x00000152694c6fe0 JavaThread "Cache worker for checksums cache (D:\ANDROID STUDIO\0_Master Projects\Android Development v3.0\.gradle\8.2.1\checksums)" [_thread_blocked, id=11812, stack(0x000000223d000000,0x000000223d100000)]
  0x00000152694c74b0 JavaThread "Cache worker for file content cache (C:\Users\dk\.gradle\caches\8.2.1\fileContent)" [_thread_blocked, id=15092, stack(0x000000223d100000,0x000000223d200000)]
  0x00000152694c6b10 JavaThread "File watcher server" daemon [_thread_in_native, id=9360, stack(0x000000223d200000,0x000000223d300000)]
  0x00000152694c7980 JavaThread "File watcher consumer" daemon [_thread_blocked, id=16456, stack(0x000000223d300000,0x000000223d400000)]
  0x000001526d4f92d0 JavaThread "Cache worker for cache directory md-rule (C:\Users\dk\.gradle\caches\8.2.1\md-rule)" [_thread_blocked, id=9480, stack(0x000000223d400000,0x000000223d500000)]
  0x000001526d4f6780 JavaThread "Cache worker for cache directory md-supplier (C:\Users\dk\.gradle\caches\8.2.1\md-supplier)" [_thread_blocked, id=1204, stack(0x000000223d500000,0x000000223d600000)]
  0x000001526d4f8460 JavaThread "Cache worker for execution history cache (C:\Users\dk\.gradle\caches\8.2.1\executionHistory)" [_thread_blocked, id=12124, stack(0x000000223d600000,0x000000223d700000)]
  0x000001526d4f7f90 JavaThread "jar transforms" [_thread_blocked, id=17368, stack(0x000000223d700000,0x000000223d800000)]
  0x000001526d4f7120 JavaThread "jar transforms Thread 2" [_thread_blocked, id=2616, stack(0x000000223d800000,0x000000223d900000)]
  0x000001526d4f5440 JavaThread "Cache worker for kotlin-dsl (C:\Users\dk\.gradle\caches\8.2.1\kotlin-dsl)" [_thread_blocked, id=10080, stack(0x000000223d900000,0x000000223da00000)]
  0x000001526d4f8e00 JavaThread "jar transforms Thread 3" [_thread_blocked, id=5608, stack(0x000000223da00000,0x000000223db00000)]
  0x000001526d4f97a0 JavaThread "jar transforms Thread 4" [_thread_blocked, id=2228, stack(0x000000223db00000,0x000000223dc00000)]
  0x000001526d4f45d0 JavaThread "jar transforms Thread 5" [_thread_blocked, id=15060, stack(0x000000223dc00000,0x000000223dd00000)]
  0x000001526d4f5910 JavaThread "jar transforms Thread 6" [_thread_blocked, id=8788, stack(0x000000223dd00000,0x000000223de00000)]
  0x000001526d4fa140 JavaThread "Cache worker for dependencies-accessors (D:\ANDROID STUDIO\0_Master Projects\Android Development v3.0\.gradle\8.2.1\dependencies-accessors)" [_thread_blocked, id=1180, stack(0x000000223de00000,0x000000223df00000)]
  0x000001526d4f7ac0 JavaThread "Configuration cache report writer" [_thread_blocked, id=11236, stack(0x000000223df00000,0x000000223e000000)]
  0x000001526d4f3290 JavaThread "Cache worker for Build Output Cleanup Cache (D:\ANDROID STUDIO\0_Master Projects\Android Development v3.0\.gradle\buildOutputCleanup)" [_thread_blocked, id=16748, stack(0x000000223e000000,0x000000223e100000)]
  0x000001526d4f28f0 JavaThread "jar transforms Thread 7" [_thread_blocked, id=11452, stack(0x000000223e100000,0x000000223e200000)]
  0x000001526d4f6c50 JavaThread "jar transforms Thread 8" [_thread_blocked, id=16740, stack(0x000000223e200000,0x000000223e300000)]
  0x000001526d4f2dc0 JavaThread "Unconstrained build operations" [_thread_blocked, id=13340, stack(0x000000223e300000,0x000000223e400000)]
  0x000001526d4f5de0 JavaThread "Unconstrained build operations Thread 2" [_thread_blocked, id=2864, stack(0x000000223e400000,0x000000223e500000)]
  0x000001526d4f3760 JavaThread "Unconstrained build operations Thread 3" [_thread_blocked, id=8784, stack(0x000000223e500000,0x000000223e600000)]
  0x000001526d4f62b0 JavaThread "Unconstrained build operations Thread 4" [_thread_blocked, id=5356, stack(0x000000223e600000,0x000000223e700000)]
  0x000001526d9e01c0 JavaThread "Unconstrained build operations Thread 5" [_thread_blocked, id=15980, stack(0x000000223e700000,0x000000223e800000)]
  0x000001526d9dab20 JavaThread "Unconstrained build operations Thread 6" [_thread_blocked, id=4160, stack(0x000000223e800000,0x000000223e900000)]
  0x000001526d9dee80 JavaThread "Unconstrained build operations Thread 7" [_thread_blocked, id=16232, stack(0x000000223e900000,0x000000223ea00000)]
  0x000001526d9dccd0 JavaThread "Unconstrained build operations Thread 8" [_thread_blocked, id=10680, stack(0x000000223ea00000,0x000000223eb00000)]
  0x000001526d9dfcf0 JavaThread "Unconstrained build operations Thread 9" [_thread_blocked, id=5828, stack(0x000000223eb00000,0x000000223ec00000)]
  0x000001526d9da650 JavaThread "Unconstrained build operations Thread 10" [_thread_blocked, id=10832, stack(0x000000223ec00000,0x000000223ed00000)]
  0x000001526d9e0690 JavaThread "Unconstrained build operations Thread 11" [_thread_blocked, id=11724, stack(0x000000223ed00000,0x000000223ee00000)]
  0x000001526d9df350 JavaThread "jar transforms Thread 9" [_thread_blocked, id=10664, stack(0x000000223ee00000,0x000000223ef00000)]
  0x000001526d9df820 JavaThread "jar transforms Thread 10" [_thread_blocked, id=10660, stack(0x000000223ef00000,0x000000223f000000)]
  0x000001526d9d9310 JavaThread "jar transforms Thread 11" [_thread_blocked, id=14612, stack(0x000000223f000000,0x000000223f100000)]
  0x000001526d9de010 JavaThread "jar transforms Thread 12" [_thread_blocked, id=10904, stack(0x000000223f100000,0x000000223f200000)]
  0x000001526d9d9cb0 JavaThread "build event listener" [_thread_blocked, id=3324, stack(0x000000223f200000,0x000000223f300000)]
  0x000001526d9d97e0 JavaThread "Memory manager" [_thread_blocked, id=11332, stack(0x000000223f300000,0x000000223f400000)]
  0x000001526d9dbe60 JavaThread "build event listener" [_thread_blocked, id=10448, stack(0x000000223f400000,0x000000223f500000)]
=>0x000001526dcd4560 JavaThread "C2 CompilerThread2" daemon [_thread_in_native, id=6912, stack(0x000000223b600000,0x000000223b700000)]

Other Threads:
  0x00000152656c6cf0 VMThread "VM Thread" [stack: 0x000000223a800000,0x000000223a900000] [id=3368]
  0x0000015249cd78a0 WatcherThread [stack: 0x000000223b400000,0x000000223b500000] [id=9784]
  0x0000015249d321b0 GCTaskThread "GC Thread#0" [stack: 0x000000223a300000,0x000000223a400000] [id=12144]
  0x000001526727b4f0 GCTaskThread "GC Thread#1" [stack: 0x000000223b700000,0x000000223b800000] [id=16700]
  0x00000152680783d0 GCTaskThread "GC Thread#2" [stack: 0x000000223b800000,0x000000223b900000] [id=9044]
  0x0000015268078680 GCTaskThread "GC Thread#3" [stack: 0x000000223b900000,0x000000223ba00000] [id=5648]
  0x0000015268078930 GCTaskThread "GC Thread#4" [stack: 0x000000223ba00000,0x000000223bb00000] [id=2064]
  0x0000015268078be0 GCTaskThread "GC Thread#5" [stack: 0x000000223bb00000,0x000000223bc00000] [id=11052]
  0x0000015267f44eb0 GCTaskThread "GC Thread#6" [stack: 0x000000223bc00000,0x000000223bd00000] [id=1536]
  0x0000015267f45530 GCTaskThread "GC Thread#7" [stack: 0x000000223bd00000,0x000000223be00000] [id=7736]
  0x0000015267f457e0 GCTaskThread "GC Thread#8" [stack: 0x000000223be00000,0x000000223bf00000] [id=15108]
  0x0000015267f45a90 GCTaskThread "GC Thread#9" [stack: 0x000000223bf00000,0x000000223c000000] [id=10808]
  0x0000015249d44260 ConcurrentGCThread "G1 Main Marker" [stack: 0x000000223a400000,0x000000223a500000] [id=7876]
  0x0000015249d44c70 ConcurrentGCThread "G1 Conc#0" [stack: 0x000000223a500000,0x000000223a600000] [id=5732]
  0x0000015267da8c20 ConcurrentGCThread "G1 Conc#1" [stack: 0x000000223ca00000,0x000000223cb00000] [id=9024]
  0x0000015267da8410 ConcurrentGCThread "G1 Conc#2" [stack: 0x000000223cb00000,0x000000223cc00000] [id=16412]
  0x0000015265fa2010 ConcurrentGCThread "G1 Refine#0" [stack: 0x000000223a600000,0x000000223a700000] [id=10440]
  0x0000015265fa38e0 ConcurrentGCThread "G1 Service" [stack: 0x000000223a700000,0x000000223a800000] [id=6692]

Threads with active compile tasks:
C2 CompilerThread0     6146 8409       4       org.gradle.api.internal.cache.StringInterner::intern (9 bytes)
C2 CompilerThread1     6146 8408       4       com.google.common.collect.Interners$InternerImpl::intern (54 bytes)
C2 CompilerThread2     6146 8383       4       org.gradle.cache.internal.btree.CachingBlockStore::read (56 bytes)

VM state: not at safepoint (normal execution)

VM Mutex/Monitor currently owned by a thread: None

Heap address: 0x0000000080000000, size: 2048 MB, Compressed Oops mode: 32-bit

CDS archive(s) not mapped
Compressed class space mapped at: 0x0000000100000000-0x0000000140000000, reserved size: 1073741824
Narrow klass base: 0x0000000000000000, Narrow klass shift: 3, Narrow klass range: 0x140000000

GC Precious Log:
 CPUs: 12 total, 12 available
 Memory: 44949M
 Large Page Support: Disabled
 NUMA Support: Disabled
 Compressed Oops: Enabled (32-bit)
 Heap Region Size: 1M
 Heap Min Capacity: 8M
 Heap Initial Capacity: 704M
 Heap Max Capacity: 2G
 Pre-touch: Disabled
 Parallel Workers: 10
 Concurrent Workers: 3
 Concurrent Refinement Workers: 10
 Periodic GC: Disabled

Heap:
 garbage-first heap   total 242688K, used 136068K [0x0000000080000000, 0x0000000100000000)
  region size 1024K, 56 young (57344K), 2 survivors (2048K)
 Metaspace       used 83167K, committed 83840K, reserved 1122304K
  class space    used 11240K, committed 11584K, reserved 1048576K

Heap Regions: E=young(eden), S=young(survivor), O=old, HS=humongous(starts), HC=humongous(continues), CS=collection set, F=free, OA=open archive, CA=closed archive, TAMS=top-at-mark-start (previous, next)
|   0|0x0000000080000000, 0x0000000080100000, 0x0000000080100000|100%|HS|  |TAMS 0x0000000080100000, 0x0000000080000000| Complete 
|   1|0x0000000080100000, 0x0000000080200000, 0x0000000080200000|100%|HC|  |TAMS 0x0000000080200000, 0x0000000080100000| Complete 
|   2|0x0000000080200000, 0x0000000080300000, 0x0000000080300000|100%|HC|  |TAMS 0x0000000080300000, 0x0000000080200000| Complete 
|   3|0x0000000080300000, 0x0000000080400000, 0x0000000080400000|100%|HC|  |TAMS 0x0000000080400000, 0x0000000080300000| Complete 
|   4|0x0000000080400000, 0x0000000080500000, 0x0000000080500000|100%| O|  |TAMS 0x0000000080500000, 0x0000000080400000| Untracked 
|   5|0x0000000080500000, 0x0000000080600000, 0x0000000080600000|100%| O|  |TAMS 0x0000000080600000, 0x0000000080500000| Untracked 
|   6|0x0000000080600000, 0x0000000080700000, 0x0000000080700000|100%| O|  |TAMS 0x0000000080700000, 0x0000000080600000| Untracked 
|   7|0x0000000080700000, 0x0000000080800000, 0x0000000080800000|100%| O|  |TAMS 0x0000000080800000, 0x0000000080700000| Untracked 
|   8|0x0000000080800000, 0x0000000080900000, 0x0000000080900000|100%| O|  |TAMS 0x0000000080900000, 0x0000000080800000| Untracked 
|   9|0x0000000080900000, 0x0000000080a00000, 0x0000000080a00000|100%| O|  |TAMS 0x0000000080a00000, 0x0000000080900000| Untracked 
|  10|0x0000000080a00000, 0x0000000080b00000, 0x0000000080b00000|100%| O|  |TAMS 0x0000000080b00000, 0x0000000080a00000| Untracked 
|  11|0x0000000080b00000, 0x0000000080ba5000, 0x0000000080c00000| 64%| O|  |TAMS 0x0000000080ba5000, 0x0000000080b00000| Untracked 
|  12|0x0000000080c00000, 0x0000000080d00000, 0x0000000080d00000|100%| O|  |TAMS 0x0000000080d00000, 0x0000000080c00000| Untracked 
|  13|0x0000000080d00000, 0x0000000080e00000, 0x0000000080e00000|100%| O|  |TAMS 0x0000000080e00000, 0x0000000080d00000| Untracked 
|  14|0x0000000080e00000, 0x0000000080f00000, 0x0000000080f00000|100%| O|  |TAMS 0x0000000080f00000, 0x0000000080e00000| Untracked 
|  15|0x0000000080f00000, 0x0000000081000000, 0x0000000081000000|100%| O|  |TAMS 0x0000000081000000, 0x0000000080f00000| Untracked 
|  16|0x0000000081000000, 0x0000000081100000, 0x0000000081100000|100%| O|  |TAMS 0x0000000081100000, 0x0000000081000000| Untracked 
|  17|0x0000000081100000, 0x0000000081200000, 0x0000000081200000|100%| O|  |TAMS 0x0000000081200000, 0x0000000081100000| Untracked 
|  18|0x0000000081200000, 0x0000000081300000, 0x0000000081300000|100%| O|  |TAMS 0x0000000081300000, 0x0000000081200000| Untracked 
|  19|0x0000000081300000, 0x0000000081400000, 0x0000000081400000|100%| O|  |TAMS 0x0000000081400000, 0x0000000081300000| Untracked 
|  20|0x0000000081400000, 0x0000000081500000, 0x0000000081500000|100%| O|  |TAMS 0x0000000081500000, 0x0000000081400000| Untracked 
|  21|0x0000000081500000, 0x0000000081600000, 0x0000000081600000|100%| O|  |TAMS 0x0000000081600000, 0x0000000081500000| Untracked 
|  22|0x0000000081600000, 0x0000000081700000, 0x0000000081700000|100%| O|  |TAMS 0x0000000081700000, 0x0000000081600000| Untracked 
|  23|0x0000000081700000, 0x0000000081800000, 0x0000000081800000|100%| O|  |TAMS 0x0000000081800000, 0x0000000081700000| Untracked 
|  24|0x0000000081800000, 0x0000000081900000, 0x0000000081900000|100%| O|  |TAMS 0x0000000081900000, 0x0000000081800000| Untracked 
|  25|0x0000000081900000, 0x0000000081a00000, 0x0000000081a00000|100%| O|  |TAMS 0x0000000081a00000, 0x0000000081900000| Untracked 
|  26|0x0000000081a00000, 0x0000000081b00000, 0x0000000081b00000|100%|HS|  |TAMS 0x0000000081b00000, 0x0000000081a00000| Complete 
|  27|0x0000000081b00000, 0x0000000081c00000, 0x0000000081c00000|100%| O|  |TAMS 0x0000000081c00000, 0x0000000081b00000| Untracked 
|  28|0x0000000081c00000, 0x0000000081d00000, 0x0000000081d00000|100%| O|  |TAMS 0x0000000081d00000, 0x0000000081c00000| Untracked 
|  29|0x0000000081d00000, 0x0000000081e00000, 0x0000000081e00000|100%|HS|  |TAMS 0x0000000081e00000, 0x0000000081d00000| Complete 
|  30|0x0000000081e00000, 0x0000000081f00000, 0x0000000081f00000|100%|HS|  |TAMS 0x0000000081f00000, 0x0000000081e00000| Complete 
|  31|0x0000000081f00000, 0x0000000082000000, 0x0000000082000000|100%| O|  |TAMS 0x0000000082000000, 0x0000000081f00000| Untracked 
|  32|0x0000000082000000, 0x000000008205b800, 0x0000000082100000| 35%| O|  |TAMS 0x000000008205b800, 0x0000000082000000| Untracked 
|  33|0x0000000082100000, 0x0000000082200000, 0x0000000082200000|100%|HS|  |TAMS 0x0000000082200000, 0x0000000082100000| Complete 
|  34|0x0000000082200000, 0x0000000082300000, 0x0000000082300000|100%|HC|  |TAMS 0x0000000082300000, 0x0000000082200000| Complete 
|  35|0x0000000082300000, 0x0000000082400000, 0x0000000082400000|100%|HS|  |TAMS 0x0000000082400000, 0x0000000082300000| Complete 
|  36|0x0000000082400000, 0x0000000082500000, 0x0000000082500000|100%|HC|  |TAMS 0x0000000082500000, 0x0000000082400000| Complete 
|  37|0x0000000082500000, 0x0000000082600000, 0x0000000082600000|100%|HS|  |TAMS 0x0000000082600000, 0x0000000082500000| Complete 
|  38|0x0000000082600000, 0x0000000082700000, 0x0000000082700000|100%|HC|  |TAMS 0x0000000082700000, 0x0000000082600000| Complete 
|  39|0x0000000082700000, 0x0000000082800000, 0x0000000082800000|100%|HC|  |TAMS 0x0000000082800000, 0x0000000082700000| Complete 
|  40|0x0000000082800000, 0x0000000082900000, 0x0000000082900000|100%|HC|  |TAMS 0x0000000082900000, 0x0000000082800000| Complete 
|  41|0x0000000082900000, 0x0000000082a00000, 0x0000000082a00000|100%| O|  |TAMS 0x0000000082a00000, 0x0000000082900000| Untracked 
|  42|0x0000000082a00000, 0x0000000082b00000, 0x0000000082b00000|100%|HS|  |TAMS 0x0000000082b00000, 0x0000000082a00000| Complete 
|  43|0x0000000082b00000, 0x0000000082c00000, 0x0000000082c00000|100%| O|  |TAMS 0x0000000082c00000, 0x0000000082b00000| Untracked 
|  44|0x0000000082c00000, 0x0000000082d00000, 0x0000000082d00000|100%| O|  |TAMS 0x0000000082d00000, 0x0000000082c00000| Untracked 
|  45|0x0000000082d00000, 0x0000000082e00000, 0x0000000082e00000|100%| O|  |TAMS 0x0000000082e00000, 0x0000000082d00000| Untracked 
|  46|0x0000000082e00000, 0x0000000082f00000, 0x0000000082f00000|100%| O|  |TAMS 0x0000000082f00000, 0x0000000082e00000| Untracked 
|  47|0x0000000082f00000, 0x0000000083000000, 0x0000000083000000|100%| O|  |TAMS 0x0000000082f00000, 0x0000000082f00000| Untracked 
|  48|0x0000000083000000, 0x0000000083100000, 0x0000000083100000|100%| O|  |TAMS 0x0000000083000000, 0x0000000083000000| Untracked 
|  49|0x0000000083100000, 0x0000000083200000, 0x0000000083200000|100%| O|  |TAMS 0x0000000083100000, 0x0000000083100000| Untracked 
|  50|0x0000000083200000, 0x0000000083300000, 0x0000000083300000|100%| O|  |TAMS 0x0000000083200000, 0x0000000083200000| Untracked 
|  51|0x0000000083300000, 0x0000000083400000, 0x0000000083400000|100%| O|  |TAMS 0x0000000083300000, 0x0000000083300000| Untracked 
|  52|0x0000000083400000, 0x0000000083500000, 0x0000000083500000|100%| O|  |TAMS 0x0000000083400000, 0x0000000083400000| Untracked 
|  53|0x0000000083500000, 0x0000000083600000, 0x0000000083600000|100%|HS|  |TAMS 0x0000000083500000, 0x0000000083500000| Complete 
|  54|0x0000000083600000, 0x0000000083700000, 0x0000000083700000|100%|HC|  |TAMS 0x0000000083600000, 0x0000000083600000| Complete 
|  55|0x0000000083700000, 0x0000000083800000, 0x0000000083800000|100%|HC|  |TAMS 0x0000000083700000, 0x0000000083700000| Complete 
|  56|0x0000000083800000, 0x0000000083900000, 0x0000000083900000|100%|HC|  |TAMS 0x0000000083800000, 0x0000000083800000| Complete 
|  57|0x0000000083900000, 0x0000000083a00000, 0x0000000083a00000|100%| O|  |TAMS 0x0000000083a00000, 0x0000000083900000| Untracked 
|  58|0x0000000083a00000, 0x0000000083b00000, 0x0000000083b00000|100%| O|  |TAMS 0x0000000083b00000, 0x0000000083a00000| Untracked 
|  59|0x0000000083b00000, 0x0000000083c00000, 0x0000000083c00000|100%| O|  |TAMS 0x0000000083c00000, 0x0000000083b00000| Untracked 
|  60|0x0000000083c00000, 0x0000000083d00000, 0x0000000083d00000|100%| O|  |TAMS 0x0000000083d00000, 0x0000000083c00000| Untracked 
|  61|0x0000000083d00000, 0x0000000083e00000, 0x0000000083e00000|100%| O|  |TAMS 0x0000000083e00000, 0x0000000083d00000| Untracked 
|  62|0x0000000083e00000, 0x0000000083f00000, 0x0000000083f00000|100%| O|  |TAMS 0x0000000083f00000, 0x0000000083e00000| Untracked 
|  63|0x0000000083f00000, 0x0000000084000000, 0x0000000084000000|100%| O|  |TAMS 0x0000000084000000, 0x0000000083f00000| Untracked 
|  64|0x0000000084000000, 0x0000000084100000, 0x0000000084100000|100%| O|  |TAMS 0x0000000084100000, 0x0000000084000000| Untracked 
|  65|0x0000000084100000, 0x0000000084200000, 0x0000000084200000|100%| O|  |TAMS 0x0000000084200000, 0x0000000084100000| Untracked 
|  66|0x0000000084200000, 0x0000000084200000, 0x0000000084300000|  0%| F|  |TAMS 0x0000000084200000, 0x0000000084200000| Untracked 
|  67|0x0000000084300000, 0x0000000084400000, 0x0000000084400000|100%| O|  |TAMS 0x0000000084300000, 0x0000000084300000| Untracked 
|  68|0x0000000084400000, 0x0000000084500000, 0x0000000084500000|100%| O|  |TAMS 0x0000000084400000, 0x0000000084400000| Untracked 
|  69|0x0000000084500000, 0x0000000084600000, 0x0000000084600000|100%| O|  |TAMS 0x0000000084500000, 0x0000000084500000| Untracked 
|  70|0x0000000084600000, 0x0000000084700000, 0x0000000084700000|100%| O|  |TAMS 0x0000000084600000, 0x0000000084600000| Untracked 
|  71|0x0000000084700000, 0x0000000084700000, 0x0000000084800000|  0%| F|  |TAMS 0x0000000084700000, 0x0000000084700000| Untracked 
|  72|0x0000000084800000, 0x0000000084800000, 0x0000000084900000|  0%| F|  |TAMS 0x0000000084800000, 0x0000000084800000| Untracked 
|  73|0x0000000084900000, 0x0000000084900000, 0x0000000084a00000|  0%| F|  |TAMS 0x0000000084900000, 0x0000000084900000| Untracked 
|  74|0x0000000084a00000, 0x0000000084a00000, 0x0000000084b00000|  0%| F|  |TAMS 0x0000000084a00000, 0x0000000084a00000| Untracked 
|  75|0x0000000084b00000, 0x0000000084b00000, 0x0000000084c00000|  0%| F|  |TAMS 0x0000000084b00000, 0x0000000084b00000| Untracked 
|  76|0x0000000084c00000, 0x0000000084c00000, 0x0000000084d00000|  0%| F|  |TAMS 0x0000000084c00000, 0x0000000084c00000| Untracked 
|  77|0x0000000084d00000, 0x0000000084d00000, 0x0000000084e00000|  0%| F|  |TAMS 0x0000000084d00000, 0x0000000084d00000| Untracked 
|  78|0x0000000084e00000, 0x0000000084e00000, 0x0000000084f00000|  0%| F|  |TAMS 0x0000000084e00000, 0x0000000084e00000| Untracked 
|  79|0x0000000084f00000, 0x0000000084f00000, 0x0000000085000000|  0%| F|  |TAMS 0x0000000084f00000, 0x0000000084f00000| Untracked 
|  80|0x0000000085000000, 0x0000000085000000, 0x0000000085100000|  0%| F|  |TAMS 0x0000000085000000, 0x0000000085000000| Untracked 
|  81|0x0000000085100000, 0x0000000085200000, 0x0000000085200000|100%| O|  |TAMS 0x0000000085100000, 0x0000000085100000| Untracked 
|  82|0x0000000085200000, 0x0000000085300000, 0x0000000085300000|100%| O|  |TAMS 0x0000000085200000, 0x0000000085200000| Untracked 
|  83|0x0000000085300000, 0x0000000085400000, 0x0000000085400000|100%| O|  |TAMS 0x0000000085300000, 0x0000000085300000| Untracked 
|  84|0x0000000085400000, 0x0000000085400000, 0x0000000085500000|  0%| F|  |TAMS 0x0000000085400000, 0x0000000085400000| Untracked 
|  85|0x0000000085500000, 0x0000000085500000, 0x0000000085600000|  0%| F|  |TAMS 0x0000000085500000, 0x0000000085500000| Untracked 
|  86|0x0000000085600000, 0x0000000085600000, 0x0000000085700000|  0%| F|  |TAMS 0x0000000085600000, 0x0000000085600000| Untracked 
|  87|0x0000000085700000, 0x0000000085757e00, 0x0000000085800000| 34%| O|  |TAMS 0x0000000085700000, 0x0000000085700000| Untracked 
|  88|0x0000000085800000, 0x0000000085800000, 0x0000000085900000|  0%| F|  |TAMS 0x0000000085800000, 0x0000000085800000| Untracked 
|  89|0x0000000085900000, 0x0000000085900000, 0x0000000085a00000|  0%| F|  |TAMS 0x0000000085900000, 0x0000000085900000| Untracked 
|  90|0x0000000085a00000, 0x0000000085a00000, 0x0000000085b00000|  0%| F|  |TAMS 0x0000000085a00000, 0x0000000085a00000| Untracked 
|  91|0x0000000085b00000, 0x0000000085b00000, 0x0000000085c00000|  0%| F|  |TAMS 0x0000000085b00000, 0x0000000085b00000| Untracked 
|  92|0x0000000085c00000, 0x0000000085c00000, 0x0000000085d00000|  0%| F|  |TAMS 0x0000000085c00000, 0x0000000085c00000| Untracked 
|  93|0x0000000085d00000, 0x0000000085d00000, 0x0000000085e00000|  0%| F|  |TAMS 0x0000000085d00000, 0x0000000085d00000| Untracked 
|  94|0x0000000085e00000, 0x0000000085e00000, 0x0000000085f00000|  0%| F|  |TAMS 0x0000000085e00000, 0x0000000085e00000| Untracked 
|  95|0x0000000085f00000, 0x0000000085f00000, 0x0000000086000000|  0%| F|  |TAMS 0x0000000085f00000, 0x0000000085f00000| Untracked 
|  96|0x0000000086000000, 0x0000000086000000, 0x0000000086100000|  0%| F|  |TAMS 0x0000000086000000, 0x0000000086000000| Untracked 
|  97|0x0000000086100000, 0x0000000086100000, 0x0000000086200000|  0%| F|  |TAMS 0x0000000086100000, 0x0000000086100000| Untracked 
|  98|0x0000000086200000, 0x0000000086200000, 0x0000000086300000|  0%| F|  |TAMS 0x0000000086200000, 0x0000000086200000| Untracked 
|  99|0x0000000086300000, 0x0000000086300000, 0x0000000086400000|  0%| F|  |TAMS 0x0000000086300000, 0x0000000086300000| Untracked 
| 100|0x0000000086400000, 0x0000000086400000, 0x0000000086500000|  0%| F|  |TAMS 0x0000000086400000, 0x0000000086400000| Untracked 
| 101|0x0000000086500000, 0x0000000086500000, 0x0000000086600000|  0%| F|  |TAMS 0x0000000086500000, 0x0000000086500000| Untracked 
| 102|0x0000000086600000, 0x0000000086600000, 0x0000000086700000|  0%| F|  |TAMS 0x0000000086600000, 0x0000000086600000| Untracked 
| 103|0x0000000086700000, 0x0000000086700000, 0x0000000086800000|  0%| F|  |TAMS 0x0000000086700000, 0x0000000086700000| Untracked 
| 104|0x0000000086800000, 0x0000000086800000, 0x0000000086900000|  0%| F|  |TAMS 0x0000000086800000, 0x0000000086800000| Untracked 
| 105|0x0000000086900000, 0x0000000086900000, 0x0000000086a00000|  0%| F|  |TAMS 0x0000000086900000, 0x0000000086900000| Untracked 
| 106|0x0000000086a00000, 0x0000000086a00000, 0x0000000086b00000|  0%| F|  |TAMS 0x0000000086a00000, 0x0000000086a00000| Untracked 
| 107|0x0000000086b00000, 0x0000000086b00000, 0x0000000086c00000|  0%| F|  |TAMS 0x0000000086b00000, 0x0000000086b00000| Untracked 
| 108|0x0000000086c00000, 0x0000000086c00000, 0x0000000086d00000|  0%| F|  |TAMS 0x0000000086c00000, 0x0000000086c00000| Untracked 
| 109|0x0000000086d00000, 0x0000000086d00000, 0x0000000086e00000|  0%| F|  |TAMS 0x0000000086d00000, 0x0000000086d00000| Untracked 
| 110|0x0000000086e00000, 0x0000000086e00000, 0x0000000086f00000|  0%| F|  |TAMS 0x0000000086e00000, 0x0000000086e00000| Untracked 
| 111|0x0000000086f00000, 0x0000000086f00000, 0x0000000087000000|  0%| F|  |TAMS 0x0000000086f00000, 0x0000000086f00000| Untracked 
| 112|0x0000000087000000, 0x0000000087000000, 0x0000000087100000|  0%| F|  |TAMS 0x0000000087000000, 0x0000000087000000| Untracked 
| 113|0x0000000087100000, 0x0000000087100000, 0x0000000087200000|  0%| F|  |TAMS 0x0000000087100000, 0x0000000087100000| Untracked 
| 114|0x0000000087200000, 0x0000000087200000, 0x0000000087300000|  0%| F|  |TAMS 0x0000000087200000, 0x0000000087200000| Untracked 
| 115|0x0000000087300000, 0x0000000087300000, 0x0000000087400000|  0%| F|  |TAMS 0x0000000087300000, 0x0000000087300000| Untracked 
| 116|0x0000000087400000, 0x0000000087400000, 0x0000000087500000|  0%| F|  |TAMS 0x0000000087400000, 0x0000000087400000| Untracked 
| 117|0x0000000087500000, 0x0000000087500000, 0x0000000087600000|  0%| F|  |TAMS 0x0000000087500000, 0x0000000087500000| Untracked 
| 118|0x0000000087600000, 0x0000000087600000, 0x0000000087700000|  0%| F|  |TAMS 0x0000000087600000, 0x0000000087600000| Untracked 
| 119|0x0000000087700000, 0x0000000087700000, 0x0000000087800000|  0%| F|  |TAMS 0x0000000087700000, 0x0000000087700000| Untracked 
| 120|0x0000000087800000, 0x0000000087800000, 0x0000000087900000|  0%| F|  |TAMS 0x0000000087800000, 0x0000000087800000| Untracked 
| 121|0x0000000087900000, 0x0000000087900000, 0x0000000087a00000|  0%| F|  |TAMS 0x0000000087900000, 0x0000000087900000| Untracked 
| 122|0x0000000087a00000, 0x0000000087a00000, 0x0000000087b00000|  0%| F|  |TAMS 0x0000000087a00000, 0x0000000087a00000| Untracked 
| 123|0x0000000087b00000, 0x0000000087b00000, 0x0000000087c00000|  0%| F|  |TAMS 0x0000000087b00000, 0x0000000087b00000| Untracked 
| 124|0x0000000087c00000, 0x0000000087c00000, 0x0000000087d00000|  0%| F|  |TAMS 0x0000000087c00000, 0x0000000087c00000| Untracked 
| 125|0x0000000087d00000, 0x0000000087d00000, 0x0000000087e00000|  0%| F|  |TAMS 0x0000000087d00000, 0x0000000087d00000| Untracked 
| 126|0x0000000087e00000, 0x0000000087e00000, 0x0000000087f00000|  0%| F|  |TAMS 0x0000000087e00000, 0x0000000087e00000| Untracked 
| 127|0x0000000087f00000, 0x0000000087f00000, 0x0000000088000000|  0%| F|  |TAMS 0x0000000087f00000, 0x0000000087f00000| Untracked 
| 128|0x0000000088000000, 0x0000000088000000, 0x0000000088100000|  0%| F|  |TAMS 0x0000000088000000, 0x0000000088000000| Untracked 
| 129|0x0000000088100000, 0x0000000088100000, 0x0000000088200000|  0%| F|  |TAMS 0x0000000088100000, 0x0000000088100000| Untracked 
| 130|0x0000000088200000, 0x0000000088200000, 0x0000000088300000|  0%| F|  |TAMS 0x0000000088200000, 0x0000000088200000| Untracked 
| 131|0x0000000088300000, 0x0000000088300000, 0x0000000088400000|  0%| F|  |TAMS 0x0000000088300000, 0x0000000088300000| Untracked 
| 132|0x0000000088400000, 0x0000000088400000, 0x0000000088500000|  0%| F|  |TAMS 0x0000000088400000, 0x0000000088400000| Untracked 
| 133|0x0000000088500000, 0x0000000088500000, 0x0000000088600000|  0%| F|  |TAMS 0x0000000088500000, 0x0000000088500000| Untracked 
| 134|0x0000000088600000, 0x0000000088600000, 0x0000000088700000|  0%| F|  |TAMS 0x0000000088600000, 0x0000000088600000| Untracked 
| 135|0x0000000088700000, 0x0000000088700000, 0x0000000088800000|  0%| F|  |TAMS 0x0000000088700000, 0x0000000088700000| Untracked 
| 136|0x0000000088800000, 0x0000000088800000, 0x0000000088900000|  0%| F|  |TAMS 0x0000000088800000, 0x0000000088800000| Untracked 
| 137|0x0000000088900000, 0x0000000088900000, 0x0000000088a00000|  0%| F|  |TAMS 0x0000000088900000, 0x0000000088900000| Untracked 
| 138|0x0000000088a00000, 0x0000000088a00000, 0x0000000088b00000|  0%| F|  |TAMS 0x0000000088a00000, 0x0000000088a00000| Untracked 
| 139|0x0000000088b00000, 0x0000000088b00000, 0x0000000088c00000|  0%| F|  |TAMS 0x0000000088b00000, 0x0000000088b00000| Untracked 
| 140|0x0000000088c00000, 0x0000000088c00000, 0x0000000088d00000|  0%| F|  |TAMS 0x0000000088c00000, 0x0000000088c00000| Untracked 
| 141|0x0000000088d00000, 0x0000000088d00000, 0x0000000088e00000|  0%| F|  |TAMS 0x0000000088d00000, 0x0000000088d00000| Untracked 
| 142|0x0000000088e00000, 0x0000000088e00000, 0x0000000088f00000|  0%| F|  |TAMS 0x0000000088e00000, 0x0000000088e00000| Untracked 
| 143|0x0000000088f00000, 0x0000000088f00000, 0x0000000089000000|  0%| F|  |TAMS 0x0000000088f00000, 0x0000000088f00000| Untracked 
| 144|0x0000000089000000, 0x0000000089000000, 0x0000000089100000|  0%| F|  |TAMS 0x0000000089000000, 0x0000000089000000| Untracked 
| 145|0x0000000089100000, 0x0000000089100000, 0x0000000089200000|  0%| F|  |TAMS 0x0000000089100000, 0x0000000089100000| Untracked 
| 146|0x0000000089200000, 0x0000000089200000, 0x0000000089300000|  0%| F|  |TAMS 0x0000000089200000, 0x0000000089200000| Untracked 
| 147|0x0000000089300000, 0x0000000089300000, 0x0000000089400000|  0%| F|  |TAMS 0x0000000089300000, 0x0000000089300000| Untracked 
| 148|0x0000000089400000, 0x0000000089400000, 0x0000000089500000|  0%| F|  |TAMS 0x0000000089400000, 0x0000000089400000| Untracked 
| 149|0x0000000089500000, 0x0000000089500000, 0x0000000089600000|  0%| F|  |TAMS 0x0000000089500000, 0x0000000089500000| Untracked 
| 150|0x0000000089600000, 0x0000000089600000, 0x0000000089700000|  0%| F|  |TAMS 0x0000000089600000, 0x0000000089600000| Untracked 
| 151|0x0000000089700000, 0x0000000089700000, 0x0000000089800000|  0%| F|  |TAMS 0x0000000089700000, 0x0000000089700000| Untracked 
| 152|0x0000000089800000, 0x0000000089800000, 0x0000000089900000|  0%| F|  |TAMS 0x0000000089800000, 0x0000000089800000| Untracked 
| 153|0x0000000089900000, 0x0000000089900000, 0x0000000089a00000|  0%| F|  |TAMS 0x0000000089900000, 0x0000000089900000| Untracked 
| 154|0x0000000089a00000, 0x0000000089a00000, 0x0000000089b00000|  0%| F|  |TAMS 0x0000000089a00000, 0x0000000089a00000| Untracked 
| 155|0x0000000089b00000, 0x0000000089b00000, 0x0000000089c00000|  0%| F|  |TAMS 0x0000000089b00000, 0x0000000089b00000| Untracked 
| 156|0x0000000089c00000, 0x0000000089c00000, 0x0000000089d00000|  0%| F|  |TAMS 0x0000000089c00000, 0x0000000089c00000| Untracked 
| 157|0x0000000089d00000, 0x0000000089d00000, 0x0000000089e00000|  0%| F|  |TAMS 0x0000000089d00000, 0x0000000089d00000| Untracked 
| 158|0x0000000089e00000, 0x0000000089e00000, 0x0000000089f00000|  0%| F|  |TAMS 0x0000000089e00000, 0x0000000089e00000| Untracked 
| 159|0x0000000089f00000, 0x0000000089f00000, 0x000000008a000000|  0%| F|  |TAMS 0x0000000089f00000, 0x0000000089f00000| Untracked 
| 160|0x000000008a000000, 0x000000008a000000, 0x000000008a100000|  0%| F|  |TAMS 0x000000008a000000, 0x000000008a000000| Untracked 
| 161|0x000000008a100000, 0x000000008a100000, 0x000000008a200000|  0%| F|  |TAMS 0x000000008a100000, 0x000000008a100000| Untracked 
| 162|0x000000008a200000, 0x000000008a200000, 0x000000008a300000|  0%| F|  |TAMS 0x000000008a200000, 0x000000008a200000| Untracked 
| 163|0x000000008a300000, 0x000000008a300000, 0x000000008a400000|  0%| F|  |TAMS 0x000000008a300000, 0x000000008a300000| Untracked 
| 164|0x000000008a400000, 0x000000008a400000, 0x000000008a500000|  0%| F|  |TAMS 0x000000008a400000, 0x000000008a400000| Untracked 
| 165|0x000000008a500000, 0x000000008a500000, 0x000000008a600000|  0%| F|  |TAMS 0x000000008a500000, 0x000000008a500000| Untracked 
| 166|0x000000008a600000, 0x000000008a600000, 0x000000008a700000|  0%| F|  |TAMS 0x000000008a600000, 0x000000008a600000| Untracked 
| 167|0x000000008a700000, 0x000000008a700000, 0x000000008a800000|  0%| F|  |TAMS 0x000000008a700000, 0x000000008a700000| Untracked 
| 168|0x000000008a800000, 0x000000008a800000, 0x000000008a900000|  0%| F|  |TAMS 0x000000008a800000, 0x000000008a800000| Untracked 
| 169|0x000000008a900000, 0x000000008a900000, 0x000000008aa00000|  0%| F|  |TAMS 0x000000008a900000, 0x000000008a900000| Untracked 
| 170|0x000000008aa00000, 0x000000008aa00000, 0x000000008ab00000|  0%| F|  |TAMS 0x000000008aa00000, 0x000000008aa00000| Untracked 
| 171|0x000000008ab00000, 0x000000008ab00000, 0x000000008ac00000|  0%| F|  |TAMS 0x000000008ab00000, 0x000000008ab00000| Untracked 
| 172|0x000000008ac00000, 0x000000008ac00000, 0x000000008ad00000|  0%| F|  |TAMS 0x000000008ac00000, 0x000000008ac00000| Untracked 
| 173|0x000000008ad00000, 0x000000008ad00000, 0x000000008ae00000|  0%| F|  |TAMS 0x000000008ad00000, 0x000000008ad00000| Untracked 
| 174|0x000000008ae00000, 0x000000008ae00000, 0x000000008af00000|  0%| F|  |TAMS 0x000000008ae00000, 0x000000008ae00000| Untracked 
| 175|0x000000008af00000, 0x000000008afd41c0, 0x000000008b000000| 82%| E|  |TAMS 0x000000008af00000, 0x000000008af00000| Complete 
| 176|0x000000008b000000, 0x000000008b100000, 0x000000008b100000|100%| E|CS|TAMS 0x000000008b000000, 0x000000008b000000| Complete 
| 177|0x000000008b100000, 0x000000008b200000, 0x000000008b200000|100%| E|CS|TAMS 0x000000008b100000, 0x000000008b100000| Complete 
| 178|0x000000008b200000, 0x000000008b300000, 0x000000008b300000|100%| E|CS|TAMS 0x000000008b200000, 0x000000008b200000| Complete 
| 179|0x000000008b300000, 0x000000008b400000, 0x000000008b400000|100%| E|CS|TAMS 0x000000008b300000, 0x000000008b300000| Complete 
| 180|0x000000008b400000, 0x000000008b500000, 0x000000008b500000|100%| E|CS|TAMS 0x000000008b400000, 0x000000008b400000| Complete 
| 181|0x000000008b500000, 0x000000008b600000, 0x000000008b600000|100%| E|CS|TAMS 0x000000008b500000, 0x000000008b500000| Complete 
| 182|0x000000008b600000, 0x000000008b700000, 0x000000008b700000|100%| E|CS|TAMS 0x000000008b600000, 0x000000008b600000| Complete 
| 183|0x000000008b700000, 0x000000008b800000, 0x000000008b800000|100%| E|CS|TAMS 0x000000008b700000, 0x000000008b700000| Complete 
| 184|0x000000008b800000, 0x000000008b900000, 0x000000008b900000|100%| E|CS|TAMS 0x000000008b800000, 0x000000008b800000| Complete 
| 185|0x000000008b900000, 0x000000008ba00000, 0x000000008ba00000|100%| E|CS|TAMS 0x000000008b900000, 0x000000008b900000| Complete 
| 186|0x000000008ba00000, 0x000000008bb00000, 0x000000008bb00000|100%| E|CS|TAMS 0x000000008ba00000, 0x000000008ba00000| Complete 
| 187|0x000000008bb00000, 0x000000008bc00000, 0x000000008bc00000|100%| E|CS|TAMS 0x000000008bb00000, 0x000000008bb00000| Complete 
| 188|0x000000008bc00000, 0x000000008bd00000, 0x000000008bd00000|100%| E|CS|TAMS 0x000000008bc00000, 0x000000008bc00000| Complete 
| 189|0x000000008bd00000, 0x000000008be00000, 0x000000008be00000|100%| E|CS|TAMS 0x000000008bd00000, 0x000000008bd00000| Complete 
| 190|0x000000008be00000, 0x000000008bf00000, 0x000000008bf00000|100%| E|CS|TAMS 0x000000008be00000, 0x000000008be00000| Complete 
| 191|0x000000008bf00000, 0x000000008c000000, 0x000000008c000000|100%| E|CS|TAMS 0x000000008bf00000, 0x000000008bf00000| Complete 
| 192|0x000000008c000000, 0x000000008c100000, 0x000000008c100000|100%| E|CS|TAMS 0x000000008c000000, 0x000000008c000000| Complete 
| 193|0x000000008c100000, 0x000000008c200000, 0x000000008c200000|100%| E|CS|TAMS 0x000000008c100000, 0x000000008c100000| Complete 
| 194|0x000000008c200000, 0x000000008c300000, 0x000000008c300000|100%| E|CS|TAMS 0x000000008c200000, 0x000000008c200000| Complete 
| 195|0x000000008c300000, 0x000000008c400000, 0x000000008c400000|100%| E|CS|TAMS 0x000000008c300000, 0x000000008c300000| Complete 
| 196|0x000000008c400000, 0x000000008c500000, 0x000000008c500000|100%| E|CS|TAMS 0x000000008c400000, 0x000000008c400000| Complete 
| 197|0x000000008c500000, 0x000000008c600000, 0x000000008c600000|100%| E|CS|TAMS 0x000000008c500000, 0x000000008c500000| Complete 
| 198|0x000000008c600000, 0x000000008c700000, 0x000000008c700000|100%| E|CS|TAMS 0x000000008c600000, 0x000000008c600000| Complete 
| 199|0x000000008c700000, 0x000000008c800000, 0x000000008c800000|100%| E|CS|TAMS 0x000000008c700000, 0x000000008c700000| Complete 
| 200|0x000000008c800000, 0x000000008c900000, 0x000000008c900000|100%| E|CS|TAMS 0x000000008c800000, 0x000000008c800000| Complete 
| 201|0x000000008c900000, 0x000000008ca00000, 0x000000008ca00000|100%| E|CS|TAMS 0x000000008c900000, 0x000000008c900000| Complete 
| 202|0x000000008ca00000, 0x000000008cb00000, 0x000000008cb00000|100%| E|CS|TAMS 0x000000008ca00000, 0x000000008ca00000| Complete 
| 203|0x000000008cb00000, 0x000000008cc00000, 0x000000008cc00000|100%| E|CS|TAMS 0x000000008cb00000, 0x000000008cb00000| Complete 
| 204|0x000000008cc00000, 0x000000008cd00000, 0x000000008cd00000|100%| E|CS|TAMS 0x000000008cc00000, 0x000000008cc00000| Complete 
| 205|0x000000008cd00000, 0x000000008ce00000, 0x000000008ce00000|100%| E|CS|TAMS 0x000000008cd00000, 0x000000008cd00000| Complete 
| 206|0x000000008ce00000, 0x000000008cf00000, 0x000000008cf00000|100%| E|CS|TAMS 0x000000008ce00000, 0x000000008ce00000| Complete 
| 207|0x000000008cf00000, 0x000000008d000000, 0x000000008d000000|100%| E|CS|TAMS 0x000000008cf00000, 0x000000008cf00000| Complete 
| 208|0x000000008d000000, 0x000000008d100000, 0x000000008d100000|100%| E|CS|TAMS 0x000000008d000000, 0x000000008d000000| Complete 
| 209|0x000000008d100000, 0x000000008d200000, 0x000000008d200000|100%| E|CS|TAMS 0x000000008d100000, 0x000000008d100000| Complete 
| 210|0x000000008d200000, 0x000000008d300000, 0x000000008d300000|100%| E|CS|TAMS 0x000000008d200000, 0x000000008d200000| Complete 
| 211|0x000000008d300000, 0x000000008d400000, 0x000000008d400000|100%| E|CS|TAMS 0x000000008d300000, 0x000000008d300000| Complete 
| 212|0x000000008d400000, 0x000000008d500000, 0x000000008d500000|100%| E|CS|TAMS 0x000000008d400000, 0x000000008d400000| Complete 
| 213|0x000000008d500000, 0x000000008d600000, 0x000000008d600000|100%| E|CS|TAMS 0x000000008d500000, 0x000000008d500000| Complete 
| 214|0x000000008d600000, 0x000000008d700000, 0x000000008d700000|100%| E|CS|TAMS 0x000000008d600000, 0x000000008d600000| Complete 
| 215|0x000000008d700000, 0x000000008d800000, 0x000000008d800000|100%| E|CS|TAMS 0x000000008d700000, 0x000000008d700000| Complete 
| 216|0x000000008d800000, 0x000000008d900000, 0x000000008d900000|100%| E|CS|TAMS 0x000000008d800000, 0x000000008d800000| Complete 
| 217|0x000000008d900000, 0x000000008da00000, 0x000000008da00000|100%| E|CS|TAMS 0x000000008d900000, 0x000000008d900000| Complete 
| 218|0x000000008da00000, 0x000000008db00000, 0x000000008db00000|100%| E|CS|TAMS 0x000000008da00000, 0x000000008da00000| Complete 
| 219|0x000000008db00000, 0x000000008dc00000, 0x000000008dc00000|100%| E|CS|TAMS 0x000000008db00000, 0x000000008db00000| Complete 
| 220|0x000000008dc00000, 0x000000008dd00000, 0x000000008dd00000|100%| E|CS|TAMS 0x000000008dc00000, 0x000000008dc00000| Complete 
| 221|0x000000008dd00000, 0x000000008de00000, 0x000000008de00000|100%| E|CS|TAMS 0x000000008dd00000, 0x000000008dd00000| Complete 
| 222|0x000000008de00000, 0x000000008df00000, 0x000000008df00000|100%| E|CS|TAMS 0x000000008de00000, 0x000000008de00000| Complete 
| 223|0x000000008df00000, 0x000000008e000000, 0x000000008e000000|100%| E|CS|TAMS 0x000000008df00000, 0x000000008df00000| Complete 
| 224|0x000000008e000000, 0x000000008e100000, 0x000000008e100000|100%| E|CS|TAMS 0x000000008e000000, 0x000000008e000000| Complete 
| 225|0x000000008e100000, 0x000000008e200000, 0x000000008e200000|100%| E|CS|TAMS 0x000000008e100000, 0x000000008e100000| Complete 
| 226|0x000000008e200000, 0x000000008e300000, 0x000000008e300000|100%| E|CS|TAMS 0x000000008e200000, 0x000000008e200000| Complete 
| 409|0x0000000099900000, 0x0000000099a00000, 0x0000000099a00000|100%| E|CS|TAMS 0x0000000099900000, 0x0000000099900000| Complete 
| 410|0x0000000099a00000, 0x0000000099a88d40, 0x0000000099b00000| 53%| S|CS|TAMS 0x0000000099a00000, 0x0000000099a00000| Complete 
| 411|0x0000000099b00000, 0x0000000099c00000, 0x0000000099c00000|100%| S|CS|TAMS 0x0000000099b00000, 0x0000000099b00000| Complete 
| 703|0x00000000abf00000, 0x00000000ac000000, 0x00000000ac000000|100%| E|CS|TAMS 0x00000000abf00000, 0x00000000abf00000| Complete 
|2042|0x00000000ffa00000, 0x00000000ffb00000, 0x00000000ffb00000|100%| O|  |TAMS 0x00000000ffb00000, 0x00000000ffa00000| Untracked 
|2043|0x00000000ffb00000, 0x00000000ffc00000, 0x00000000ffc00000|100%| O|  |TAMS 0x00000000ffc00000, 0x00000000ffb00000| Untracked 
|2044|0x00000000ffc00000, 0x00000000ffd00000, 0x00000000ffd00000|100%| O|  |TAMS 0x00000000ffd00000, 0x00000000ffc00000| Untracked 
|2045|0x00000000ffd00000, 0x00000000ffe00000, 0x00000000ffe00000|100%| O|  |TAMS 0x00000000ffe00000, 0x00000000ffd00000| Untracked 
|2046|0x00000000ffe00000, 0x00000000fff00000, 0x00000000fff00000|100%| O|  |TAMS 0x00000000fff00000, 0x00000000ffe00000| Untracked 
|2047|0x00000000fff00000, 0x0000000100000000, 0x0000000100000000|100%| O|  |TAMS 0x0000000100000000, 0x00000000fff00000| Untracked 

Card table byte_map: [0x000001525ea20000,0x000001525ee20000] _byte_map_base: 0x000001525e620000

Marking Bits (Prev, Next): (CMBitMap*) 0x0000015249d337d0, (CMBitMap*) 0x0000015249d33810
 Prev Bits: [0x000001525f220000, 0x0000015261220000)
 Next Bits: [0x0000015261220000, 0x0000015263220000)

Polling page: 0x0000015249d90000

Metaspace:

Usage:
  Non-class:     70.24 MB used.
      Class:     10.98 MB used.
       Both:     81.22 MB used.

Virtual space:
  Non-class space:       72.00 MB reserved,      70.56 MB ( 98%) committed,  9 nodes.
      Class space:        1.00 GB reserved,      11.31 MB (  1%) committed,  1 nodes.
             Both:        1.07 GB reserved,      81.88 MB (  7%) committed. 

Chunk freelists:
   Non-Class:  1.22 MB
       Class:  575.00 KB
        Both:  1.78 MB

MaxMetaspaceSize: unlimited
CompressedClassSpaceSize: 1.00 GB
Initial GC threshold: 21.00 MB
Current GC threshold: 115.25 MB
CDS: off
MetaspaceReclaimPolicy: balanced
 - commit_granule_bytes: 65536.
 - commit_granule_words: 8192.
 - virtual_space_node_default_size: 1048576.
 - enlarge_chunks_in_place: 1.
 - new_chunks_are_fully_committed: 0.
 - uncommit_free_chunks: 1.
 - use_allocation_guard: 0.
 - handle_deallocations: 1.


Internal statistics:

num_allocs_failed_limit: 9.
num_arena_births: 852.
num_arena_deaths: 0.
num_vsnodes_births: 10.
num_vsnodes_deaths: 0.
num_space_committed: 1310.
num_space_uncommitted: 0.
num_chunks_returned_to_freelist: 9.
num_chunks_taken_from_freelist: 3795.
num_chunk_merges: 9.
num_chunk_splits: 2543.
num_chunks_enlarged: 1718.
num_purges: 0.
num_inconsistent_stats: 0.

CodeHeap 'non-profiled nmethods': size=120000Kb used=4906Kb max_used=4906Kb free=115093Kb
 bounds [0x0000015256460000, 0x0000015256930000, 0x000001525d990000]
CodeHeap 'profiled nmethods': size=120000Kb used=14466Kb max_used=14466Kb free=105533Kb
 bounds [0x000001524e990000, 0x000001524f7c0000, 0x0000015255ec0000]
CodeHeap 'non-nmethods': size=5760Kb used=2376Kb max_used=2437Kb free=3383Kb
 bounds [0x0000015255ec0000, 0x0000015256130000, 0x0000015256460000]
 total_blobs=8545 nmethods=7642 adapters=815
 compilation: enabled
              stopped_count=0, restarted_count=0
 full_count=0

Compilation events (20 events):
Event: 6.092 Thread 0x000001526615eb40 8390       3       com.google.common.cache.LocalCache$Segment::removeValueFromChain (67 bytes)
Event: 6.092 Thread 0x000001526615eb40 nmethod 8390 0x000001524f7a4310 code [0x000001524f7a4520, 0x000001524f7a4b28]
Event: 6.094 Thread 0x000001526615eb40 8392       3       org.gradle.internal.snapshot.MerkleDirectorySnapshotBuilder::visitLeafElement (6 bytes)
Event: 6.094 Thread 0x000001526615eb40 nmethod 8392 0x000001524f7a4d10 code [0x000001524f7a4ea0, 0x000001524f7a4fe8]
Event: 6.094 Thread 0x000001526615eb40 8393   !   3       org.gradle.internal.snapshot.impl.DirectorySnapshotter$PathVisitor::doVisitFile (195 bytes)
Event: 6.096 Thread 0x000001526615eb40 nmethod 8393 0x000001524f7a5090 code [0x000001524f7a54e0, 0x000001524f7a7828]
Event: 6.096 Thread 0x000001526615eb40 8396       3       org.gradle.internal.snapshot.FileSystemLocationSnapshot$$Lambda$452/0x000000010059a5b0::apply (10 bytes)
Event: 6.096 Thread 0x000001526615eb40 nmethod 8396 0x000001524f7a8910 code [0x000001524f7a8ac0, 0x000001524f7a8d98]
Event: 6.096 Thread 0x000001526615eb40 8399       3       org.gradle.internal.snapshot.FileSystemLocationSnapshot$$Lambda$453/0x000000010059a810::compare (12 bytes)
Event: 6.096 Thread 0x000001526615eb40 nmethod 8399 0x000001524f7a8e90 code [0x000001524f7a9080, 0x000001524f7a9598]
Event: 6.096 Thread 0x000001526615eb40 8400       3       org.gradle.internal.snapshot.PathUtil::compareFileNames (20 bytes)
Event: 6.096 Thread 0x000001526615eb40 nmethod 8400 0x000001524f7a9790 code [0x000001524f7a9960, 0x000001524f7a9c18]
Event: 6.096 Thread 0x000001526615eb40 8397       3       java.util.Comparator$$Lambda$454/0x0000000100459cd0::compare (14 bytes)
Event: 6.096 Thread 0x000001526615eb40 nmethod 8397 0x000001524f7a9d90 code [0x000001524f7a9f60, 0x000001524f7aa328]
Event: 6.096 Thread 0x000001526615eb40 8398       3       java.util.Comparator::lambda$comparing$ea9a8b3a$1 (21 bytes)
Event: 6.096 Thread 0x000001526615eb40 nmethod 8398 0x000001524f7aa490 code [0x000001524f7aa660, 0x000001524f7aa9a8]
Event: 6.096 Thread 0x000001526615eb40 8401       3       java.util.stream.Stream::of (13 bytes)
Event: 6.097 Thread 0x000001526615eb40 nmethod 8401 0x000001524f7aab10 code [0x000001524f7aacc0, 0x000001524f7aafc8]
Event: 6.097 Thread 0x000001526615eb40 8402       3       java.util.stream.Streams$StreamBuilderImpl::<init> (16 bytes)
Event: 6.097 Thread 0x000001526615eb40 nmethod 8402 0x000001524f7ab110 code [0x000001524f7ab2c0, 0x000001524f7ab4f8]

GC Heap History (20 events):
Event: 2.448 GC heap before
{Heap before GC invocations=9 (full 0):
 garbage-first heap   total 68608K, used 52086K [0x0000000080000000, 0x0000000100000000)
  region size 1024K, 30 young (30720K), 2 survivors (2048K)
 Metaspace       used 39430K, committed 39680K, reserved 1089536K
  class space    used 5324K, committed 5440K, reserved 1048576K
}
Event: 2.450 GC heap after
{Heap after GC invocations=10 (full 0):
 garbage-first heap   total 68608K, used 24444K [0x0000000080000000, 0x0000000100000000)
  region size 1024K, 3 young (3072K), 3 survivors (3072K)
 Metaspace       used 39430K, committed 39680K, reserved 1089536K
  class space    used 5324K, committed 5440K, reserved 1048576K
}
Event: 2.736 GC heap before
{Heap before GC invocations=10 (full 0):
 garbage-first heap   total 68608K, used 52092K [0x0000000080000000, 0x0000000100000000)
  region size 1024K, 31 young (31744K), 3 survivors (3072K)
 Metaspace       used 45850K, committed 46208K, reserved 1089536K
  class space    used 6082K, committed 6272K, reserved 1048576K
}
Event: 2.738 GC heap after
{Heap after GC invocations=11 (full 0):
 garbage-first heap   total 68608K, used 27430K [0x0000000080000000, 0x0000000100000000)
  region size 1024K, 4 young (4096K), 4 survivors (4096K)
 Metaspace       used 45850K, committed 46208K, reserved 1089536K
  class space    used 6082K, committed 6272K, reserved 1048576K
}
Event: 2.855 GC heap before
{Heap before GC invocations=11 (full 0):
 garbage-first heap   total 68608K, used 52006K [0x0000000080000000, 0x0000000100000000)
  region size 1024K, 29 young (29696K), 4 survivors (4096K)
 Metaspace       used 47195K, committed 47616K, reserved 1097728K
  class space    used 6189K, committed 6400K, reserved 1048576K
}
Event: 2.857 GC heap after
{Heap after GC invocations=12 (full 0):
 garbage-first heap   total 68608K, used 30251K [0x0000000080000000, 0x0000000100000000)
  region size 1024K, 3 young (3072K), 3 survivors (3072K)
 Metaspace       used 47195K, committed 47616K, reserved 1097728K
  class space    used 6189K, committed 6400K, reserved 1048576K
}
Event: 2.903 GC heap before
{Heap before GC invocations=12 (full 0):
 garbage-first heap   total 68608K, used 38443K [0x0000000080000000, 0x0000000100000000)
  region size 1024K, 10 young (10240K), 3 survivors (3072K)
 Metaspace       used 47667K, committed 48000K, reserved 1097728K
  class space    used 6245K, committed 6400K, reserved 1048576K
}
Event: 2.905 GC heap after
{Heap after GC invocations=13 (full 0):
 garbage-first heap   total 395264K, used 32606K [0x0000000080000000, 0x0000000100000000)
  region size 1024K, 1 young (1024K), 1 survivors (1024K)
 Metaspace       used 47667K, committed 48000K, reserved 1097728K
  class space    used 6245K, committed 6400K, reserved 1048576K
}
Event: 3.922 GC heap before
{Heap before GC invocations=13 (full 0):
 garbage-first heap   total 395264K, used 151390K [0x0000000080000000, 0x0000000100000000)
  region size 1024K, 116 young (118784K), 1 survivors (1024K)
 Metaspace       used 59788K, committed 60288K, reserved 1105920K
  class space    used 8101K, committed 8384K, reserved 1048576K
}
Event: 3.926 GC heap after
{Heap after GC invocations=14 (full 0):
 garbage-first heap   total 395264K, used 36858K [0x0000000080000000, 0x0000000100000000)
  region size 1024K, 7 young (7168K), 7 survivors (7168K)
 Metaspace       used 59788K, committed 60288K, reserved 1105920K
  class space    used 8101K, committed 8384K, reserved 1048576K
}
Event: 4.323 GC heap before
{Heap before GC invocations=15 (full 0):
 garbage-first heap   total 130048K, used 113658K [0x0000000080000000, 0x0000000100000000)
  region size 1024K, 70 young (71680K), 7 survivors (7168K)
 Metaspace       used 61628K, committed 62144K, reserved 1105920K
  class space    used 8323K, committed 8576K, reserved 1048576K
}
Event: 4.328 GC heap after
{Heap after GC invocations=16 (full 0):
 garbage-first heap   total 136192K, used 61847K [0x0000000080000000, 0x0000000100000000)
  region size 1024K, 10 young (10240K), 10 survivors (10240K)
 Metaspace       used 61628K, committed 62144K, reserved 1105920K
  class space    used 8323K, committed 8576K, reserved 1048576K
}
Event: 4.598 GC heap before
{Heap before GC invocations=16 (full 0):
 garbage-first heap   total 136192K, used 101783K [0x0000000080000000, 0x0000000100000000)
  region size 1024K, 50 young (51200K), 10 survivors (10240K)
 Metaspace       used 64977K, committed 65536K, reserved 1105920K
  class space    used 8781K, committed 9024K, reserved 1048576K
}
Event: 4.602 GC heap after
{Heap after GC invocations=17 (full 0):
 garbage-first heap   total 136192K, used 65430K [0x0000000080000000, 0x0000000100000000)
  region size 1024K, 3 young (3072K), 3 survivors (3072K)
 Metaspace       used 64977K, committed 65536K, reserved 1105920K
  class space    used 8781K, committed 9024K, reserved 1048576K
}
Event: 4.932 GC heap before
{Heap before GC invocations=17 (full 0):
 garbage-first heap   total 136192K, used 105366K [0x0000000080000000, 0x0000000100000000)
  region size 1024K, 42 young (43008K), 3 survivors (3072K)
 Metaspace       used 69862K, committed 70464K, reserved 1114112K
  class space    used 9441K, committed 9728K, reserved 1048576K
}
Event: 4.935 GC heap after
{Heap after GC invocations=18 (full 0):
 garbage-first heap   total 429056K, used 66108K [0x0000000080000000, 0x0000000100000000)
  region size 1024K, 4 young (4096K), 4 survivors (4096K)
 Metaspace       used 69862K, committed 70464K, reserved 1114112K
  class space    used 9441K, committed 9728K, reserved 1048576K
}
Event: 5.851 GC heap before
{Heap before GC invocations=19 (full 0):
 garbage-first heap   total 242688K, used 220732K [0x0000000080000000, 0x0000000100000000)
  region size 1024K, 146 young (149504K), 4 survivors (4096K)
 Metaspace       used 81367K, committed 82048K, reserved 1122304K
  class space    used 11005K, committed 11328K, reserved 1048576K
}
Event: 5.855 GC heap after
{Heap after GC invocations=20 (full 0):
 garbage-first heap   total 242688K, used 80415K [0x0000000080000000, 0x0000000100000000)
  region size 1024K, 14 young (14336K), 14 survivors (14336K)
 Metaspace       used 81367K, committed 82048K, reserved 1122304K
  class space    used 11005K, committed 11328K, reserved 1048576K
}
Event: 5.860 GC heap before
{Heap before GC invocations=20 (full 0):
 garbage-first heap   total 242688K, used 81439K [0x0000000080000000, 0x0000000100000000)
  region size 1024K, 15 young (15360K), 14 survivors (14336K)
 Metaspace       used 81423K, committed 82048K, reserved 1122304K
  class space    used 11015K, committed 11328K, reserved 1048576K
}
Event: 5.863 GC heap after
{Heap after GC invocations=21 (full 0):
 garbage-first heap   total 242688K, used 81796K [0x0000000080000000, 0x0000000100000000)
  region size 1024K, 2 young (2048K), 2 survivors (2048K)
 Metaspace       used 81423K, committed 82048K, reserved 1122304K
  class space    used 11015K, committed 11328K, reserved 1048576K
}

Dll operation events (3 events):
Event: 0.005 Loaded shared library C:\Program Files\Android\Android Studio\jbr\bin\java.dll
Event: 0.087 Loaded shared library C:\Program Files\Android\Android Studio\jbr\bin\zip.dll
Event: 0.242 Loaded shared library C:\Program Files\Android\Android Studio\jbr\bin\verify.dll

Deoptimization events (20 events):
Event: 6.038 Thread 0x000001526d4f5440 DEOPT PACKING pc=0x0000015256554bc4 sp=0x000000223d9fe590
Event: 6.038 Thread 0x000001526d4f5440 DEOPT UNPACKING pc=0x0000015255f169a3 sp=0x000000223d9fe480 mode 2
Event: 6.038 Thread 0x000001526d4f5440 Uncommon trap: trap_request=0xffffff45 fr.pc=0x00000152565537a4 relative=0x00000000000001e4
Event: 6.038 Thread 0x000001526d4f5440 Uncommon trap: reason=unstable_if action=reinterpret pc=0x00000152565537a4 method=com.esotericsoftware.kryo.io.Input.readVarInt(Z)I @ 42 c2
Event: 6.038 Thread 0x000001526d4f5440 DEOPT PACKING pc=0x00000152565537a4 sp=0x000000223d9fe4f0
Event: 6.038 Thread 0x000001526d4f5440 DEOPT UNPACKING pc=0x0000015255f169a3 sp=0x000000223d9fe498 mode 2
Event: 6.072 Thread 0x00000152694c5300 DEOPT PACKING pc=0x000001524f447031 sp=0x000000223cefe610
Event: 6.072 Thread 0x00000152694c5300 DEOPT UNPACKING pc=0x0000015255f17143 sp=0x000000223cefdab0 mode 0
Event: 6.082 Thread 0x00000152694c5300 DEOPT PACKING pc=0x000001524ea137a0 sp=0x000000223cefe1f0
Event: 6.082 Thread 0x00000152694c5300 DEOPT UNPACKING pc=0x0000015255f17143 sp=0x000000223cefd6b0 mode 0
Event: 6.085 Thread 0x00000152694c5300 DEOPT PACKING pc=0x000001524ea137a0 sp=0x000000223cefe1f0
Event: 6.085 Thread 0x00000152694c5300 DEOPT UNPACKING pc=0x0000015255f17143 sp=0x000000223cefd6b0 mode 0
Event: 6.087 Thread 0x00000152694c5300 DEOPT PACKING pc=0x000001524ea137a0 sp=0x000000223cefe1f0
Event: 6.087 Thread 0x00000152694c5300 DEOPT UNPACKING pc=0x0000015255f17143 sp=0x000000223cefd6b0 mode 0
Event: 6.089 Thread 0x00000152694c5300 DEOPT PACKING pc=0x000001524ea137a0 sp=0x000000223cefe1f0
Event: 6.089 Thread 0x00000152694c5300 DEOPT UNPACKING pc=0x0000015255f17143 sp=0x000000223cefd6b0 mode 0
Event: 6.092 Thread 0x00000152694c5300 DEOPT PACKING pc=0x000001524ea137a0 sp=0x000000223cefe1f0
Event: 6.092 Thread 0x00000152694c5300 DEOPT UNPACKING pc=0x0000015255f17143 sp=0x000000223cefd6b0 mode 0
Event: 6.097 Thread 0x00000152694c5300 DEOPT PACKING pc=0x000001524ea137a0 sp=0x000000223cefe1f0
Event: 6.097 Thread 0x00000152694c5300 DEOPT UNPACKING pc=0x0000015255f17143 sp=0x000000223cefd6b0 mode 0

Classes unloaded (0 events):
No events

Classes redefined (0 events):
No events

Internal exceptions (20 events):
Event: 5.522 Thread 0x0000015267f424b0 Exception <a 'java/lang/NoSuchMethodError'{0x0000000088ca1e50}: static Lorg/jetbrains/kotlin/gradle/plugin/internal/DefaultArtifactTypeAttributeAccessorVariantFactory;.<clinit>()V> (0x0000000088ca1e50) 
thrown [s\src\hotspot\share\prims\jni.cpp, line 1108]
Event: 5.523 Thread 0x0000015267f424b0 Exception <a 'java/lang/NoSuchMethodError'{0x0000000088cc0b88}: static Lorg/jetbrains/kotlin/gradle/plugin/internal/MavenPluginConfigurator$DefaultMavenPluginConfiguratorVariantFactory;.<clinit>()V> (0x0000000088cc0b88) 
thrown [s\src\hotspot\share\prims\jni.cpp, line 1108]
Event: 5.524 Thread 0x0000015267f424b0 Exception <a 'java/lang/NoSuchMethodError'{0x0000000088cde928}: static Lorg/jetbrains/kotlin/gradle/plugin/internal/DefaultJavaSourceSetsAccessorVariantFactory;.<clinit>()V> (0x0000000088cde928) 
thrown [s\src\hotspot\share\prims\jni.cpp, line 1108]
Event: 5.525 Thread 0x0000015267f424b0 Exception <a 'java/lang/NoSuchMethodError'{0x0000000088cfbdd8}: static Lorg/jetbrains/kotlin/gradle/targets/js/nodejs/DefaultUnameExecutorVariantFactory;.<clinit>()V> (0x0000000088cfbdd8) 
thrown [s\src\hotspot\share\prims\jni.cpp, line 1108]
Event: 5.525 Thread 0x0000015267f424b0 Exception <a 'java/lang/NoSuchMethodError'{0x0000000088b1a3b8}: static Lorg/jetbrains/kotlin/gradle/plugin/internal/DefaultBasePluginConfigurationVariantFactory;.<clinit>()V> (0x0000000088b1a3b8) 
thrown [s\src\hotspot\share\prims\jni.cpp, line 1108]
Event: 5.526 Thread 0x0000015267f424b0 Exception <a 'java/lang/NoSuchMethodError'{0x0000000088b37988}: static Lorg/jetbrains/kotlin/gradle/plugin/internal/DefaultIdeaSyncDetectorVariantFactory;.<clinit>()V> (0x0000000088b37988) 
thrown [s\src\hotspot\share\prims\jni.cpp, line 1108]
Event: 5.527 Thread 0x0000015267f424b0 Exception <a 'java/lang/NoSuchMethodError'{0x0000000088b564c8}: static Lorg/jetbrains/kotlin/gradle/plugin/internal/DefaultKotlinTestReportCompatibilityHelperVariantFactory;.<clinit>()V> (0x0000000088b564c8) 
thrown [s\src\hotspot\share\prims\jni.cpp, line 1108]
Event: 5.528 Thread 0x0000015267f424b0 Exception <a 'java/lang/NoSuchMethodError'{0x0000000088b5e8a8}: 'void java.lang.invoke.DirectMethodHandle$Holder.invokeSpecial(java.lang.Object, java.lang.Object, java.lang.Object, int)'> (0x0000000088b5e8a8) 
thrown [s\src\hotspot\share\interpreter\linkResolver.cpp, line 771]
Event: 5.948 Thread 0x0000015267f424b0 Exception <a 'java/lang/ClassNotFoundException'{0x000000008d7cabe0}: org/jetbrains/kotlin/gradle/targets/js/npm/DefaultNpmDependencyExtensionBeanInfo> (0x000000008d7cabe0) 
thrown [s\src\hotspot\share\classfile\systemDictionary.cpp, line 256]
Event: 5.948 Thread 0x0000015267f424b0 Exception <a 'java/lang/ClassNotFoundException'{0x000000008d7da690}: org/jetbrains/kotlin/gradle/targets/js/npm/DefaultNpmDependencyExtensionCustomizer> (0x000000008d7da690) 
thrown [s\src\hotspot\share\classfile\systemDictionary.cpp, line 256]
Event: 5.952 Thread 0x0000015267f424b0 Exception <a 'java/lang/ClassNotFoundException'{0x000000008d671958}: org/jetbrains/kotlin/gradle/targets/js/npm/NpmDependencyExtensionKt$defaultNpmDependencyDelegate$1BeanInfo> (0x000000008d671958) 
thrown [s\src\hotspot\share\classfile\systemDictionary.cpp, line 256]
Event: 5.952 Thread 0x0000015267f424b0 Exception <a 'java/lang/ClassNotFoundException'{0x000000008d681450}: org/jetbrains/kotlin/gradle/targets/js/npm/NpmDependencyExtensionDelegateBeanInfo> (0x000000008d681450) 
thrown [s\src\hotspot\share\classfile\systemDictionary.cpp, line 256]
Event: 5.952 Thread 0x0000015267f424b0 Exception <a 'java/lang/ClassNotFoundException'{0x000000008d6911a0}: org/jetbrains/kotlin/gradle/targets/js/npm/NpmDependencyExtensionDelegateCustomizer> (0x000000008d6911a0) 
thrown [s\src\hotspot\share\classfile\systemDictionary.cpp, line 256]
Event: 5.953 Thread 0x0000015267f424b0 Exception <a 'java/lang/ClassNotFoundException'{0x000000008d6b6490}: org/jetbrains/kotlin/gradle/targets/js/npm/NpmDependencyExtensionKt$defaultNpmDependencyDelegate$1Customizer> (0x000000008d6b6490) 
thrown [s\src\hotspot\share\classfile\systemDictionary.cpp, line 256]
Event: 5.955 Thread 0x0000015267f424b0 Exception <a 'java/lang/ClassNotFoundException'{0x000000008d6fc770}: org/jetbrains/kotlin/gradle/targets/js/npm/DefaultDevNpmDependencyExtensionBeanInfo> (0x000000008d6fc770) 
thrown [s\src\hotspot\share\classfile\systemDictionary.cpp, line 256]
Event: 5.955 Thread 0x0000015267f424b0 Exception <a 'java/lang/ClassNotFoundException'{0x000000008d50c7d8}: org/jetbrains/kotlin/gradle/targets/js/npm/DefaultDevNpmDependencyExtensionCustomizer> (0x000000008d50c7d8) 
thrown [s\src\hotspot\share\classfile\systemDictionary.cpp, line 256]
Event: 5.957 Thread 0x0000015267f424b0 Exception <a 'java/lang/ClassNotFoundException'{0x000000008d555de0}: org/jetbrains/kotlin/gradle/targets/js/npm/DefaultPeerNpmDependencyExtensionBeanInfo> (0x000000008d555de0) 
thrown [s\src\hotspot\share\classfile\systemDictionary.cpp, line 256]
Event: 5.957 Thread 0x0000015267f424b0 Exception <a 'java/lang/ClassNotFoundException'{0x000000008d565908}: org/jetbrains/kotlin/gradle/targets/js/npm/DefaultPeerNpmDependencyExtensionCustomizer> (0x000000008d565908) 
thrown [s\src\hotspot\share\classfile\systemDictionary.cpp, line 256]
Event: 5.959 Thread 0x0000015267f424b0 Exception <a 'java/lang/ClassNotFoundException'{0x000000008d5bd798}: org/jetbrains/kotlin/gradle/targets/js/npm/DefaultPeerNpmDependencyExtension$delegate$1BeanInfo> (0x000000008d5bd798) 
thrown [s\src\hotspot\share\classfile\systemDictionary.cpp, line 256]
Event: 5.959 Thread 0x0000015267f424b0 Exception <a 'java/lang/ClassNotFoundException'{0x000000008d5cd538}: org/jetbrains/kotlin/gradle/targets/js/npm/DefaultPeerNpmDependencyExtension$delegate$1Customizer> (0x000000008d5cd538) 
thrown [s\src\hotspot\share\classfile\systemDictionary.cpp, line 256]

VM Operations (20 events):
Event: 4.959 Executing VM operation: G1Concurrent
Event: 4.959 Executing VM operation: G1Concurrent done
Event: 4.978 Executing VM operation: HandshakeAllThreads
Event: 4.978 Executing VM operation: HandshakeAllThreads done
Event: 5.055 Executing VM operation: HandshakeAllThreads
Event: 5.055 Executing VM operation: HandshakeAllThreads done
Event: 5.266 Executing VM operation: ICBufferFull
Event: 5.266 Executing VM operation: ICBufferFull done
Event: 5.421 Executing VM operation: HandshakeAllThreads
Event: 5.421 Executing VM operation: HandshakeAllThreads done
Event: 5.519 Executing VM operation: ICBufferFull
Event: 5.519 Executing VM operation: ICBufferFull done
Event: 5.570 Executing VM operation: HandshakeAllThreads
Event: 5.570 Executing VM operation: HandshakeAllThreads done
Event: 5.851 Executing VM operation: G1CollectForAllocation
Event: 5.855 Executing VM operation: G1CollectForAllocation done
Event: 5.860 Executing VM operation: G1CollectForAllocation
Event: 5.863 Executing VM operation: G1CollectForAllocation done
Event: 6.090 Executing VM operation: ICBufferFull
Event: 6.090 Executing VM operation: ICBufferFull done

Events (20 events):
Event: 5.529 loading class java/io/ObjectInputStream$HandleTable$HandleList
Event: 5.529 loading class java/io/ObjectInputStream$HandleTable$HandleList done
Event: 5.529 loading class java/io/ObjectInputStream$ValidationList
Event: 5.529 loading class java/io/ObjectInputStream$ValidationList done
Event: 5.529 loading class java/io/ObjectInputFilter$Config
Event: 5.529 loading class java/io/ObjectInputFilter$Config done
Event: 5.530 loading class java/io/ObjectInputFilter
Event: 5.530 loading class java/io/ObjectInputFilter done
Event: 5.530 loading class java/io/ObjectInputFilter$Config$BuiltinFilterFactory
Event: 5.530 loading class java/io/ObjectInputFilter$Config$BuiltinFilterFactory done
Event: 5.530 loading class jdk/internal/access/JavaObjectInputFilterAccess
Event: 5.530 loading class jdk/internal/access/JavaObjectInputFilterAccess done
Event: 5.530 loading class jdk/internal/event/DeserializationEvent
Event: 5.530 loading class jdk/internal/event/DeserializationEvent done
Event: 5.530 loading class java/io/ObjectInputStream$FieldValues
Event: 5.530 loading class java/io/ObjectInputStream$GetField
Event: 5.530 loading class java/io/ObjectInputStream$GetField done
Event: 5.530 loading class java/io/ObjectInputStream$FieldValues done
Event: 5.688 Thread 0x0000015267023a40 Thread exited: 0x0000015267023a40
Event: 6.027 Thread 0x000001526dcd4560 Thread added: 0x000001526dcd4560


Dynamic libraries:
0x00007ff6cfa90000 - 0x00007ff6cfa9a000 	C:\Program Files\Android\Android Studio\jbr\bin\java.exe
0x00007ff83f670000 - 0x00007ff83f884000 	C:\Windows\SYSTEM32\ntdll.dll
0x00007ff83e050000 - 0x00007ff83e114000 	C:\Windows\System32\KERNEL32.DLL
0x00007ff83cea0000 - 0x00007ff83d244000 	C:\Windows\System32\KERNELBASE.dll
0x00007ff8390e0000 - 0x00007ff839177000 	C:\Windows\SYSTEM32\apphelp.dll
0x00007ff83caf0000 - 0x00007ff83cc01000 	C:\Windows\System32\ucrtbase.dll
0x00007ff825600000 - 0x00007ff825617000 	C:\Program Files\Android\Android Studio\jbr\bin\jli.dll
0x00007ff836ed0000 - 0x00007ff836eeb000 	C:\Program Files\Android\Android Studio\jbr\bin\VCRUNTIME140.dll
0x00007ff83dc20000 - 0x00007ff83ddca000 	C:\Windows\System32\USER32.dll
0x00007ff83bda0000 - 0x00007ff83c02f000 	C:\Windows\WinSxS\amd64_microsoft.windows.common-controls_6595b64144ccf1df_6.0.22621.2070_none_2713e6537381f706\COMCTL32.dll
0x00007ff83cc10000 - 0x00007ff83cc36000 	C:\Windows\System32\win32u.dll
0x00007ff83e4b0000 - 0x00007ff83e557000 	C:\Windows\System32\msvcrt.dll
0x00007ff83ddd0000 - 0x00007ff83ddf9000 	C:\Windows\System32\GDI32.dll
0x00007ff83cc40000 - 0x00007ff83cd59000 	C:\Windows\System32\gdi32full.dll
0x00007ff83ca50000 - 0x00007ff83caea000 	C:\Windows\System32\msvcp_win.dll
0x00007ff83f150000 - 0x00007ff83f181000 	C:\Windows\System32\IMM32.DLL
0x00007ff836ec0000 - 0x00007ff836ecc000 	C:\Program Files\Android\Android Studio\jbr\bin\vcruntime140_1.dll
0x00007fffcfa90000 - 0x00007fffcfb1d000 	C:\Program Files\Android\Android Studio\jbr\bin\msvcp140.dll
0x00007fffc3c90000 - 0x00007fffc48fe000 	C:\Program Files\Android\Android Studio\jbr\bin\server\jvm.dll
0x00007ff83f190000 - 0x00007ff83f240000 	C:\Windows\System32\ADVAPI32.dll
0x00007ff83f0a0000 - 0x00007ff83f146000 	C:\Windows\System32\sechost.dll
0x00007ff83e700000 - 0x00007ff83e817000 	C:\Windows\System32\RPCRT4.dll
0x00007ff836f90000 - 0x00007ff836f99000 	C:\Windows\SYSTEM32\WSOCK32.dll
0x00007ff831ce0000 - 0x00007ff831d14000 	C:\Windows\SYSTEM32\WINMM.dll
0x00007ff8391c0000 - 0x00007ff8391ca000 	C:\Windows\SYSTEM32\VERSION.dll
0x00007ff83d430000 - 0x00007ff83d4a1000 	C:\Windows\System32\WS2_32.dll
0x00007ff83aa70000 - 0x00007ff83aa88000 	C:\Windows\SYSTEM32\kernel.appcore.dll
0x00007ff832930000 - 0x00007ff83293a000 	C:\Program Files\Android\Android Studio\jbr\bin\jimage.dll
0x00007ff83c360000 - 0x00007ff83c58e000 	C:\Windows\SYSTEM32\DBGHELP.DLL
0x00007ff83e120000 - 0x00007ff83e4aa000 	C:\Windows\System32\combase.dll
0x00007ff83db30000 - 0x00007ff83dc07000 	C:\Windows\System32\OLEAUT32.dll
0x00007ff83c210000 - 0x00007ff83c242000 	C:\Windows\SYSTEM32\dbgcore.DLL
0x00007ff83cd60000 - 0x00007ff83cdda000 	C:\Windows\System32\bcryptPrimitives.dll
0x00007ff825620000 - 0x00007ff82562e000 	C:\Program Files\Android\Android Studio\jbr\bin\instrument.dll
0x00007ff825f80000 - 0x00007ff825fa5000 	C:\Program Files\Android\Android Studio\jbr\bin\java.dll
0x00007ff825680000 - 0x00007ff825698000 	C:\Program Files\Android\Android Studio\jbr\bin\zip.dll
0x00007ff83e880000 - 0x00007ff83f096000 	C:\Windows\System32\SHELL32.dll
0x00007ff839ab0000 - 0x00007ff83a39a000 	C:\Windows\SYSTEM32\windows.storage.dll
0x00007ff839970000 - 0x00007ff839aae000 	C:\Windows\SYSTEM32\wintypes.dll
0x00007ff83f300000 - 0x00007ff83f3f3000 	C:\Windows\System32\SHCORE.dll
0x00007ff83d650000 - 0x00007ff83d6ae000 	C:\Windows\System32\shlwapi.dll
0x00007ff83c980000 - 0x00007ff83c9a6000 	C:\Windows\SYSTEM32\profapi.dll
0x00007ff825660000 - 0x00007ff825679000 	C:\Program Files\Android\Android Studio\jbr\bin\net.dll
0x00007ff8348b0000 - 0x00007ff8349e7000 	C:\Windows\SYSTEM32\WINHTTP.dll
0x00007ff83af90000 - 0x00007ff83aff9000 	C:\Windows\system32\mswsock.dll
0x00007ff825640000 - 0x00007ff825656000 	C:\Program Files\Android\Android Studio\jbr\bin\nio.dll
0x00007ff825630000 - 0x00007ff825640000 	C:\Program Files\Android\Android Studio\jbr\bin\verify.dll
0x00007ff8167c0000 - 0x00007ff8167e7000 	C:\Users\dk\.gradle\native\68d5fa5c4cc2d200863cafc0d521ce42e7d3e7ee720ec0a83991735586a16f82\windows-amd64\native-platform.dll
0x00007fffcf940000 - 0x00007fffcfa84000 	C:\Users\dk\.gradle\native\e376f236ea51e6404a007f0833ffe2c6e607c4080706a723a18a27aeea778392\windows-amd64\native-platform-file-events.dll
0x00007ff8214c0000 - 0x00007ff8214c9000 	C:\Program Files\Android\Android Studio\jbr\bin\management.dll
0x00007ff81ef30000 - 0x00007ff81ef3b000 	C:\Program Files\Android\Android Studio\jbr\bin\management_ext.dll
0x00007ff83f260000 - 0x00007ff83f268000 	C:\Windows\System32\PSAPI.DLL
0x00007ff83c680000 - 0x00007ff83c69b000 	C:\Windows\SYSTEM32\CRYPTSP.dll
0x00007ff83aaf0000 - 0x00007ff83ab25000 	C:\Windows\system32\rsaenh.dll
0x00007ff83b030000 - 0x00007ff83b05c000 	C:\Windows\SYSTEM32\USERENV.dll
0x00007ff83c250000 - 0x00007ff83c278000 	C:\Windows\SYSTEM32\bcrypt.dll
0x00007ff83b290000 - 0x00007ff83b29c000 	C:\Windows\SYSTEM32\CRYPTBASE.dll
0x00007ff83a640000 - 0x00007ff83a66d000 	C:\Windows\SYSTEM32\IPHLPAPI.DLL
0x00007ff83de00000 - 0x00007ff83de09000 	C:\Windows\System32\NSI.dll
0x00007ff834650000 - 0x00007ff834669000 	C:\Windows\SYSTEM32\dhcpcsvc6.DLL
0x00007ff8345f0000 - 0x00007ff83460f000 	C:\Windows\SYSTEM32\dhcpcsvc.DLL
0x00007ff83a670000 - 0x00007ff83a763000 	C:\Windows\SYSTEM32\DNSAPI.dll
0x00007ff80a480000 - 0x00007ff80a488000 	C:\Windows\system32\wshunix.dll

dbghelp: loaded successfully - version: 4.0.5 - missing functions: none
symbol engine: initialized successfully - sym options: 0x614 - pdb path: .;C:\Program Files\Android\Android Studio\jbr\bin;C:\Windows\SYSTEM32;C:\Windows\WinSxS\amd64_microsoft.windows.common-controls_6595b64144ccf1df_6.0.22621.2070_none_2713e6537381f706;C:\Program Files\Android\Android Studio\jbr\bin\server;C:\Users\dk\.gradle\native\68d5fa5c4cc2d200863cafc0d521ce42e7d3e7ee720ec0a83991735586a16f82\windows-amd64;C:\Users\dk\.gradle\native\e376f236ea51e6404a007f0833ffe2c6e607c4080706a723a18a27aeea778392\windows-amd64

VM Arguments:
jvm_args: --add-opens=java.base/java.util=ALL-UNNAMED --add-opens=java.base/java.lang=ALL-UNNAMED --add-opens=java.base/java.lang.invoke=ALL-UNNAMED --add-opens=java.prefs/java.util.prefs=ALL-UNNAMED --add-opens=java.base/java.nio.charset=ALL-UNNAMED --add-opens=java.base/java.net=ALL-UNNAMED --add-opens=java.base/java.util.concurrent.atomic=ALL-UNNAMED -Xmx2048m -Dfile.encoding=UTF-8 -Duser.country=US -Duser.language=en -Duser.variant -javaagent:C:\Users\dk\.gradle\wrapper\dists\gradle-8.2.1-bin\5hap6b9n41hkg4jeh2au2pllh\gradle-8.2.1\lib\agents\gradle-instrumentation-agent-8.2.1.jar 
java_command: org.gradle.launcher.daemon.bootstrap.GradleDaemon 8.2.1
java_class_path (initial): C:\Users\dk\.gradle\wrapper\dists\gradle-8.2.1-bin\5hap6b9n41hkg4jeh2au2pllh\gradle-8.2.1\lib\gradle-launcher-8.2.1.jar
Launcher Type: SUN_STANDARD

[Global flags]
     intx CICompilerCount                          = 4                                         {product} {ergonomic}
     uint ConcGCThreads                            = 3                                         {product} {ergonomic}
     uint G1ConcRefinementThreads                  = 10                                        {product} {ergonomic}
   size_t G1HeapRegionSize                         = 1048576                                   {product} {ergonomic}
    uintx GCDrainStackTargetSize                   = 64                                        {product} {ergonomic}
   size_t InitialHeapSize                          = 738197504                                 {product} {ergonomic}
   size_t MarkStackSize                            = 4194304                                   {product} {ergonomic}
   size_t MaxHeapSize                              = 2147483648                                {product} {command line}
   size_t MaxNewSize                               = 1287651328                                {product} {ergonomic}
   size_t MinHeapDeltaBytes                        = 1048576                                   {product} {ergonomic}
   size_t MinHeapSize                              = 8388608                                   {product} {ergonomic}
    uintx NonNMethodCodeHeapSize                   = 5839372                                {pd product} {ergonomic}
    uintx NonProfiledCodeHeapSize                  = 122909434                              {pd product} {ergonomic}
    uintx ProfiledCodeHeapSize                     = 122909434                              {pd product} {ergonomic}
    uintx ReservedCodeCacheSize                    = 251658240                              {pd product} {ergonomic}
     bool SegmentedCodeCache                       = true                                      {product} {ergonomic}
   size_t SoftMaxHeapSize                          = 2147483648                             {manageable} {ergonomic}
     bool UseCompressedClassPointers               = true                           {product lp64_product} {ergonomic}
     bool UseCompressedOops                        = true                           {product lp64_product} {ergonomic}
     bool UseG1GC                                  = true                                      {product} {ergonomic}
     bool UseLargePagesIndividualAllocation        = false                                  {pd product} {ergonomic}

Logging:
Log output configuration:
 #0: stdout all=warning uptime,level,tags
 #1: stderr all=off uptime,level,tags

Environment Variables:
JAVA_HOME=C:\Program Files\Java\jdk-20
CLASSPATH=C:\Program Files\Java\jdk-20\lib\*.jar
PATH=C:\Users\dk\miniconda3;C:\Program Files\Git\cmd;C:\Program Files\Git;C:\Program Files\Git\bin;C:\bin;C:\Users\dk\bin;C:\Program Files\Python311\Scripts\;C:\Program Files\Python311\;C:\Program Files\Java\jdk-20\bin;C:\Program Files\Java\jdk-20;C:\scrcpy;C:\Program Files\platform-tools;C:\Program Files\Java\jdk-19\bin;C:\Program Files\Common Files\Oracle\Java\javapath;C:\Program Files (x86)\Common Files\Oracle\Java\javapath;C:\Windows\system32;C:\Windows;C:\Windows\System32\Wbem;C:\Windows\System32\WindowsPowerShell\v1.0\;C:\Windows\System32\OpenSSH\;C:\Program Files\dotnet\;C:\Program Files\nodejs\;C:\Program Files\Git\cmd;C:\Program Files\PowerShell\7\;C:\Users\dk\AppData\Local\Microsoft\WindowsApps;C:\Users\dk\AppData\Roaming\npm;C:\Program Files\JetBrains\IntelliJ IDEA Community Edition 2023.1.3\bin
USERNAME=dk
OS=Windows_NT
PROCESSOR_IDENTIFIER=AMD64 Family 25 Model 80 Stepping 0, AuthenticAMD
TMP=C:\Users\dk\AppData\Local\Temp
TEMP=C:\Users\dk\AppData\Local\Temp


JNI global refs:
JNI global refs: 30, weak refs: 4

JNI global refs memory usage: 843, weak refs: 841


---------------  S Y S T E M  ---------------

OS:
 Windows 11 , 64 bit Build 22621 (10.0.22621.2070)
OS uptime: 0 days 0:13 hours
Hyper-V role detected

CPU: total 12 (initial active 12) (12 cores per cpu, 2 threads per core) family 25 model 80 stepping 0 microcode 0x0, cx8, cmov, fxsr, ht, mmx, 3dnowpref, sse, sse2, sse3, ssse3, sse4a, sse4.1, sse4.2, popcnt, lzcnt, tsc, tscinvbit, avx, avx2, aes, erms, clmul, bmi1, bmi2, adx, sha, fma, vzeroupper, clflush, clflushopt, hv

Memory: 4k page, system-wide physical 44949M (32000M free)
TotalPageFile size 55189M (AvailPageFile size 41455M)
current process WorkingSet (physical memory assigned to process): 483M, peak: 483M
current process commit charge ("private bytes"): 521M, peak: 879M

vm_info: OpenJDK 64-Bit Server VM (17.0.6+0-b2043.56-10027231) for windows-amd64 JRE (17.0.6+0-b2043.56-10027231), built on Apr 28 2023 00:43:19 by "androidbuild" with MS VC++ 16.10 / 16.11 (VS2019)

END.
