#
# A fatal error has been detected by the Java Runtime Environment:
#
#  EXCEPTION_ACCESS_VIOLATION (0xc0000005) at pc=0x00007fffc4337753, pid=17240, tid=6612
#
# JRE version: OpenJDK Runtime Environment (17.0.6) (build 17.0.6+0-b2043.56-10027231)
# Java VM: OpenJDK 64-Bit Server VM (17.0.6+0-b2043.56-10027231, mixed mode, tiered, compressed oops, compressed class ptrs, g1 gc, windows-amd64)
# Problematic frame:
# V  [jvm.dll+0x6a7753]
#
# No core dump will be written. Minidumps are not enabled by default on client versions of Windows
#
# If you would like to submit a bug report, please visit:
#   https://bugreport.java.com/bugreport/crash.jsp
#

---------------  S U M M A R Y ------------

Command Line: --add-opens=java.base/java.util=ALL-UNNAMED --add-opens=java.base/java.lang=ALL-UNNAMED --add-opens=java.base/java.lang.invoke=ALL-UNNAMED --add-opens=java.prefs/java.util.prefs=ALL-UNNAMED --add-opens=java.base/java.nio.charset=ALL-UNNAMED --add-opens=java.base/java.net=ALL-UNNAMED --add-opens=java.base/java.util.concurrent.atomic=ALL-UNNAMED -Xmx2048m -Dfile.encoding=UTF-8 -Duser.country=US -Duser.language=en -Duser.variant -javaagent:C:\Users\dk\.gradle\wrapper\dists\gradle-8.2.1-bin\5hap6b9n41hkg4jeh2au2pllh\gradle-8.2.1\lib\agents\gradle-instrumentation-agent-8.2.1.jar org.gradle.launcher.daemon.bootstrap.GradleDaemon 8.2.1

Host: AMD Ryzen 5 5600G with Radeon Graphics         , 12 cores, 43G,  Windows 11 , 64 bit Build 22621 (10.0.22621.2070)
Time: Sat Aug 12 16:47:29 2023 India Standard Time elapsed time: 5.722999 seconds (0d 0h 0m 5s)

---------------  T H R E A D  ---------------

Current thread (0x0000023fc772dff0):  JavaThread "C2 CompilerThread0" daemon [_thread_in_native, id=6612, stack(0x000000b690800000,0x000000b690900000)]


Current CompileTask:
C2:   5723 6017       4       java.lang.String::split (327 bytes)

Stack: [0x000000b690800000,0x000000b690900000],  sp=0x000000b6908fb7b0,  free space=1005k
Native frames: (J=compiled Java code, j=interpreted, Vv=VM code, C=native code)
V  [jvm.dll+0x6a7753]
V  [jvm.dll+0x6a7868]
V  [jvm.dll+0x6aaa20]
V  [jvm.dll+0x6a966a]
V  [jvm.dll+0x21d1b0]
V  [jvm.dll+0x21b51b]
V  [jvm.dll+0x1a4fdd]
V  [jvm.dll+0x22b098]
V  [jvm.dll+0x229159]
V  [jvm.dll+0x7f81ec]
V  [jvm.dll+0x7f274a]
V  [jvm.dll+0x682ad5]
C  [ucrtbase.dll+0x29363]
C  [KERNEL32.DLL+0x126ad]
C  [ntdll.dll+0x5aa68]


siginfo: EXCEPTION_ACCESS_VIOLATION (0xc0000005), reading address 0x0000000000000028


Register to memory mapping:

RIP=0x00007fffc4337753 jvm.dll
RAX=0x00000000c48211c8 is an unallocated location in the heap
RBX=0x0000023fcad965a8 points into unknown readable memory: 0x00007fffc45b5928 | 28 59 5b c4 ff 7f 00 00
RCX=0x000000b6908fbac0 is pointing into the stack for thread: 0x0000023fc772dff0
RDX=0x0000023fcd7fbb90 points into unknown readable memory: 0x00007fffc48211c8 | c8 11 82 c4 ff 7f 00 00
RSP=0x000000b6908fb7b0 is pointing into the stack for thread: 0x0000023fc772dff0
RBP=0x0000000000000100 is an unknown value
RSI=0x000000b6908fc4a0 is pointing into the stack for thread: 0x0000023fc772dff0
RDI=0x00007fffc48211c8 jvm.dll
R8 =0x0000000000000100 is an unknown value
R9 =0x0 is NULL
R10=0x00007ff81cf60000 VCRUNTIME140.dll
R11=0x0000023fd3edf050 points into unknown readable memory: 0x0000000000000000 | 00 00 00 00 00 00 00 00
R12=0x00008005e892a008 is an unknown value
R13=0x0000023fad2ad7f0 points into unknown readable memory: 0x00007fffc45f0310 | 10 03 5f c4 ff 7f 00 00
R14=0x0 is NULL
R15=0x000000b6908fbac0 is pointing into the stack for thread: 0x0000023fc772dff0


Registers:
RAX=0x00000000c48211c8, RBX=0x0000023fcad965a8, RCX=0x000000b6908fbac0, RDX=0x0000023fcd7fbb90
RSP=0x000000b6908fb7b0, RBP=0x0000000000000100, RSI=0x000000b6908fc4a0, RDI=0x00007fffc48211c8
R8 =0x0000000000000100, R9 =0x0000000000000000, R10=0x00007ff81cf60000, R11=0x0000023fd3edf050
R12=0x00008005e892a008, R13=0x0000023fad2ad7f0, R14=0x0000000000000000, R15=0x000000b6908fbac0
RIP=0x00007fffc4337753, EFLAGS=0x0000000000010287

Top of Stack: (sp=0x000000b6908fb7b0)
0x000000b6908fb7b0:   000000000624108e 0000023fc8793be8
0x000000b6908fb7c0:   0000000000000001 00007fffc3e45c19
0x000000b6908fb7d0:   000000b6908fbac0 0000000000000000
0x000000b6908fb7e0:   0000023fad2ad7f0 00007fffc4337868
0x000000b6908fb7f0:   0000023fcad965a8 0000000000000100
0x000000b6908fb800:   0000000000000000 0000023fcd7fbb90
0x000000b6908fb810:   0000023fc778abc8 0000023fcd780018
0x000000b6908fb820:   0000000000000000 00007fffc3e497ca
0x000000b6908fb830:   0000023fcd780020 00007fffc3e4936d
0x000000b6908fb840:   0000023fc778abc8 00000000000007f8
0x000000b6908fb850:   0000023fad2ad7f0 0000000000000000
0x000000b6908fb860:   0000023fc8793be8 000000b6908fbac0
0x000000b6908fb870:   00000000000027df 0000023fd1fcb150
0x000000b6908fb880:   0000023fcad965a8 00007fffc433aa20
0x000000b6908fb890:   000000b6908fbac0 0000023fcad965a8
0x000000b6908fb8a0:   0000000000000100 0000023fcd7fbb90 

Instructions: (pc=0x00007fffc4337753)
0x00007fffc4337653:   29 4e a0 ff 48 8b 4d 18 48 8d 04 19 48 3b 45 20
0x00007fffc4337663:   76 13 45 33 c0 48 8b d3 48 8b cd e8 cd 4b a0 ff
0x00007fffc4337673:   48 8b c8 eb 04 48 89 45 18 48 89 8e a0 09 00 00
0x00007fffc4337683:   b9 40 00 00 00 e8 73 74 96 ff 48 8b d8 48 85 c0
0x00007fffc4337693:   74 29 33 d2 48 8b c8 e8 81 7d fb ff 83 4b 30 40
0x00007fffc43376a3:   48 8d 05 5e 80 21 00 48 89 03 44 89 73 38 44 88
0x00007fffc43376b3:   73 3c c7 43 2c 08 00 00 00 eb 03 49 8b de 44 8b
0x00007fffc43376c3:   86 90 09 00 00 33 d2 48 8b 8e a0 09 00 00 49 c1
0x00007fffc43376d3:   e0 03 48 89 9e a8 09 00 00 e8 b1 75 1f 00 48 8b
0x00007fffc43376e3:   5c 24 30 48 8b c6 48 8b 6c 24 38 48 8b 7c 24 48
0x00007fffc43376f3:   44 88 b6 b0 09 00 00 48 8b 74 24 40 48 83 c4 20
0x00007fffc4337703:   41 5e c3 cc cc cc cc cc cc cc cc cc cc 40 57 41
0x00007fffc4337713:   54 48 83 ec 28 48 8b 7a 10 8b 42 20 4c 8d 24 c7
0x00007fffc4337723:   49 3b fc 0f 83 a8 00 00 00 48 89 5c 24 40 48 89
0x00007fffc4337733:   6c 24 48 48 89 74 24 50 48 8d b1 e0 09 00 00 4c
0x00007fffc4337743:   89 74 24 58 4c 89 7c 24 20 0f 1f 40 00 4c 8b 37
0x00007fffc4337753:   41 8b 6e 28 8b dd c1 eb 05 3b 5e 20 72 0b 8b d3
0x00007fffc4337763:   48 8d 4e 20 e8 24 47 18 00 48 8b 46 28 83 e5 1f
0x00007fffc4337773:   48 8d 14 98 40 0f b6 cd 41 b8 01 00 00 00 41 d3
0x00007fffc4337783:   e0 8b 0a 8b c1 41 0b c0 89 02 41 85 c8 75 20 8b
0x00007fffc4337793:   5e 18 8d 43 01 89 46 18 3b 5e 08 72 0a 8b d3 48
0x00007fffc43377a3:   8b ce e8 e6 95 fb ff 48 8b 46 10 4c 89 34 d8 48
0x00007fffc43377b3:   83 c7 08 49 3b fc 72 95 4c 8b 7c 24 20 4c 8b 74
0x00007fffc43377c3:   24 58 48 8b 74 24 50 48 8b 6c 24 48 48 8b 5c 24
0x00007fffc43377d3:   40 48 83 c4 28 41 5c 5f c3 cc cc cc cc 48 89 54
0x00007fffc43377e3:   24 10 48 89 4c 24 08 53 41 57 48 81 ec 88 00 00
0x00007fffc43377f3:   00 48 8b da 4c 8b f9 e8 11 ff ff ff 48 8b 4b 10
0x00007fffc4337803:   8b 43 20 48 89 4c 24 28 48 8d 04 c1 48 89 44 24
0x00007fffc4337813:   40 48 3b c8 0f 83 a1 07 00 00 48 89 ac 24 80 00
0x00007fffc4337823:   00 00 48 89 74 24 78 48 89 7c 24 70 4c 89 64 24
0x00007fffc4337833:   68 4c 89 6c 24 60 4c 89 74 24 58 66 90 4c 8b 31
0x00007fffc4337843:   4c 89 b4 24 b8 00 00 00 41 f6 46 2c 01 75 0b 41 


Stack slot to memory mapping:
stack at sp + 0 slots: 0x000000000624108e is an unknown value
stack at sp + 1 slots: 0x0000023fc8793be8 points into unknown readable memory: 0x00007fffc45b5928 | 28 59 5b c4 ff 7f 00 00
stack at sp + 2 slots: 0x0000000000000001 is an unknown value
stack at sp + 3 slots: 0x00007fffc3e45c19 jvm.dll
stack at sp + 4 slots: 0x000000b6908fbac0 is pointing into the stack for thread: 0x0000023fc772dff0
stack at sp + 5 slots: 0x0 is NULL
stack at sp + 6 slots: 0x0000023fad2ad7f0 points into unknown readable memory: 0x00007fffc45f0310 | 10 03 5f c4 ff 7f 00 00
stack at sp + 7 slots: 0x00007fffc4337868 jvm.dll


---------------  P R O C E S S  ---------------

Threads class SMR info:
_java_thread_list=0x0000023fd2f029d0, length=62, elements={
0x0000023fad2969f0, 0x0000023fc76d35e0, 0x0000023fc76d61a0, 0x0000023fc76f0cf0,
0x0000023fc76f18a0, 0x0000023fc76f4260, 0x0000023fc76f5a30, 0x0000023fc772dff0,
0x0000023fc7741350, 0x0000023fc7745570, 0x0000023fc766f890, 0x0000023fc84626a0,
0x0000023fcaddb9a0, 0x0000023fc8f931b0, 0x0000023fca9165e0, 0x0000023fcb32ac80,
0x0000023fcb327d10, 0x0000023fca725130, 0x0000023fc91ff1e0, 0x0000023fc86f93e0,
0x0000023fc86f63c0, 0x0000023fc86f98b0, 0x0000023fc86f7bd0, 0x0000023fc86f6890,
0x0000023fc86f8570, 0x0000023fcabd6740, 0x0000023fcabd6270, 0x0000023fcabd4590,
0x0000023fcabd9290, 0x0000023fcabd75b0, 0x0000023fcabd3720, 0x0000023fcabd4a60,
0x0000023fcabd1f10, 0x0000023fcabd3250, 0x0000023fcabd8420, 0x0000023fcabd7a80,
0x0000023fcabd6c10, 0x0000023fcabd4f30, 0x0000023fcabd5400, 0x0000023fcabd58d0,
0x0000023fcabd2d80, 0x0000023fcabd40c0, 0x0000023fcabee810, 0x0000023fcabf15a0,
0x0000023fc86f8a40, 0x0000023fc86f9d80, 0x0000023fcde0c870, 0x0000023fcde0b530,
0x0000023fcde0ba00, 0x0000023fcde0f890, 0x0000023fcde10bd0, 0x0000023fcde0d6e0,
0x0000023fcde0d210, 0x0000023fcde11a40, 0x0000023fcde11f10, 0x0000023fcde10700,
0x0000023fcde0bed0, 0x0000023fcde0c3a0, 0x0000023fcde0e550, 0x0000023fcde0cd40,
0x0000023fcde123e0, 0x0000023fcde0dbb0
}

Java Threads: ( => current thread )
  0x0000023fad2969f0 JavaThread "main" [_thread_blocked, id=16960, stack(0x000000b68fb00000,0x000000b68fc00000)]
  0x0000023fc76d35e0 JavaThread "Reference Handler" daemon [_thread_blocked, id=9792, stack(0x000000b690200000,0x000000b690300000)]
  0x0000023fc76d61a0 JavaThread "Finalizer" daemon [_thread_blocked, id=5868, stack(0x000000b690300000,0x000000b690400000)]
  0x0000023fc76f0cf0 JavaThread "Signal Dispatcher" daemon [_thread_blocked, id=16248, stack(0x000000b690400000,0x000000b690500000)]
  0x0000023fc76f18a0 JavaThread "Attach Listener" daemon [_thread_blocked, id=7712, stack(0x000000b690500000,0x000000b690600000)]
  0x0000023fc76f4260 JavaThread "Service Thread" daemon [_thread_blocked, id=12860, stack(0x000000b690600000,0x000000b690700000)]
  0x0000023fc76f5a30 JavaThread "Monitor Deflation Thread" daemon [_thread_blocked, id=5508, stack(0x000000b690700000,0x000000b690800000)]
=>0x0000023fc772dff0 JavaThread "C2 CompilerThread0" daemon [_thread_in_native, id=6612, stack(0x000000b690800000,0x000000b690900000)]
  0x0000023fc7741350 JavaThread "C1 CompilerThread0" daemon [_thread_blocked, id=13612, stack(0x000000b690900000,0x000000b690a00000)]
  0x0000023fc7745570 JavaThread "Sweeper thread" daemon [_thread_blocked, id=16956, stack(0x000000b690a00000,0x000000b690b00000)]
  0x0000023fc766f890 JavaThread "Common-Cleaner" daemon [_thread_blocked, id=10120, stack(0x000000b690b00000,0x000000b690c00000)]
  0x0000023fc84626a0 JavaThread "Notification Thread" daemon [_thread_blocked, id=14772, stack(0x000000b690c00000,0x000000b690d00000)]
  0x0000023fcaddb9a0 JavaThread "Daemon health stats" [_thread_blocked, id=10092, stack(0x000000b691900000,0x000000b691a00000)]
  0x0000023fc8f931b0 JavaThread "Incoming local TCP Connector on port 57610" [_thread_in_native, id=13544, stack(0x000000b691a00000,0x000000b691b00000)]
  0x0000023fca9165e0 JavaThread "Daemon periodic checks" [_thread_blocked, id=10692, stack(0x000000b691b00000,0x000000b691c00000)]
  0x0000023fcb32ac80 JavaThread "Daemon" [_thread_blocked, id=8756, stack(0x000000b691c00000,0x000000b691d00000)]
  0x0000023fcb327d10 JavaThread "Handler for socket connection from /127.0.0.1:57610 to /127.0.0.1:57611" [_thread_in_native, id=15112, stack(0x000000b691d00000,0x000000b691e00000)]
  0x0000023fca725130 JavaThread "Cancel handler" [_thread_blocked, id=7948, stack(0x000000b691e00000,0x000000b691f00000)]
  0x0000023fc91ff1e0 JavaThread "Daemon worker" [_thread_in_native, id=1828, stack(0x000000b691f00000,0x000000b692000000)]
  0x0000023fc86f93e0 JavaThread "Asynchronous log dispatcher for DefaultDaemonConnection: socket connection from /127.0.0.1:57610 to /127.0.0.1:57611" [_thread_blocked, id=4100, stack(0x000000b692000000,0x000000b692100000)]
  0x0000023fc86f63c0 JavaThread "Stdin handler" [_thread_blocked, id=3720, stack(0x000000b692100000,0x000000b692200000)]
  0x0000023fc86f98b0 JavaThread "Daemon client event forwarder" [_thread_blocked, id=5832, stack(0x000000b692200000,0x000000b692300000)]
  0x0000023fc86f7bd0 JavaThread "Cache worker for journal cache (C:\Users\dk\.gradle\caches\journal-1)" [_thread_blocked, id=7592, stack(0x000000b692500000,0x000000b692600000)]
  0x0000023fc86f6890 JavaThread "File lock request listener" [_thread_in_native, id=15348, stack(0x000000b692600000,0x000000b692700000)]
  0x0000023fc86f8570 JavaThread "Cache worker for file hash cache (C:\Users\dk\.gradle\caches\8.2.1\fileHashes)" [_thread_blocked, id=14252, stack(0x000000b692700000,0x000000b692800000)]
  0x0000023fcabd6740 JavaThread "Cache worker for file hash cache (D:\ANDROID STUDIO\0_Master Projects\Android Development v3.0\.gradle\8.2.1\fileHashes)" [_thread_blocked, id=10452, stack(0x000000b692800000,0x000000b692900000)]
  0x0000023fcabd6270 JavaThread "Cache worker for checksums cache (D:\ANDROID STUDIO\0_Master Projects\Android Development v3.0\.gradle\8.2.1\checksums)" [_thread_blocked, id=8232, stack(0x000000b692900000,0x000000b692a00000)]
  0x0000023fcabd4590 JavaThread "Cache worker for file content cache (C:\Users\dk\.gradle\caches\8.2.1\fileContent)" [_thread_blocked, id=9496, stack(0x000000b692a00000,0x000000b692b00000)]
  0x0000023fcabd9290 JavaThread "File watcher server" daemon [_thread_in_native, id=5232, stack(0x000000b692b00000,0x000000b692c00000)]
  0x0000023fcabd75b0 JavaThread "File watcher consumer" daemon [_thread_blocked, id=11524, stack(0x000000b692c00000,0x000000b692d00000)]
  0x0000023fcabd3720 JavaThread "Cache worker for cache directory md-rule (C:\Users\dk\.gradle\caches\8.2.1\md-rule)" [_thread_blocked, id=6248, stack(0x000000b692d00000,0x000000b692e00000)]
  0x0000023fcabd4a60 JavaThread "Cache worker for cache directory md-supplier (C:\Users\dk\.gradle\caches\8.2.1\md-supplier)" [_thread_blocked, id=4076, stack(0x000000b692e00000,0x000000b692f00000)]
  0x0000023fcabd1f10 JavaThread "Cache worker for execution history cache (C:\Users\dk\.gradle\caches\8.2.1\executionHistory)" [_thread_blocked, id=5968, stack(0x000000b692f00000,0x000000b693000000)]
  0x0000023fcabd3250 JavaThread "jar transforms" [_thread_blocked, id=8676, stack(0x000000b693000000,0x000000b693100000)]
  0x0000023fcabd8420 JavaThread "jar transforms Thread 2" [_thread_blocked, id=6884, stack(0x000000b693100000,0x000000b693200000)]
  0x0000023fcabd7a80 JavaThread "Cache worker for kotlin-dsl (C:\Users\dk\.gradle\caches\8.2.1\kotlin-dsl)" [_thread_blocked, id=12228, stack(0x000000b693200000,0x000000b693300000)]
  0x0000023fcabd6c10 JavaThread "jar transforms Thread 3" [_thread_blocked, id=6012, stack(0x000000b693300000,0x000000b693400000)]
  0x0000023fcabd4f30 JavaThread "jar transforms Thread 4" [_thread_blocked, id=3980, stack(0x000000b693400000,0x000000b693500000)]
  0x0000023fcabd5400 JavaThread "jar transforms Thread 5" [_thread_blocked, id=17076, stack(0x000000b693500000,0x000000b693600000)]
  0x0000023fcabd58d0 JavaThread "jar transforms Thread 6" [_thread_blocked, id=3588, stack(0x000000b693600000,0x000000b693700000)]
  0x0000023fcabd2d80 JavaThread "Cache worker for dependencies-accessors (D:\ANDROID STUDIO\0_Master Projects\Android Development v3.0\.gradle\8.2.1\dependencies-accessors)" [_thread_blocked, id=15992, stack(0x000000b693700000,0x000000b693800000)]
  0x0000023fcabd40c0 JavaThread "Configuration cache report writer" [_thread_blocked, id=16516, stack(0x000000b690e00000,0x000000b690f00000)]
  0x0000023fcabee810 JavaThread "C2 CompilerThread1" daemon [_thread_in_native, id=13064, stack(0x000000b690f00000,0x000000b691000000)]
  0x0000023fcabf15a0 JavaThread "C2 CompilerThread2" daemon [_thread_in_native, id=13700, stack(0x000000b693800000,0x000000b693900000)]
  0x0000023fc86f8a40 JavaThread "Cache worker for Build Output Cleanup Cache (D:\ANDROID STUDIO\0_Master Projects\Android Development v3.0\.gradle\buildOutputCleanup)" [_thread_blocked, id=13512, stack(0x000000b693900000,0x000000b693a00000)]
  0x0000023fc86f9d80 JavaThread "jar transforms Thread 7" [_thread_blocked, id=3644, stack(0x000000b693a00000,0x000000b693b00000)]
  0x0000023fcde0c870 JavaThread "jar transforms Thread 8" [_thread_blocked, id=13308, stack(0x000000b693b00000,0x000000b693c00000)]
  0x0000023fcde0b530 JavaThread "Unconstrained build operations" [_thread_blocked, id=3992, stack(0x000000b693c00000,0x000000b693d00000)]
  0x0000023fcde0ba00 JavaThread "Unconstrained build operations Thread 2" [_thread_blocked, id=16812, stack(0x000000b693d00000,0x000000b693e00000)]
  0x0000023fcde0f890 JavaThread "Unconstrained build operations Thread 3" [_thread_blocked, id=8992, stack(0x000000b693e00000,0x000000b693f00000)]
  0x0000023fcde10bd0 JavaThread "Unconstrained build operations Thread 4" [_thread_blocked, id=1476, stack(0x000000b693f00000,0x000000b694000000)]
  0x0000023fcde0d6e0 JavaThread "Unconstrained build operations Thread 5" [_thread_blocked, id=9688, stack(0x000000b694000000,0x000000b694100000)]
  0x0000023fcde0d210 JavaThread "Unconstrained build operations Thread 6" [_thread_blocked, id=2088, stack(0x000000b694100000,0x000000b694200000)]
  0x0000023fcde11a40 JavaThread "Unconstrained build operations Thread 7" [_thread_blocked, id=16260, stack(0x000000b694200000,0x000000b694300000)]
  0x0000023fcde11f10 JavaThread "Unconstrained build operations Thread 8" [_thread_blocked, id=11404, stack(0x000000b694300000,0x000000b694400000)]
  0x0000023fcde10700 JavaThread "Unconstrained build operations Thread 9" [_thread_blocked, id=16984, stack(0x000000b694400000,0x000000b694500000)]
  0x0000023fcde0bed0 JavaThread "Unconstrained build operations Thread 10" [_thread_blocked, id=3960, stack(0x000000b694500000,0x000000b694600000)]
  0x0000023fcde0c3a0 JavaThread "Unconstrained build operations Thread 11" [_thread_blocked, id=15424, stack(0x000000b694600000,0x000000b694700000)]
  0x0000023fcde0e550 JavaThread "jar transforms Thread 9" [_thread_blocked, id=11656, stack(0x000000b694700000,0x000000b694800000)]
  0x0000023fcde0cd40 JavaThread "jar transforms Thread 10" [_thread_blocked, id=16996, stack(0x000000b694800000,0x000000b694900000)]
  0x0000023fcde123e0 JavaThread "jar transforms Thread 11" [_thread_blocked, id=16688, stack(0x000000b694900000,0x000000b694a00000)]
  0x0000023fcde0dbb0 JavaThread "jar transforms Thread 12" [_thread_blocked, id=17132, stack(0x000000b694a00000,0x000000b694b00000)]

Other Threads:
  0x0000023fc76d0fa0 VMThread "VM Thread" [stack: 0x000000b690100000,0x000000b690200000] [id=8112]
  0x0000023fc8462b70 WatcherThread [stack: 0x000000b690d00000,0x000000b690e00000] [id=11364]
  0x0000023fad2f1b50 GCTaskThread "GC Thread#0" [stack: 0x000000b68fc00000,0x000000b68fd00000] [id=11760]
  0x0000023fc869efb0 GCTaskThread "GC Thread#1" [stack: 0x000000b691000000,0x000000b691100000] [id=15492]
  0x0000023fc869f260 GCTaskThread "GC Thread#2" [stack: 0x000000b691100000,0x000000b691200000] [id=6252]
  0x0000023fc86abe30 GCTaskThread "GC Thread#3" [stack: 0x000000b691200000,0x000000b691300000] [id=16184]
  0x0000023fc86ac2f0 GCTaskThread "GC Thread#4" [stack: 0x000000b691300000,0x000000b691400000] [id=3508]
  0x0000023fc8be8ee0 GCTaskThread "GC Thread#5" [stack: 0x000000b691400000,0x000000b691500000] [id=13036]
  0x0000023fc9447d80 GCTaskThread "GC Thread#6" [stack: 0x000000b691500000,0x000000b691600000] [id=8240]
  0x0000023fc8a3d9a0 GCTaskThread "GC Thread#7" [stack: 0x000000b691600000,0x000000b691700000] [id=16580]
  0x0000023fc8a201b0 GCTaskThread "GC Thread#8" [stack: 0x000000b691700000,0x000000b691800000] [id=11684]
  0x0000023fc8a20460 GCTaskThread "GC Thread#9" [stack: 0x000000b691800000,0x000000b691900000] [id=15652]
  0x0000023fad303c00 ConcurrentGCThread "G1 Main Marker" [stack: 0x000000b68fd00000,0x000000b68fe00000] [id=12400]
  0x0000023fad3054c0 ConcurrentGCThread "G1 Conc#0" [stack: 0x000000b68fe00000,0x000000b68ff00000] [id=8940]
  0x0000023fca725ea0 ConcurrentGCThread "G1 Conc#1" [stack: 0x000000b692300000,0x000000b692400000] [id=6372]
  0x0000023fc963f180 ConcurrentGCThread "G1 Conc#2" [stack: 0x000000b692400000,0x000000b692500000] [id=7564]
  0x0000023fc7538020 ConcurrentGCThread "G1 Refine#0" [stack: 0x000000b68ff00000,0x000000b690000000] [id=14904]
  0x0000023fc75388e0 ConcurrentGCThread "G1 Service" [stack: 0x000000b690000000,0x000000b690100000] [id=17360]

Threads with active compile tasks:
C2 CompilerThread0     5758 6017       4       java.lang.String::split (327 bytes)
C2 CompilerThread1     5758 6472       4       java.util.zip.InflaterInputStream::<init> (79 bytes)
C2 CompilerThread2     5758 6409       4       org.gradle.internal.snapshot.ChildMap$Entry::handleAncestorDescendantOrExactMatch (110 bytes)

VM state: not at safepoint (normal execution)

VM Mutex/Monitor currently owned by a thread: None

Heap address: 0x0000000080000000, size: 2048 MB, Compressed Oops mode: 32-bit

CDS archive(s) not mapped
Compressed class space mapped at: 0x0000000100000000-0x0000000140000000, reserved size: 1073741824
Narrow klass base: 0x0000000000000000, Narrow klass shift: 3, Narrow klass range: 0x140000000

GC Precious Log:
 CPUs: 12 total, 12 available
 Memory: 44949M
 Large Page Support: Disabled
 NUMA Support: Disabled
 Compressed Oops: Enabled (32-bit)
 Heap Region Size: 1M
 Heap Min Capacity: 8M
 Heap Initial Capacity: 704M
 Heap Max Capacity: 2G
 Pre-touch: Disabled
 Parallel Workers: 10
 Concurrent Workers: 3
 Concurrent Refinement Workers: 10
 Periodic GC: Disabled

Heap:
 garbage-first heap   total 130048K, used 80344K [0x0000000080000000, 0x0000000100000000)
  region size 1024K, 54 young (55296K), 13 survivors (13312K)
 Metaspace       used 60722K, committed 61248K, reserved 1105920K
  class space    used 8209K, committed 8448K, reserved 1048576K

Heap Regions: E=young(eden), S=young(survivor), O=old, HS=humongous(starts), HC=humongous(continues), CS=collection set, F=free, OA=open archive, CA=closed archive, TAMS=top-at-mark-start (previous, next)
|   0|0x0000000080000000, 0x0000000080100000, 0x0000000080100000|100%|HS|  |TAMS 0x0000000080100000, 0x0000000080000000| Complete 
|   1|0x0000000080100000, 0x0000000080200000, 0x0000000080200000|100%|HC|  |TAMS 0x0000000080200000, 0x0000000080100000| Complete 
|   2|0x0000000080200000, 0x0000000080300000, 0x0000000080300000|100%|HC|  |TAMS 0x0000000080300000, 0x0000000080200000| Complete 
|   3|0x0000000080300000, 0x0000000080400000, 0x0000000080400000|100%|HC|  |TAMS 0x0000000080400000, 0x0000000080300000| Complete 
|   4|0x0000000080400000, 0x0000000080500000, 0x0000000080500000|100%| O|  |TAMS 0x0000000080500000, 0x0000000080400000| Untracked 
|   5|0x0000000080500000, 0x0000000080600000, 0x0000000080600000|100%| O|  |TAMS 0x0000000080600000, 0x0000000080500000| Untracked 
|   6|0x0000000080600000, 0x0000000080700000, 0x0000000080700000|100%| O|  |TAMS 0x0000000080700000, 0x0000000080600000| Untracked 
|   7|0x0000000080700000, 0x0000000080800000, 0x0000000080800000|100%| O|  |TAMS 0x0000000080800000, 0x0000000080700000| Untracked 
|   8|0x0000000080800000, 0x0000000080900000, 0x0000000080900000|100%| O|  |TAMS 0x0000000080900000, 0x0000000080800000| Untracked 
|   9|0x0000000080900000, 0x0000000080a00000, 0x0000000080a00000|100%| O|  |TAMS 0x0000000080a00000, 0x0000000080900000| Untracked 
|  10|0x0000000080a00000, 0x0000000080b00000, 0x0000000080b00000|100%| O|  |TAMS 0x0000000080b00000, 0x0000000080a00000| Untracked 
|  11|0x0000000080b00000, 0x0000000080c00000, 0x0000000080c00000|100%| O|  |TAMS 0x0000000080c00000, 0x0000000080b00000| Untracked 
|  12|0x0000000080c00000, 0x0000000080d00000, 0x0000000080d00000|100%| O|  |TAMS 0x0000000080d00000, 0x0000000080c00000| Untracked 
|  13|0x0000000080d00000, 0x0000000080e00000, 0x0000000080e00000|100%| O|  |TAMS 0x0000000080e00000, 0x0000000080d00000| Untracked 
|  14|0x0000000080e00000, 0x0000000080f00000, 0x0000000080f00000|100%| O|  |TAMS 0x0000000080f00000, 0x0000000080e00000| Untracked 
|  15|0x0000000080f00000, 0x0000000081000000, 0x0000000081000000|100%| O|  |TAMS 0x0000000081000000, 0x0000000080f00000| Untracked 
|  16|0x0000000081000000, 0x0000000081100000, 0x0000000081100000|100%| O|  |TAMS 0x0000000081100000, 0x0000000081000000| Untracked 
|  17|0x0000000081100000, 0x0000000081200000, 0x0000000081200000|100%| O|  |TAMS 0x0000000081200000, 0x0000000081100000| Untracked 
|  18|0x0000000081200000, 0x0000000081300000, 0x0000000081300000|100%| O|  |TAMS 0x0000000081300000, 0x0000000081200000| Untracked 
|  19|0x0000000081300000, 0x0000000081400000, 0x0000000081400000|100%| O|  |TAMS 0x0000000081400000, 0x0000000081300000| Untracked 
|  20|0x0000000081400000, 0x0000000081500000, 0x0000000081500000|100%|HS|  |TAMS 0x0000000081400000, 0x0000000081400000| Complete 
|  21|0x0000000081500000, 0x0000000081600000, 0x0000000081600000|100%| O|  |TAMS 0x0000000081600000, 0x0000000081500000| Untracked 
|  22|0x0000000081600000, 0x0000000081700000, 0x0000000081700000|100%| O|  |TAMS 0x0000000081700000, 0x0000000081600000| Untracked 
|  23|0x0000000081700000, 0x00000000817f4c00, 0x0000000081800000| 95%| O|  |TAMS 0x00000000817f4c00, 0x0000000081700000| Untracked 
|  24|0x0000000081800000, 0x0000000081900000, 0x0000000081900000|100%|HS|  |TAMS 0x0000000081800000, 0x0000000081800000| Complete 
|  25|0x0000000081900000, 0x0000000081a00000, 0x0000000081a00000|100%|HS|  |TAMS 0x0000000081900000, 0x0000000081900000| Complete 
|  26|0x0000000081a00000, 0x0000000081b00000, 0x0000000081b00000|100%|HC|  |TAMS 0x0000000081a00000, 0x0000000081a00000| Complete 
|  27|0x0000000081b00000, 0x0000000081b00000, 0x0000000081c00000|  0%| F|  |TAMS 0x0000000081b00000, 0x0000000081b00000| Untracked 
|  28|0x0000000081c00000, 0x0000000081c00000, 0x0000000081d00000|  0%| F|  |TAMS 0x0000000081c00000, 0x0000000081c00000| Untracked 
|  29|0x0000000081d00000, 0x0000000081d00000, 0x0000000081e00000|  0%| F|  |TAMS 0x0000000081d00000, 0x0000000081d00000| Untracked 
|  30|0x0000000081e00000, 0x0000000081e00000, 0x0000000081f00000|  0%| F|  |TAMS 0x0000000081e00000, 0x0000000081e00000| Untracked 
|  31|0x0000000081f00000, 0x0000000081f00000, 0x0000000082000000|  0%| F|  |TAMS 0x0000000081f00000, 0x0000000081f00000| Untracked 
|  32|0x0000000082000000, 0x0000000082000000, 0x0000000082100000|  0%| F|  |TAMS 0x0000000082000000, 0x0000000082000000| Untracked 
|  33|0x0000000082100000, 0x0000000082100000, 0x0000000082200000|  0%| F|  |TAMS 0x0000000082100000, 0x0000000082100000| Untracked 
|  34|0x0000000082200000, 0x0000000082200000, 0x0000000082300000|  0%| F|  |TAMS 0x0000000082200000, 0x0000000082200000| Untracked 
|  35|0x0000000082300000, 0x0000000082300000, 0x0000000082400000|  0%| F|  |TAMS 0x0000000082300000, 0x0000000082300000| Untracked 
|  36|0x0000000082400000, 0x0000000082400000, 0x0000000082500000|  0%| F|  |TAMS 0x0000000082400000, 0x0000000082400000| Untracked 
|  37|0x0000000082500000, 0x0000000082500000, 0x0000000082600000|  0%| F|  |TAMS 0x0000000082500000, 0x0000000082500000| Untracked 
|  38|0x0000000082600000, 0x0000000082600000, 0x0000000082700000|  0%| F|  |TAMS 0x0000000082600000, 0x0000000082600000| Untracked 
|  39|0x0000000082700000, 0x0000000082700000, 0x0000000082800000|  0%| F|  |TAMS 0x0000000082700000, 0x0000000082700000| Untracked 
|  40|0x0000000082800000, 0x0000000082800000, 0x0000000082900000|  0%| F|  |TAMS 0x0000000082800000, 0x0000000082800000| Untracked 
|  41|0x0000000082900000, 0x0000000082900000, 0x0000000082a00000|  0%| F|  |TAMS 0x0000000082900000, 0x0000000082900000| Untracked 
|  42|0x0000000082a00000, 0x0000000082a00000, 0x0000000082b00000|  0%| F|  |TAMS 0x0000000082a00000, 0x0000000082a00000| Untracked 
|  43|0x0000000082b00000, 0x0000000082b00000, 0x0000000082c00000|  0%| F|  |TAMS 0x0000000082b00000, 0x0000000082b00000| Untracked 
|  44|0x0000000082c00000, 0x0000000082c00000, 0x0000000082d00000|  0%| F|  |TAMS 0x0000000082c00000, 0x0000000082c00000| Untracked 
|  45|0x0000000082d00000, 0x0000000082d00000, 0x0000000082e00000|  0%| F|  |TAMS 0x0000000082d00000, 0x0000000082d00000| Untracked 
|  46|0x0000000082e00000, 0x0000000082e00000, 0x0000000082f00000|  0%| F|  |TAMS 0x0000000082e00000, 0x0000000082e00000| Untracked 
|  47|0x0000000082f00000, 0x0000000082f00000, 0x0000000083000000|  0%| F|  |TAMS 0x0000000082f00000, 0x0000000082f00000| Untracked 
|  48|0x0000000083000000, 0x0000000083000000, 0x0000000083100000|  0%| F|  |TAMS 0x0000000083000000, 0x0000000083000000| Untracked 
|  49|0x0000000083100000, 0x0000000083100000, 0x0000000083200000|  0%| F|  |TAMS 0x0000000083100000, 0x0000000083100000| Untracked 
|  50|0x0000000083200000, 0x0000000083200000, 0x0000000083300000|  0%| F|  |TAMS 0x0000000083200000, 0x0000000083200000| Untracked 
|  51|0x0000000083300000, 0x0000000083300000, 0x0000000083400000|  0%| F|  |TAMS 0x0000000083300000, 0x0000000083300000| Untracked 
|  52|0x0000000083400000, 0x0000000083400000, 0x0000000083500000|  0%| F|  |TAMS 0x0000000083400000, 0x0000000083400000| Untracked 
|  53|0x0000000083500000, 0x0000000083500000, 0x0000000083600000|  0%| F|  |TAMS 0x0000000083500000, 0x0000000083500000| Untracked 
|  54|0x0000000083600000, 0x0000000083600000, 0x0000000083700000|  0%| F|  |TAMS 0x0000000083600000, 0x0000000083600000| Untracked 
|  55|0x0000000083700000, 0x0000000083700000, 0x0000000083800000|  0%| F|  |TAMS 0x0000000083700000, 0x0000000083700000| Untracked 
|  56|0x0000000083800000, 0x0000000083800000, 0x0000000083900000|  0%| F|  |TAMS 0x0000000083800000, 0x0000000083800000| Untracked 
|  57|0x0000000083900000, 0x0000000083900000, 0x0000000083a00000|  0%| F|  |TAMS 0x0000000083900000, 0x0000000083900000| Untracked 
|  58|0x0000000083a00000, 0x0000000083a00000, 0x0000000083b00000|  0%| F|  |TAMS 0x0000000083a00000, 0x0000000083a00000| Untracked 
|  59|0x0000000083b00000, 0x0000000083b00000, 0x0000000083c00000|  0%| F|  |TAMS 0x0000000083b00000, 0x0000000083b00000| Untracked 
|  60|0x0000000083c00000, 0x0000000083c00000, 0x0000000083d00000|  0%| F|  |TAMS 0x0000000083c00000, 0x0000000083c00000| Untracked 
|  61|0x0000000083d00000, 0x0000000083d00000, 0x0000000083e00000|  0%| F|  |TAMS 0x0000000083d00000, 0x0000000083d00000| Untracked 
|  62|0x0000000083e00000, 0x0000000083e00000, 0x0000000083f00000|  0%| F|  |TAMS 0x0000000083e00000, 0x0000000083e00000| Untracked 
|  63|0x0000000083f00000, 0x0000000083f00000, 0x0000000084000000|  0%| F|  |TAMS 0x0000000083f00000, 0x0000000083f00000| Untracked 
|  64|0x0000000084000000, 0x0000000084000000, 0x0000000084100000|  0%| F|  |TAMS 0x0000000084000000, 0x0000000084000000| Untracked 
|  65|0x0000000084100000, 0x0000000084100000, 0x0000000084200000|  0%| F|  |TAMS 0x0000000084100000, 0x0000000084100000| Untracked 
|  66|0x0000000084200000, 0x0000000084200000, 0x0000000084300000|  0%| F|  |TAMS 0x0000000084200000, 0x0000000084200000| Untracked 
|  67|0x0000000084300000, 0x0000000084300000, 0x0000000084400000|  0%| F|  |TAMS 0x0000000084300000, 0x0000000084300000| Untracked 
|  68|0x0000000084400000, 0x0000000084400000, 0x0000000084500000|  0%| F|  |TAMS 0x0000000084400000, 0x0000000084400000| Untracked 
|  69|0x0000000084500000, 0x0000000084500000, 0x0000000084600000|  0%| F|  |TAMS 0x0000000084500000, 0x0000000084500000| Untracked 
|  70|0x0000000084600000, 0x0000000084600000, 0x0000000084700000|  0%| F|  |TAMS 0x0000000084600000, 0x0000000084600000| Untracked 
|  71|0x0000000084700000, 0x0000000084700000, 0x0000000084800000|  0%| F|  |TAMS 0x0000000084700000, 0x0000000084700000| Untracked 
|  72|0x0000000084800000, 0x0000000084800000, 0x0000000084900000|  0%| F|  |TAMS 0x0000000084800000, 0x0000000084800000| Untracked 
|  73|0x0000000084900000, 0x0000000084985ed0, 0x0000000084a00000| 52%| E|  |TAMS 0x0000000084900000, 0x0000000084900000| Complete 
|  74|0x0000000084a00000, 0x0000000084b00000, 0x0000000084b00000|100%| E|CS|TAMS 0x0000000084a00000, 0x0000000084a00000| Complete 
|  75|0x0000000084b00000, 0x0000000084c00000, 0x0000000084c00000|100%| E|CS|TAMS 0x0000000084b00000, 0x0000000084b00000| Complete 
|  76|0x0000000084c00000, 0x0000000084d00000, 0x0000000084d00000|100%| E|CS|TAMS 0x0000000084c00000, 0x0000000084c00000| Complete 
|  77|0x0000000084d00000, 0x0000000084e00000, 0x0000000084e00000|100%| E|CS|TAMS 0x0000000084d00000, 0x0000000084d00000| Complete 
|  78|0x0000000084e00000, 0x0000000084f00000, 0x0000000084f00000|100%| E|CS|TAMS 0x0000000084e00000, 0x0000000084e00000| Complete 
|  79|0x0000000084f00000, 0x0000000085000000, 0x0000000085000000|100%| E|CS|TAMS 0x0000000084f00000, 0x0000000084f00000| Complete 
|  80|0x0000000085000000, 0x0000000085100000, 0x0000000085100000|100%| E|CS|TAMS 0x0000000085000000, 0x0000000085000000| Complete 
|  81|0x0000000085100000, 0x0000000085200000, 0x0000000085200000|100%| E|CS|TAMS 0x0000000085100000, 0x0000000085100000| Complete 
|  82|0x0000000085200000, 0x0000000085300000, 0x0000000085300000|100%| E|  |TAMS 0x0000000085200000, 0x0000000085200000| Complete 
|  83|0x0000000085300000, 0x0000000085400000, 0x0000000085400000|100%| E|CS|TAMS 0x0000000085300000, 0x0000000085300000| Complete 
|  84|0x0000000085400000, 0x0000000085500000, 0x0000000085500000|100%| E|CS|TAMS 0x0000000085400000, 0x0000000085400000| Complete 
|  85|0x0000000085500000, 0x0000000085600000, 0x0000000085600000|100%| E|CS|TAMS 0x0000000085500000, 0x0000000085500000| Complete 
|  86|0x0000000085600000, 0x0000000085700000, 0x0000000085700000|100%| E|CS|TAMS 0x0000000085600000, 0x0000000085600000| Complete 
|  87|0x0000000085700000, 0x0000000085800000, 0x0000000085800000|100%| E|CS|TAMS 0x0000000085700000, 0x0000000085700000| Complete 
|  88|0x0000000085800000, 0x0000000085900000, 0x0000000085900000|100%| E|CS|TAMS 0x0000000085800000, 0x0000000085800000| Complete 
|  89|0x0000000085900000, 0x0000000085a00000, 0x0000000085a00000|100%| E|CS|TAMS 0x0000000085900000, 0x0000000085900000| Complete 
|  90|0x0000000085a00000, 0x0000000085b00000, 0x0000000085b00000|100%| E|CS|TAMS 0x0000000085a00000, 0x0000000085a00000| Complete 
|  91|0x0000000085b00000, 0x0000000085c00000, 0x0000000085c00000|100%| E|CS|TAMS 0x0000000085b00000, 0x0000000085b00000| Complete 
|  92|0x0000000085c00000, 0x0000000085d00000, 0x0000000085d00000|100%| E|CS|TAMS 0x0000000085c00000, 0x0000000085c00000| Complete 
|  93|0x0000000085d00000, 0x0000000085e00000, 0x0000000085e00000|100%| E|CS|TAMS 0x0000000085d00000, 0x0000000085d00000| Complete 
|  94|0x0000000085e00000, 0x0000000085f00000, 0x0000000085f00000|100%| E|CS|TAMS 0x0000000085e00000, 0x0000000085e00000| Complete 
|  95|0x0000000085f00000, 0x0000000086000000, 0x0000000086000000|100%| E|CS|TAMS 0x0000000085f00000, 0x0000000085f00000| Complete 
|  96|0x0000000086000000, 0x0000000086100000, 0x0000000086100000|100%| E|CS|TAMS 0x0000000086000000, 0x0000000086000000| Complete 
|  97|0x0000000086100000, 0x0000000086200000, 0x0000000086200000|100%| E|CS|TAMS 0x0000000086100000, 0x0000000086100000| Complete 
|  98|0x0000000086200000, 0x0000000086300000, 0x0000000086300000|100%| E|CS|TAMS 0x0000000086200000, 0x0000000086200000| Complete 
|  99|0x0000000086300000, 0x0000000086400000, 0x0000000086400000|100%| E|CS|TAMS 0x0000000086300000, 0x0000000086300000| Complete 
| 100|0x0000000086400000, 0x0000000086500000, 0x0000000086500000|100%| E|CS|TAMS 0x0000000086400000, 0x0000000086400000| Complete 
| 101|0x0000000086500000, 0x0000000086600000, 0x0000000086600000|100%| E|CS|TAMS 0x0000000086500000, 0x0000000086500000| Complete 
| 102|0x0000000086600000, 0x0000000086700000, 0x0000000086700000|100%| E|CS|TAMS 0x0000000086600000, 0x0000000086600000| Complete 
| 103|0x0000000086700000, 0x0000000086800000, 0x0000000086800000|100%| E|CS|TAMS 0x0000000086700000, 0x0000000086700000| Complete 
| 104|0x0000000086800000, 0x0000000086900000, 0x0000000086900000|100%| E|CS|TAMS 0x0000000086800000, 0x0000000086800000| Complete 
| 105|0x0000000086900000, 0x0000000086a00000, 0x0000000086a00000|100%| E|CS|TAMS 0x0000000086900000, 0x0000000086900000| Complete 
| 106|0x0000000086a00000, 0x0000000086b00000, 0x0000000086b00000|100%| E|CS|TAMS 0x0000000086a00000, 0x0000000086a00000| Complete 
| 107|0x0000000086b00000, 0x0000000086c00000, 0x0000000086c00000|100%| E|CS|TAMS 0x0000000086b00000, 0x0000000086b00000| Complete 
| 108|0x0000000086c00000, 0x0000000086d00000, 0x0000000086d00000|100%| E|CS|TAMS 0x0000000086c00000, 0x0000000086c00000| Complete 
| 109|0x0000000086d00000, 0x0000000086e00000, 0x0000000086e00000|100%| E|CS|TAMS 0x0000000086d00000, 0x0000000086d00000| Complete 
| 110|0x0000000086e00000, 0x0000000086f00000, 0x0000000086f00000|100%| E|CS|TAMS 0x0000000086e00000, 0x0000000086e00000| Complete 
| 111|0x0000000086f00000, 0x0000000087000000, 0x0000000087000000|100%| E|CS|TAMS 0x0000000086f00000, 0x0000000086f00000| Complete 
| 229|0x000000008e500000, 0x000000008e581788, 0x000000008e600000| 50%| S|CS|TAMS 0x000000008e500000, 0x000000008e500000| Complete 
| 230|0x000000008e600000, 0x000000008e700000, 0x000000008e700000|100%| S|CS|TAMS 0x000000008e600000, 0x000000008e600000| Complete 
| 231|0x000000008e700000, 0x000000008e800000, 0x000000008e800000|100%| S|CS|TAMS 0x000000008e700000, 0x000000008e700000| Complete 
| 232|0x000000008e800000, 0x000000008e900000, 0x000000008e900000|100%| S|CS|TAMS 0x000000008e800000, 0x000000008e800000| Complete 
| 233|0x000000008e900000, 0x000000008ea00000, 0x000000008ea00000|100%| S|CS|TAMS 0x000000008e900000, 0x000000008e900000| Complete 
| 234|0x000000008ea00000, 0x000000008eb00000, 0x000000008eb00000|100%| S|CS|TAMS 0x000000008ea00000, 0x000000008ea00000| Complete 
| 235|0x000000008eb00000, 0x000000008ec00000, 0x000000008ec00000|100%| S|CS|TAMS 0x000000008eb00000, 0x000000008eb00000| Complete 
| 236|0x000000008ec00000, 0x000000008ed00000, 0x000000008ed00000|100%| S|CS|TAMS 0x000000008ec00000, 0x000000008ec00000| Complete 
| 237|0x000000008ed00000, 0x000000008ee00000, 0x000000008ee00000|100%| S|CS|TAMS 0x000000008ed00000, 0x000000008ed00000| Complete 
| 238|0x000000008ee00000, 0x000000008ef00000, 0x000000008ef00000|100%| S|CS|TAMS 0x000000008ee00000, 0x000000008ee00000| Complete 
| 239|0x000000008ef00000, 0x000000008f000000, 0x000000008f000000|100%| S|CS|TAMS 0x000000008ef00000, 0x000000008ef00000| Complete 
| 240|0x000000008f000000, 0x000000008f100000, 0x000000008f100000|100%| S|CS|TAMS 0x000000008f000000, 0x000000008f000000| Complete 
| 241|0x000000008f100000, 0x000000008f200000, 0x000000008f200000|100%| S|CS|TAMS 0x000000008f100000, 0x000000008f100000| Complete 
| 680|0x00000000aa800000, 0x00000000aa900000, 0x00000000aa900000|100%| E|CS|TAMS 0x00000000aa800000, 0x00000000aa800000| Complete 
| 703|0x00000000abf00000, 0x00000000ac000000, 0x00000000ac000000|100%| E|CS|TAMS 0x00000000abf00000, 0x00000000abf00000| Complete 

Card table byte_map: [0x0000023fc00a0000,0x0000023fc04a0000] _byte_map_base: 0x0000023fbfca0000

Marking Bits (Prev, Next): (CMBitMap*) 0x0000023fad2f31b0, (CMBitMap*) 0x0000023fad2f3170
 Prev Bits: [0x0000023fc28a0000, 0x0000023fc48a0000)
 Next Bits: [0x0000023fc08a0000, 0x0000023fc28a0000)

Polling page: 0x0000023fab1f0000

Metaspace:

Usage:
  Non-class:     51.28 MB used.
      Class:      8.02 MB used.
       Both:     59.30 MB used.

Virtual space:
  Non-class space:       56.00 MB reserved,      51.56 MB ( 92%) committed,  7 nodes.
      Class space:        1.00 GB reserved,       8.25 MB ( <1%) committed,  1 nodes.
             Both:        1.05 GB reserved,      59.81 MB (  6%) committed. 

Chunk freelists:
   Non-Class:  89.00 KB
       Class:  3.65 MB
        Both:  3.74 MB

MaxMetaspaceSize: unlimited
CompressedClassSpaceSize: 1.00 GB
Initial GC threshold: 21.00 MB
Current GC threshold: 98.38 MB
CDS: off
MetaspaceReclaimPolicy: balanced
 - commit_granule_bytes: 65536.
 - commit_granule_words: 8192.
 - virtual_space_node_default_size: 1048576.
 - enlarge_chunks_in_place: 1.
 - new_chunks_are_fully_committed: 0.
 - uncommit_free_chunks: 1.
 - use_allocation_guard: 0.
 - handle_deallocations: 1.


Internal statistics:

num_allocs_failed_limit: 9.
num_arena_births: 650.
num_arena_deaths: 0.
num_vsnodes_births: 8.
num_vsnodes_deaths: 0.
num_space_committed: 957.
num_space_uncommitted: 0.
num_chunks_returned_to_freelist: 9.
num_chunks_taken_from_freelist: 2670.
num_chunk_merges: 9.
num_chunk_splits: 1782.
num_chunks_enlarged: 1225.
num_purges: 0.
num_inconsistent_stats: 0.

CodeHeap 'non-profiled nmethods': size=120000Kb used=3123Kb max_used=3123Kb free=116876Kb
 bounds [0x0000023fb8220000, 0x0000023fb8530000, 0x0000023fbf750000]
CodeHeap 'profiled nmethods': size=120000Kb used=10454Kb max_used=10454Kb free=109545Kb
 bounds [0x0000023fb0750000, 0x0000023fb1190000, 0x0000023fb7c80000]
CodeHeap 'non-nmethods': size=5760Kb used=2326Kb max_used=2419Kb free=3433Kb
 bounds [0x0000023fb7c80000, 0x0000023fb7ef0000, 0x0000023fb8220000]
 total_blobs=6589 nmethods=5747 adapters=754
 compilation: enabled
              stopped_count=0, restarted_count=0
 full_count=0

Compilation events (20 events):
Event: 5.716 Thread 0x0000023fc7741350 nmethod 6365 0x0000023fb113df10 code [0x0000023fb113e0c0, 0x0000023fb113e3f8]
Event: 5.716 Thread 0x0000023fc7741350 6362       3       java.io.ObjectOutputStream$HandleTable::hash (8 bytes)
Event: 5.716 Thread 0x0000023fc7741350 nmethod 6362 0x0000023fb113e590 code [0x0000023fb113e720, 0x0000023fb113e868]
Event: 5.716 Thread 0x0000023fc7741350 6364       3       java.io.ObjectOutputStream$BlockDataOutputStream::writeByte (33 bytes)
Event: 5.716 Thread 0x0000023fc7741350 nmethod 6364 0x0000023fb113e910 code [0x0000023fb113eac0, 0x0000023fb113eca8]
Event: 5.716 Thread 0x0000023fc7741350 6366       3       org.gradle.internal.snapshot.SnapshotUtil$1::handleExactMatchWithChild (9 bytes)
Event: 5.716 Thread 0x0000023fc7741350 nmethod 6366 0x0000023fb113ed90 code [0x0000023fb113ef40, 0x0000023fb113f288]
Event: 5.716 Thread 0x0000023fc7741350 6367       3       org.gradle.internal.snapshot.SnapshotUtil$1::handleExactMatchWithChild (7 bytes)
Event: 5.716 Thread 0x0000023fc7741350 nmethod 6367 0x0000023fb113f390 code [0x0000023fb113f540, 0x0000023fb113f708]
Event: 5.717 Thread 0x0000023fc7741350 6368       3       org.gradle.internal.serialize.kryo.KryoBackedEncoder::writeBytes (11 bytes)
Event: 5.717 Thread 0x0000023fc7741350 nmethod 6368 0x0000023fb113f810 code [0x0000023fb113f9c0, 0x0000023fb113fb28]
Event: 5.717 Thread 0x0000023fc7741350 6369       3       com.esotericsoftware.kryo.io.Output::writeBytes (90 bytes)
Event: 5.717 Thread 0x0000023fc7741350 nmethod 6369 0x0000023fb113fc10 code [0x0000023fb113fe00, 0x0000023fb11403a8]
Event: 5.718 Thread 0x0000023fc7741350 6370   !   3       com.google.common.cache.LocalCache$LoadingValueReference::loadFuture (125 bytes)
Event: 5.719 Thread 0x0000023fc7741350 nmethod 6370 0x0000023fb1140590 code [0x0000023fb1140900, 0x0000023fb1141cc8]
Event: 5.719 Thread 0x0000023fc7741350 6372       3       com.google.common.util.concurrent.AbstractFuture$UnsafeAtomicHelper::gasWaiters (15 bytes)
Event: 5.719 Thread 0x0000023fcabf15a0 nmethod 6341 0x0000023fb8520e10 code [0x0000023fb8520fc0, 0x0000023fb85213d8]
Event: 5.719 Thread 0x0000023fcabf15a0 6342       4       jdk.internal.reflect.ClassFileAssembler::emitConstantPoolUTF8 (50 bytes)
Event: 5.719 Thread 0x0000023fc7741350 nmethod 6372 0x0000023fb1142710 code [0x0000023fb11428c0, 0x0000023fb1142c38]
Event: 5.719 Thread 0x0000023fc7741350 6373       3       com.google.common.util.concurrent.AbstractFuture$UnsafeAtomicHelper::gasListeners (15 bytes)

GC Heap History (20 events):
Event: 1.199 GC heap before
{Heap before GC invocations=2 (full 0):
 garbage-first heap   total 720896K, used 39400K [0x0000000080000000, 0x0000000100000000)
  region size 1024K, 29 young (29696K), 6 survivors (6144K)
 Metaspace       used 21303K, committed 21504K, reserved 1073152K
  class space    used 2581K, committed 2688K, reserved 1048576K
}
Event: 1.201 GC heap after
{Heap after GC invocations=3 (full 0):
 garbage-first heap   total 720896K, used 18525K [0x0000000080000000, 0x0000000100000000)
  region size 1024K, 8 young (8192K), 8 survivors (8192K)
 Metaspace       used 21303K, committed 21504K, reserved 1073152K
  class space    used 2581K, committed 2688K, reserved 1048576K
}
Event: 1.534 GC heap before
{Heap before GC invocations=4 (full 0):
 garbage-first heap   total 68608K, used 51293K [0x0000000080000000, 0x0000000100000000)
  region size 1024K, 40 young (40960K), 8 survivors (8192K)
 Metaspace       used 26104K, committed 26368K, reserved 1073152K
  class space    used 3358K, committed 3456K, reserved 1048576K
}
Event: 1.537 GC heap after
{Heap after GC invocations=5 (full 0):
 garbage-first heap   total 68608K, used 20272K [0x0000000080000000, 0x0000000100000000)
  region size 1024K, 4 young (4096K), 4 survivors (4096K)
 Metaspace       used 26104K, committed 26368K, reserved 1073152K
  class space    used 3358K, committed 3456K, reserved 1048576K
}
Event: 1.543 GC heap before
{Heap before GC invocations=5 (full 0):
 garbage-first heap   total 68608K, used 21296K [0x0000000080000000, 0x0000000100000000)
  region size 1024K, 5 young (5120K), 4 survivors (4096K)
 Metaspace       used 26198K, committed 26496K, reserved 1073152K
  class space    used 3377K, committed 3520K, reserved 1048576K
}
Event: 1.545 GC heap after
{Heap after GC invocations=6 (full 0):
 garbage-first heap   total 68608K, used 20596K [0x0000000080000000, 0x0000000100000000)
  region size 1024K, 1 young (1024K), 1 survivors (1024K)
 Metaspace       used 26198K, committed 26496K, reserved 1073152K
  class space    used 3377K, committed 3520K, reserved 1048576K
}
Event: 1.819 GC heap before
{Heap before GC invocations=6 (full 0):
 garbage-first heap   total 68608K, used 50292K [0x0000000080000000, 0x0000000100000000)
  region size 1024K, 29 young (29696K), 1 survivors (1024K)
 Metaspace       used 30502K, committed 30784K, reserved 1081344K
  class space    used 4001K, committed 4096K, reserved 1048576K
}
Event: 1.820 GC heap after
{Heap after GC invocations=7 (full 0):
 garbage-first heap   total 68608K, used 21638K [0x0000000080000000, 0x0000000100000000)
  region size 1024K, 2 young (2048K), 2 survivors (2048K)
 Metaspace       used 30502K, committed 30784K, reserved 1081344K
  class space    used 4001K, committed 4096K, reserved 1048576K
}
Event: 2.241 GC heap before
{Heap before GC invocations=7 (full 0):
 garbage-first heap   total 68608K, used 50310K [0x0000000080000000, 0x0000000100000000)
  region size 1024K, 30 young (30720K), 2 survivors (2048K)
 Metaspace       used 35213K, committed 35520K, reserved 1081344K
  class space    used 4592K, committed 4736K, reserved 1048576K
}
Event: 2.243 GC heap after
{Heap after GC invocations=8 (full 0):
 garbage-first heap   total 68608K, used 22425K [0x0000000080000000, 0x0000000100000000)
  region size 1024K, 3 young (3072K), 3 survivors (3072K)
 Metaspace       used 35213K, committed 35520K, reserved 1081344K
  class space    used 4592K, committed 4736K, reserved 1048576K
}
Event: 2.283 GC heap before
{Heap before GC invocations=8 (full 0):
 garbage-first heap   total 68608K, used 26521K [0x0000000080000000, 0x0000000100000000)
  region size 1024K, 8 young (8192K), 3 survivors (3072K)
 Metaspace       used 35778K, committed 36096K, reserved 1081344K
  class space    used 4695K, committed 4864K, reserved 1048576K
}
Event: 2.285 GC heap after
{Heap after GC invocations=9 (full 0):
 garbage-first heap   total 68608K, used 22668K [0x0000000080000000, 0x0000000100000000)
  region size 1024K, 2 young (2048K), 2 survivors (2048K)
 Metaspace       used 35778K, committed 36096K, reserved 1081344K
  class space    used 4695K, committed 4864K, reserved 1048576K
}
Event: 2.558 GC heap before
{Heap before GC invocations=10 (full 0):
 garbage-first heap   total 68608K, used 51340K [0x0000000080000000, 0x0000000100000000)
  region size 1024K, 31 young (31744K), 2 survivors (2048K)
 Metaspace       used 39557K, committed 39872K, reserved 1089536K
  class space    used 5341K, committed 5504K, reserved 1048576K
}
Event: 2.560 GC heap after
{Heap after GC invocations=11 (full 0):
 garbage-first heap   total 68608K, used 23850K [0x0000000080000000, 0x0000000100000000)
  region size 1024K, 3 young (3072K), 3 survivors (3072K)
 Metaspace       used 39557K, committed 39872K, reserved 1089536K
  class space    used 5341K, committed 5504K, reserved 1048576K
}
Event: 2.567 GC heap before
{Heap before GC invocations=11 (full 0):
 garbage-first heap   total 68608K, used 24874K [0x0000000080000000, 0x0000000100000000)
  region size 1024K, 4 young (4096K), 3 survivors (3072K)
 Metaspace       used 39656K, committed 40000K, reserved 1089536K
  class space    used 5359K, committed 5504K, reserved 1048576K
}
Event: 2.568 GC heap after
{Heap after GC invocations=12 (full 0):
 garbage-first heap   total 68608K, used 23882K [0x0000000080000000, 0x0000000100000000)
  region size 1024K, 1 young (1024K), 1 survivors (1024K)
 Metaspace       used 39656K, committed 40000K, reserved 1089536K
  class space    used 5359K, committed 5504K, reserved 1048576K
}
Event: 2.862 GC heap before
{Heap before GC invocations=12 (full 0):
 garbage-first heap   total 68608K, used 52554K [0x0000000080000000, 0x0000000100000000)
  region size 1024K, 30 young (30720K), 1 survivors (1024K)
 Metaspace       used 46440K, committed 46784K, reserved 1097728K
  class space    used 6120K, committed 6272K, reserved 1048576K
}
Event: 2.864 GC heap after
{Heap after GC invocations=13 (full 0):
 garbage-first heap   total 395264K, used 26797K [0x0000000080000000, 0x0000000100000000)
  region size 1024K, 4 young (4096K), 4 survivors (4096K)
 Metaspace       used 46440K, committed 46784K, reserved 1097728K
  class space    used 6120K, committed 6272K, reserved 1048576K
}
Event: 5.474 GC heap before
{Heap before GC invocations=13 (full 0):
 garbage-first heap   total 395264K, used 178349K [0x0000000080000000, 0x0000000100000000)
  region size 1024K, 148 young (151552K), 4 survivors (4096K)
 Metaspace       used 59872K, committed 60288K, reserved 1105920K
  class space    used 8111K, committed 8320K, reserved 1048576K
}
Event: 5.479 GC heap after
{Heap after GC invocations=14 (full 0):
 garbage-first heap   total 395264K, used 36312K [0x0000000080000000, 0x0000000100000000)
  region size 1024K, 13 young (13312K), 13 survivors (13312K)
 Metaspace       used 59872K, committed 60288K, reserved 1105920K
  class space    used 8111K, committed 8320K, reserved 1048576K
}

Dll operation events (3 events):
Event: 0.005 Loaded shared library C:\Program Files\Android\Android Studio\jbr\bin\java.dll
Event: 0.082 Loaded shared library C:\Program Files\Android\Android Studio\jbr\bin\zip.dll
Event: 0.238 Loaded shared library C:\Program Files\Android\Android Studio\jbr\bin\verify.dll

Deoptimization events (20 events):
Event: 5.694 Thread 0x0000023fcde0dbb0 DEOPT PACKING pc=0x0000023fb834f3ac sp=0x000000b694afeb40
Event: 5.694 Thread 0x0000023fcde0dbb0 DEOPT UNPACKING pc=0x0000023fb7cd69a3 sp=0x000000b694afea88 mode 2
Event: 5.694 Thread 0x0000023fcde0cd40 DEOPT PACKING pc=0x0000023fb0b6bfd4 sp=0x000000b6948fe700
Event: 5.694 Thread 0x0000023fcde0cd40 DEOPT UNPACKING pc=0x0000023fb7cd7143 sp=0x000000b6948fdc58 mode 0
Event: 5.696 Thread 0x0000023fcde0e550 DEOPT PACKING pc=0x0000023fb0b6bfd4 sp=0x000000b6947fe550
Event: 5.696 Thread 0x0000023fcde0cd40 DEOPT PACKING pc=0x0000023fb0b6bfd4 sp=0x000000b6948fe700
Event: 5.696 Thread 0x0000023fcde0e550 DEOPT UNPACKING pc=0x0000023fb7cd7143 sp=0x000000b6947fdaa8 mode 0
Event: 5.696 Thread 0x0000023fcde0cd40 DEOPT UNPACKING pc=0x0000023fb7cd7143 sp=0x000000b6948fdc58 mode 0
Event: 5.701 Thread 0x0000023fc91ff1e0 Uncommon trap: trap_request=0xffffff3d fr.pc=0x0000023fb84b16f0 relative=0x0000000000000cd0
Event: 5.701 Thread 0x0000023fc91ff1e0 Uncommon trap: reason=unstable_fused_if action=reinterpret pc=0x0000023fb84b16f0 method=org.objectweb.asm.ByteVector.putUTF8(Ljava/lang/String;)Lorg/objectweb/asm/ByteVector; @ 93 c2
Event: 5.701 Thread 0x0000023fc91ff1e0 DEOPT PACKING pc=0x0000023fb84b16f0 sp=0x000000b691ff7f90
Event: 5.701 Thread 0x0000023fc91ff1e0 DEOPT UNPACKING pc=0x0000023fb7cd69a3 sp=0x000000b691ff7ee8 mode 2
Event: 5.703 Thread 0x0000023fc91ff1e0 Uncommon trap: trap_request=0xffffff3d fr.pc=0x0000023fb83ff148 relative=0x0000000000000208
Event: 5.703 Thread 0x0000023fc91ff1e0 Uncommon trap: reason=unstable_fused_if action=reinterpret pc=0x0000023fb83ff148 method=org.objectweb.asm.ByteVector.putUTF8(Ljava/lang/String;)Lorg/objectweb/asm/ByteVector; @ 93 c2
Event: 5.703 Thread 0x0000023fc91ff1e0 DEOPT PACKING pc=0x0000023fb83ff148 sp=0x000000b691ff74a0
Event: 5.703 Thread 0x0000023fc91ff1e0 DEOPT UNPACKING pc=0x0000023fb7cd69a3 sp=0x000000b691ff7420 mode 2
Event: 5.709 Thread 0x0000023fc91ff1e0 Uncommon trap: trap_request=0xffffff45 fr.pc=0x0000023fb837aa1c relative=0x000000000000007c
Event: 5.709 Thread 0x0000023fc91ff1e0 Uncommon trap: reason=unstable_if action=reinterpret pc=0x0000023fb837aa1c method=java.util.Spliterator.getExactSizeIfKnown()J @ 9 c2
Event: 5.709 Thread 0x0000023fc91ff1e0 DEOPT PACKING pc=0x0000023fb837aa1c sp=0x000000b691ffa280
Event: 5.709 Thread 0x0000023fc91ff1e0 DEOPT UNPACKING pc=0x0000023fb7cd69a3 sp=0x000000b691ffa218 mode 2

Classes unloaded (0 events):
No events

Classes redefined (0 events):
No events

Internal exceptions (20 events):
Event: 5.321 Thread 0x0000023fc91ff1e0 Exception <a 'java/lang/NoSuchMethodError'{0x00000000900331e0}: 'java.lang.Object java.lang.invoke.DelegatingMethodHandle$Holder.reinvoke_L(java.lang.Object, java.lang.Object, java.lang.Object, java.lang.Object, java.lang.Object, java.lang.Object, java.lang.Object, java.lang.Object, java.lang.Object, java.lang.Object, java.lang.Object, java.lang.Object, java.lang.Object, java.lang.Object, java.lang.Object, java.lang.Object, java.lang.Object, java.lang.Object, java.lang.Object, java.lang.Object, java.lang.O
Event: 5.322 Thread 0x0000023fc91ff1e0 Exception <a 'java/lang/NoSuchMethodError'{0x000000009003e8f0}: 'java.lang.Object java.lang.invoke.DirectMethodHandle$Holder.invokeSpecial(java.lang.Object, java.lang.Object, java.lang.Object, java.lang.Object, java.lang.Object, java.lang.Object, java.lang.Object, java.lang.Object, java.lang.Object, java.lang.Object, java.lang.Object, java.lang.Object, java.lang.Object, java.lang.Object, java.lang.Object, java.lang.Object, java.lang.Object, java.lang.Object, java.lang.Object, java.lang.Object, java.lang.Ob
Event: 5.322 Thread 0x0000023fc91ff1e0 Exception <a 'java/lang/NoSuchMethodError'{0x0000000090044538}: 'java.lang.Object java.lang.invoke.Invokers$Holder.invoker(java.lang.Object, java.lang.Object, java.lang.Object, java.lang.Object, java.lang.Object, java.lang.Object, java.lang.Object, java.lang.Object, java.lang.Object, java.lang.Object, java.lang.Object, java.lang.Object, java.lang.Object, java.lang.Object, java.lang.Object, java.lang.Object, java.lang.Object, java.lang.Object, java.lang.Object, java.lang.Object, java.lang.Object)'> (0x00000
Event: 5.322 Thread 0x0000023fc91ff1e0 Exception <a 'java/lang/NoSuchMethodError'{0x000000009004ab18}: 'java.lang.Object java.lang.invoke.DelegatingMethodHandle$Holder.delegate(java.lang.Object, java.lang.Object, java.lang.Object, java.lang.Object, java.lang.Object, java.lang.Object, java.lang.Object, java.lang.Object, java.lang.Object, java.lang.Object, java.lang.Object, java.lang.Object, java.lang.Object, java.lang.Object, java.lang.Object, java.lang.Object, java.lang.Object, java.lang.Object, java.lang.Object, java.lang.Object, java.lang.Obj
Event: 5.402 Thread 0x0000023fc91ff1e0 Exception <a 'java/lang/NoSuchMethodError'{0x000000008f8b0380}: 'int java.lang.invoke.DirectMethodHandle$Holder.invokeSpecialIFC(java.lang.Object, java.lang.Object, java.lang.Object)'> (0x000000008f8b0380) 
thrown [s\src\hotspot\share\interpreter\linkResolver.cpp, line 771]
Event: 5.433 Thread 0x0000023fc91ff1e0 Exception <a 'java/lang/NoSuchMethodError'{0x000000008f436a60}: 'java.lang.Object java.lang.invoke.DirectMethodHandle$Holder.invokeSpecial(java.lang.Object, java.lang.Object, java.lang.Object, java.lang.Object, java.lang.Object, int, java.lang.Object)'> (0x000000008f436a60) 
thrown [s\src\hotspot\share\interpreter\linkResolver.cpp, line 771]
Event: 5.434 Thread 0x0000023fc91ff1e0 Exception <a 'java/lang/NoSuchMethodError'{0x000000008f442318}: 'java.lang.Object java.lang.invoke.DirectMethodHandle$Holder.newInvokeSpecial(java.lang.Object, java.lang.Object, java.lang.Object, java.lang.Object, java.lang.Object, int)'> (0x000000008f442318) 
thrown [s\src\hotspot\share\interpreter\linkResolver.cpp, line 771]
Event: 5.434 Thread 0x0000023fc91ff1e0 Exception <a 'java/lang/NoSuchMethodError'{0x000000008f447830}: 'java.lang.Object java.lang.invoke.DirectMethodHandle$Holder.invokeSpecial(java.lang.Object, java.lang.Object, java.lang.Object, java.lang.Object, java.lang.Object, java.lang.Object, int)'> (0x000000008f447830) 
thrown [s\src\hotspot\share\interpreter\linkResolver.cpp, line 771]
Event: 5.434 Thread 0x0000023fc91ff1e0 Exception <a 'java/lang/NoSuchMethodError'{0x000000008f44c3b0}: 'java.lang.Object java.lang.invoke.Invokers$Holder.linkToTargetMethod(java.lang.Object, java.lang.Object, java.lang.Object, java.lang.Object, int, java.lang.Object)'> (0x000000008f44c3b0) 
thrown [s\src\hotspot\share\interpreter\linkResolver.cpp, line 771]
Event: 5.441 Thread 0x0000023fc91ff1e0 Exception <a 'java/lang/NoSuchMethodError'{0x000000008f4f5810}: 'void java.lang.invoke.DirectMethodHandle$Holder.invokeStatic(java.lang.Object, java.lang.Object, java.lang.Object, int, java.lang.Object)'> (0x000000008f4f5810) 
thrown [s\src\hotspot\share\interpreter\linkResolver.cpp, line 771]
Event: 5.626 Thread 0x0000023fc91ff1e0 Implicit null exception at 0x0000023fb83c346f to 0x0000023fb83c36b8
Event: 5.708 Thread 0x0000023fc91ff1e0 Exception <a 'java/lang/NoSuchMethodError'{0x000000008500fca8}: 'long java.lang.invoke.DirectMethodHandle$Holder.invokeVirtual(java.lang.Object, java.lang.Object)'> (0x000000008500fca8) 
thrown [s\src\hotspot\share\interpreter\linkResolver.cpp, line 771]
Event: 5.710 Thread 0x0000023fc86f98b0 Exception <a 'java/lang/NoSuchMethodError'{0x0000000085085df0}: static Lorg/gradle/internal/build/event/types/DefaultOperationFinishedProgressEvent;.<clinit>()V> (0x0000000085085df0) 
thrown [s\src\hotspot\share\prims\jni.cpp, line 1108]
Event: 5.712 Thread 0x0000023fc86f98b0 Exception <a 'java/lang/NoSuchMethodError'{0x00000000850aa0a8}: static Lorg/gradle/internal/build/event/types/DefaultProjectConfigurationSuccessResult;.<clinit>()V> (0x00000000850aa0a8) 
thrown [s\src\hotspot\share\prims\jni.cpp, line 1108]
Event: 5.712 Thread 0x0000023fc86f98b0 Exception <a 'java/lang/NoSuchMethodError'{0x00000000850ab160}: static Lorg/gradle/internal/build/event/types/AbstractProjectConfigurationResult;.<clinit>()V> (0x00000000850ab160) 
thrown [s\src\hotspot\share\prims\jni.cpp, line 1108]
Event: 5.712 Thread 0x0000023fc86f98b0 Exception <a 'java/lang/NoSuchMethodError'{0x00000000850ac410}: static Lorg/gradle/internal/build/event/types/AbstractOperationResult;.<clinit>()V> (0x00000000850ac410) 
thrown [s\src\hotspot\share\prims\jni.cpp, line 1108]
Event: 5.712 Thread 0x0000023fc86f98b0 Exception <a 'java/lang/NoSuchMethodError'{0x00000000850ad660}: static Lorg/gradle/internal/build/event/types/AbstractResult;.<clinit>()V> (0x00000000850ad660) 
thrown [s\src\hotspot\share\prims\jni.cpp, line 1108]
Event: 5.712 Thread 0x0000023fc86f98b0 Exception <a 'java/lang/NoSuchMethodError'{0x00000000850c2448}: static Lorg/gradle/internal/build/event/types/DefaultPluginApplicationResult;.<clinit>()V> (0x00000000850c2448) 
thrown [s\src\hotspot\share\prims\jni.cpp, line 1108]
Event: 5.713 Thread 0x0000023fc86f98b0 Exception <a 'java/lang/NoSuchMethodError'{0x00000000850cd218}: static Lorg/gradle/internal/build/event/types/DefaultBinaryPluginIdentifier;.<clinit>()V> (0x00000000850cd218) 
thrown [s\src\hotspot\share\prims\jni.cpp, line 1108]
Event: 5.714 Thread 0x0000023fc86f98b0 Exception <a 'java/lang/NoSuchMethodError'{0x00000000850e3118}: static Lorg/gradle/internal/build/event/types/DefaultScriptPluginIdentifier;.<clinit>()V> (0x00000000850e3118) 
thrown [s\src\hotspot\share\prims\jni.cpp, line 1108]

VM Operations (20 events):
Event: 5.033 Executing VM operation: HandshakeAllThreads
Event: 5.033 Executing VM operation: HandshakeAllThreads done
Event: 5.097 Executing VM operation: ICBufferFull
Event: 5.097 Executing VM operation: ICBufferFull done
Event: 5.126 Executing VM operation: HandshakeAllThreads
Event: 5.126 Executing VM operation: HandshakeAllThreads done
Event: 5.352 Executing VM operation: ICBufferFull
Event: 5.353 Executing VM operation: ICBufferFull done
Event: 5.474 Executing VM operation: CollectForMetadataAllocation
Event: 5.479 Executing VM operation: CollectForMetadataAllocation done
Event: 5.490 Executing VM operation: G1Concurrent
Event: 5.491 Executing VM operation: G1Concurrent done
Event: 5.491 Executing VM operation: G1Concurrent
Event: 5.491 Executing VM operation: G1Concurrent done
Event: 5.574 Executing VM operation: HandshakeAllThreads
Event: 5.574 Executing VM operation: HandshakeAllThreads done
Event: 5.588 Executing VM operation: ICBufferFull
Event: 5.588 Executing VM operation: ICBufferFull done
Event: 5.698 Executing VM operation: ICBufferFull
Event: 5.699 Executing VM operation: ICBufferFull done

Events (20 events):
Event: 5.603 loading class java/util/LinkedList$LLSpliterator done
Event: 5.631 Thread 0x0000023fcde0b530 Thread added: 0x0000023fcde0b530
Event: 5.631 Thread 0x0000023fcde0ba00 Thread added: 0x0000023fcde0ba00
Event: 5.631 Thread 0x0000023fcde0f890 Thread added: 0x0000023fcde0f890
Event: 5.632 Thread 0x0000023fcde10bd0 Thread added: 0x0000023fcde10bd0
Event: 5.632 Thread 0x0000023fcde0d6e0 Thread added: 0x0000023fcde0d6e0
Event: 5.632 Thread 0x0000023fcde0d210 Thread added: 0x0000023fcde0d210
Event: 5.632 Thread 0x0000023fcde11a40 Thread added: 0x0000023fcde11a40
Event: 5.632 Thread 0x0000023fcde11f10 Thread added: 0x0000023fcde11f10
Event: 5.632 Thread 0x0000023fcde10700 Thread added: 0x0000023fcde10700
Event: 5.632 Thread 0x0000023fcde0bed0 Thread added: 0x0000023fcde0bed0
Event: 5.633 Thread 0x0000023fcde0c3a0 Thread added: 0x0000023fcde0c3a0
Event: 5.691 Thread 0x0000023fcde0e550 Thread added: 0x0000023fcde0e550
Event: 5.691 Thread 0x0000023fcde0cd40 Thread added: 0x0000023fcde0cd40
Event: 5.691 Thread 0x0000023fcde123e0 Thread added: 0x0000023fcde123e0
Event: 5.691 Thread 0x0000023fcde0dbb0 Thread added: 0x0000023fcde0dbb0
Event: 5.709 loading class java/util/stream/SortedOps$RefSortingSink
Event: 5.709 loading class java/util/stream/SortedOps$RefSortingSink done
Event: 5.713 loading class java/time/Ser
Event: 5.713 loading class java/time/Ser done


Dynamic libraries:
0x00007ff6cfa90000 - 0x00007ff6cfa9a000 	C:\Program Files\Android\Android Studio\jbr\bin\java.exe
0x00007ff83f670000 - 0x00007ff83f884000 	C:\Windows\SYSTEM32\ntdll.dll
0x00007ff83e050000 - 0x00007ff83e114000 	C:\Windows\System32\KERNEL32.DLL
0x00007ff83cea0000 - 0x00007ff83d244000 	C:\Windows\System32\KERNELBASE.dll
0x00007ff8390e0000 - 0x00007ff839177000 	C:\Windows\SYSTEM32\apphelp.dll
0x00007ff83caf0000 - 0x00007ff83cc01000 	C:\Windows\System32\ucrtbase.dll
0x00007ff825600000 - 0x00007ff825617000 	C:\Program Files\Android\Android Studio\jbr\bin\jli.dll
0x00007ff81cf60000 - 0x00007ff81cf7b000 	C:\Program Files\Android\Android Studio\jbr\bin\VCRUNTIME140.dll
0x00007ff83dc20000 - 0x00007ff83ddca000 	C:\Windows\System32\USER32.dll
0x00007ff83cc10000 - 0x00007ff83cc36000 	C:\Windows\System32\win32u.dll
0x00007ff83bda0000 - 0x00007ff83c02f000 	C:\Windows\WinSxS\amd64_microsoft.windows.common-controls_6595b64144ccf1df_6.0.22621.2070_none_2713e6537381f706\COMCTL32.dll
0x00007ff83ddd0000 - 0x00007ff83ddf9000 	C:\Windows\System32\GDI32.dll
0x00007ff83e4b0000 - 0x00007ff83e557000 	C:\Windows\System32\msvcrt.dll
0x00007ff83cc40000 - 0x00007ff83cd59000 	C:\Windows\System32\gdi32full.dll
0x00007ff83ca50000 - 0x00007ff83caea000 	C:\Windows\System32\msvcp_win.dll
0x00007ff83f150000 - 0x00007ff83f181000 	C:\Windows\System32\IMM32.DLL
0x00007ff81ef10000 - 0x00007ff81ef1c000 	C:\Program Files\Android\Android Studio\jbr\bin\vcruntime140_1.dll
0x00007fffcfa90000 - 0x00007fffcfb1d000 	C:\Program Files\Android\Android Studio\jbr\bin\msvcp140.dll
0x00007fffc3c90000 - 0x00007fffc48fe000 	C:\Program Files\Android\Android Studio\jbr\bin\server\jvm.dll
0x00007ff83f190000 - 0x00007ff83f240000 	C:\Windows\System32\ADVAPI32.dll
0x00007ff83f0a0000 - 0x00007ff83f146000 	C:\Windows\System32\sechost.dll
0x00007ff83e700000 - 0x00007ff83e817000 	C:\Windows\System32\RPCRT4.dll
0x00007ff831ce0000 - 0x00007ff831d14000 	C:\Windows\SYSTEM32\WINMM.dll
0x00007ff8391c0000 - 0x00007ff8391ca000 	C:\Windows\SYSTEM32\VERSION.dll
0x00007ff836f90000 - 0x00007ff836f99000 	C:\Windows\SYSTEM32\WSOCK32.dll
0x00007ff83d430000 - 0x00007ff83d4a1000 	C:\Windows\System32\WS2_32.dll
0x00007ff83aa70000 - 0x00007ff83aa88000 	C:\Windows\SYSTEM32\kernel.appcore.dll
0x00007ff832930000 - 0x00007ff83293a000 	C:\Program Files\Android\Android Studio\jbr\bin\jimage.dll
0x00007ff83c360000 - 0x00007ff83c58e000 	C:\Windows\SYSTEM32\DBGHELP.DLL
0x00007ff83e120000 - 0x00007ff83e4aa000 	C:\Windows\System32\combase.dll
0x00007ff83db30000 - 0x00007ff83dc07000 	C:\Windows\System32\OLEAUT32.dll
0x00007ff83c210000 - 0x00007ff83c242000 	C:\Windows\SYSTEM32\dbgcore.DLL
0x00007ff83cd60000 - 0x00007ff83cdda000 	C:\Windows\System32\bcryptPrimitives.dll
0x00007ff825620000 - 0x00007ff82562e000 	C:\Program Files\Android\Android Studio\jbr\bin\instrument.dll
0x00007ff825f80000 - 0x00007ff825fa5000 	C:\Program Files\Android\Android Studio\jbr\bin\java.dll
0x00007ff825680000 - 0x00007ff825698000 	C:\Program Files\Android\Android Studio\jbr\bin\zip.dll
0x00007ff83e880000 - 0x00007ff83f096000 	C:\Windows\System32\SHELL32.dll
0x00007ff839ab0000 - 0x00007ff83a39a000 	C:\Windows\SYSTEM32\windows.storage.dll
0x00007ff839970000 - 0x00007ff839aae000 	C:\Windows\SYSTEM32\wintypes.dll
0x00007ff83f300000 - 0x00007ff83f3f3000 	C:\Windows\System32\SHCORE.dll
0x00007ff83d650000 - 0x00007ff83d6ae000 	C:\Windows\System32\shlwapi.dll
0x00007ff83c980000 - 0x00007ff83c9a6000 	C:\Windows\SYSTEM32\profapi.dll
0x00007ff825660000 - 0x00007ff825679000 	C:\Program Files\Android\Android Studio\jbr\bin\net.dll
0x00007ff8348b0000 - 0x00007ff8349e7000 	C:\Windows\SYSTEM32\WINHTTP.dll
0x00007ff83af90000 - 0x00007ff83aff9000 	C:\Windows\system32\mswsock.dll
0x00007ff825640000 - 0x00007ff825656000 	C:\Program Files\Android\Android Studio\jbr\bin\nio.dll
0x00007ff825630000 - 0x00007ff825640000 	C:\Program Files\Android\Android Studio\jbr\bin\verify.dll
0x00007ff8167c0000 - 0x00007ff8167e7000 	C:\Users\dk\.gradle\native\68d5fa5c4cc2d200863cafc0d521ce42e7d3e7ee720ec0a83991735586a16f82\windows-amd64\native-platform.dll
0x00007fffcf940000 - 0x00007fffcfa84000 	C:\Users\dk\.gradle\native\e376f236ea51e6404a007f0833ffe2c6e607c4080706a723a18a27aeea778392\windows-amd64\native-platform-file-events.dll
0x00007ff8214c0000 - 0x00007ff8214c9000 	C:\Program Files\Android\Android Studio\jbr\bin\management.dll
0x00007ff81ef30000 - 0x00007ff81ef3b000 	C:\Program Files\Android\Android Studio\jbr\bin\management_ext.dll
0x00007ff83f260000 - 0x00007ff83f268000 	C:\Windows\System32\PSAPI.DLL
0x00007ff83c680000 - 0x00007ff83c69b000 	C:\Windows\SYSTEM32\CRYPTSP.dll
0x00007ff83aaf0000 - 0x00007ff83ab25000 	C:\Windows\system32\rsaenh.dll
0x00007ff83b030000 - 0x00007ff83b05c000 	C:\Windows\SYSTEM32\USERENV.dll
0x00007ff83c250000 - 0x00007ff83c278000 	C:\Windows\SYSTEM32\bcrypt.dll
0x00007ff83b290000 - 0x00007ff83b29c000 	C:\Windows\SYSTEM32\CRYPTBASE.dll
0x00007ff83a640000 - 0x00007ff83a66d000 	C:\Windows\SYSTEM32\IPHLPAPI.DLL
0x00007ff83de00000 - 0x00007ff83de09000 	C:\Windows\System32\NSI.dll
0x00007ff834650000 - 0x00007ff834669000 	C:\Windows\SYSTEM32\dhcpcsvc6.DLL
0x00007ff8345f0000 - 0x00007ff83460f000 	C:\Windows\SYSTEM32\dhcpcsvc.DLL
0x00007ff83a670000 - 0x00007ff83a763000 	C:\Windows\SYSTEM32\DNSAPI.dll
0x00007ff80a480000 - 0x00007ff80a488000 	C:\Windows\system32\wshunix.dll

dbghelp: loaded successfully - version: 4.0.5 - missing functions: none
symbol engine: initialized successfully - sym options: 0x614 - pdb path: .;C:\Program Files\Android\Android Studio\jbr\bin;C:\Windows\SYSTEM32;C:\Windows\WinSxS\amd64_microsoft.windows.common-controls_6595b64144ccf1df_6.0.22621.2070_none_2713e6537381f706;C:\Program Files\Android\Android Studio\jbr\bin\server;C:\Users\dk\.gradle\native\68d5fa5c4cc2d200863cafc0d521ce42e7d3e7ee720ec0a83991735586a16f82\windows-amd64;C:\Users\dk\.gradle\native\e376f236ea51e6404a007f0833ffe2c6e607c4080706a723a18a27aeea778392\windows-amd64

VM Arguments:
jvm_args: --add-opens=java.base/java.util=ALL-UNNAMED --add-opens=java.base/java.lang=ALL-UNNAMED --add-opens=java.base/java.lang.invoke=ALL-UNNAMED --add-opens=java.prefs/java.util.prefs=ALL-UNNAMED --add-opens=java.base/java.nio.charset=ALL-UNNAMED --add-opens=java.base/java.net=ALL-UNNAMED --add-opens=java.base/java.util.concurrent.atomic=ALL-UNNAMED -Xmx2048m -Dfile.encoding=UTF-8 -Duser.country=US -Duser.language=en -Duser.variant -javaagent:C:\Users\dk\.gradle\wrapper\dists\gradle-8.2.1-bin\5hap6b9n41hkg4jeh2au2pllh\gradle-8.2.1\lib\agents\gradle-instrumentation-agent-8.2.1.jar 
java_command: org.gradle.launcher.daemon.bootstrap.GradleDaemon 8.2.1
java_class_path (initial): C:\Users\dk\.gradle\wrapper\dists\gradle-8.2.1-bin\5hap6b9n41hkg4jeh2au2pllh\gradle-8.2.1\lib\gradle-launcher-8.2.1.jar
Launcher Type: SUN_STANDARD

[Global flags]
     intx CICompilerCount                          = 4                                         {product} {ergonomic}
     uint ConcGCThreads                            = 3                                         {product} {ergonomic}
     uint G1ConcRefinementThreads                  = 10                                        {product} {ergonomic}
   size_t G1HeapRegionSize                         = 1048576                                   {product} {ergonomic}
    uintx GCDrainStackTargetSize                   = 64                                        {product} {ergonomic}
   size_t InitialHeapSize                          = 738197504                                 {product} {ergonomic}
   size_t MarkStackSize                            = 4194304                                   {product} {ergonomic}
   size_t MaxHeapSize                              = 2147483648                                {product} {command line}
   size_t MaxNewSize                               = 1287651328                                {product} {ergonomic}
   size_t MinHeapDeltaBytes                        = 1048576                                   {product} {ergonomic}
   size_t MinHeapSize                              = 8388608                                   {product} {ergonomic}
    uintx NonNMethodCodeHeapSize                   = 5839372                                {pd product} {ergonomic}
    uintx NonProfiledCodeHeapSize                  = 122909434                              {pd product} {ergonomic}
    uintx ProfiledCodeHeapSize                     = 122909434                              {pd product} {ergonomic}
    uintx ReservedCodeCacheSize                    = 251658240                              {pd product} {ergonomic}
     bool SegmentedCodeCache                       = true                                      {product} {ergonomic}
   size_t SoftMaxHeapSize                          = 2147483648                             {manageable} {ergonomic}
     bool UseCompressedClassPointers               = true                           {product lp64_product} {ergonomic}
     bool UseCompressedOops                        = true                           {product lp64_product} {ergonomic}
     bool UseG1GC                                  = true                                      {product} {ergonomic}
     bool UseLargePagesIndividualAllocation        = false                                  {pd product} {ergonomic}

Logging:
Log output configuration:
 #0: stdout all=warning uptime,level,tags
 #1: stderr all=off uptime,level,tags

Environment Variables:
JAVA_HOME=C:\Program Files\Java\jdk-20
CLASSPATH=C:\Program Files\Java\jdk-20\lib\*.jar
PATH=C:\Users\dk\miniconda3;C:\Program Files\Git\cmd;C:\Program Files\Git;C:\Program Files\Git\bin;C:\bin;C:\Users\dk\bin;C:\Program Files\Python311\Scripts\;C:\Program Files\Python311\;C:\Program Files\Java\jdk-20\bin;C:\Program Files\Java\jdk-20;C:\scrcpy;C:\Program Files\platform-tools;C:\Program Files\Java\jdk-19\bin;C:\Program Files\Common Files\Oracle\Java\javapath;C:\Program Files (x86)\Common Files\Oracle\Java\javapath;C:\Windows\system32;C:\Windows;C:\Windows\System32\Wbem;C:\Windows\System32\WindowsPowerShell\v1.0\;C:\Windows\System32\OpenSSH\;C:\Program Files\dotnet\;C:\Program Files\nodejs\;C:\Program Files\Git\cmd;C:\Program Files\PowerShell\7\;C:\Users\dk\AppData\Local\Microsoft\WindowsApps;C:\Users\dk\AppData\Roaming\npm;C:\Program Files\JetBrains\IntelliJ IDEA Community Edition 2023.1.3\bin
USERNAME=dk
OS=Windows_NT
PROCESSOR_IDENTIFIER=AMD64 Family 25 Model 80 Stepping 0, AuthenticAMD
TMP=C:\Users\dk\AppData\Local\Temp
TEMP=C:\Users\dk\AppData\Local\Temp


JNI global refs:
JNI global refs: 27, weak refs: 0

JNI global refs memory usage: 843, weak refs: 841


---------------  S Y S T E M  ---------------

OS:
 Windows 11 , 64 bit Build 22621 (10.0.22621.2070)
OS uptime: 0 days 0:12 hours
Hyper-V role detected

CPU: total 12 (initial active 12) (12 cores per cpu, 2 threads per core) family 25 model 80 stepping 0 microcode 0x0, cx8, cmov, fxsr, ht, mmx, 3dnowpref, sse, sse2, sse3, ssse3, sse4a, sse4.1, sse4.2, popcnt, lzcnt, tsc, tscinvbit, avx, avx2, aes, erms, clmul, bmi1, bmi2, adx, sha, fma, vzeroupper, clflush, clflushopt, hv

Memory: 4k page, system-wide physical 44949M (31667M free)
TotalPageFile size 55189M (AvailPageFile size 41153M)
current process WorkingSet (physical memory assigned to process): 833M, peak: 833M
current process commit charge ("private bytes"): 891M, peak: 892M

vm_info: OpenJDK 64-Bit Server VM (17.0.6+0-b2043.56-10027231) for windows-amd64 JRE (17.0.6+0-b2043.56-10027231), built on Apr 28 2023 00:43:19 by "androidbuild" with MS VC++ 16.10 / 16.11 (VS2019)

END.
