#
# A fatal error has been detected by the Java Runtime Environment:
#
#  EXCEPTION_ACCESS_VIOLATION (0xc0000005) at pc=0x00007fffc3d9fa56, pid=16316, tid=7872
#
# JRE version: OpenJDK Runtime Environment (17.0.6) (build 17.0.6+0-b2043.56-10027231)
# Java VM: OpenJDK 64-Bit Server VM (17.0.6+0-b2043.56-10027231, mixed mode, tiered, compressed oops, compressed class ptrs, g1 gc, windows-amd64)
# Problematic frame:
# V  [jvm.dll+0x10fa56]
#
# No core dump will be written. Minidumps are not enabled by default on client versions of Windows
#
# If you would like to submit a bug report, please visit:
#   https://bugreport.java.com/bugreport/crash.jsp
#

---------------  S U M M A R Y ------------

Command Line: --add-opens=java.base/java.util=ALL-UNNAMED --add-opens=java.base/java.lang=ALL-UNNAMED --add-opens=java.base/java.lang.invoke=ALL-UNNAMED --add-opens=java.prefs/java.util.prefs=ALL-UNNAMED --add-opens=java.base/java.nio.charset=ALL-UNNAMED --add-opens=java.base/java.net=ALL-UNNAMED --add-opens=java.base/java.util.concurrent.atomic=ALL-UNNAMED -Xmx2048m -Dfile.encoding=UTF-8 -Duser.country=US -Duser.language=en -Duser.variant -javaagent:C:\Users\dk\.gradle\wrapper\dists\gradle-8.2.1-bin\5hap6b9n41hkg4jeh2au2pllh\gradle-8.2.1\lib\agents\gradle-instrumentation-agent-8.2.1.jar org.gradle.launcher.daemon.bootstrap.GradleDaemon 8.2.1

Host: AMD Ryzen 5 5600G with Radeon Graphics         , 12 cores, 43G,  Windows 11 , 64 bit Build 22621 (10.0.22621.2070)
Time: Sat Aug 12 16:49:13 2023 India Standard Time elapsed time: 4.998475 seconds (0d 0h 0m 4s)

---------------  T H R E A D  ---------------

Current thread (0x00000260fd072ba0):  JavaThread "C2 CompilerThread0" daemon [_thread_in_native, id=7872, stack(0x000000ee4de00000,0x000000ee4df00000)]


Current CompileTask:
C2:   4998 7170       4       jdk.internal.loader.URLClassPath$JarLoader$2::getBytes (48 bytes)

Stack: [0x000000ee4de00000,0x000000ee4df00000],  sp=0x000000ee4defba10,  free space=1006k
Native frames: (J=compiled Java code, j=interpreted, Vv=VM code, C=native code)
V  [jvm.dll+0x10fa56]
V  [jvm.dll+0x11024b]
V  [jvm.dll+0x5b6f4]
V  [jvm.dll+0x5a2315]
V  [jvm.dll+0x367a5c]
V  [jvm.dll+0x1bcf06]
V  [jvm.dll+0x21c359]
V  [jvm.dll+0x21b621]
V  [jvm.dll+0x1a4fdd]
V  [jvm.dll+0x22b098]
V  [jvm.dll+0x229159]
V  [jvm.dll+0x7f81ec]
V  [jvm.dll+0x7f274a]
V  [jvm.dll+0x682ad5]
C  [ucrtbase.dll+0x29363]
C  [KERNEL32.DLL+0x126ad]
C  [ntdll.dll+0x5aa68]


siginfo: EXCEPTION_ACCESS_VIOLATION (0xc0000005), reading address 0x0000000000001a9e


Register to memory mapping:

RIP=0x00007fffc3d9fa56 jvm.dll
RAX=0x00007fffc45ccf58 jvm.dll
RBX=0x0000000000001a9e is an unknown value
RCX=0x0000000000001a9e is an unknown value
RDX=0x0000000000001a9e is an unknown value
RSP=0x000000ee4defba10 is pointing into the stack for thread: 0x00000260fd072ba0
RBP=0x000000ee4defbbe0 is pointing into the stack for thread: 0x00000260fd072ba0
RSI=0x0 is NULL
RDI=0x000000ee4defba60 is pointing into the stack for thread: 0x00000260fd072ba0
R8 =0x0000000000000003 is an unknown value
R9 =0x0000000000000006 is an unknown value
R10=0x0 is NULL
R11=0x0 is NULL
R12=0x0000026081be6d08 points into unknown readable memory: 0x00007fffc45ba580 | 80 a5 5b c4 ff 7f 00 00
R13=0x0000026083bd4528 points into unknown readable memory: 0x00007fffc4582410 | 10 24 58 c4 ff 7f 00 00
R14=0x0000026083bd4658 points into unknown readable memory: 0x00007fffc45ccf58 | 58 cf 5c c4 ff 7f 00 00
R15=0x00000000000f423f is an unknown value


Registers:
RAX=0x00007fffc45ccf58, RBX=0x0000000000001a9e, RCX=0x0000000000001a9e, RDX=0x0000000000001a9e
RSP=0x000000ee4defba10, RBP=0x000000ee4defbbe0, RSI=0x0000000000000000, RDI=0x000000ee4defba60
R8 =0x0000000000000003, R9 =0x0000000000000006, R10=0x0000000000000000, R11=0x0000000000000000
R12=0x0000026081be6d08, R13=0x0000026083bd4528, R14=0x0000026083bd4658, R15=0x00000000000f423f
RIP=0x00007fffc3d9fa56, EFLAGS=0x0000000000010246

Top of Stack: (sp=0x000000ee4defba10)
0x000000ee4defba10:   0000000000000000 0000000000000000
0x000000ee4defba20:   0000000000000000 000000ee4defc160
0x000000ee4defba30:   0000000000000003 00007fffc3da024b
0x000000ee4defba40:   000000ee4defba90 0000000000000006
0x000000ee4defba50:   000000ee4defbbe0 0000000000001a9e
0x000000ee4defba60:   0000000000001a9e 0000000000000000
0x000000ee4defba70:   0000000000000001 00007fffc3ceb6f4
0x000000ee4defba80:   0000000000000731 0000000000000731
0x000000ee4defba90:   0000026083bd45f0 000000010000071f
0x000000ee4defbaa0:   0000001500000008 00007fffc4232315
0x000000ee4defbab0:   0000000000000002 0000026083bd73a0
0x000000ee4defbac0:   000000000000000f 000000ee4defbbe0
0x000000ee4defbad0:   00000260893fd9b0 00007fffc3ff7a5c
0x000000ee4defbae0:   0000000000000000 0000026089486080
0x000000ee4defbaf0:   0000000000000000 00007ff83f6aab01
0x000000ee4defbb00:   000000ee4defbb20 0000026000000006 

Instructions: (pc=0x00007fffc3d9fa56)
0x00007fffc3d9f956:   0f b6 84 02 f4 f9 10 00 8b 8c 82 d0 f9 10 00 48
0x00007fffc3d9f966:   03 ca ff e1 b8 0a 00 00 00 48 83 c4 28 c3 b8 0b
0x00007fffc3d9f976:   00 00 00 48 83 c4 28 c3 b8 06 00 00 00 48 83 c4
0x00007fffc3d9f986:   28 c3 b8 07 00 00 00 48 83 c4 28 c3 b8 0c 00 00
0x00007fffc3d9f996:   00 48 83 c4 28 c3 b8 0f 00 00 00 48 83 c4 28 c3
0x00007fffc3d9f9a6:   b8 11 00 00 00 48 83 c4 28 c3 ba ea 01 00 00 48
0x00007fffc3d9f9b6:   8d 0d 84 74 81 00 e8 0f a0 13 00 e8 4a 3e 57 00
0x00007fffc3d9f9c6:   b8 63 00 00 00 48 83 c4 28 c3 b0 f9 10 00 6a f9
0x00007fffc3d9f9d6:   10 00 74 f9 10 00 92 f9 10 00 9c f9 10 00 7e f9
0x00007fffc3d9f9e6:   10 00 88 f9 10 00 a6 f9 10 00 b0 f9 10 00 00 08
0x00007fffc3d9f9f6:   08 08 08 08 08 08 01 08 08 08 08 08 08 08 02 08
0x00007fffc3d9fa06:   08 08 08 08 08 08 03 08 08 08 08 08 08 08 04 08
0x00007fffc3d9fa16:   08 08 08 08 08 08 05 08 08 08 08 08 08 08 06 08
0x00007fffc3d9fa26:   08 08 08 08 08 08 07 cc cc cc 48 89 5c 24 10 48
0x00007fffc3d9fa36:   89 6c 24 18 48 89 74 24 20 57 48 83 ec 20 48 89
0x00007fffc3d9fa46:   11 48 8b f9 33 f6 48 8b da 48 89 71 08 48 8b ca
0x00007fffc3d9fa56:   48 8b 02 ff 50 10 84 c0 74 04 48 8b 73 38 48 8b
0x00007fffc3d9fa66:   4b 08 48 8b d1 48 8b c1 48 c1 ea 24 80 e2 01 48
0x00007fffc3d9fa76:   c1 e8 25 a8 01 74 32 84 d2 74 2e 48 8b c1 40 b5
0x00007fffc3d9fa86:   01 48 c1 e8 0a 40 22 c5 48 c1 e9 09 40 22 cd 74
0x00007fffc3d9fa96:   12 45 33 c0 ba cf 00 00 00 48 8b ce e8 d9 81 23
0x00007fffc3d9faa6:   00 eb 38 84 c0 74 38 eb e8 48 8b c1 40 32 ed 48
0x00007fffc3d9fab6:   c1 e8 0a 48 c1 e9 09 24 01 80 e1 01 84 d2 74 1f
0x00007fffc3d9fac6:   84 c0 75 04 84 c9 74 17 45 33 c0 ba cf 00 00 00
0x00007fffc3d9fad6:   48 8b ce e8 a2 81 23 00 40 32 ed 48 89 47 08 48
0x00007fffc3d9fae6:   8b cb e8 53 26 00 00 84 c0 74 10 45 33 c0 ba ce
0x00007fffc3d9faf6:   00 00 00 48 8b ce e8 7f 81 23 00 40 84 ed 74 08
0x00007fffc3d9fb06:   48 8b 03 48 8b cb ff 10 48 8b 5c 24 38 48 8b c7
0x00007fffc3d9fb16:   48 8b 6c 24 40 48 8b 74 24 48 48 83 c4 20 5f c3
0x00007fffc3d9fb26:   cc cc cc cc cc cc cc cc cc cc 40 53 48 83 ec 20
0x00007fffc3d9fb36:   4d 8b c8 48 8b d9 4c 8b c2 33 d2 e8 ba f7 54 00
0x00007fffc3d9fb46:   48 8d 05 eb 97 81 00 c7 43 2c c0 00 00 00 48 89 


Stack slot to memory mapping:
stack at sp + 0 slots: 0x0 is NULL
stack at sp + 1 slots: 0x0 is NULL
stack at sp + 2 slots: 0x0 is NULL
stack at sp + 3 slots: 0x000000ee4defc160 is pointing into the stack for thread: 0x00000260fd072ba0
stack at sp + 4 slots: 0x0000000000000003 is an unknown value
stack at sp + 5 slots: 0x00007fffc3da024b jvm.dll
stack at sp + 6 slots: 0x000000ee4defba90 is pointing into the stack for thread: 0x00000260fd072ba0
stack at sp + 7 slots: 0x0000000000000006 is an unknown value


---------------  P R O C E S S  ---------------

Threads class SMR info:
_java_thread_list=0x00000260890ada80, length=64, elements={
0x00000260e0c58700, 0x00000260fd086020, 0x00000260fd086ae0, 0x00000260fd06e360,
0x00000260fd070e30, 0x00000260fd0716f0, 0x00000260fd071fb0, 0x00000260fd072ba0,
0x00000260fd0b5410, 0x00000260fd0bb620, 0x00000260fd1c87e0, 0x00000260fdc78ad0,
0x00000260fdd8ca00, 0x00000260fecdbbe0, 0x0000026080a392e0, 0x00000260fdfeed10,
0x0000026081129a90, 0x0000026080d89430, 0x00000260fea48450, 0x0000026080e00010,
0x0000026080e004e0, 0x0000026080a05450, 0x0000026080a05df0, 0x0000026080a03c40,
0x0000026080a06c60, 0x0000026080a05920, 0x0000026080a045e0, 0x0000026080a07130,
0x0000026080a062c0, 0x0000026080a06790, 0x0000026080a04110, 0x0000026080a04ab0,
0x0000026080a04f80, 0x0000026081a2d620, 0x0000026081a2c2e0, 0x0000026081a2a130,
0x0000026081a2d150, 0x0000026081a27ab0, 0x0000026081a2aad0, 0x0000026081a27f80,
0x0000026081a2c7b0, 0x0000026081a28df0, 0x0000026081a2afa0, 0x0000026081a2be10,
0x0000026081a2b470, 0x0000026081a2dfc0, 0x0000026081a29c60, 0x0000026081a2cc80,
0x0000026081a2b940, 0x0000026081a2e960, 0x0000026081a28450, 0x0000026081a292c0,
0x0000026081a29790, 0x00000260848ac3b0, 0x00000260848b10b0, 0x00000260848abee0,
0x00000260848ad220, 0x00000260848b28c0, 0x00000260848ab070, 0x00000260848b1a50,
0x00000260848b0710, 0x00000260848ab540, 0x00000260848ae090, 0x00000260848b0be0
}

Java Threads: ( => current thread )
  0x00000260e0c58700 JavaThread "main" [_thread_blocked, id=5424, stack(0x000000ee4d100000,0x000000ee4d200000)]
  0x00000260fd086020 JavaThread "Reference Handler" daemon [_thread_blocked, id=4464, stack(0x000000ee4d800000,0x000000ee4d900000)]
  0x00000260fd086ae0 JavaThread "Finalizer" daemon [_thread_blocked, id=16940, stack(0x000000ee4d900000,0x000000ee4da00000)]
  0x00000260fd06e360 JavaThread "Signal Dispatcher" daemon [_thread_blocked, id=5980, stack(0x000000ee4da00000,0x000000ee4db00000)]
  0x00000260fd070e30 JavaThread "Attach Listener" daemon [_thread_blocked, id=9524, stack(0x000000ee4db00000,0x000000ee4dc00000)]
  0x00000260fd0716f0 JavaThread "Service Thread" daemon [_thread_blocked, id=9728, stack(0x000000ee4dc00000,0x000000ee4dd00000)]
  0x00000260fd071fb0 JavaThread "Monitor Deflation Thread" daemon [_thread_blocked, id=9888, stack(0x000000ee4dd00000,0x000000ee4de00000)]
=>0x00000260fd072ba0 JavaThread "C2 CompilerThread0" daemon [_thread_in_native, id=7872, stack(0x000000ee4de00000,0x000000ee4df00000)]
  0x00000260fd0b5410 JavaThread "C1 CompilerThread0" daemon [_thread_in_native, id=10780, stack(0x000000ee4df00000,0x000000ee4e000000)]
  0x00000260fd0bb620 JavaThread "Sweeper thread" daemon [_thread_blocked, id=4680, stack(0x000000ee4e000000,0x000000ee4e100000)]
  0x00000260fd1c87e0 JavaThread "Common-Cleaner" daemon [_thread_blocked, id=5104, stack(0x000000ee4e100000,0x000000ee4e200000)]
  0x00000260fdc78ad0 JavaThread "Notification Thread" daemon [_thread_blocked, id=14492, stack(0x000000ee4e200000,0x000000ee4e300000)]
  0x00000260fdd8ca00 JavaThread "C2 CompilerThread1" daemon [_thread_in_native, id=15196, stack(0x000000ee4e400000,0x000000ee4e500000)]
  0x00000260fecdbbe0 JavaThread "C2 CompilerThread2" daemon [_thread_in_native, id=12056, stack(0x000000ee4ee00000,0x000000ee4ef00000)]
  0x0000026080a392e0 JavaThread "Daemon health stats" [_thread_blocked, id=3268, stack(0x000000ee4ef00000,0x000000ee4f000000)]
  0x00000260fdfeed10 JavaThread "Incoming local TCP Connector on port 57648" [_thread_in_native, id=16040, stack(0x000000ee4f000000,0x000000ee4f100000)]
  0x0000026081129a90 JavaThread "Daemon periodic checks" [_thread_blocked, id=8932, stack(0x000000ee4f100000,0x000000ee4f200000)]
  0x0000026080d89430 JavaThread "Daemon" [_thread_blocked, id=10100, stack(0x000000ee4f200000,0x000000ee4f300000)]
  0x00000260fea48450 JavaThread "Handler for socket connection from /127.0.0.1:57648 to /127.0.0.1:57649" [_thread_in_native, id=10988, stack(0x000000ee4f300000,0x000000ee4f400000)]
  0x0000026080e00010 JavaThread "Cancel handler" [_thread_blocked, id=5088, stack(0x000000ee4f400000,0x000000ee4f500000)]
  0x0000026080e004e0 JavaThread "Daemon worker" [_thread_in_Java, id=2624, stack(0x000000ee4f500000,0x000000ee4f600000)]
  0x0000026080a05450 JavaThread "Asynchronous log dispatcher for DefaultDaemonConnection: socket connection from /127.0.0.1:57648 to /127.0.0.1:57649" [_thread_blocked, id=14824, stack(0x000000ee4f600000,0x000000ee4f700000)]
  0x0000026080a05df0 JavaThread "Stdin handler" [_thread_blocked, id=9436, stack(0x000000ee4f700000,0x000000ee4f800000)]
  0x0000026080a03c40 JavaThread "Daemon client event forwarder" [_thread_blocked, id=9364, stack(0x000000ee4f800000,0x000000ee4f900000)]
  0x0000026080a06c60 JavaThread "Cache worker for journal cache (C:\Users\dk\.gradle\caches\journal-1)" [_thread_blocked, id=9428, stack(0x000000ee4fb00000,0x000000ee4fc00000)]
  0x0000026080a05920 JavaThread "File lock request listener" [_thread_in_native, id=9412, stack(0x000000ee4fc00000,0x000000ee4fd00000)]
  0x0000026080a045e0 JavaThread "Cache worker for file hash cache (C:\Users\dk\.gradle\caches\8.2.1\fileHashes)" [_thread_blocked, id=9380, stack(0x000000ee4fd00000,0x000000ee4fe00000)]
  0x0000026080a07130 JavaThread "Cache worker for file hash cache (D:\ANDROID STUDIO\0_Master Projects\Android Development v3.0\.gradle\8.2.1\fileHashes)" [_thread_blocked, id=9468, stack(0x000000ee4fe00000,0x000000ee4ff00000)]
  0x0000026080a062c0 JavaThread "Cache worker for checksums cache (D:\ANDROID STUDIO\0_Master Projects\Android Development v3.0\.gradle\8.2.1\checksums)" [_thread_blocked, id=7864, stack(0x000000ee4ff00000,0x000000ee50000000)]
  0x0000026080a06790 JavaThread "Cache worker for file content cache (C:\Users\dk\.gradle\caches\8.2.1\fileContent)" [_thread_blocked, id=9356, stack(0x000000ee50000000,0x000000ee50100000)]
  0x0000026080a04110 JavaThread "File watcher server" daemon [_thread_in_native, id=9372, stack(0x000000ee50100000,0x000000ee50200000)]
  0x0000026080a04ab0 JavaThread "File watcher consumer" daemon [_thread_blocked, id=9316, stack(0x000000ee50200000,0x000000ee50300000)]
  0x0000026080a04f80 JavaThread "Cache worker for cache directory md-rule (C:\Users\dk\.gradle\caches\8.2.1\md-rule)" [_thread_blocked, id=9368, stack(0x000000ee50300000,0x000000ee50400000)]
  0x0000026081a2d620 JavaThread "Cache worker for cache directory md-supplier (C:\Users\dk\.gradle\caches\8.2.1\md-supplier)" [_thread_blocked, id=9440, stack(0x000000ee50400000,0x000000ee50500000)]
  0x0000026081a2c2e0 JavaThread "Cache worker for execution history cache (C:\Users\dk\.gradle\caches\8.2.1\executionHistory)" [_thread_blocked, id=9392, stack(0x000000ee50500000,0x000000ee50600000)]
  0x0000026081a2a130 JavaThread "jar transforms" [_thread_blocked, id=9476, stack(0x000000ee50600000,0x000000ee50700000)]
  0x0000026081a2d150 JavaThread "jar transforms Thread 2" [_thread_blocked, id=9312, stack(0x000000ee50700000,0x000000ee50800000)]
  0x0000026081a27ab0 JavaThread "Cache worker for kotlin-dsl (C:\Users\dk\.gradle\caches\8.2.1\kotlin-dsl)" [_thread_blocked, id=9304, stack(0x000000ee50800000,0x000000ee50900000)]
  0x0000026081a2aad0 JavaThread "jar transforms Thread 3" [_thread_blocked, id=9444, stack(0x000000ee50900000,0x000000ee50a00000)]
  0x0000026081a27f80 JavaThread "jar transforms Thread 4" [_thread_blocked, id=9408, stack(0x000000ee50a00000,0x000000ee50b00000)]
  0x0000026081a2c7b0 JavaThread "jar transforms Thread 5" [_thread_blocked, id=9396, stack(0x000000ee50b00000,0x000000ee50c00000)]
  0x0000026081a28df0 JavaThread "jar transforms Thread 6" [_thread_blocked, id=9472, stack(0x000000ee50c00000,0x000000ee50d00000)]
  0x0000026081a2afa0 JavaThread "Cache worker for dependencies-accessors (D:\ANDROID STUDIO\0_Master Projects\Android Development v3.0\.gradle\8.2.1\dependencies-accessors)" [_thread_blocked, id=9308, stack(0x000000ee50d00000,0x000000ee50e00000)]
  0x0000026081a2be10 JavaThread "Configuration cache report writer" [_thread_blocked, id=9424, stack(0x000000ee50e00000,0x000000ee50f00000)]
  0x0000026081a2b470 JavaThread "Cache worker for Build Output Cleanup Cache (D:\ANDROID STUDIO\0_Master Projects\Android Development v3.0\.gradle\buildOutputCleanup)" [_thread_blocked, id=9376, stack(0x000000ee50f00000,0x000000ee51000000)]
  0x0000026081a2dfc0 JavaThread "jar transforms Thread 7" [_thread_blocked, id=10136, stack(0x000000ee51000000,0x000000ee51100000)]
  0x0000026081a29c60 JavaThread "jar transforms Thread 8" [_thread_blocked, id=8520, stack(0x000000ee51100000,0x000000ee51200000)]
  0x0000026081a2cc80 JavaThread "Unconstrained build operations" [_thread_blocked, id=5604, stack(0x000000ee51200000,0x000000ee51300000)]
  0x0000026081a2b940 JavaThread "Unconstrained build operations Thread 2" [_thread_blocked, id=2532, stack(0x000000ee51300000,0x000000ee51400000)]
  0x0000026081a2e960 JavaThread "Unconstrained build operations Thread 3" [_thread_blocked, id=16192, stack(0x000000ee51400000,0x000000ee51500000)]
  0x0000026081a28450 JavaThread "Unconstrained build operations Thread 4" [_thread_blocked, id=17200, stack(0x000000ee51500000,0x000000ee51600000)]
  0x0000026081a292c0 JavaThread "Unconstrained build operations Thread 5" [_thread_blocked, id=11028, stack(0x000000ee51600000,0x000000ee51700000)]
  0x0000026081a29790 JavaThread "Unconstrained build operations Thread 6" [_thread_blocked, id=11096, stack(0x000000ee51700000,0x000000ee51800000)]
  0x00000260848ac3b0 JavaThread "Unconstrained build operations Thread 7" [_thread_blocked, id=2972, stack(0x000000ee51800000,0x000000ee51900000)]
  0x00000260848b10b0 JavaThread "Unconstrained build operations Thread 8" [_thread_blocked, id=15988, stack(0x000000ee51900000,0x000000ee51a00000)]
  0x00000260848abee0 JavaThread "Unconstrained build operations Thread 9" [_thread_blocked, id=9812, stack(0x000000ee51a00000,0x000000ee51b00000)]
  0x00000260848ad220 JavaThread "Unconstrained build operations Thread 10" [_thread_blocked, id=11516, stack(0x000000ee51b00000,0x000000ee51c00000)]
  0x00000260848b28c0 JavaThread "Unconstrained build operations Thread 11" [_thread_blocked, id=16832, stack(0x000000ee51c00000,0x000000ee51d00000)]
  0x00000260848ab070 JavaThread "jar transforms Thread 9" [_thread_blocked, id=1308, stack(0x000000ee51d00000,0x000000ee51e00000)]
  0x00000260848b1a50 JavaThread "jar transforms Thread 10" [_thread_blocked, id=9908, stack(0x000000ee51e00000,0x000000ee51f00000)]
  0x00000260848b0710 JavaThread "jar transforms Thread 11" [_thread_blocked, id=10848, stack(0x000000ee51f00000,0x000000ee52000000)]
  0x00000260848ab540 JavaThread "jar transforms Thread 12" [_thread_blocked, id=7904, stack(0x000000ee52000000,0x000000ee52100000)]
  0x00000260848ae090 JavaThread "build event listener" [_thread_blocked, id=8580, stack(0x000000ee52100000,0x000000ee52200000)]
  0x00000260848b0be0 JavaThread "Memory manager" [_thread_blocked, id=12172, stack(0x000000ee52200000,0x000000ee52300000)]

Other Threads:
  0x00000260fd0641c0 VMThread "VM Thread" [stack: 0x000000ee4d700000,0x000000ee4d800000] [id=6736]
  0x00000260e0ccbfe0 WatcherThread [stack: 0x000000ee4e300000,0x000000ee4e400000] [id=1972]
  0x00000260e0cb3770 GCTaskThread "GC Thread#0" [stack: 0x000000ee4d200000,0x000000ee4d300000] [id=16504]
  0x00000260fea691e0 GCTaskThread "GC Thread#1" [stack: 0x000000ee4e500000,0x000000ee4e600000] [id=8952]
  0x00000260fe1ec6e0 GCTaskThread "GC Thread#2" [stack: 0x000000ee4e600000,0x000000ee4e700000] [id=16872]
  0x00000260fe1ec990 GCTaskThread "GC Thread#3" [stack: 0x000000ee4e700000,0x000000ee4e800000] [id=15292]
  0x00000260fdf21890 GCTaskThread "GC Thread#4" [stack: 0x000000ee4e800000,0x000000ee4e900000] [id=11632]
  0x00000260fdf21b40 GCTaskThread "GC Thread#5" [stack: 0x000000ee4e900000,0x000000ee4ea00000] [id=9248]
  0x00000260fdf21df0 GCTaskThread "GC Thread#6" [stack: 0x000000ee4ea00000,0x000000ee4eb00000] [id=11392]
  0x00000260fdf220a0 GCTaskThread "GC Thread#7" [stack: 0x000000ee4eb00000,0x000000ee4ec00000] [id=2968]
  0x00000260fdf22350 GCTaskThread "GC Thread#8" [stack: 0x000000ee4ec00000,0x000000ee4ed00000] [id=12044]
  0x00000260fdf229d0 GCTaskThread "GC Thread#9" [stack: 0x000000ee4ed00000,0x000000ee4ee00000] [id=16904]
  0x00000260e0cc5730 ConcurrentGCThread "G1 Main Marker" [stack: 0x000000ee4d300000,0x000000ee4d400000] [id=16768]
  0x00000260e0cc6050 ConcurrentGCThread "G1 Conc#0" [stack: 0x000000ee4d400000,0x000000ee4d500000] [id=15608]
  0x00000260806cec60 ConcurrentGCThread "G1 Conc#1" [stack: 0x000000ee4f900000,0x000000ee4fa00000] [id=9388]
  0x00000260fee8c4b0 ConcurrentGCThread "G1 Conc#2" [stack: 0x000000ee4fa00000,0x000000ee4fb00000] [id=9288]
  0x00000260e0d0ebe0 ConcurrentGCThread "G1 Refine#0" [stack: 0x000000ee4d500000,0x000000ee4d600000] [id=16884]
  0x00000260fcebb580 ConcurrentGCThread "G1 Service" [stack: 0x000000ee4d600000,0x000000ee4d700000] [id=9616]

Threads with active compile tasks:
C2 CompilerThread0     5030 7170       4       jdk.internal.loader.URLClassPath$JarLoader$2::getBytes (48 bytes)
C2 CompilerThread1     5030 7269       4       org.objectweb.asm.MethodWriter::computeAllFrames (510 bytes)
C2 CompilerThread2     5030 7268       4       org.objectweb.asm.Frame::merge (395 bytes)

VM state: not at safepoint (normal execution)

VM Mutex/Monitor currently owned by a thread: None

Heap address: 0x0000000080000000, size: 2048 MB, Compressed Oops mode: 32-bit

CDS archive(s) not mapped
Compressed class space mapped at: 0x0000000100000000-0x0000000140000000, reserved size: 1073741824
Narrow klass base: 0x0000000000000000, Narrow klass shift: 3, Narrow klass range: 0x140000000

GC Precious Log:
 CPUs: 12 total, 12 available
 Memory: 44949M
 Large Page Support: Disabled
 NUMA Support: Disabled
 Compressed Oops: Enabled (32-bit)
 Heap Region Size: 1M
 Heap Min Capacity: 8M
 Heap Initial Capacity: 704M
 Heap Max Capacity: 2G
 Pre-touch: Disabled
 Parallel Workers: 10
 Concurrent Workers: 3
 Concurrent Refinement Workers: 10
 Periodic GC: Disabled

Heap:
 garbage-first heap   total 139264K, used 112091K [0x0000000080000000, 0x0000000100000000)
  region size 1024K, 44 young (45056K), 5 survivors (5120K)
 Metaspace       used 72931K, committed 73600K, reserved 1114112K
  class space    used 9840K, committed 10176K, reserved 1048576K

Heap Regions: E=young(eden), S=young(survivor), O=old, HS=humongous(starts), HC=humongous(continues), CS=collection set, F=free, OA=open archive, CA=closed archive, TAMS=top-at-mark-start (previous, next)
|   0|0x0000000080000000, 0x0000000080100000, 0x0000000080100000|100%|HS|  |TAMS 0x0000000080100000, 0x0000000080000000| Complete 
|   1|0x0000000080100000, 0x0000000080200000, 0x0000000080200000|100%|HC|  |TAMS 0x0000000080200000, 0x0000000080100000| Complete 
|   2|0x0000000080200000, 0x0000000080300000, 0x0000000080300000|100%|HC|  |TAMS 0x0000000080300000, 0x0000000080200000| Complete 
|   3|0x0000000080300000, 0x0000000080400000, 0x0000000080400000|100%|HC|  |TAMS 0x0000000080400000, 0x0000000080300000| Complete 
|   4|0x0000000080400000, 0x0000000080500000, 0x0000000080500000|100%| O|  |TAMS 0x0000000080500000, 0x0000000080400000| Untracked 
|   5|0x0000000080500000, 0x0000000080600000, 0x0000000080600000|100%| O|  |TAMS 0x0000000080600000, 0x0000000080500000| Untracked 
|   6|0x0000000080600000, 0x0000000080700000, 0x0000000080700000|100%| O|  |TAMS 0x0000000080700000, 0x0000000080600000| Untracked 
|   7|0x0000000080700000, 0x0000000080800000, 0x0000000080800000|100%| O|  |TAMS 0x0000000080800000, 0x0000000080700000| Untracked 
|   8|0x0000000080800000, 0x0000000080900000, 0x0000000080900000|100%| O|  |TAMS 0x0000000080900000, 0x0000000080800000| Untracked 
|   9|0x0000000080900000, 0x0000000080a00000, 0x0000000080a00000|100%| O|  |TAMS 0x0000000080a00000, 0x0000000080900000| Untracked 
|  10|0x0000000080a00000, 0x0000000080b00000, 0x0000000080b00000|100%| O|  |TAMS 0x0000000080b00000, 0x0000000080a00000| Untracked 
|  11|0x0000000080b00000, 0x0000000080bd3c00, 0x0000000080c00000| 82%| O|  |TAMS 0x0000000080bd3c00, 0x0000000080b00000| Untracked 
|  12|0x0000000080c00000, 0x0000000080d00000, 0x0000000080d00000|100%| O|  |TAMS 0x0000000080d00000, 0x0000000080c00000| Untracked 
|  13|0x0000000080d00000, 0x0000000080e00000, 0x0000000080e00000|100%| O|  |TAMS 0x0000000080e00000, 0x0000000080d00000| Untracked 
|  14|0x0000000080e00000, 0x0000000080f00000, 0x0000000080f00000|100%| O|  |TAMS 0x0000000080f00000, 0x0000000080e00000| Untracked 
|  15|0x0000000080f00000, 0x0000000081000000, 0x0000000081000000|100%| O|  |TAMS 0x0000000081000000, 0x0000000080f00000| Untracked 
|  16|0x0000000081000000, 0x0000000081100000, 0x0000000081100000|100%| O|  |TAMS 0x0000000081100000, 0x0000000081000000| Untracked 
|  17|0x0000000081100000, 0x0000000081200000, 0x0000000081200000|100%| O|  |TAMS 0x0000000081200000, 0x0000000081100000| Untracked 
|  18|0x0000000081200000, 0x0000000081300000, 0x0000000081300000|100%| O|  |TAMS 0x0000000081300000, 0x0000000081200000| Untracked 
|  19|0x0000000081300000, 0x0000000081400000, 0x0000000081400000|100%| O|  |TAMS 0x0000000081400000, 0x0000000081300000| Untracked 
|  20|0x0000000081400000, 0x0000000081500000, 0x0000000081500000|100%| O|  |TAMS 0x0000000081500000, 0x0000000081400000| Untracked 
|  21|0x0000000081500000, 0x0000000081600000, 0x0000000081600000|100%| O|  |TAMS 0x0000000081600000, 0x0000000081500000| Untracked 
|  22|0x0000000081600000, 0x0000000081700000, 0x0000000081700000|100%| O|  |TAMS 0x0000000081700000, 0x0000000081600000| Untracked 
|  23|0x0000000081700000, 0x0000000081800000, 0x0000000081800000|100%| O|  |TAMS 0x0000000081800000, 0x0000000081700000| Untracked 
|  24|0x0000000081800000, 0x0000000081900000, 0x0000000081900000|100%|HS|  |TAMS 0x0000000081900000, 0x0000000081800000| Complete 
|  25|0x0000000081900000, 0x0000000081a00000, 0x0000000081a00000|100%| O|  |TAMS 0x0000000081a00000, 0x0000000081900000| Untracked 
|  26|0x0000000081a00000, 0x0000000081b00000, 0x0000000081b00000|100%| O|  |TAMS 0x0000000081b00000, 0x0000000081a00000| Untracked 
|  27|0x0000000081b00000, 0x0000000081c00000, 0x0000000081c00000|100%| O|  |TAMS 0x0000000081c00000, 0x0000000081b00000| Untracked 
|  28|0x0000000081c00000, 0x0000000081d00000, 0x0000000081d00000|100%| O|  |TAMS 0x0000000081d00000, 0x0000000081c00000| Untracked 
|  29|0x0000000081d00000, 0x0000000081e00000, 0x0000000081e00000|100%|HS|  |TAMS 0x0000000081e00000, 0x0000000081d00000| Complete 
|  30|0x0000000081e00000, 0x0000000081f00000, 0x0000000081f00000|100%|HS|  |TAMS 0x0000000081f00000, 0x0000000081e00000| Complete 
|  31|0x0000000081f00000, 0x0000000082000000, 0x0000000082000000|100%| O|  |TAMS 0x0000000082000000, 0x0000000081f00000| Untracked 
|  32|0x0000000082000000, 0x000000008200f400, 0x0000000082100000|  5%| O|  |TAMS 0x000000008200f400, 0x0000000082000000| Complete 
|  33|0x0000000082100000, 0x0000000082200000, 0x0000000082200000|100%|HS|  |TAMS 0x0000000082200000, 0x0000000082100000| Complete 
|  34|0x0000000082200000, 0x0000000082300000, 0x0000000082300000|100%|HC|  |TAMS 0x0000000082300000, 0x0000000082200000| Complete 
|  35|0x0000000082300000, 0x0000000082400000, 0x0000000082400000|100%|HS|  |TAMS 0x0000000082400000, 0x0000000082300000| Complete 
|  36|0x0000000082400000, 0x0000000082500000, 0x0000000082500000|100%|HC|  |TAMS 0x0000000082500000, 0x0000000082400000| Complete 
|  37|0x0000000082500000, 0x0000000082600000, 0x0000000082600000|100%|HS|  |TAMS 0x0000000082600000, 0x0000000082500000| Complete 
|  38|0x0000000082600000, 0x0000000082700000, 0x0000000082700000|100%|HC|  |TAMS 0x0000000082700000, 0x0000000082600000| Complete 
|  39|0x0000000082700000, 0x0000000082800000, 0x0000000082800000|100%|HC|  |TAMS 0x0000000082800000, 0x0000000082700000| Complete 
|  40|0x0000000082800000, 0x0000000082900000, 0x0000000082900000|100%|HC|  |TAMS 0x0000000082900000, 0x0000000082800000| Complete 
|  41|0x0000000082900000, 0x0000000082a00000, 0x0000000082a00000|100%| O|  |TAMS 0x0000000082a00000, 0x0000000082900000| Untracked 
|  42|0x0000000082a00000, 0x0000000082b00000, 0x0000000082b00000|100%|HS|  |TAMS 0x0000000082b00000, 0x0000000082a00000| Complete 
|  43|0x0000000082b00000, 0x0000000082c00000, 0x0000000082c00000|100%| O|  |TAMS 0x0000000082c00000, 0x0000000082b00000| Untracked 
|  44|0x0000000082c00000, 0x0000000082d00000, 0x0000000082d00000|100%| O|  |TAMS 0x0000000082d00000, 0x0000000082c00000| Untracked 
|  45|0x0000000082d00000, 0x0000000082e00000, 0x0000000082e00000|100%| O|  |TAMS 0x0000000082e00000, 0x0000000082d00000| Untracked 
|  46|0x0000000082e00000, 0x0000000082f00000, 0x0000000082f00000|100%| O|  |TAMS 0x0000000082f00000, 0x0000000082e00000| Untracked 
|  47|0x0000000082f00000, 0x0000000083000000, 0x0000000083000000|100%| O|  |TAMS 0x0000000083000000, 0x0000000082f00000| Untracked 
|  48|0x0000000083000000, 0x0000000083100000, 0x0000000083100000|100%|HS|  |TAMS 0x0000000083000000, 0x0000000083000000| Complete 
|  49|0x0000000083100000, 0x0000000083200000, 0x0000000083200000|100%|HS|  |TAMS 0x0000000083100000, 0x0000000083100000| Complete 
|  50|0x0000000083200000, 0x0000000083300000, 0x0000000083300000|100%|HS|  |TAMS 0x0000000083200000, 0x0000000083200000| Complete 
|  51|0x0000000083300000, 0x0000000083400000, 0x0000000083400000|100%|HS|  |TAMS 0x0000000083300000, 0x0000000083300000| Complete 
|  52|0x0000000083400000, 0x0000000083500000, 0x0000000083500000|100%|HS|  |TAMS 0x0000000083400000, 0x0000000083400000| Complete 
|  53|0x0000000083500000, 0x0000000083600000, 0x0000000083600000|100%|HS|  |TAMS 0x0000000083500000, 0x0000000083500000| Complete 
|  54|0x0000000083600000, 0x0000000083600000, 0x0000000083700000|  0%| F|  |TAMS 0x0000000083600000, 0x0000000083600000| Untracked 
|  55|0x0000000083700000, 0x0000000083700000, 0x0000000083800000|  0%| F|  |TAMS 0x0000000083700000, 0x0000000083700000| Untracked 
|  56|0x0000000083800000, 0x0000000083800000, 0x0000000083900000|  0%| F|  |TAMS 0x0000000083800000, 0x0000000083800000| Untracked 
|  57|0x0000000083900000, 0x0000000083a00000, 0x0000000083a00000|100%| O|  |TAMS 0x0000000083a00000, 0x0000000083900000| Untracked 
|  58|0x0000000083a00000, 0x0000000083b00000, 0x0000000083b00000|100%| O|  |TAMS 0x0000000083b00000, 0x0000000083a00000| Untracked 
|  59|0x0000000083b00000, 0x0000000083c00000, 0x0000000083c00000|100%| O|  |TAMS 0x0000000083c00000, 0x0000000083b00000| Untracked 
|  60|0x0000000083c00000, 0x0000000083d00000, 0x0000000083d00000|100%| O|  |TAMS 0x0000000083d00000, 0x0000000083c00000| Untracked 
|  61|0x0000000083d00000, 0x0000000083e00000, 0x0000000083e00000|100%| O|  |TAMS 0x0000000083e00000, 0x0000000083d00000| Untracked 
|  62|0x0000000083e00000, 0x0000000083f00000, 0x0000000083f00000|100%| O|  |TAMS 0x0000000083f00000, 0x0000000083e00000| Untracked 
|  63|0x0000000083f00000, 0x0000000084000000, 0x0000000084000000|100%| O|  |TAMS 0x0000000084000000, 0x0000000083f00000| Untracked 
|  64|0x0000000084000000, 0x0000000084100000, 0x0000000084100000|100%| O|  |TAMS 0x0000000084100000, 0x0000000084000000| Untracked 
|  65|0x0000000084100000, 0x0000000084200000, 0x0000000084200000|100%| O|  |TAMS 0x0000000084200000, 0x0000000084100000| Untracked 
|  66|0x0000000084200000, 0x0000000084222200, 0x0000000084300000| 13%| O|  |TAMS 0x0000000084222200, 0x0000000084200000| Untracked 
|  67|0x0000000084300000, 0x0000000084300000, 0x0000000084400000|  0%| F|  |TAMS 0x0000000084300000, 0x0000000084300000| Untracked 
|  68|0x0000000084400000, 0x0000000084400000, 0x0000000084500000|  0%| F|  |TAMS 0x0000000084400000, 0x0000000084400000| Untracked 
|  69|0x0000000084500000, 0x0000000084500000, 0x0000000084600000|  0%| F|  |TAMS 0x0000000084500000, 0x0000000084500000| Untracked 
|  70|0x0000000084600000, 0x0000000084600000, 0x0000000084700000|  0%| F|  |TAMS 0x0000000084600000, 0x0000000084600000| Untracked 
|  71|0x0000000084700000, 0x0000000084700000, 0x0000000084800000|  0%| F|  |TAMS 0x0000000084700000, 0x0000000084700000| Untracked 
|  72|0x0000000084800000, 0x0000000084800000, 0x0000000084900000|  0%| F|  |TAMS 0x0000000084800000, 0x0000000084800000| Untracked 
|  73|0x0000000084900000, 0x0000000084900000, 0x0000000084a00000|  0%| F|  |TAMS 0x0000000084900000, 0x0000000084900000| Untracked 
|  74|0x0000000084a00000, 0x0000000084a00000, 0x0000000084b00000|  0%| F|  |TAMS 0x0000000084a00000, 0x0000000084a00000| Untracked 
|  75|0x0000000084b00000, 0x0000000084b00000, 0x0000000084c00000|  0%| F|  |TAMS 0x0000000084b00000, 0x0000000084b00000| Untracked 
|  76|0x0000000084c00000, 0x0000000084c00000, 0x0000000084d00000|  0%| F|  |TAMS 0x0000000084c00000, 0x0000000084c00000| Untracked 
|  77|0x0000000084d00000, 0x0000000084d00000, 0x0000000084e00000|  0%| F|  |TAMS 0x0000000084d00000, 0x0000000084d00000| Untracked 
|  78|0x0000000084e00000, 0x0000000084e00000, 0x0000000084f00000|  0%| F|  |TAMS 0x0000000084e00000, 0x0000000084e00000| Untracked 
|  79|0x0000000084f00000, 0x0000000084f00000, 0x0000000085000000|  0%| F|  |TAMS 0x0000000084f00000, 0x0000000084f00000| Untracked 
|  80|0x0000000085000000, 0x0000000085000000, 0x0000000085100000|  0%| F|  |TAMS 0x0000000085000000, 0x0000000085000000| Untracked 
|  81|0x0000000085100000, 0x0000000085100000, 0x0000000085200000|  0%| F|  |TAMS 0x0000000085100000, 0x0000000085100000| Untracked 
|  82|0x0000000085200000, 0x0000000085271b60, 0x0000000085300000| 44%| S|CS|TAMS 0x0000000085200000, 0x0000000085200000| Complete 
|  83|0x0000000085300000, 0x0000000085400000, 0x0000000085400000|100%| S|CS|TAMS 0x0000000085300000, 0x0000000085300000| Complete 
|  84|0x0000000085400000, 0x0000000085500000, 0x0000000085500000|100%| S|CS|TAMS 0x0000000085400000, 0x0000000085400000| Complete 
|  85|0x0000000085500000, 0x0000000085500000, 0x0000000085600000|  0%| F|  |TAMS 0x0000000085500000, 0x0000000085500000| Untracked 
|  86|0x0000000085600000, 0x0000000085600000, 0x0000000085700000|  0%| F|  |TAMS 0x0000000085600000, 0x0000000085600000| Untracked 
|  87|0x0000000085700000, 0x0000000085700000, 0x0000000085800000|  0%| F|  |TAMS 0x0000000085700000, 0x0000000085700000| Untracked 
|  88|0x0000000085800000, 0x0000000085900000, 0x0000000085900000|100%| S|CS|TAMS 0x0000000085800000, 0x0000000085800000| Complete 
|  89|0x0000000085900000, 0x0000000085a00000, 0x0000000085a00000|100%| S|CS|TAMS 0x0000000085900000, 0x0000000085900000| Complete 
|  90|0x0000000085a00000, 0x0000000085a00000, 0x0000000085b00000|  0%| F|  |TAMS 0x0000000085a00000, 0x0000000085a00000| Untracked 
|  91|0x0000000085b00000, 0x0000000085b80800, 0x0000000085c00000| 50%| E|  |TAMS 0x0000000085b00000, 0x0000000085b00000| Complete 
|  92|0x0000000085c00000, 0x0000000085d00000, 0x0000000085d00000|100%| E|CS|TAMS 0x0000000085c00000, 0x0000000085c00000| Complete 
|  93|0x0000000085d00000, 0x0000000085e00000, 0x0000000085e00000|100%| E|CS|TAMS 0x0000000085d00000, 0x0000000085d00000| Complete 
|  94|0x0000000085e00000, 0x0000000085f00000, 0x0000000085f00000|100%| E|CS|TAMS 0x0000000085e00000, 0x0000000085e00000| Complete 
|  95|0x0000000085f00000, 0x0000000086000000, 0x0000000086000000|100%| E|CS|TAMS 0x0000000085f00000, 0x0000000085f00000| Complete 
|  96|0x0000000086000000, 0x0000000086100000, 0x0000000086100000|100%| E|CS|TAMS 0x0000000086000000, 0x0000000086000000| Complete 
|  97|0x0000000086100000, 0x0000000086200000, 0x0000000086200000|100%| E|CS|TAMS 0x0000000086100000, 0x0000000086100000| Complete 
|  98|0x0000000086200000, 0x0000000086300000, 0x0000000086300000|100%| E|CS|TAMS 0x0000000086200000, 0x0000000086200000| Complete 
|  99|0x0000000086300000, 0x0000000086400000, 0x0000000086400000|100%| E|CS|TAMS 0x0000000086300000, 0x0000000086300000| Complete 
| 100|0x0000000086400000, 0x0000000086500000, 0x0000000086500000|100%| E|CS|TAMS 0x0000000086400000, 0x0000000086400000| Complete 
| 101|0x0000000086500000, 0x0000000086600000, 0x0000000086600000|100%| E|CS|TAMS 0x0000000086500000, 0x0000000086500000| Complete 
| 102|0x0000000086600000, 0x0000000086700000, 0x0000000086700000|100%| E|CS|TAMS 0x0000000086600000, 0x0000000086600000| Complete 
| 103|0x0000000086700000, 0x0000000086800000, 0x0000000086800000|100%| E|CS|TAMS 0x0000000086700000, 0x0000000086700000| Complete 
| 104|0x0000000086800000, 0x0000000086900000, 0x0000000086900000|100%| E|CS|TAMS 0x0000000086800000, 0x0000000086800000| Complete 
| 105|0x0000000086900000, 0x0000000086a00000, 0x0000000086a00000|100%| E|CS|TAMS 0x0000000086900000, 0x0000000086900000| Complete 
| 106|0x0000000086a00000, 0x0000000086b00000, 0x0000000086b00000|100%| E|CS|TAMS 0x0000000086a00000, 0x0000000086a00000| Complete 
| 107|0x0000000086b00000, 0x0000000086c00000, 0x0000000086c00000|100%| E|CS|TAMS 0x0000000086b00000, 0x0000000086b00000| Complete 
| 108|0x0000000086c00000, 0x0000000086d00000, 0x0000000086d00000|100%| E|CS|TAMS 0x0000000086c00000, 0x0000000086c00000| Complete 
| 109|0x0000000086d00000, 0x0000000086e00000, 0x0000000086e00000|100%| E|CS|TAMS 0x0000000086d00000, 0x0000000086d00000| Complete 
| 110|0x0000000086e00000, 0x0000000086f00000, 0x0000000086f00000|100%| E|CS|TAMS 0x0000000086e00000, 0x0000000086e00000| Complete 
| 111|0x0000000086f00000, 0x0000000087000000, 0x0000000087000000|100%| E|CS|TAMS 0x0000000086f00000, 0x0000000086f00000| Complete 
| 112|0x0000000087000000, 0x0000000087100000, 0x0000000087100000|100%| E|CS|TAMS 0x0000000087000000, 0x0000000087000000| Complete 
| 113|0x0000000087100000, 0x0000000087200000, 0x0000000087200000|100%| E|CS|TAMS 0x0000000087100000, 0x0000000087100000| Complete 
| 114|0x0000000087200000, 0x0000000087300000, 0x0000000087300000|100%| E|CS|TAMS 0x0000000087200000, 0x0000000087200000| Complete 
| 115|0x0000000087300000, 0x0000000087400000, 0x0000000087400000|100%| E|CS|TAMS 0x0000000087300000, 0x0000000087300000| Complete 
| 116|0x0000000087400000, 0x0000000087500000, 0x0000000087500000|100%| E|CS|TAMS 0x0000000087400000, 0x0000000087400000| Complete 
| 117|0x0000000087500000, 0x0000000087600000, 0x0000000087600000|100%| E|CS|TAMS 0x0000000087500000, 0x0000000087500000| Complete 
| 118|0x0000000087600000, 0x0000000087700000, 0x0000000087700000|100%| E|CS|TAMS 0x0000000087600000, 0x0000000087600000| Complete 
| 119|0x0000000087700000, 0x0000000087800000, 0x0000000087800000|100%| E|CS|TAMS 0x0000000087700000, 0x0000000087700000| Complete 
| 120|0x0000000087800000, 0x0000000087900000, 0x0000000087900000|100%| E|CS|TAMS 0x0000000087800000, 0x0000000087800000| Complete 
| 121|0x0000000087900000, 0x0000000087a00000, 0x0000000087a00000|100%| E|CS|TAMS 0x0000000087900000, 0x0000000087900000| Complete 
| 264|0x0000000090800000, 0x0000000090900000, 0x0000000090900000|100%| E|CS|TAMS 0x0000000090800000, 0x0000000090800000| Complete 
| 265|0x0000000090900000, 0x0000000090a00000, 0x0000000090a00000|100%| E|CS|TAMS 0x0000000090900000, 0x0000000090900000| Complete 
| 266|0x0000000090a00000, 0x0000000090b00000, 0x0000000090b00000|100%| E|CS|TAMS 0x0000000090a00000, 0x0000000090a00000| Complete 
| 267|0x0000000090b00000, 0x0000000090c00000, 0x0000000090c00000|100%| E|CS|TAMS 0x0000000090b00000, 0x0000000090b00000| Complete 
| 268|0x0000000090c00000, 0x0000000090d00000, 0x0000000090d00000|100%| E|CS|TAMS 0x0000000090c00000, 0x0000000090c00000| Complete 
| 269|0x0000000090d00000, 0x0000000090e00000, 0x0000000090e00000|100%| E|CS|TAMS 0x0000000090d00000, 0x0000000090d00000| Complete 
| 270|0x0000000090e00000, 0x0000000090f00000, 0x0000000090f00000|100%| E|CS|TAMS 0x0000000090e00000, 0x0000000090e00000| Complete 
| 271|0x0000000090f00000, 0x0000000091000000, 0x0000000091000000|100%| E|CS|TAMS 0x0000000090f00000, 0x0000000090f00000| Complete 
| 703|0x00000000abf00000, 0x00000000ac000000, 0x00000000ac000000|100%| E|CS|TAMS 0x00000000abf00000, 0x00000000abf00000| Complete 
|2043|0x00000000ffb00000, 0x00000000ffc00000, 0x00000000ffc00000|100%| O|  |TAMS 0x00000000ffc00000, 0x00000000ffb00000| Untracked 
|2044|0x00000000ffc00000, 0x00000000ffd00000, 0x00000000ffd00000|100%| O|  |TAMS 0x00000000ffd00000, 0x00000000ffc00000| Untracked 
|2045|0x00000000ffd00000, 0x00000000ffe00000, 0x00000000ffe00000|100%| O|  |TAMS 0x00000000ffe00000, 0x00000000ffd00000| Untracked 
|2046|0x00000000ffe00000, 0x00000000fff00000, 0x00000000fff00000|100%| O|  |TAMS 0x00000000fff00000, 0x00000000ffe00000| Untracked 
|2047|0x00000000fff00000, 0x0000000100000000, 0x0000000100000000|100%| O|  |TAMS 0x0000000100000000, 0x00000000fff00000| Untracked 

Card table byte_map: [0x00000260f5980000,0x00000260f5d80000] _byte_map_base: 0x00000260f5580000

Marking Bits (Prev, Next): (CMBitMap*) 0x00000260e0cb4ca0, (CMBitMap*) 0x00000260e0cb4ce0
 Prev Bits: [0x00000260f6180000, 0x00000260f8180000)
 Next Bits: [0x00000260f8180000, 0x00000260fa180000)

Polling page: 0x00000260e0d10000

Metaspace:

Usage:
  Non-class:     61.65 MB used.
      Class:      9.61 MB used.
       Both:     71.27 MB used.

Virtual space:
  Non-class space:       64.00 MB reserved,      61.94 MB ( 97%) committed,  8 nodes.
      Class space:        1.00 GB reserved,       9.94 MB ( <1%) committed,  1 nodes.
             Both:        1.06 GB reserved,      71.88 MB (  7%) committed. 

Chunk freelists:
   Non-Class:  1.62 MB
       Class:  1.92 MB
        Both:  3.55 MB

MaxMetaspaceSize: unlimited
CompressedClassSpaceSize: 1.00 GB
Initial GC threshold: 21.00 MB
Current GC threshold: 116.69 MB
CDS: off
MetaspaceReclaimPolicy: balanced
 - commit_granule_bytes: 65536.
 - commit_granule_words: 8192.
 - virtual_space_node_default_size: 1048576.
 - enlarge_chunks_in_place: 1.
 - new_chunks_are_fully_committed: 0.
 - uncommit_free_chunks: 1.
 - use_allocation_guard: 0.
 - handle_deallocations: 1.


Internal statistics:

num_allocs_failed_limit: 9.
num_arena_births: 782.
num_arena_deaths: 0.
num_vsnodes_births: 9.
num_vsnodes_deaths: 0.
num_space_committed: 1150.
num_space_uncommitted: 0.
num_chunks_returned_to_freelist: 9.
num_chunks_taken_from_freelist: 3289.
num_chunk_merges: 9.
num_chunk_splits: 2180.
num_chunks_enlarged: 1444.
num_purges: 0.
num_inconsistent_stats: 0.

CodeHeap 'non-profiled nmethods': size=120000Kb used=3981Kb max_used=3981Kb free=116018Kb
 bounds [0x00000260ed3b0000, 0x00000260ed7a0000, 0x00000260f48e0000]
CodeHeap 'profiled nmethods': size=120000Kb used=12133Kb max_used=12133Kb free=107866Kb
 bounds [0x00000260e58e0000, 0x00000260e64c0000, 0x00000260ece10000]
CodeHeap 'non-nmethods': size=5760Kb used=2355Kb max_used=2447Kb free=3404Kb
 bounds [0x00000260ece10000, 0x00000260ed080000, 0x00000260ed3b0000]
 total_blobs=7435 nmethods=6554 adapters=793
 compilation: enabled
              stopped_count=0, restarted_count=0
 full_count=0

Compilation events (20 events):
Event: 4.991 Thread 0x00000260fdd8ca00 nmethod 7221 0x00000260ed786610 code [0x00000260ed7867c0, 0x00000260ed787318]
Event: 4.992 Thread 0x00000260fdd8ca00 7228       4       org.objectweb.asm.MethodWriter::visitFrameStart (55 bytes)
Event: 4.992 Thread 0x00000260fd0b5410 nmethod 7239 0x00000260e6493b10 code [0x00000260e6493d40, 0x00000260e6494428]
Event: 4.992 Thread 0x00000260fd0b5410 7238       3       org.objectweb.asm.SymbolTable::addConstantInvokeDynamic (23 bytes)
Event: 4.992 Thread 0x00000260fd0b5410 nmethod 7238 0x00000260e6494790 code [0x00000260e6494940, 0x00000260e6494ad8]
Event: 4.992 Thread 0x00000260fd0b5410 7240       3       com.google.common.collect.MapMakerInternalMap$WeakValueReferenceImpl::copyFor (14 bytes)
Event: 4.992 Thread 0x00000260fd0b5410 nmethod 7240 0x00000260e6494c10 code [0x00000260e6494de0, 0x00000260e64952f8]
Event: 4.992 Thread 0x00000260fd0b5410 7241       3       com.google.common.collect.MapMakerInternalMap$StrongKeyWeakValueEntry::copy (34 bytes)
Event: 4.993 Thread 0x00000260fd0b5410 nmethod 7241 0x00000260e6495490 code [0x00000260e6495660, 0x00000260e6495ba8]
Event: 4.993 Thread 0x00000260fd0b5410 7242       3       org.objectweb.asm.SymbolTable::put (150 bytes)
Event: 4.993 Thread 0x00000260fd0b5410 nmethod 7242 0x00000260e6495d90 code [0x00000260e6495f80, 0x00000260e64967d8]
Event: 4.993 Thread 0x00000260fd0b5410 7243       1       org.objectweb.asm.SymbolTable::getMajorVersion (5 bytes)
Event: 4.993 Thread 0x00000260fd0b5410 nmethod 7243 0x00000260ed787710 code [0x00000260ed7878a0, 0x00000260ed787978]
Event: 4.994 Thread 0x00000260fdd8ca00 nmethod 7228 0x00000260ed787a10 code [0x00000260ed787ba0, 0x00000260ed787eb8]
Event: 4.994 Thread 0x00000260fdd8ca00 7229       4       org.objectweb.asm.MethodWriter::visitFrameEnd (53 bytes)
Event: 4.995 Thread 0x00000260fd0b5410 7244       3       org.objectweb.asm.SymbolTable$Entry::<init> (17 bytes)
Event: 4.995 Thread 0x00000260fd0b5410 nmethod 7244 0x00000260e6496a90 code [0x00000260e6496c40, 0x00000260e6496dc8]
Event: 4.995 Thread 0x00000260fd0b5410 7245       3       kotlin.text.StringsKt__StringsKt::startsWith$default (15 bytes)
Event: 4.995 Thread 0x00000260fd0b5410 nmethod 7245 0x00000260e6496e90 code [0x00000260e6497020, 0x00000260e6497188]
Event: 4.995 Thread 0x00000260fd0b5410 7246       3       kotlin.text.StringsKt__StringsKt::startsWith (61 bytes)

GC Heap History (20 events):
Event: 2.046 GC heap before
{Heap before GC invocations=6 (full 0):
 garbage-first heap   total 68608K, used 52168K [0x0000000080000000, 0x0000000100000000)
  region size 1024K, 31 young (31744K), 4 survivors (4096K)
 Metaspace       used 34697K, committed 35072K, reserved 1081344K
  class space    used 4540K, committed 4736K, reserved 1048576K
}
Event: 2.048 GC heap after
{Heap after GC invocations=7 (full 0):
 garbage-first heap   total 68608K, used 23002K [0x0000000080000000, 0x0000000100000000)
  region size 1024K, 3 young (3072K), 3 survivors (3072K)
 Metaspace       used 34697K, committed 35072K, reserved 1081344K
  class space    used 4540K, committed 4736K, reserved 1048576K
}
Event: 2.096 GC heap before
{Heap before GC invocations=7 (full 0):
 garbage-first heap   total 68608K, used 28122K [0x0000000080000000, 0x0000000100000000)
  region size 1024K, 9 young (9216K), 3 survivors (3072K)
 Metaspace       used 35671K, committed 35968K, reserved 1081344K
  class space    used 4678K, committed 4800K, reserved 1048576K
}
Event: 2.098 GC heap after
{Heap after GC invocations=8 (full 0):
 garbage-first heap   total 68608K, used 23193K [0x0000000080000000, 0x0000000100000000)
  region size 1024K, 2 young (2048K), 2 survivors (2048K)
 Metaspace       used 35671K, committed 35968K, reserved 1081344K
  class space    used 4678K, committed 4800K, reserved 1048576K
}
Event: 2.382 GC heap before
{Heap before GC invocations=9 (full 0):
 garbage-first heap   total 68608K, used 51865K [0x0000000080000000, 0x0000000100000000)
  region size 1024K, 30 young (30720K), 2 survivors (2048K)
 Metaspace       used 39339K, committed 39616K, reserved 1089536K
  class space    used 5316K, committed 5440K, reserved 1048576K
}
Event: 2.383 GC heap after
{Heap after GC invocations=10 (full 0):
 garbage-first heap   total 68608K, used 24333K [0x0000000080000000, 0x0000000100000000)
  region size 1024K, 3 young (3072K), 3 survivors (3072K)
 Metaspace       used 39339K, committed 39616K, reserved 1089536K
  class space    used 5316K, committed 5440K, reserved 1048576K
}
Event: 2.673 GC heap before
{Heap before GC invocations=10 (full 0):
 garbage-first heap   total 68608K, used 51981K [0x0000000080000000, 0x0000000100000000)
  region size 1024K, 31 young (31744K), 3 survivors (3072K)
 Metaspace       used 45670K, committed 46016K, reserved 1089536K
  class space    used 6054K, committed 6208K, reserved 1048576K
}
Event: 2.675 GC heap after
{Heap after GC invocations=11 (full 0):
 garbage-first heap   total 68608K, used 27333K [0x0000000080000000, 0x0000000100000000)
  region size 1024K, 4 young (4096K), 4 survivors (4096K)
 Metaspace       used 45670K, committed 46016K, reserved 1089536K
  class space    used 6054K, committed 6208K, reserved 1048576K
}
Event: 2.787 GC heap before
{Heap before GC invocations=11 (full 0):
 garbage-first heap   total 68608K, used 51909K [0x0000000080000000, 0x0000000100000000)
  region size 1024K, 29 young (29696K), 4 survivors (4096K)
 Metaspace       used 47076K, committed 47424K, reserved 1097728K
  class space    used 6177K, committed 6336K, reserved 1048576K
}
Event: 2.789 GC heap after
{Heap after GC invocations=12 (full 0):
 garbage-first heap   total 68608K, used 30132K [0x0000000080000000, 0x0000000100000000)
  region size 1024K, 3 young (3072K), 3 survivors (3072K)
 Metaspace       used 47076K, committed 47424K, reserved 1097728K
  class space    used 6177K, committed 6336K, reserved 1048576K
}
Event: 2.856 GC heap before
{Heap before GC invocations=12 (full 0):
 garbage-first heap   total 68608K, used 39348K [0x0000000080000000, 0x0000000100000000)
  region size 1024K, 10 young (10240K), 3 survivors (3072K)
 Metaspace       used 47658K, committed 48064K, reserved 1097728K
  class space    used 6249K, committed 6400K, reserved 1048576K
}
Event: 2.858 GC heap after
{Heap after GC invocations=13 (full 0):
 garbage-first heap   total 395264K, used 32529K [0x0000000080000000, 0x0000000100000000)
  region size 1024K, 1 young (1024K), 1 survivors (1024K)
 Metaspace       used 47658K, committed 48064K, reserved 1097728K
  class space    used 6249K, committed 6400K, reserved 1048576K
}
Event: 3.831 GC heap before
{Heap before GC invocations=13 (full 0):
 garbage-first heap   total 395264K, used 149265K [0x0000000080000000, 0x0000000100000000)
  region size 1024K, 114 young (116736K), 1 survivors (1024K)
 Metaspace       used 59710K, committed 60160K, reserved 1105920K
  class space    used 8091K, committed 8320K, reserved 1048576K
}
Event: 3.834 GC heap after
{Heap after GC invocations=14 (full 0):
 garbage-first heap   total 395264K, used 36791K [0x0000000080000000, 0x0000000100000000)
  region size 1024K, 8 young (8192K), 8 survivors (8192K)
 Metaspace       used 59710K, committed 60160K, reserved 1105920K
  class space    used 8091K, committed 8320K, reserved 1048576K
}
Event: 4.227 GC heap before
{Heap before GC invocations=15 (full 0):
 garbage-first heap   total 133120K, used 114615K [0x0000000080000000, 0x0000000100000000)
  region size 1024K, 73 young (74752K), 8 survivors (8192K)
 Metaspace       used 61674K, committed 62208K, reserved 1105920K
  class space    used 8332K, committed 8576K, reserved 1048576K
}
Event: 4.232 GC heap after
{Heap after GC invocations=16 (full 0):
 garbage-first heap   total 139264K, used 61605K [0x0000000080000000, 0x0000000100000000)
  region size 1024K, 10 young (10240K), 10 survivors (10240K)
 Metaspace       used 61674K, committed 62208K, reserved 1105920K
  class space    used 8332K, committed 8576K, reserved 1048576K
}
Event: 4.478 GC heap before
{Heap before GC invocations=16 (full 0):
 garbage-first heap   total 139264K, used 104613K [0x0000000080000000, 0x0000000100000000)
  region size 1024K, 52 young (53248K), 10 survivors (10240K)
 Metaspace       used 65299K, committed 65856K, reserved 1105920K
  class space    used 8807K, committed 9088K, reserved 1048576K
}
Event: 4.480 GC heap after
{Heap after GC invocations=17 (full 0):
 garbage-first heap   total 139264K, used 64863K [0x0000000080000000, 0x0000000100000000)
  region size 1024K, 3 young (3072K), 3 survivors (3072K)
 Metaspace       used 65299K, committed 65856K, reserved 1105920K
  class space    used 8807K, committed 9088K, reserved 1048576K
}
Event: 4.814 GC heap before
{Heap before GC invocations=17 (full 0):
 garbage-first heap   total 139264K, used 106847K [0x0000000080000000, 0x0000000100000000)
  region size 1024K, 44 young (45056K), 3 survivors (3072K)
 Metaspace       used 70577K, committed 71232K, reserved 1114112K
  class space    used 9526K, committed 9856K, reserved 1048576K
}
Event: 4.816 GC heap after
{Heap after GC invocations=18 (full 0):
 garbage-first heap   total 139264K, used 67035K [0x0000000080000000, 0x0000000100000000)
  region size 1024K, 5 young (5120K), 5 survivors (5120K)
 Metaspace       used 70577K, committed 71232K, reserved 1114112K
  class space    used 9526K, committed 9856K, reserved 1048576K
}

Dll operation events (3 events):
Event: 0.005 Loaded shared library C:\Program Files\Android\Android Studio\jbr\bin\java.dll
Event: 0.091 Loaded shared library C:\Program Files\Android\Android Studio\jbr\bin\zip.dll
Event: 0.247 Loaded shared library C:\Program Files\Android\Android Studio\jbr\bin\verify.dll

Deoptimization events (20 events):
Event: 4.953 Thread 0x0000026080e004e0 Uncommon trap: trap_request=0xffffffc6 fr.pc=0x00000260ed4243a4 relative=0x0000000000001944
Event: 4.953 Thread 0x0000026080e004e0 Uncommon trap: reason=bimorphic_or_optimized_type_check action=maybe_recompile pc=0x00000260ed4243a4 method=java.util.HashMap.putVal(ILjava/lang/Object;Ljava/lang/Object;ZZ)Ljava/lang/Object; @ 91 c2
Event: 4.953 Thread 0x0000026080e004e0 DEOPT PACKING pc=0x00000260ed4243a4 sp=0x000000ee4f5f64c0
Event: 4.953 Thread 0x0000026080e004e0 DEOPT UNPACKING pc=0x00000260ece669a3 sp=0x000000ee4f5f6388 mode 2
Event: 4.967 Thread 0x0000026080e004e0 Uncommon trap: trap_request=0xffffffc6 fr.pc=0x00000260ed6e1418 relative=0x0000000000000058
Event: 4.967 Thread 0x0000026080e004e0 Uncommon trap: reason=bimorphic_or_optimized_type_check action=maybe_recompile pc=0x00000260ed6e1418 method=java.util.AbstractQueue.add(Ljava/lang/Object;)Z @ 2 c2
Event: 4.967 Thread 0x0000026080e004e0 DEOPT PACKING pc=0x00000260ed6e1418 sp=0x000000ee4f5f66f0
Event: 4.967 Thread 0x0000026080e004e0 DEOPT UNPACKING pc=0x00000260ece669a3 sp=0x000000ee4f5f66b8 mode 2
Event: 4.967 Thread 0x0000026080e004e0 Uncommon trap: trap_request=0xffffffc6 fr.pc=0x00000260ed6e1418 relative=0x0000000000000058
Event: 4.967 Thread 0x0000026080e004e0 Uncommon trap: reason=bimorphic_or_optimized_type_check action=maybe_recompile pc=0x00000260ed6e1418 method=java.util.AbstractQueue.add(Ljava/lang/Object;)Z @ 2 c2
Event: 4.967 Thread 0x0000026080e004e0 DEOPT PACKING pc=0x00000260ed6e1418 sp=0x000000ee4f5f66f0
Event: 4.967 Thread 0x0000026080e004e0 DEOPT UNPACKING pc=0x00000260ece669a3 sp=0x000000ee4f5f66b8 mode 2
Event: 4.990 Thread 0x0000026080e004e0 Uncommon trap: trap_request=0xffffffc6 fr.pc=0x00000260ed6e1418 relative=0x0000000000000058
Event: 4.990 Thread 0x0000026080e004e0 Uncommon trap: reason=bimorphic_or_optimized_type_check action=maybe_recompile pc=0x00000260ed6e1418 method=java.util.AbstractQueue.add(Ljava/lang/Object;)Z @ 2 c2
Event: 4.990 Thread 0x0000026080e004e0 DEOPT PACKING pc=0x00000260ed6e1418 sp=0x000000ee4f5f59b0
Event: 4.990 Thread 0x0000026080e004e0 DEOPT UNPACKING pc=0x00000260ece669a3 sp=0x000000ee4f5f5978 mode 2
Event: 4.990 Thread 0x0000026080e004e0 Uncommon trap: trap_request=0xffffffc6 fr.pc=0x00000260ed6e1418 relative=0x0000000000000058
Event: 4.990 Thread 0x0000026080e004e0 Uncommon trap: reason=bimorphic_or_optimized_type_check action=maybe_recompile pc=0x00000260ed6e1418 method=java.util.AbstractQueue.add(Ljava/lang/Object;)Z @ 2 c2
Event: 4.990 Thread 0x0000026080e004e0 DEOPT PACKING pc=0x00000260ed6e1418 sp=0x000000ee4f5f59b0
Event: 4.990 Thread 0x0000026080e004e0 DEOPT UNPACKING pc=0x00000260ece669a3 sp=0x000000ee4f5f5978 mode 2

Classes unloaded (0 events):
No events

Classes redefined (0 events):
No events

Internal exceptions (20 events):
Event: 4.086 Thread 0x0000026080a03c40 Exception <a 'java/lang/NoSuchMethodError'{0x0000000085322e38}: static Lorg/gradle/internal/build/event/types/AbstractProjectConfigurationResult;.<clinit>()V> (0x0000000085322e38) 
thrown [s\src\hotspot\share\prims\jni.cpp, line 1108]
Event: 4.086 Thread 0x0000026080a03c40 Exception <a 'java/lang/NoSuchMethodError'{0x00000000853240e8}: static Lorg/gradle/internal/build/event/types/AbstractOperationResult;.<clinit>()V> (0x00000000853240e8) 
thrown [s\src\hotspot\share\prims\jni.cpp, line 1108]
Event: 4.086 Thread 0x0000026080a03c40 Exception <a 'java/lang/NoSuchMethodError'{0x00000000853250a8}: static Lorg/gradle/internal/build/event/types/AbstractResult;.<clinit>()V> (0x00000000853250a8) 
thrown [s\src\hotspot\share\prims\jni.cpp, line 1108]
Event: 4.088 Thread 0x0000026080a03c40 Exception <a 'java/lang/NoSuchMethodError'{0x00000000853b9470}: static Lorg/gradle/internal/build/event/types/DefaultPluginApplicationResult;.<clinit>()V> (0x00000000853b9470) 
thrown [s\src\hotspot\share\prims\jni.cpp, line 1108]
Event: 4.088 Thread 0x0000026080a03c40 Exception <a 'java/lang/NoSuchMethodError'{0x00000000853c3b20}: static Lorg/gradle/internal/build/event/types/DefaultBinaryPluginIdentifier;.<clinit>()V> (0x00000000853c3b20) 
thrown [s\src\hotspot\share\prims\jni.cpp, line 1108]
Event: 4.090 Thread 0x0000026080a03c40 Exception <a 'java/lang/NoSuchMethodError'{0x00000000853d8da0}: static Lorg/gradle/internal/build/event/types/DefaultScriptPluginIdentifier;.<clinit>()V> (0x00000000853d8da0) 
thrown [s\src\hotspot\share\prims\jni.cpp, line 1108]
Event: 4.123 Thread 0x0000026080e004e0 Implicit null exception at 0x00000260ed4ecd92 to 0x00000260ed4ed47c
Event: 4.123 Thread 0x0000026080e004e0 Implicit null exception at 0x00000260ed4eb594 to 0x00000260ed4ebc04
Event: 4.177 Thread 0x0000026080e004e0 Exception <a 'java/lang/ClassNotFoundException'{0x0000000084495570}: sun/misc/SharedSecrets> (0x0000000084495570) 
thrown [s\src\hotspot\share\classfile\systemDictionary.cpp, line 256]
Event: 4.177 Thread 0x0000026080e004e0 Exception <a 'java/lang/ClassNotFoundException'{0x0000000084496da8}: org/gradle/api/internal/plugins/DefaultObjectConfigurationActionBeanInfo> (0x0000000084496da8) 
thrown [s\src\hotspot\share\classfile\systemDictionary.cpp, line 256]
Event: 4.178 Thread 0x0000026080e004e0 Exception <a 'java/lang/ClassNotFoundException'{0x00000000844ad9e0}: org/gradle/api/internal/plugins/DefaultObjectConfigurationActionCustomizer> (0x00000000844ad9e0) 
thrown [s\src\hotspot\share\classfile\systemDictionary.cpp, line 256]
Event: 4.285 Thread 0x0000026080e004e0 Exception <a 'java/lang/NoSuchMethodError'{0x00000000877a52a0}: 'java.lang.Object java.lang.invoke.DirectMethodHandle$Holder.newInvokeSpecial(java.lang.Object, java.lang.Object, java.lang.Object, java.lang.Object, int)'> (0x00000000877a52a0) 
thrown [s\src\hotspot\share\interpreter\linkResolver.cpp, line 771]
Event: 4.285 Thread 0x0000026080e004e0 Exception <a 'java/lang/NoSuchMethodError'{0x00000000877aa6a0}: 'java.lang.Object java.lang.invoke.DirectMethodHandle$Holder.invokeSpecial(java.lang.Object, java.lang.Object, java.lang.Object, java.lang.Object, java.lang.Object, int)'> (0x00000000877aa6a0) 
thrown [s\src\hotspot\share\interpreter\linkResolver.cpp, line 771]
Event: 4.285 Thread 0x0000026080e004e0 Exception <a 'java/lang/NoSuchMethodError'{0x00000000877af3d8}: 'java.lang.Object java.lang.invoke.Invokers$Holder.linkToTargetMethod(java.lang.Object, java.lang.Object, java.lang.Object, int, java.lang.Object)'> (0x00000000877af3d8) 
thrown [s\src\hotspot\share\interpreter\linkResolver.cpp, line 771]
Event: 4.416 Thread 0x0000026080e004e0 Exception <a 'java/lang/NoSuchMethodError'{0x00000000863fb6a0}: 'int java.lang.invoke.DirectMethodHandle$Holder.invokeInterface(java.lang.Object, java.lang.Object, java.lang.Object, java.lang.Object)'> (0x00000000863fb6a0) 
thrown [s\src\hotspot\share\interpreter\linkResolver.cpp, line 771]
Event: 4.716 Thread 0x0000026080e004e0 Exception <a 'java/lang/IncompatibleClassChangeError'{0x000000008654d1e0}: Found class java.lang.Object, but interface was expected> (0x000000008654d1e0) 
thrown [s\src\hotspot\share\interpreter\linkResolver.cpp, line 838]
Event: 4.744 Thread 0x0000026080e004e0 Implicit null exception at 0x00000260ed622359 to 0x00000260ed6224f8
Event: 4.744 Thread 0x0000026080e004e0 Implicit null exception at 0x00000260ed671b3d to 0x00000260ed673748
Event: 4.827 Thread 0x0000026080e004e0 Implicit null exception at 0x00000260ed5eb68c to 0x00000260ed5eb7be
Event: 4.897 Thread 0x0000026080e004e0 Exception <a 'sun/nio/fs/WindowsException'{0x00000000873fcfb0}> (0x00000000873fcfb0) 
thrown [s\src\hotspot\share\prims\jni.cpp, line 517]

VM Operations (20 events):
Event: 4.298 Executing VM operation: HandshakeAllThreads
Event: 4.298 Executing VM operation: HandshakeAllThreads done
Event: 4.411 Executing VM operation: HandshakeAllThreads
Event: 4.411 Executing VM operation: HandshakeAllThreads done
Event: 4.416 Executing VM operation: HandshakeAllThreads
Event: 4.416 Executing VM operation: HandshakeAllThreads done
Event: 4.478 Executing VM operation: G1CollectForAllocation
Event: 4.480 Executing VM operation: G1CollectForAllocation done
Event: 4.806 Executing VM operation: HandshakeAllThreads
Event: 4.806 Executing VM operation: HandshakeAllThreads done
Event: 4.814 Executing VM operation: G1CollectForAllocation
Event: 4.816 Executing VM operation: G1CollectForAllocation done
Event: 4.833 Executing VM operation: HandshakeAllThreads
Event: 4.833 Executing VM operation: HandshakeAllThreads done
Event: 4.833 Executing VM operation: G1Concurrent
Event: 4.834 Executing VM operation: G1Concurrent done
Event: 4.840 Executing VM operation: G1Concurrent
Event: 4.840 Executing VM operation: G1Concurrent done
Event: 4.893 Executing VM operation: HandshakeAllThreads
Event: 4.893 Executing VM operation: HandshakeAllThreads done

Events (20 events):
Event: 4.849 loading class java/security/cert/CertPathValidatorException$Reason done
Event: 4.849 loading class java/security/cert/CertPathValidatorException$BasicReason done
Event: 4.849 loading class java/security/SignatureException
Event: 4.849 loading class java/security/SignatureException done
Event: 4.852 loading class sun/security/rsa/RSASignature$SHA256withRSA
Event: 4.852 loading class sun/security/rsa/RSASignature$SHA256withRSA done
Event: 4.853 loading class sun/security/provider/DSA$SHA256withDSA
Event: 4.853 loading class sun/security/provider/DSA$SHA256withDSA done
Event: 4.858 loading class java/util/Base64
Event: 4.858 loading class java/util/Base64 done
Event: 4.858 loading class java/util/Base64$Decoder
Event: 4.859 loading class java/util/Base64$Decoder done
Event: 4.859 loading class java/util/Base64$Encoder
Event: 4.859 loading class java/util/Base64$Encoder done
Event: 4.859 loading class java/util/jar/JarVerifier$VerifierStream
Event: 4.859 loading class java/util/jar/JarVerifier$VerifierStream done
Event: 4.859 loading class sun/security/util/ManifestEntryVerifier$SunProviderHolder
Event: 4.859 loading class sun/security/util/ManifestEntryVerifier$SunProviderHolder done
Event: 4.893 Thread 0x00000260fd0bb620 flushing nmethod 0x00000260ed585b10
Event: 4.901 Thread 0x00000260fd0bb620 flushing nmethod 0x00000260e6183890


Dynamic libraries:
0x00007ff6cfa90000 - 0x00007ff6cfa9a000 	C:\Program Files\Android\Android Studio\jbr\bin\java.exe
0x00007ff83f670000 - 0x00007ff83f884000 	C:\Windows\SYSTEM32\ntdll.dll
0x00007ff83e050000 - 0x00007ff83e114000 	C:\Windows\System32\KERNEL32.DLL
0x00007ff83cea0000 - 0x00007ff83d244000 	C:\Windows\System32\KERNELBASE.dll
0x00007ff8390e0000 - 0x00007ff839177000 	C:\Windows\SYSTEM32\apphelp.dll
0x00007ff83caf0000 - 0x00007ff83cc01000 	C:\Windows\System32\ucrtbase.dll
0x00007ff825600000 - 0x00007ff825617000 	C:\Program Files\Android\Android Studio\jbr\bin\jli.dll
0x00007ff8135b0000 - 0x00007ff8135cb000 	C:\Program Files\Android\Android Studio\jbr\bin\VCRUNTIME140.dll
0x00007ff83dc20000 - 0x00007ff83ddca000 	C:\Windows\System32\USER32.dll
0x00007ff83cc10000 - 0x00007ff83cc36000 	C:\Windows\System32\win32u.dll
0x00007ff83bda0000 - 0x00007ff83c02f000 	C:\Windows\WinSxS\amd64_microsoft.windows.common-controls_6595b64144ccf1df_6.0.22621.2070_none_2713e6537381f706\COMCTL32.dll
0x00007ff83ddd0000 - 0x00007ff83ddf9000 	C:\Windows\System32\GDI32.dll
0x00007ff83cc40000 - 0x00007ff83cd59000 	C:\Windows\System32\gdi32full.dll
0x00007ff83e4b0000 - 0x00007ff83e557000 	C:\Windows\System32\msvcrt.dll
0x00007ff83ca50000 - 0x00007ff83caea000 	C:\Windows\System32\msvcp_win.dll
0x00007ff83f150000 - 0x00007ff83f181000 	C:\Windows\System32\IMM32.DLL
0x00007ff82bc70000 - 0x00007ff82bc7c000 	C:\Program Files\Android\Android Studio\jbr\bin\vcruntime140_1.dll
0x00007fffcfa90000 - 0x00007fffcfb1d000 	C:\Program Files\Android\Android Studio\jbr\bin\msvcp140.dll
0x00007fffc3c90000 - 0x00007fffc48fe000 	C:\Program Files\Android\Android Studio\jbr\bin\server\jvm.dll
0x00007ff83f190000 - 0x00007ff83f240000 	C:\Windows\System32\ADVAPI32.dll
0x00007ff83f0a0000 - 0x00007ff83f146000 	C:\Windows\System32\sechost.dll
0x00007ff83e700000 - 0x00007ff83e817000 	C:\Windows\System32\RPCRT4.dll
0x00007ff836f90000 - 0x00007ff836f99000 	C:\Windows\SYSTEM32\WSOCK32.dll
0x00007ff831ce0000 - 0x00007ff831d14000 	C:\Windows\SYSTEM32\WINMM.dll
0x00007ff8391c0000 - 0x00007ff8391ca000 	C:\Windows\SYSTEM32\VERSION.dll
0x00007ff83d430000 - 0x00007ff83d4a1000 	C:\Windows\System32\WS2_32.dll
0x00007ff83aa70000 - 0x00007ff83aa88000 	C:\Windows\SYSTEM32\kernel.appcore.dll
0x00007ff832930000 - 0x00007ff83293a000 	C:\Program Files\Android\Android Studio\jbr\bin\jimage.dll
0x00007ff83c360000 - 0x00007ff83c58e000 	C:\Windows\SYSTEM32\DBGHELP.DLL
0x00007ff83e120000 - 0x00007ff83e4aa000 	C:\Windows\System32\combase.dll
0x00007ff83db30000 - 0x00007ff83dc07000 	C:\Windows\System32\OLEAUT32.dll
0x00007ff83c210000 - 0x00007ff83c242000 	C:\Windows\SYSTEM32\dbgcore.DLL
0x00007ff83cd60000 - 0x00007ff83cdda000 	C:\Windows\System32\bcryptPrimitives.dll
0x00007ff825620000 - 0x00007ff82562e000 	C:\Program Files\Android\Android Studio\jbr\bin\instrument.dll
0x00007ff825f80000 - 0x00007ff825fa5000 	C:\Program Files\Android\Android Studio\jbr\bin\java.dll
0x00007ff825680000 - 0x00007ff825698000 	C:\Program Files\Android\Android Studio\jbr\bin\zip.dll
0x00007ff83e880000 - 0x00007ff83f096000 	C:\Windows\System32\SHELL32.dll
0x00007ff839ab0000 - 0x00007ff83a39a000 	C:\Windows\SYSTEM32\windows.storage.dll
0x00007ff839970000 - 0x00007ff839aae000 	C:\Windows\SYSTEM32\wintypes.dll
0x00007ff83f300000 - 0x00007ff83f3f3000 	C:\Windows\System32\SHCORE.dll
0x00007ff83d650000 - 0x00007ff83d6ae000 	C:\Windows\System32\shlwapi.dll
0x00007ff83c980000 - 0x00007ff83c9a6000 	C:\Windows\SYSTEM32\profapi.dll
0x00007ff825660000 - 0x00007ff825679000 	C:\Program Files\Android\Android Studio\jbr\bin\net.dll
0x00007ff8348b0000 - 0x00007ff8349e7000 	C:\Windows\SYSTEM32\WINHTTP.dll
0x00007ff83af90000 - 0x00007ff83aff9000 	C:\Windows\system32\mswsock.dll
0x00007ff825640000 - 0x00007ff825656000 	C:\Program Files\Android\Android Studio\jbr\bin\nio.dll
0x00007ff825630000 - 0x00007ff825640000 	C:\Program Files\Android\Android Studio\jbr\bin\verify.dll
0x00007ff8167c0000 - 0x00007ff8167e7000 	C:\Users\dk\.gradle\native\68d5fa5c4cc2d200863cafc0d521ce42e7d3e7ee720ec0a83991735586a16f82\windows-amd64\native-platform.dll
0x00007fffcf940000 - 0x00007fffcfa84000 	C:\Users\dk\.gradle\native\e376f236ea51e6404a007f0833ffe2c6e607c4080706a723a18a27aeea778392\windows-amd64\native-platform-file-events.dll
0x00007ff8214c0000 - 0x00007ff8214c9000 	C:\Program Files\Android\Android Studio\jbr\bin\management.dll
0x00007ff81ef30000 - 0x00007ff81ef3b000 	C:\Program Files\Android\Android Studio\jbr\bin\management_ext.dll
0x00007ff83f260000 - 0x00007ff83f268000 	C:\Windows\System32\PSAPI.DLL
0x00007ff83c680000 - 0x00007ff83c69b000 	C:\Windows\SYSTEM32\CRYPTSP.dll
0x00007ff83aaf0000 - 0x00007ff83ab25000 	C:\Windows\system32\rsaenh.dll
0x00007ff83b030000 - 0x00007ff83b05c000 	C:\Windows\SYSTEM32\USERENV.dll
0x00007ff83c250000 - 0x00007ff83c278000 	C:\Windows\SYSTEM32\bcrypt.dll
0x00007ff83b290000 - 0x00007ff83b29c000 	C:\Windows\SYSTEM32\CRYPTBASE.dll
0x00007ff83a640000 - 0x00007ff83a66d000 	C:\Windows\SYSTEM32\IPHLPAPI.DLL
0x00007ff83de00000 - 0x00007ff83de09000 	C:\Windows\System32\NSI.dll
0x00007ff834650000 - 0x00007ff834669000 	C:\Windows\SYSTEM32\dhcpcsvc6.DLL
0x00007ff8345f0000 - 0x00007ff83460f000 	C:\Windows\SYSTEM32\dhcpcsvc.DLL
0x00007ff83a670000 - 0x00007ff83a763000 	C:\Windows\SYSTEM32\DNSAPI.dll
0x00007ff80a480000 - 0x00007ff80a488000 	C:\Windows\system32\wshunix.dll

dbghelp: loaded successfully - version: 4.0.5 - missing functions: none
symbol engine: initialized successfully - sym options: 0x614 - pdb path: .;C:\Program Files\Android\Android Studio\jbr\bin;C:\Windows\SYSTEM32;C:\Windows\WinSxS\amd64_microsoft.windows.common-controls_6595b64144ccf1df_6.0.22621.2070_none_2713e6537381f706;C:\Program Files\Android\Android Studio\jbr\bin\server;C:\Users\dk\.gradle\native\68d5fa5c4cc2d200863cafc0d521ce42e7d3e7ee720ec0a83991735586a16f82\windows-amd64;C:\Users\dk\.gradle\native\e376f236ea51e6404a007f0833ffe2c6e607c4080706a723a18a27aeea778392\windows-amd64

VM Arguments:
jvm_args: --add-opens=java.base/java.util=ALL-UNNAMED --add-opens=java.base/java.lang=ALL-UNNAMED --add-opens=java.base/java.lang.invoke=ALL-UNNAMED --add-opens=java.prefs/java.util.prefs=ALL-UNNAMED --add-opens=java.base/java.nio.charset=ALL-UNNAMED --add-opens=java.base/java.net=ALL-UNNAMED --add-opens=java.base/java.util.concurrent.atomic=ALL-UNNAMED -Xmx2048m -Dfile.encoding=UTF-8 -Duser.country=US -Duser.language=en -Duser.variant -javaagent:C:\Users\dk\.gradle\wrapper\dists\gradle-8.2.1-bin\5hap6b9n41hkg4jeh2au2pllh\gradle-8.2.1\lib\agents\gradle-instrumentation-agent-8.2.1.jar 
java_command: org.gradle.launcher.daemon.bootstrap.GradleDaemon 8.2.1
java_class_path (initial): C:\Users\dk\.gradle\wrapper\dists\gradle-8.2.1-bin\5hap6b9n41hkg4jeh2au2pllh\gradle-8.2.1\lib\gradle-launcher-8.2.1.jar
Launcher Type: SUN_STANDARD

[Global flags]
     intx CICompilerCount                          = 4                                         {product} {ergonomic}
     uint ConcGCThreads                            = 3                                         {product} {ergonomic}
     uint G1ConcRefinementThreads                  = 10                                        {product} {ergonomic}
   size_t G1HeapRegionSize                         = 1048576                                   {product} {ergonomic}
    uintx GCDrainStackTargetSize                   = 64                                        {product} {ergonomic}
   size_t InitialHeapSize                          = 738197504                                 {product} {ergonomic}
   size_t MarkStackSize                            = 4194304                                   {product} {ergonomic}
   size_t MaxHeapSize                              = 2147483648                                {product} {command line}
   size_t MaxNewSize                               = 1287651328                                {product} {ergonomic}
   size_t MinHeapDeltaBytes                        = 1048576                                   {product} {ergonomic}
   size_t MinHeapSize                              = 8388608                                   {product} {ergonomic}
    uintx NonNMethodCodeHeapSize                   = 5839372                                {pd product} {ergonomic}
    uintx NonProfiledCodeHeapSize                  = 122909434                              {pd product} {ergonomic}
    uintx ProfiledCodeHeapSize                     = 122909434                              {pd product} {ergonomic}
    uintx ReservedCodeCacheSize                    = 251658240                              {pd product} {ergonomic}
     bool SegmentedCodeCache                       = true                                      {product} {ergonomic}
   size_t SoftMaxHeapSize                          = 2147483648                             {manageable} {ergonomic}
     bool UseCompressedClassPointers               = true                           {product lp64_product} {ergonomic}
     bool UseCompressedOops                        = true                           {product lp64_product} {ergonomic}
     bool UseG1GC                                  = true                                      {product} {ergonomic}
     bool UseLargePagesIndividualAllocation        = false                                  {pd product} {ergonomic}

Logging:
Log output configuration:
 #0: stdout all=warning uptime,level,tags
 #1: stderr all=off uptime,level,tags

Environment Variables:
JAVA_HOME=C:\Program Files\Java\jdk-20
CLASSPATH=C:\Program Files\Java\jdk-20\lib\*.jar
PATH=C:\Users\dk\miniconda3;C:\Program Files\Git\cmd;C:\Program Files\Git;C:\Program Files\Git\bin;C:\bin;C:\Users\dk\bin;C:\Program Files\Python311\Scripts\;C:\Program Files\Python311\;C:\Program Files\Java\jdk-20\bin;C:\Program Files\Java\jdk-20;C:\scrcpy;C:\Program Files\platform-tools;C:\Program Files\Java\jdk-19\bin;C:\Program Files\Common Files\Oracle\Java\javapath;C:\Program Files (x86)\Common Files\Oracle\Java\javapath;C:\Windows\system32;C:\Windows;C:\Windows\System32\Wbem;C:\Windows\System32\WindowsPowerShell\v1.0\;C:\Windows\System32\OpenSSH\;C:\Program Files\dotnet\;C:\Program Files\nodejs\;C:\Program Files\Git\cmd;C:\Program Files\PowerShell\7\;C:\Users\dk\AppData\Local\Microsoft\WindowsApps;C:\Users\dk\AppData\Roaming\npm;C:\Program Files\JetBrains\IntelliJ IDEA Community Edition 2023.1.3\bin
USERNAME=dk
OS=Windows_NT
PROCESSOR_IDENTIFIER=AMD64 Family 25 Model 80 Stepping 0, AuthenticAMD
TMP=C:\Users\dk\AppData\Local\Temp
TEMP=C:\Users\dk\AppData\Local\Temp


JNI global refs:
JNI global refs: 29, weak refs: 0

JNI global refs memory usage: 843, weak refs: 841


---------------  S Y S T E M  ---------------

OS:
 Windows 11 , 64 bit Build 22621 (10.0.22621.2070)
OS uptime: 0 days 0:13 hours
Hyper-V role detected

CPU: total 12 (initial active 12) (12 cores per cpu, 2 threads per core) family 25 model 80 stepping 0 microcode 0x0, cx8, cmov, fxsr, ht, mmx, 3dnowpref, sse, sse2, sse3, ssse3, sse4a, sse4.1, sse4.2, popcnt, lzcnt, tsc, tscinvbit, avx, avx2, aes, erms, clmul, bmi1, bmi2, adx, sha, fma, vzeroupper, clflush, clflushopt, hv

Memory: 4k page, system-wide physical 44949M (32138M free)
TotalPageFile size 55189M (AvailPageFile size 41665M)
current process WorkingSet (physical memory assigned to process): 376M, peak: 405M
current process commit charge ("private bytes"): 410M, peak: 869M

vm_info: OpenJDK 64-Bit Server VM (17.0.6+0-b2043.56-10027231) for windows-amd64 JRE (17.0.6+0-b2043.56-10027231), built on Apr 28 2023 00:43:19 by "androidbuild" with MS VC++ 16.10 / 16.11 (VS2019)

END.
